<html>
<head>
<title>TestNG:  EdgeTest</title>
<link href="../testng.css" rel="stylesheet" type="text/css" />
<link href="../my-testng.css" rel="stylesheet" type="text/css" />

<style type="text/css">
.log { display: none;} 
.stack-trace { display: none;} 
</style>
<script type="text/javascript">
<!--
function flip(e) {
  current = e.style.display;
  if (current == 'block') {
    e.style.display = 'none';
    return 0;
  }
  else {
    e.style.display = 'block';
    return 1;
  }
}

function toggleBox(szDivId, elem, msg1, msg2)
{
  var res = -1;  if (document.getElementById) {
    res = flip(document.getElementById(szDivId));
  }
  else if (document.all) {
    // this is the way old msie versions work
    res = flip(document.all[szDivId]);
  }
  if(elem) {
    if(res == 0) elem.innerHTML = msg1; else elem.innerHTML = msg2;
  }

}

function toggleAllBoxes() {
  if (document.getElementsByTagName) {
    d = document.getElementsByTagName('div');
    for (i = 0; i < d.length; i++) {
      if (d[i].className == 'log') {
        flip(d[i]);
      }
    }
  }
}

// -->
</script>

</head>
<body>
<h2 align='center'>EdgeTest</h2><table border='1' align="center">
<tr>
<td>Tests passed/Failed/Skipped:</td><td>1/4/23</td>
</tr><tr>
<td>Started on:</td><td>Thu Sep 15 19:59:30 EDT 2022</td>
</tr>
<tr><td>Total time:</td><td>21 seconds (21984 ms)</td>
</tr><tr>
<td>Included groups:</td><td></td>
</tr><tr>
<td>Excluded groups:</td><td></td>
</tr>
</table><p/>
<small><i>(Hover the method name to see the test class name)</i></small><p/>
<table width='100%' border='1' class='invocation-failed'>
<tr><td colspan='4' align='center'><b>FAILED CONFIGURATIONS</b></td></tr>
<tr><td><b>Test method</b></td>
<td><b>Attribute(s)</b></td>
<td width="30%"><b>Exception</b></td>
<td width="10%"><b>Time (seconds)</b></td>
<td><b>Instance</b></td>
</tr>
<tr>
<td title='com.dsalgo.tests.DSAlgoGraphTest.setup()'><b>setup</b><br>Test class: com.dsalgo.tests.DSAlgoGraphTest</td>
<td><div><pre>org.openqa.selenium.StaleElementReferenceException: stale element reference: element is not attached to the page document
  (Session info: MicrosoftEdge=105.0.1343.33)
For documentation on this error, please visit: https://selenium.dev/exceptions/#stale_element_reference
Build info: version: &apos;4.4.0&apos;, revision: &apos;e5c75ed026a&apos;
System info: host: &apos;DESKTOP-DIMGNTL&apos;, ip: &apos;10.53.192.85&apos;, os.name: &apos;Windows 10&apos;, os.arch: &apos;amd64&apos;, os.version: &apos;10.0&apos;, java.version: &apos;18.0.1&apos;
Driver info: org.openqa.selenium.edge.EdgeDriver
Command: [6e5a028db0b81a16a37f80005c371bba, getElementAttribute {id=bd688455-3ca2-4f12-90b2-2bdddfd6469e, name=textContent}]
Capabilities {acceptInsecureCerts: false, browserName: msedge, browserVersion: 105.0.1343.33, ms:edgeOptions: {debuggerAddress: localhost:57194}, msedge: {msedgedriverVersion: 104.0.1293.70 (6709c341bd06..., userDataDir: D:\Users\ppai2114\AppData\L...}, networkConnectionEnabled: false, pageLoadStrategy: normal, platformName: WINDOWS, proxy: Proxy(), se:cdp: ws://localhost:57194/devtoo..., se:cdpVersion: 105.0.1343.33, setWindowRect: true, strictFileInteractability: false, timeouts: {implicit: 0, pageLoad: 300000, script: 30000}, unhandledPromptBehavior: dismiss and notify, webauthn:extension:credBlob: true, webauthn:extension:largeBlob: true, webauthn:virtualAuthenticators: true}
Element: [[EdgeDriver: msedge on WINDOWS (6e5a028db0b81a16a37f80005c371bba)] -&gt; xpath: //h5]
Session ID: 6e5a028db0b81a16a37f80005c371bba
	at org.openqa.selenium.remote.codec.w3c.W3CHttpResponseCodec.createException(W3CHttpResponseCodec.java:200)
	at org.openqa.selenium.remote.codec.w3c.W3CHttpResponseCodec.decode(W3CHttpResponseCodec.java:133)
	at org.openqa.selenium.remote.codec.w3c.W3CHttpResponseCodec.decode(W3CHttpResponseCodec.java:53)
	at org.openqa.selenium.remote.HttpCommandExecutor.execute(HttpCommandExecutor.java:184)
	at org.openqa.selenium.remote.service.DriverCommandExecutor.invokeExecute(DriverCommandExecutor.java:167)
	at org.openqa.selenium.remote.service.DriverCommandExecutor.execute(DriverCommandExecutor.java:142)
	at org.openqa.selenium.remote.RemoteWebDriver.execute(RemoteWebDriver.java:547)
	at org.openqa.selenium.remote.RemoteWebElement.execute(RemoteWebElement.java:257)
	at org.openqa.selenium.remote.RemoteWebElement.getAttribute(RemoteWebElement.java:158)
	at com.dsalgo.pages.HomePage.lambda$2(HomePage.java:110)
	at java.base/java.util.stream.ReferencePipeline$2$1.accept(ReferencePipeline.java:178)
	at java.base/java.util.ArrayList$ArrayListSpliterator.tryAdvance(ArrayList.java:1602)
	at java.base/java.util.stream.ReferencePipeline.forEachWithCancel(ReferencePipeline.java:129)
	at java.base/java.util.stream.AbstractPipeline.copyIntoWithCancel(AbstractPipeline.java:527)
	at java.base/java.util.stream.AbstractPipeline.copyInto(AbstractPipeline.java:513)
	at java.base/java.util.stream.AbstractPipeline.wrapAndCopyInto(AbstractPipeline.java:499)
	at java.base/java.util.stream.FindOps$FindOp.evaluateSequential(FindOps.java:150)
	at java.base/java.util.stream.AbstractPipeline.evaluate(AbstractPipeline.java:234)
	at java.base/java.util.stream.ReferencePipeline.findAny(ReferencePipeline.java:652)
	at com.dsalgo.pages.HomePage.ClickGetStarted(HomePage.java:112)
	at com.dsalgo.pages.HomePage.GetStarted(HomePage.java:77)
	at com.dsalgo.tests.DSAlgoGraphTest.setup(DSAlgoGraphTest.java:39)
	at java.base/java.util.ArrayList.forEach(ArrayList.java:1511)
	at java.base/java.util.concurrent.FutureTask.run(FutureTask.java:264)
	at java.base/java.util.concurrent.ThreadPoolExecutor.runWorker(ThreadPoolExecutor.java:1136)
	at java.base/java.util.concurrent.ThreadPoolExecutor$Worker.run(ThreadPoolExecutor.java:635)
	at java.base/java.lang.Thread.run(Thread.java:833)
... Removed 16 stack frames</pre></div><a href='#' onClick='toggleBox("stack-trace1546174250", this, "Click to show all stack frames", "Click to hide stack frames")'>Click to show all stack frames</a>
<div class='stack-trace' id='stack-trace1546174250'><pre>org.openqa.selenium.StaleElementReferenceException: stale element reference: element is not attached to the page document
  (Session info: MicrosoftEdge=105.0.1343.33)
For documentation on this error, please visit: https://selenium.dev/exceptions/#stale_element_reference
Build info: version: &apos;4.4.0&apos;, revision: &apos;e5c75ed026a&apos;
System info: host: &apos;DESKTOP-DIMGNTL&apos;, ip: &apos;10.53.192.85&apos;, os.name: &apos;Windows 10&apos;, os.arch: &apos;amd64&apos;, os.version: &apos;10.0&apos;, java.version: &apos;18.0.1&apos;
Driver info: org.openqa.selenium.edge.EdgeDriver
Command: [6e5a028db0b81a16a37f80005c371bba, getElementAttribute {id=bd688455-3ca2-4f12-90b2-2bdddfd6469e, name=textContent}]
Capabilities {acceptInsecureCerts: false, browserName: msedge, browserVersion: 105.0.1343.33, ms:edgeOptions: {debuggerAddress: localhost:57194}, msedge: {msedgedriverVersion: 104.0.1293.70 (6709c341bd06..., userDataDir: D:\Users\ppai2114\AppData\L...}, networkConnectionEnabled: false, pageLoadStrategy: normal, platformName: WINDOWS, proxy: Proxy(), se:cdp: ws://localhost:57194/devtoo..., se:cdpVersion: 105.0.1343.33, setWindowRect: true, strictFileInteractability: false, timeouts: {implicit: 0, pageLoad: 300000, script: 30000}, unhandledPromptBehavior: dismiss and notify, webauthn:extension:credBlob: true, webauthn:extension:largeBlob: true, webauthn:virtualAuthenticators: true}
Element: [[EdgeDriver: msedge on WINDOWS (6e5a028db0b81a16a37f80005c371bba)] -&gt; xpath: //h5]
Session ID: 6e5a028db0b81a16a37f80005c371bba
	at java.base/jdk.internal.reflect.DirectConstructorHandleAccessor.newInstance(DirectConstructorHandleAccessor.java:67)
	at java.base/java.lang.reflect.Constructor.newInstanceWithCaller(Constructor.java:499)
	at java.base/java.lang.reflect.Constructor.newInstance(Constructor.java:483)
	at org.openqa.selenium.remote.codec.w3c.W3CHttpResponseCodec.createException(W3CHttpResponseCodec.java:200)
	at org.openqa.selenium.remote.codec.w3c.W3CHttpResponseCodec.decode(W3CHttpResponseCodec.java:133)
	at org.openqa.selenium.remote.codec.w3c.W3CHttpResponseCodec.decode(W3CHttpResponseCodec.java:53)
	at org.openqa.selenium.remote.HttpCommandExecutor.execute(HttpCommandExecutor.java:184)
	at org.openqa.selenium.remote.service.DriverCommandExecutor.invokeExecute(DriverCommandExecutor.java:167)
	at org.openqa.selenium.remote.service.DriverCommandExecutor.execute(DriverCommandExecutor.java:142)
	at org.openqa.selenium.remote.RemoteWebDriver.execute(RemoteWebDriver.java:547)
	at org.openqa.selenium.remote.RemoteWebElement.execute(RemoteWebElement.java:257)
	at org.openqa.selenium.remote.RemoteWebElement.getAttribute(RemoteWebElement.java:158)
	at com.dsalgo.pages.HomePage.lambda$2(HomePage.java:110)
	at java.base/java.util.stream.ReferencePipeline$2$1.accept(ReferencePipeline.java:178)
	at java.base/java.util.ArrayList$ArrayListSpliterator.tryAdvance(ArrayList.java:1602)
	at java.base/java.util.stream.ReferencePipeline.forEachWithCancel(ReferencePipeline.java:129)
	at java.base/java.util.stream.AbstractPipeline.copyIntoWithCancel(AbstractPipeline.java:527)
	at java.base/java.util.stream.AbstractPipeline.copyInto(AbstractPipeline.java:513)
	at java.base/java.util.stream.AbstractPipeline.wrapAndCopyInto(AbstractPipeline.java:499)
	at java.base/java.util.stream.FindOps$FindOp.evaluateSequential(FindOps.java:150)
	at java.base/java.util.stream.AbstractPipeline.evaluate(AbstractPipeline.java:234)
	at java.base/java.util.stream.ReferencePipeline.findAny(ReferencePipeline.java:652)
	at com.dsalgo.pages.HomePage.ClickGetStarted(HomePage.java:112)
	at com.dsalgo.pages.HomePage.GetStarted(HomePage.java:77)
	at com.dsalgo.tests.DSAlgoGraphTest.setup(DSAlgoGraphTest.java:39)
	at java.base/jdk.internal.reflect.DirectMethodHandleAccessor.invoke(DirectMethodHandleAccessor.java:104)
	at java.base/java.lang.reflect.Method.invoke(Method.java:577)
	at org.testng.internal.invokers.MethodInvocationHelper.invokeMethod(MethodInvocationHelper.java:139)
	at org.testng.internal.invokers.MethodInvocationHelper.invokeMethodConsideringTimeout(MethodInvocationHelper.java:69)
	at org.testng.internal.invokers.ConfigInvoker.invokeConfigurationMethod(ConfigInvoker.java:361)
	at org.testng.internal.invokers.ConfigInvoker.invokeConfigurations(ConfigInvoker.java:296)
	at org.testng.internal.invokers.TestMethodWorker.invokeBeforeClassMethods(TestMethodWorker.java:180)
	at org.testng.internal.invokers.TestMethodWorker.run(TestMethodWorker.java:122)
	at java.base/java.util.ArrayList.forEach(ArrayList.java:1511)
	at org.testng.TestRunner.privateRun(TestRunner.java:806)
	at org.testng.TestRunner.run(TestRunner.java:601)
	at org.testng.SuiteRunner.runTest(SuiteRunner.java:433)
	at org.testng.SuiteRunner$SuiteWorker.run(SuiteRunner.java:471)
	at org.testng.internal.thread.ThreadUtil.lambda$execute$0(ThreadUtil.java:58)
	at java.base/java.util.concurrent.FutureTask.run(FutureTask.java:264)
	at java.base/java.util.concurrent.ThreadPoolExecutor.runWorker(ThreadPoolExecutor.java:1136)
	at java.base/java.util.concurrent.ThreadPoolExecutor$Worker.run(ThreadPoolExecutor.java:635)
	at java.base/java.lang.Thread.run(Thread.java:833)
</pre></div></td>
<td>0</td>
<td>com.dsalgo.tests.DSAlgoGraphTest@6380e9e9</td></tr>
<tr>
<td title='com.dsalgo.tests.DSAlgoHomeSignInTest.tearDown()'><b>tearDown</b><br>Test class: com.dsalgo.tests.DSAlgoHomeSignInTest</td>
<td><div><pre>org.openqa.selenium.NoSuchElementException: no such element: Unable to locate element: {&quot;method&quot;:&quot;link text&quot;,&quot;selector&quot;:&quot;Sign out&quot;}
  (Session info: MicrosoftEdge=105.0.1343.33)
For documentation on this error, please visit: https://selenium.dev/exceptions/#no_such_element
Build info: version: &apos;4.4.0&apos;, revision: &apos;e5c75ed026a&apos;
System info: host: &apos;DESKTOP-DIMGNTL&apos;, ip: &apos;10.53.192.85&apos;, os.name: &apos;Windows 10&apos;, os.arch: &apos;amd64&apos;, os.version: &apos;10.0&apos;, java.version: &apos;18.0.1&apos;
Driver info: org.openqa.selenium.edge.EdgeDriver
Command: [6e5a028db0b81a16a37f80005c371bba, findElement {using=link text, value=Sign out}]
Capabilities {acceptInsecureCerts: false, browserName: msedge, browserVersion: 105.0.1343.33, ms:edgeOptions: {debuggerAddress: localhost:57194}, msedge: {msedgedriverVersion: 104.0.1293.70 (6709c341bd06..., userDataDir: D:\Users\ppai2114\AppData\L...}, networkConnectionEnabled: false, pageLoadStrategy: normal, platformName: WINDOWS, proxy: Proxy(), se:cdp: ws://localhost:57194/devtoo..., se:cdpVersion: 105.0.1343.33, setWindowRect: true, strictFileInteractability: false, timeouts: {implicit: 0, pageLoad: 300000, script: 30000}, unhandledPromptBehavior: dismiss and notify, webauthn:extension:credBlob: true, webauthn:extension:largeBlob: true, webauthn:virtualAuthenticators: true}
Session ID: 6e5a028db0b81a16a37f80005c371bba
	at org.openqa.selenium.remote.codec.w3c.W3CHttpResponseCodec.createException(W3CHttpResponseCodec.java:200)
	at org.openqa.selenium.remote.codec.w3c.W3CHttpResponseCodec.decode(W3CHttpResponseCodec.java:133)
	at org.openqa.selenium.remote.codec.w3c.W3CHttpResponseCodec.decode(W3CHttpResponseCodec.java:53)
	at org.openqa.selenium.remote.HttpCommandExecutor.execute(HttpCommandExecutor.java:184)
	at org.openqa.selenium.remote.service.DriverCommandExecutor.invokeExecute(DriverCommandExecutor.java:167)
	at org.openqa.selenium.remote.service.DriverCommandExecutor.execute(DriverCommandExecutor.java:142)
	at org.openqa.selenium.remote.RemoteWebDriver.execute(RemoteWebDriver.java:547)
	at org.openqa.selenium.remote.ElementLocation$ElementFinder$2.findElement(ElementLocation.java:162)
	at org.openqa.selenium.remote.ElementLocation.findElement(ElementLocation.java:60)
	at org.openqa.selenium.remote.RemoteWebDriver.findElement(RemoteWebDriver.java:365)
	at org.openqa.selenium.remote.RemoteWebDriver.findElement(RemoteWebDriver.java:357)
	at org.openqa.selenium.support.pagefactory.DefaultElementLocator.findElement(DefaultElementLocator.java:70)
	at org.openqa.selenium.support.pagefactory.internal.LocatingElementHandler.invoke(LocatingElementHandler.java:39)
	at jdk.proxy2/jdk.proxy2.$Proxy38.click(Unknown Source)
	at com.dsalgo.pages.HomePage.SignOut(HomePage.java:83)
	at com.dsalgo.tests.DSAlgoHomeSignInTest.tearDown(DSAlgoHomeSignInTest.java:176)
	at java.base/java.util.concurrent.FutureTask.run(FutureTask.java:264)
	at java.base/java.util.concurrent.ThreadPoolExecutor.runWorker(ThreadPoolExecutor.java:1136)
	at java.base/java.util.concurrent.ThreadPoolExecutor$Worker.run(ThreadPoolExecutor.java:635)
	at java.base/java.lang.Thread.run(Thread.java:833)
... Removed 15 stack frames</pre></div><a href='#' onClick='toggleBox("stack-trace297614072", this, "Click to show all stack frames", "Click to hide stack frames")'>Click to show all stack frames</a>
<div class='stack-trace' id='stack-trace297614072'><pre>org.openqa.selenium.NoSuchElementException: no such element: Unable to locate element: {&quot;method&quot;:&quot;link text&quot;,&quot;selector&quot;:&quot;Sign out&quot;}
  (Session info: MicrosoftEdge=105.0.1343.33)
For documentation on this error, please visit: https://selenium.dev/exceptions/#no_such_element
Build info: version: &apos;4.4.0&apos;, revision: &apos;e5c75ed026a&apos;
System info: host: &apos;DESKTOP-DIMGNTL&apos;, ip: &apos;10.53.192.85&apos;, os.name: &apos;Windows 10&apos;, os.arch: &apos;amd64&apos;, os.version: &apos;10.0&apos;, java.version: &apos;18.0.1&apos;
Driver info: org.openqa.selenium.edge.EdgeDriver
Command: [6e5a028db0b81a16a37f80005c371bba, findElement {using=link text, value=Sign out}]
Capabilities {acceptInsecureCerts: false, browserName: msedge, browserVersion: 105.0.1343.33, ms:edgeOptions: {debuggerAddress: localhost:57194}, msedge: {msedgedriverVersion: 104.0.1293.70 (6709c341bd06..., userDataDir: D:\Users\ppai2114\AppData\L...}, networkConnectionEnabled: false, pageLoadStrategy: normal, platformName: WINDOWS, proxy: Proxy(), se:cdp: ws://localhost:57194/devtoo..., se:cdpVersion: 105.0.1343.33, setWindowRect: true, strictFileInteractability: false, timeouts: {implicit: 0, pageLoad: 300000, script: 30000}, unhandledPromptBehavior: dismiss and notify, webauthn:extension:credBlob: true, webauthn:extension:largeBlob: true, webauthn:virtualAuthenticators: true}
Session ID: 6e5a028db0b81a16a37f80005c371bba
	at java.base/jdk.internal.reflect.DirectConstructorHandleAccessor.newInstance(DirectConstructorHandleAccessor.java:67)
	at java.base/java.lang.reflect.Constructor.newInstanceWithCaller(Constructor.java:499)
	at java.base/java.lang.reflect.Constructor.newInstance(Constructor.java:483)
	at org.openqa.selenium.remote.codec.w3c.W3CHttpResponseCodec.createException(W3CHttpResponseCodec.java:200)
	at org.openqa.selenium.remote.codec.w3c.W3CHttpResponseCodec.decode(W3CHttpResponseCodec.java:133)
	at org.openqa.selenium.remote.codec.w3c.W3CHttpResponseCodec.decode(W3CHttpResponseCodec.java:53)
	at org.openqa.selenium.remote.HttpCommandExecutor.execute(HttpCommandExecutor.java:184)
	at org.openqa.selenium.remote.service.DriverCommandExecutor.invokeExecute(DriverCommandExecutor.java:167)
	at org.openqa.selenium.remote.service.DriverCommandExecutor.execute(DriverCommandExecutor.java:142)
	at org.openqa.selenium.remote.RemoteWebDriver.execute(RemoteWebDriver.java:547)
	at org.openqa.selenium.remote.ElementLocation$ElementFinder$2.findElement(ElementLocation.java:162)
	at org.openqa.selenium.remote.ElementLocation.findElement(ElementLocation.java:60)
	at org.openqa.selenium.remote.RemoteWebDriver.findElement(RemoteWebDriver.java:365)
	at org.openqa.selenium.remote.RemoteWebDriver.findElement(RemoteWebDriver.java:357)
	at org.openqa.selenium.support.pagefactory.DefaultElementLocator.findElement(DefaultElementLocator.java:70)
	at org.openqa.selenium.support.pagefactory.internal.LocatingElementHandler.invoke(LocatingElementHandler.java:39)
	at jdk.proxy2/jdk.proxy2.$Proxy38.click(Unknown Source)
	at com.dsalgo.pages.HomePage.SignOut(HomePage.java:83)
	at com.dsalgo.tests.DSAlgoHomeSignInTest.tearDown(DSAlgoHomeSignInTest.java:176)
	at java.base/jdk.internal.reflect.DirectMethodHandleAccessor.invoke(DirectMethodHandleAccessor.java:104)
	at java.base/java.lang.reflect.Method.invoke(Method.java:577)
	at org.testng.internal.invokers.MethodInvocationHelper.invokeMethod(MethodInvocationHelper.java:139)
	at org.testng.internal.invokers.MethodInvocationHelper.invokeMethodConsideringTimeout(MethodInvocationHelper.java:69)
	at org.testng.internal.invokers.ConfigInvoker.invokeConfigurationMethod(ConfigInvoker.java:361)
	at org.testng.internal.invokers.ConfigInvoker.invokeConfigurations(ConfigInvoker.java:296)
	at org.testng.TestRunner.invokeTestConfigurations(TestRunner.java:643)
	at org.testng.TestRunner.afterRun(TestRunner.java:891)
	at org.testng.TestRunner.run(TestRunner.java:604)
	at org.testng.SuiteRunner.runTest(SuiteRunner.java:433)
	at org.testng.SuiteRunner$SuiteWorker.run(SuiteRunner.java:471)
	at org.testng.internal.thread.ThreadUtil.lambda$execute$0(ThreadUtil.java:58)
	at java.base/java.util.concurrent.FutureTask.run(FutureTask.java:264)
	at java.base/java.util.concurrent.ThreadPoolExecutor.runWorker(ThreadPoolExecutor.java:1136)
	at java.base/java.util.concurrent.ThreadPoolExecutor$Worker.run(ThreadPoolExecutor.java:635)
	at java.base/java.lang.Thread.run(Thread.java:833)
</pre></div></td>
<td>0</td>
<td>com.dsalgo.tests.DSAlgoHomeSignInTest@350da119</td></tr>
</table><p>
<table width='100%' border='1' class='invocation-failed'>
<tr><td colspan='4' align='center'><b>FAILED TESTS</b></td></tr>
<tr><td><b>Test method</b></td>
<td><b>Attribute(s)</b></td>
<td width="30%"><b>Exception</b></td>
<td width="10%"><b>Time (seconds)</b></td>
<td><b>Instance</b></td>
</tr>
<tr>
<td title='com.dsalgo.tests.DSAlgoHomeSignInTest.VerifyDSValuesinDropDownBeforeSignIn()'><b>VerifyDSValuesinDropDownBeforeSignIn</b><br>Test class: com.dsalgo.tests.DSAlgoHomeSignInTest</td>
<td><div><pre>org.openqa.selenium.StaleElementReferenceException: stale element reference: element is not attached to the page document
  (Session info: MicrosoftEdge=105.0.1343.33)
For documentation on this error, please visit: https://selenium.dev/exceptions/#stale_element_reference
Build info: version: &apos;4.4.0&apos;, revision: &apos;e5c75ed026a&apos;
System info: host: &apos;DESKTOP-DIMGNTL&apos;, ip: &apos;10.53.192.85&apos;, os.name: &apos;Windows 10&apos;, os.arch: &apos;amd64&apos;, os.version: &apos;10.0&apos;, java.version: &apos;18.0.1&apos;
Driver info: org.openqa.selenium.edge.EdgeDriver
Command: [6e5a028db0b81a16a37f80005c371bba, getElementAttribute {id=b3743cfd-ebea-410c-b208-d9daa514c19c, name=textContent}]
Capabilities {acceptInsecureCerts: false, browserName: msedge, browserVersion: 105.0.1343.33, ms:edgeOptions: {debuggerAddress: localhost:57194}, msedge: {msedgedriverVersion: 104.0.1293.70 (6709c341bd06..., userDataDir: D:\Users\ppai2114\AppData\L...}, networkConnectionEnabled: false, pageLoadStrategy: normal, platformName: WINDOWS, proxy: Proxy(), se:cdp: ws://localhost:57194/devtoo..., se:cdpVersion: 105.0.1343.33, setWindowRect: true, strictFileInteractability: false, timeouts: {implicit: 0, pageLoad: 300000, script: 30000}, unhandledPromptBehavior: dismiss and notify, webauthn:extension:credBlob: true, webauthn:extension:largeBlob: true, webauthn:virtualAuthenticators: true}
Element: [[EdgeDriver: msedge on WINDOWS (6e5a028db0b81a16a37f80005c371bba)] -&gt; css selector: .dropdown-item]
Session ID: 6e5a028db0b81a16a37f80005c371bba
	at org.openqa.selenium.remote.codec.w3c.W3CHttpResponseCodec.createException(W3CHttpResponseCodec.java:200)
	at org.openqa.selenium.remote.codec.w3c.W3CHttpResponseCodec.decode(W3CHttpResponseCodec.java:133)
	at org.openqa.selenium.remote.codec.w3c.W3CHttpResponseCodec.decode(W3CHttpResponseCodec.java:53)
	at org.openqa.selenium.remote.HttpCommandExecutor.execute(HttpCommandExecutor.java:184)
	at org.openqa.selenium.remote.service.DriverCommandExecutor.invokeExecute(DriverCommandExecutor.java:167)
	at org.openqa.selenium.remote.service.DriverCommandExecutor.execute(DriverCommandExecutor.java:142)
	at org.openqa.selenium.remote.RemoteWebDriver.execute(RemoteWebDriver.java:547)
	at org.openqa.selenium.remote.RemoteWebElement.execute(RemoteWebElement.java:257)
	at org.openqa.selenium.remote.RemoteWebElement.getAttribute(RemoteWebElement.java:158)
	at com.dsalgo.pages.HomePage.lambda$0(HomePage.java:70)
	at java.base/java.util.stream.ReferencePipeline$3$1.accept(ReferencePipeline.java:197)
	at java.base/java.util.ArrayList$ArrayListSpliterator.forEachRemaining(ArrayList.java:1625)
	at java.base/java.util.stream.AbstractPipeline.copyInto(AbstractPipeline.java:509)
	at java.base/java.util.stream.AbstractPipeline.wrapAndCopyInto(AbstractPipeline.java:499)
	at java.base/java.util.stream.ReduceOps$ReduceOp.evaluateSequential(ReduceOps.java:921)
	at java.base/java.util.stream.AbstractPipeline.evaluate(AbstractPipeline.java:234)
	at java.base/java.util.stream.ReferencePipeline.collect(ReferencePipeline.java:682)
	at com.dsalgo.pages.HomePage.GetDataStructureList(HomePage.java:71)
	at com.dsalgo.tests.DSAlgoHomeSignInTest.VerifyDSValuesinDropDownBeforeSignIn(DSAlgoHomeSignInTest.java:88)
	at java.base/java.util.ArrayList.forEach(ArrayList.java:1511)
	at java.base/java.util.concurrent.FutureTask.run(FutureTask.java:264)
	at java.base/java.util.concurrent.ThreadPoolExecutor.runWorker(ThreadPoolExecutor.java:1136)
	at java.base/java.util.concurrent.ThreadPoolExecutor$Worker.run(ThreadPoolExecutor.java:635)
	at java.base/java.lang.Thread.run(Thread.java:833)
... Removed 18 stack frames</pre></div><a href='#' onClick='toggleBox("stack-trace1052474490", this, "Click to show all stack frames", "Click to hide stack frames")'>Click to show all stack frames</a>
<div class='stack-trace' id='stack-trace1052474490'><pre>org.openqa.selenium.StaleElementReferenceException: stale element reference: element is not attached to the page document
  (Session info: MicrosoftEdge=105.0.1343.33)
For documentation on this error, please visit: https://selenium.dev/exceptions/#stale_element_reference
Build info: version: &apos;4.4.0&apos;, revision: &apos;e5c75ed026a&apos;
System info: host: &apos;DESKTOP-DIMGNTL&apos;, ip: &apos;10.53.192.85&apos;, os.name: &apos;Windows 10&apos;, os.arch: &apos;amd64&apos;, os.version: &apos;10.0&apos;, java.version: &apos;18.0.1&apos;
Driver info: org.openqa.selenium.edge.EdgeDriver
Command: [6e5a028db0b81a16a37f80005c371bba, getElementAttribute {id=b3743cfd-ebea-410c-b208-d9daa514c19c, name=textContent}]
Capabilities {acceptInsecureCerts: false, browserName: msedge, browserVersion: 105.0.1343.33, ms:edgeOptions: {debuggerAddress: localhost:57194}, msedge: {msedgedriverVersion: 104.0.1293.70 (6709c341bd06..., userDataDir: D:\Users\ppai2114\AppData\L...}, networkConnectionEnabled: false, pageLoadStrategy: normal, platformName: WINDOWS, proxy: Proxy(), se:cdp: ws://localhost:57194/devtoo..., se:cdpVersion: 105.0.1343.33, setWindowRect: true, strictFileInteractability: false, timeouts: {implicit: 0, pageLoad: 300000, script: 30000}, unhandledPromptBehavior: dismiss and notify, webauthn:extension:credBlob: true, webauthn:extension:largeBlob: true, webauthn:virtualAuthenticators: true}
Element: [[EdgeDriver: msedge on WINDOWS (6e5a028db0b81a16a37f80005c371bba)] -&gt; css selector: .dropdown-item]
Session ID: 6e5a028db0b81a16a37f80005c371bba
	at java.base/jdk.internal.reflect.DirectConstructorHandleAccessor.newInstance(DirectConstructorHandleAccessor.java:67)
	at java.base/java.lang.reflect.Constructor.newInstanceWithCaller(Constructor.java:499)
	at java.base/java.lang.reflect.Constructor.newInstance(Constructor.java:483)
	at org.openqa.selenium.remote.codec.w3c.W3CHttpResponseCodec.createException(W3CHttpResponseCodec.java:200)
	at org.openqa.selenium.remote.codec.w3c.W3CHttpResponseCodec.decode(W3CHttpResponseCodec.java:133)
	at org.openqa.selenium.remote.codec.w3c.W3CHttpResponseCodec.decode(W3CHttpResponseCodec.java:53)
	at org.openqa.selenium.remote.HttpCommandExecutor.execute(HttpCommandExecutor.java:184)
	at org.openqa.selenium.remote.service.DriverCommandExecutor.invokeExecute(DriverCommandExecutor.java:167)
	at org.openqa.selenium.remote.service.DriverCommandExecutor.execute(DriverCommandExecutor.java:142)
	at org.openqa.selenium.remote.RemoteWebDriver.execute(RemoteWebDriver.java:547)
	at org.openqa.selenium.remote.RemoteWebElement.execute(RemoteWebElement.java:257)
	at org.openqa.selenium.remote.RemoteWebElement.getAttribute(RemoteWebElement.java:158)
	at com.dsalgo.pages.HomePage.lambda$0(HomePage.java:70)
	at java.base/java.util.stream.ReferencePipeline$3$1.accept(ReferencePipeline.java:197)
	at java.base/java.util.ArrayList$ArrayListSpliterator.forEachRemaining(ArrayList.java:1625)
	at java.base/java.util.stream.AbstractPipeline.copyInto(AbstractPipeline.java:509)
	at java.base/java.util.stream.AbstractPipeline.wrapAndCopyInto(AbstractPipeline.java:499)
	at java.base/java.util.stream.ReduceOps$ReduceOp.evaluateSequential(ReduceOps.java:921)
	at java.base/java.util.stream.AbstractPipeline.evaluate(AbstractPipeline.java:234)
	at java.base/java.util.stream.ReferencePipeline.collect(ReferencePipeline.java:682)
	at com.dsalgo.pages.HomePage.GetDataStructureList(HomePage.java:71)
	at com.dsalgo.tests.DSAlgoHomeSignInTest.VerifyDSValuesinDropDownBeforeSignIn(DSAlgoHomeSignInTest.java:88)
	at java.base/jdk.internal.reflect.DirectMethodHandleAccessor.invoke(DirectMethodHandleAccessor.java:104)
	at java.base/java.lang.reflect.Method.invoke(Method.java:577)
	at org.testng.internal.invokers.MethodInvocationHelper.invokeMethod(MethodInvocationHelper.java:139)
	at org.testng.internal.invokers.TestInvoker.invokeMethod(TestInvoker.java:677)
	at org.testng.internal.invokers.TestInvoker.invokeTestMethod(TestInvoker.java:221)
	at org.testng.internal.invokers.MethodRunner.runInSequence(MethodRunner.java:50)
	at org.testng.internal.invokers.TestInvoker$MethodInvocationAgent.invoke(TestInvoker.java:962)
	at org.testng.internal.invokers.TestInvoker.invokeTestMethods(TestInvoker.java:194)
	at org.testng.internal.invokers.TestMethodWorker.invokeTestMethods(TestMethodWorker.java:148)
	at org.testng.internal.invokers.TestMethodWorker.run(TestMethodWorker.java:128)
	at java.base/java.util.ArrayList.forEach(ArrayList.java:1511)
	at org.testng.TestRunner.privateRun(TestRunner.java:806)
	at org.testng.TestRunner.run(TestRunner.java:601)
	at org.testng.SuiteRunner.runTest(SuiteRunner.java:433)
	at org.testng.SuiteRunner$SuiteWorker.run(SuiteRunner.java:471)
	at org.testng.internal.thread.ThreadUtil.lambda$execute$0(ThreadUtil.java:58)
	at java.base/java.util.concurrent.FutureTask.run(FutureTask.java:264)
	at java.base/java.util.concurrent.ThreadPoolExecutor.runWorker(ThreadPoolExecutor.java:1136)
	at java.base/java.util.concurrent.ThreadPoolExecutor$Worker.run(ThreadPoolExecutor.java:635)
	at java.base/java.lang.Thread.run(Thread.java:833)
</pre></div></td>
<td>0</td>
<td>com.dsalgo.tests.DSAlgoHomeSignInTest@350da119</td></tr>
<tr>
<td title='com.dsalgo.tests.DSAlgoHomeSignInTest.ValidateGetStartedBeforeSignIn()'><b>ValidateGetStartedBeforeSignIn</b><br>Test class: com.dsalgo.tests.DSAlgoHomeSignInTest</td>
<td><div><pre>org.openqa.selenium.StaleElementReferenceException: stale element reference: element is not attached to the page document
  (Session info: MicrosoftEdge=105.0.1343.33)
For documentation on this error, please visit: https://selenium.dev/exceptions/#stale_element_reference
Build info: version: &apos;4.4.0&apos;, revision: &apos;e5c75ed026a&apos;
System info: host: &apos;DESKTOP-DIMGNTL&apos;, ip: &apos;10.53.192.85&apos;, os.name: &apos;Windows 10&apos;, os.arch: &apos;amd64&apos;, os.version: &apos;10.0&apos;, java.version: &apos;18.0.1&apos;
Driver info: org.openqa.selenium.edge.EdgeDriver
Command: [6e5a028db0b81a16a37f80005c371bba, clickElement {id=ad4291e9-70f6-4957-af36-714df4f3293b}]
Capabilities {acceptInsecureCerts: false, browserName: msedge, browserVersion: 105.0.1343.33, ms:edgeOptions: {debuggerAddress: localhost:57194}, msedge: {msedgedriverVersion: 104.0.1293.70 (6709c341bd06..., userDataDir: D:\Users\ppai2114\AppData\L...}, networkConnectionEnabled: false, pageLoadStrategy: normal, platformName: WINDOWS, proxy: Proxy(), se:cdp: ws://localhost:57194/devtoo..., se:cdpVersion: 105.0.1343.33, setWindowRect: true, strictFileInteractability: false, timeouts: {implicit: 0, pageLoad: 300000, script: 30000}, unhandledPromptBehavior: dismiss and notify, webauthn:extension:credBlob: true, webauthn:extension:largeBlob: true, webauthn:virtualAuthenticators: true}
Element: [[[[EdgeDriver: msedge on WINDOWS (6e5a028db0b81a16a37f80005c371bba)] -&gt; xpath: //h5]] -&gt; xpath: //h5[text()=&apos;Array&apos;]/following-sibling::a]
Session ID: 6e5a028db0b81a16a37f80005c371bba
	at org.openqa.selenium.remote.codec.w3c.W3CHttpResponseCodec.createException(W3CHttpResponseCodec.java:200)
	at org.openqa.selenium.remote.codec.w3c.W3CHttpResponseCodec.decode(W3CHttpResponseCodec.java:133)
	at org.openqa.selenium.remote.codec.w3c.W3CHttpResponseCodec.decode(W3CHttpResponseCodec.java:53)
	at org.openqa.selenium.remote.HttpCommandExecutor.execute(HttpCommandExecutor.java:184)
	at org.openqa.selenium.remote.service.DriverCommandExecutor.invokeExecute(DriverCommandExecutor.java:167)
	at org.openqa.selenium.remote.service.DriverCommandExecutor.execute(DriverCommandExecutor.java:142)
	at org.openqa.selenium.remote.RemoteWebDriver.execute(RemoteWebDriver.java:547)
	at org.openqa.selenium.remote.RemoteWebElement.execute(RemoteWebElement.java:257)
	at org.openqa.selenium.remote.RemoteWebElement.click(RemoteWebElement.java:78)
	at com.dsalgo.pages.HomePage.ClickGetStarted(HomePage.java:115)
	at com.dsalgo.pages.HomePage.GetStartedWithDataStructure(HomePage.java:102)
	at com.dsalgo.tests.DSAlgoHomeSignInTest.ValidateGetStartedBeforeSignIn(DSAlgoHomeSignInTest.java:114)
	at java.base/java.util.ArrayList.forEach(ArrayList.java:1511)
	at java.base/java.util.concurrent.FutureTask.run(FutureTask.java:264)
	at java.base/java.util.concurrent.ThreadPoolExecutor.runWorker(ThreadPoolExecutor.java:1136)
	at java.base/java.util.concurrent.ThreadPoolExecutor$Worker.run(ThreadPoolExecutor.java:635)
	at java.base/java.lang.Thread.run(Thread.java:833)
... Removed 18 stack frames</pre></div><a href='#' onClick='toggleBox("stack-trace145305646", this, "Click to show all stack frames", "Click to hide stack frames")'>Click to show all stack frames</a>
<div class='stack-trace' id='stack-trace145305646'><pre>org.openqa.selenium.StaleElementReferenceException: stale element reference: element is not attached to the page document
  (Session info: MicrosoftEdge=105.0.1343.33)
For documentation on this error, please visit: https://selenium.dev/exceptions/#stale_element_reference
Build info: version: &apos;4.4.0&apos;, revision: &apos;e5c75ed026a&apos;
System info: host: &apos;DESKTOP-DIMGNTL&apos;, ip: &apos;10.53.192.85&apos;, os.name: &apos;Windows 10&apos;, os.arch: &apos;amd64&apos;, os.version: &apos;10.0&apos;, java.version: &apos;18.0.1&apos;
Driver info: org.openqa.selenium.edge.EdgeDriver
Command: [6e5a028db0b81a16a37f80005c371bba, clickElement {id=ad4291e9-70f6-4957-af36-714df4f3293b}]
Capabilities {acceptInsecureCerts: false, browserName: msedge, browserVersion: 105.0.1343.33, ms:edgeOptions: {debuggerAddress: localhost:57194}, msedge: {msedgedriverVersion: 104.0.1293.70 (6709c341bd06..., userDataDir: D:\Users\ppai2114\AppData\L...}, networkConnectionEnabled: false, pageLoadStrategy: normal, platformName: WINDOWS, proxy: Proxy(), se:cdp: ws://localhost:57194/devtoo..., se:cdpVersion: 105.0.1343.33, setWindowRect: true, strictFileInteractability: false, timeouts: {implicit: 0, pageLoad: 300000, script: 30000}, unhandledPromptBehavior: dismiss and notify, webauthn:extension:credBlob: true, webauthn:extension:largeBlob: true, webauthn:virtualAuthenticators: true}
Element: [[[[EdgeDriver: msedge on WINDOWS (6e5a028db0b81a16a37f80005c371bba)] -&gt; xpath: //h5]] -&gt; xpath: //h5[text()=&apos;Array&apos;]/following-sibling::a]
Session ID: 6e5a028db0b81a16a37f80005c371bba
	at java.base/jdk.internal.reflect.DirectConstructorHandleAccessor.newInstance(DirectConstructorHandleAccessor.java:67)
	at java.base/java.lang.reflect.Constructor.newInstanceWithCaller(Constructor.java:499)
	at java.base/java.lang.reflect.Constructor.newInstance(Constructor.java:483)
	at org.openqa.selenium.remote.codec.w3c.W3CHttpResponseCodec.createException(W3CHttpResponseCodec.java:200)
	at org.openqa.selenium.remote.codec.w3c.W3CHttpResponseCodec.decode(W3CHttpResponseCodec.java:133)
	at org.openqa.selenium.remote.codec.w3c.W3CHttpResponseCodec.decode(W3CHttpResponseCodec.java:53)
	at org.openqa.selenium.remote.HttpCommandExecutor.execute(HttpCommandExecutor.java:184)
	at org.openqa.selenium.remote.service.DriverCommandExecutor.invokeExecute(DriverCommandExecutor.java:167)
	at org.openqa.selenium.remote.service.DriverCommandExecutor.execute(DriverCommandExecutor.java:142)
	at org.openqa.selenium.remote.RemoteWebDriver.execute(RemoteWebDriver.java:547)
	at org.openqa.selenium.remote.RemoteWebElement.execute(RemoteWebElement.java:257)
	at org.openqa.selenium.remote.RemoteWebElement.click(RemoteWebElement.java:78)
	at com.dsalgo.pages.HomePage.ClickGetStarted(HomePage.java:115)
	at com.dsalgo.pages.HomePage.GetStartedWithDataStructure(HomePage.java:102)
	at com.dsalgo.tests.DSAlgoHomeSignInTest.ValidateGetStartedBeforeSignIn(DSAlgoHomeSignInTest.java:114)
	at java.base/jdk.internal.reflect.DirectMethodHandleAccessor.invoke(DirectMethodHandleAccessor.java:104)
	at java.base/java.lang.reflect.Method.invoke(Method.java:577)
	at org.testng.internal.invokers.MethodInvocationHelper.invokeMethod(MethodInvocationHelper.java:139)
	at org.testng.internal.invokers.TestInvoker.invokeMethod(TestInvoker.java:677)
	at org.testng.internal.invokers.TestInvoker.invokeTestMethod(TestInvoker.java:221)
	at org.testng.internal.invokers.MethodRunner.runInSequence(MethodRunner.java:50)
	at org.testng.internal.invokers.TestInvoker$MethodInvocationAgent.invoke(TestInvoker.java:962)
	at org.testng.internal.invokers.TestInvoker.invokeTestMethods(TestInvoker.java:194)
	at org.testng.internal.invokers.TestMethodWorker.invokeTestMethods(TestMethodWorker.java:148)
	at org.testng.internal.invokers.TestMethodWorker.run(TestMethodWorker.java:128)
	at java.base/java.util.ArrayList.forEach(ArrayList.java:1511)
	at org.testng.TestRunner.privateRun(TestRunner.java:806)
	at org.testng.TestRunner.run(TestRunner.java:601)
	at org.testng.SuiteRunner.runTest(SuiteRunner.java:433)
	at org.testng.SuiteRunner$SuiteWorker.run(SuiteRunner.java:471)
	at org.testng.internal.thread.ThreadUtil.lambda$execute$0(ThreadUtil.java:58)
	at java.base/java.util.concurrent.FutureTask.run(FutureTask.java:264)
	at java.base/java.util.concurrent.ThreadPoolExecutor.runWorker(ThreadPoolExecutor.java:1136)
	at java.base/java.util.concurrent.ThreadPoolExecutor$Worker.run(ThreadPoolExecutor.java:635)
	at java.base/java.lang.Thread.run(Thread.java:833)
</pre></div></td>
<td>0</td>
<td>com.dsalgo.tests.DSAlgoHomeSignInTest@350da119</td></tr>
<tr>
<td title='com.dsalgo.tests.DSAlgoHomeSignInTest.ValidateHomePageTitle()'><b>ValidateHomePageTitle</b><br>Test class: com.dsalgo.tests.DSAlgoHomeSignInTest</td>
<td><div><pre>java.lang.AssertionError: expected [Numpy Ninja] but found [NumpyNinja]
	at com.dsalgo.tests.DSAlgoHomeSignInTest.ValidateHomePageTitle(DSAlgoHomeSignInTest.java:81)
	at java.base/java.util.ArrayList.forEach(ArrayList.java:1511)
	at java.base/java.util.concurrent.FutureTask.run(FutureTask.java:264)
	at java.base/java.util.concurrent.ThreadPoolExecutor.runWorker(ThreadPoolExecutor.java:1136)
	at java.base/java.util.concurrent.ThreadPoolExecutor$Worker.run(ThreadPoolExecutor.java:635)
	at java.base/java.lang.Thread.run(Thread.java:833)
... Removed 21 stack frames</pre></div><a href='#' onClick='toggleBox("stack-trace136721036", this, "Click to show all stack frames", "Click to hide stack frames")'>Click to show all stack frames</a>
<div class='stack-trace' id='stack-trace136721036'><pre>java.lang.AssertionError: expected [Numpy Ninja] but found [NumpyNinja]
	at org.testng.Assert.fail(Assert.java:110)
	at org.testng.Assert.failNotEquals(Assert.java:1413)
	at org.testng.Assert.assertEqualsImpl(Assert.java:149)
	at org.testng.Assert.assertEquals(Assert.java:131)
	at org.testng.Assert.assertEquals(Assert.java:655)
	at org.testng.Assert.assertEquals(Assert.java:665)
	at com.dsalgo.tests.DSAlgoHomeSignInTest.ValidateHomePageTitle(DSAlgoHomeSignInTest.java:81)
	at java.base/jdk.internal.reflect.DirectMethodHandleAccessor.invoke(DirectMethodHandleAccessor.java:104)
	at java.base/java.lang.reflect.Method.invoke(Method.java:577)
	at org.testng.internal.invokers.MethodInvocationHelper.invokeMethod(MethodInvocationHelper.java:139)
	at org.testng.internal.invokers.TestInvoker.invokeMethod(TestInvoker.java:677)
	at org.testng.internal.invokers.TestInvoker.invokeTestMethod(TestInvoker.java:221)
	at org.testng.internal.invokers.MethodRunner.runInSequence(MethodRunner.java:50)
	at org.testng.internal.invokers.TestInvoker$MethodInvocationAgent.invoke(TestInvoker.java:962)
	at org.testng.internal.invokers.TestInvoker.invokeTestMethods(TestInvoker.java:194)
	at org.testng.internal.invokers.TestMethodWorker.invokeTestMethods(TestMethodWorker.java:148)
	at org.testng.internal.invokers.TestMethodWorker.run(TestMethodWorker.java:128)
	at java.base/java.util.ArrayList.forEach(ArrayList.java:1511)
	at org.testng.TestRunner.privateRun(TestRunner.java:806)
	at org.testng.TestRunner.run(TestRunner.java:601)
	at org.testng.SuiteRunner.runTest(SuiteRunner.java:433)
	at org.testng.SuiteRunner$SuiteWorker.run(SuiteRunner.java:471)
	at org.testng.internal.thread.ThreadUtil.lambda$execute$0(ThreadUtil.java:58)
	at java.base/java.util.concurrent.FutureTask.run(FutureTask.java:264)
	at java.base/java.util.concurrent.ThreadPoolExecutor.runWorker(ThreadPoolExecutor.java:1136)
	at java.base/java.util.concurrent.ThreadPoolExecutor$Worker.run(ThreadPoolExecutor.java:635)
	at java.base/java.lang.Thread.run(Thread.java:833)
</pre></div></td>
<td>0</td>
<td>com.dsalgo.tests.DSAlgoHomeSignInTest@350da119</td></tr>
<tr>
<td title='com.dsalgo.tests.DSAlgoHomeSignInTest.ValidateDropdownBeforeSignIn()'><b>ValidateDropdownBeforeSignIn</b><br>Test class: com.dsalgo.tests.DSAlgoHomeSignInTest</td>
<td><div><pre>org.openqa.selenium.StaleElementReferenceException: stale element reference: element is not attached to the page document
  (Session info: MicrosoftEdge=105.0.1343.33)
For documentation on this error, please visit: https://selenium.dev/exceptions/#stale_element_reference
Build info: version: &apos;4.4.0&apos;, revision: &apos;e5c75ed026a&apos;
System info: host: &apos;DESKTOP-DIMGNTL&apos;, ip: &apos;10.53.192.85&apos;, os.name: &apos;Windows 10&apos;, os.arch: &apos;amd64&apos;, os.version: &apos;10.0&apos;, java.version: &apos;18.0.1&apos;
Driver info: org.openqa.selenium.edge.EdgeDriver
Command: [6e5a028db0b81a16a37f80005c371bba, getElementText {id=c9548efd-7600-433a-81f8-ac39a19cc9b8}]
Capabilities {acceptInsecureCerts: false, browserName: msedge, browserVersion: 105.0.1343.33, ms:edgeOptions: {debuggerAddress: localhost:57194}, msedge: {msedgedriverVersion: 104.0.1293.70 (6709c341bd06..., userDataDir: D:\Users\ppai2114\AppData\L...}, networkConnectionEnabled: false, pageLoadStrategy: normal, platformName: WINDOWS, proxy: Proxy(), se:cdp: ws://localhost:57194/devtoo..., se:cdpVersion: 105.0.1343.33, setWindowRect: true, strictFileInteractability: false, timeouts: {implicit: 0, pageLoad: 300000, script: 30000}, unhandledPromptBehavior: dismiss and notify, webauthn:extension:credBlob: true, webauthn:extension:largeBlob: true, webauthn:virtualAuthenticators: true}
Element: [[EdgeDriver: msedge on WINDOWS (6e5a028db0b81a16a37f80005c371bba)] -&gt; css selector: .alert.alert-primary]
Session ID: 6e5a028db0b81a16a37f80005c371bba
	at org.openqa.selenium.remote.codec.w3c.W3CHttpResponseCodec.createException(W3CHttpResponseCodec.java:200)
	at org.openqa.selenium.remote.codec.w3c.W3CHttpResponseCodec.decode(W3CHttpResponseCodec.java:133)
	at org.openqa.selenium.remote.codec.w3c.W3CHttpResponseCodec.decode(W3CHttpResponseCodec.java:53)
	at org.openqa.selenium.remote.HttpCommandExecutor.execute(HttpCommandExecutor.java:184)
	at org.openqa.selenium.remote.service.DriverCommandExecutor.invokeExecute(DriverCommandExecutor.java:167)
	at org.openqa.selenium.remote.service.DriverCommandExecutor.execute(DriverCommandExecutor.java:142)
	at org.openqa.selenium.remote.RemoteWebDriver.execute(RemoteWebDriver.java:547)
	at org.openqa.selenium.remote.RemoteWebElement.execute(RemoteWebElement.java:257)
	at org.openqa.selenium.remote.RemoteWebElement.getText(RemoteWebElement.java:207)
	at org.openqa.selenium.support.pagefactory.internal.LocatingElementHandler.invoke(LocatingElementHandler.java:52)
	at jdk.proxy2/jdk.proxy2.$Proxy38.getText(Unknown Source)
	at com.dsalgo.pages.HomePage.SelectDataStructure(HomePage.java:98)
	at com.dsalgo.tests.DSAlgoHomeSignInTest.ValidateDropdownBeforeSignIn(DSAlgoHomeSignInTest.java:101)
	at java.base/java.util.ArrayList.forEach(ArrayList.java:1511)
	at java.base/java.util.concurrent.FutureTask.run(FutureTask.java:264)
	at java.base/java.util.concurrent.ThreadPoolExecutor.runWorker(ThreadPoolExecutor.java:1136)
	at java.base/java.util.concurrent.ThreadPoolExecutor$Worker.run(ThreadPoolExecutor.java:635)
	at java.base/java.lang.Thread.run(Thread.java:833)
... Removed 20 stack frames</pre></div><a href='#' onClick='toggleBox("stack-trace561551539", this, "Click to show all stack frames", "Click to hide stack frames")'>Click to show all stack frames</a>
<div class='stack-trace' id='stack-trace561551539'><pre>org.openqa.selenium.StaleElementReferenceException: stale element reference: element is not attached to the page document
  (Session info: MicrosoftEdge=105.0.1343.33)
For documentation on this error, please visit: https://selenium.dev/exceptions/#stale_element_reference
Build info: version: &apos;4.4.0&apos;, revision: &apos;e5c75ed026a&apos;
System info: host: &apos;DESKTOP-DIMGNTL&apos;, ip: &apos;10.53.192.85&apos;, os.name: &apos;Windows 10&apos;, os.arch: &apos;amd64&apos;, os.version: &apos;10.0&apos;, java.version: &apos;18.0.1&apos;
Driver info: org.openqa.selenium.edge.EdgeDriver
Command: [6e5a028db0b81a16a37f80005c371bba, getElementText {id=c9548efd-7600-433a-81f8-ac39a19cc9b8}]
Capabilities {acceptInsecureCerts: false, browserName: msedge, browserVersion: 105.0.1343.33, ms:edgeOptions: {debuggerAddress: localhost:57194}, msedge: {msedgedriverVersion: 104.0.1293.70 (6709c341bd06..., userDataDir: D:\Users\ppai2114\AppData\L...}, networkConnectionEnabled: false, pageLoadStrategy: normal, platformName: WINDOWS, proxy: Proxy(), se:cdp: ws://localhost:57194/devtoo..., se:cdpVersion: 105.0.1343.33, setWindowRect: true, strictFileInteractability: false, timeouts: {implicit: 0, pageLoad: 300000, script: 30000}, unhandledPromptBehavior: dismiss and notify, webauthn:extension:credBlob: true, webauthn:extension:largeBlob: true, webauthn:virtualAuthenticators: true}
Element: [[EdgeDriver: msedge on WINDOWS (6e5a028db0b81a16a37f80005c371bba)] -&gt; css selector: .alert.alert-primary]
Session ID: 6e5a028db0b81a16a37f80005c371bba
	at java.base/jdk.internal.reflect.DirectConstructorHandleAccessor.newInstance(DirectConstructorHandleAccessor.java:67)
	at java.base/java.lang.reflect.Constructor.newInstanceWithCaller(Constructor.java:499)
	at java.base/java.lang.reflect.Constructor.newInstance(Constructor.java:483)
	at org.openqa.selenium.remote.codec.w3c.W3CHttpResponseCodec.createException(W3CHttpResponseCodec.java:200)
	at org.openqa.selenium.remote.codec.w3c.W3CHttpResponseCodec.decode(W3CHttpResponseCodec.java:133)
	at org.openqa.selenium.remote.codec.w3c.W3CHttpResponseCodec.decode(W3CHttpResponseCodec.java:53)
	at org.openqa.selenium.remote.HttpCommandExecutor.execute(HttpCommandExecutor.java:184)
	at org.openqa.selenium.remote.service.DriverCommandExecutor.invokeExecute(DriverCommandExecutor.java:167)
	at org.openqa.selenium.remote.service.DriverCommandExecutor.execute(DriverCommandExecutor.java:142)
	at org.openqa.selenium.remote.RemoteWebDriver.execute(RemoteWebDriver.java:547)
	at org.openqa.selenium.remote.RemoteWebElement.execute(RemoteWebElement.java:257)
	at org.openqa.selenium.remote.RemoteWebElement.getText(RemoteWebElement.java:207)
	at java.base/jdk.internal.reflect.DirectMethodHandleAccessor.invoke(DirectMethodHandleAccessor.java:104)
	at java.base/java.lang.reflect.Method.invoke(Method.java:577)
	at org.openqa.selenium.support.pagefactory.internal.LocatingElementHandler.invoke(LocatingElementHandler.java:52)
	at jdk.proxy2/jdk.proxy2.$Proxy38.getText(Unknown Source)
	at com.dsalgo.pages.HomePage.SelectDataStructure(HomePage.java:98)
	at com.dsalgo.tests.DSAlgoHomeSignInTest.ValidateDropdownBeforeSignIn(DSAlgoHomeSignInTest.java:101)
	at java.base/jdk.internal.reflect.DirectMethodHandleAccessor.invoke(DirectMethodHandleAccessor.java:104)
	at java.base/java.lang.reflect.Method.invoke(Method.java:577)
	at org.testng.internal.invokers.MethodInvocationHelper.invokeMethod(MethodInvocationHelper.java:139)
	at org.testng.internal.invokers.TestInvoker.invokeMethod(TestInvoker.java:677)
	at org.testng.internal.invokers.TestInvoker.invokeTestMethod(TestInvoker.java:221)
	at org.testng.internal.invokers.MethodRunner.runInSequence(MethodRunner.java:50)
	at org.testng.internal.invokers.TestInvoker$MethodInvocationAgent.invoke(TestInvoker.java:962)
	at org.testng.internal.invokers.TestInvoker.invokeTestMethods(TestInvoker.java:194)
	at org.testng.internal.invokers.TestMethodWorker.invokeTestMethods(TestMethodWorker.java:148)
	at org.testng.internal.invokers.TestMethodWorker.run(TestMethodWorker.java:128)
	at java.base/java.util.ArrayList.forEach(ArrayList.java:1511)
	at org.testng.TestRunner.privateRun(TestRunner.java:806)
	at org.testng.TestRunner.run(TestRunner.java:601)
	at org.testng.SuiteRunner.runTest(SuiteRunner.java:433)
	at org.testng.SuiteRunner$SuiteWorker.run(SuiteRunner.java:471)
	at org.testng.internal.thread.ThreadUtil.lambda$execute$0(ThreadUtil.java:58)
	at java.base/java.util.concurrent.FutureTask.run(FutureTask.java:264)
	at java.base/java.util.concurrent.ThreadPoolExecutor.runWorker(ThreadPoolExecutor.java:1136)
	at java.base/java.util.concurrent.ThreadPoolExecutor$Worker.run(ThreadPoolExecutor.java:635)
	at java.base/java.lang.Thread.run(Thread.java:833)
</pre></div></td>
<td>0</td>
<td>com.dsalgo.tests.DSAlgoHomeSignInTest@350da119</td></tr>
</table><p>
<table width='100%' border='1' class='invocation-passed'>
<tr><td colspan='4' align='center'><b>PASSED TESTS</b></td></tr>
<tr><td><b>Test method</b></td>
<td><b>Attribute(s)</b></td>
<td width="30%"><b>Exception</b></td>
<td width="10%"><b>Time (seconds)</b></td>
<td><b>Instance</b></td>
</tr>
<tr>
<td title='com.dsalgo.tests.DSAlgoHomeSignInTest.NavigateToHomePage()'><b>NavigateToHomePage</b><br>Test class: com.dsalgo.tests.DSAlgoHomeSignInTest</td>
<td></td>
<td>1</td>
<td>com.dsalgo.tests.DSAlgoHomeSignInTest@350da119</td></tr>
</table><p>
<table width='100%' border='1' class='invocation-skipped'>
<tr><td colspan='4' align='center'><b>SKIPPED TESTS</b></td></tr>
<tr><td><b>Test method</b></td>
<td><b>Attribute(s)</b></td>
<td width="30%"><b>Exception</b></td>
<td width="10%"><b>Time (seconds)</b></td>
<td><b>Instance</b></td>
</tr>
<tr>
<td title='com.dsalgo.tests.DSAlgoStackTest.ValidateScriptExecution()'><b>ValidateScriptExecution</b><br>Test class: com.dsalgo.tests.DSAlgoStackTest</td>
<td><div><pre>java.lang.Throwable: Method com.dsalgo.tests.DSAlgoStackTest.ValidateScriptExecution() on instance com.dsalgo.tests.DSAlgoStackTest@8b13d91 depends on not successfully finished methods 
[com.dsalgo.tests.DSAlgoStackTest.VerifyStackTopicsLinks() on instance com.dsalgo.tests.DSAlgoStackTest@8b13d91]
	at java.base/java.util.ArrayList.forEach(ArrayList.java:1511)
	at java.base/java.util.concurrent.FutureTask.run(FutureTask.java:264)
	at java.base/java.util.concurrent.ThreadPoolExecutor.runWorker(ThreadPoolExecutor.java:1136)
	at java.base/java.util.concurrent.ThreadPoolExecutor$Worker.run(ThreadPoolExecutor.java:635)
	at java.base/java.lang.Thread.run(Thread.java:833)
... Removed 8 stack frames</pre></div><a href='#' onClick='toggleBox("stack-trace1115280123", this, "Click to show all stack frames", "Click to hide stack frames")'>Click to show all stack frames</a>
<div class='stack-trace' id='stack-trace1115280123'><pre>java.lang.Throwable: Method com.dsalgo.tests.DSAlgoStackTest.ValidateScriptExecution() on instance com.dsalgo.tests.DSAlgoStackTest@8b13d91 depends on not successfully finished methods 
[com.dsalgo.tests.DSAlgoStackTest.VerifyStackTopicsLinks() on instance com.dsalgo.tests.DSAlgoStackTest@8b13d91]
	at org.testng.internal.invokers.TestInvoker.invokeTestMethods(TestInvoker.java:150)
	at org.testng.internal.invokers.TestMethodWorker.invokeTestMethods(TestMethodWorker.java:148)
	at org.testng.internal.invokers.TestMethodWorker.run(TestMethodWorker.java:128)
	at java.base/java.util.ArrayList.forEach(ArrayList.java:1511)
	at org.testng.TestRunner.privateRun(TestRunner.java:806)
	at org.testng.TestRunner.run(TestRunner.java:601)
	at org.testng.SuiteRunner.runTest(SuiteRunner.java:433)
	at org.testng.SuiteRunner$SuiteWorker.run(SuiteRunner.java:471)
	at org.testng.internal.thread.ThreadUtil.lambda$execute$0(ThreadUtil.java:58)
	at java.base/java.util.concurrent.FutureTask.run(FutureTask.java:264)
	at java.base/java.util.concurrent.ThreadPoolExecutor.runWorker(ThreadPoolExecutor.java:1136)
	at java.base/java.util.concurrent.ThreadPoolExecutor$Worker.run(ThreadPoolExecutor.java:635)
	at java.base/java.lang.Thread.run(Thread.java:833)
</pre></div></td>
<td>0</td>
<td>com.dsalgo.tests.DSAlgoStackTest@8b13d91</td></tr>
<tr>
<td title='com.dsalgo.tests.DSAlgoTreeTest.ValidateScriptExecution()'><b>ValidateScriptExecution</b><br>Test class: com.dsalgo.tests.DSAlgoTreeTest</td>
<td><div><pre>java.lang.Throwable: Method com.dsalgo.tests.DSAlgoTreeTest.ValidateScriptExecution() on instance com.dsalgo.tests.DSAlgoTreeTest@285a4fe3 depends on not successfully finished methods 
[com.dsalgo.tests.DSAlgoTreeTest.VerifyTreeTopicsLinks() on instance com.dsalgo.tests.DSAlgoTreeTest@285a4fe3]
	at java.base/java.util.ArrayList.forEach(ArrayList.java:1511)
	at java.base/java.util.concurrent.FutureTask.run(FutureTask.java:264)
	at java.base/java.util.concurrent.ThreadPoolExecutor.runWorker(ThreadPoolExecutor.java:1136)
	at java.base/java.util.concurrent.ThreadPoolExecutor$Worker.run(ThreadPoolExecutor.java:635)
	at java.base/java.lang.Thread.run(Thread.java:833)
... Removed 8 stack frames</pre></div><a href='#' onClick='toggleBox("stack-trace2128115386", this, "Click to show all stack frames", "Click to hide stack frames")'>Click to show all stack frames</a>
<div class='stack-trace' id='stack-trace2128115386'><pre>java.lang.Throwable: Method com.dsalgo.tests.DSAlgoTreeTest.ValidateScriptExecution() on instance com.dsalgo.tests.DSAlgoTreeTest@285a4fe3 depends on not successfully finished methods 
[com.dsalgo.tests.DSAlgoTreeTest.VerifyTreeTopicsLinks() on instance com.dsalgo.tests.DSAlgoTreeTest@285a4fe3]
	at org.testng.internal.invokers.TestInvoker.invokeTestMethods(TestInvoker.java:150)
	at org.testng.internal.invokers.TestMethodWorker.invokeTestMethods(TestMethodWorker.java:148)
	at org.testng.internal.invokers.TestMethodWorker.run(TestMethodWorker.java:128)
	at java.base/java.util.ArrayList.forEach(ArrayList.java:1511)
	at org.testng.TestRunner.privateRun(TestRunner.java:806)
	at org.testng.TestRunner.run(TestRunner.java:601)
	at org.testng.SuiteRunner.runTest(SuiteRunner.java:433)
	at org.testng.SuiteRunner$SuiteWorker.run(SuiteRunner.java:471)
	at org.testng.internal.thread.ThreadUtil.lambda$execute$0(ThreadUtil.java:58)
	at java.base/java.util.concurrent.FutureTask.run(FutureTask.java:264)
	at java.base/java.util.concurrent.ThreadPoolExecutor.runWorker(ThreadPoolExecutor.java:1136)
	at java.base/java.util.concurrent.ThreadPoolExecutor$Worker.run(ThreadPoolExecutor.java:635)
	at java.base/java.lang.Thread.run(Thread.java:833)
</pre></div></td>
<td>0</td>
<td>com.dsalgo.tests.DSAlgoTreeTest@285a4fe3</td></tr>
<tr>
<td title='com.dsalgo.tests.DSAlgoQueueTest.VerifyQueuePageTitle()'><b>VerifyQueuePageTitle</b><br>Test class: com.dsalgo.tests.DSAlgoQueueTest</td>
<td><div><pre>java.lang.Throwable: Method DSAlgoQueueTest.VerifyQueuePageTitle()[pri:0, instance:com.dsalgo.tests.DSAlgoQueueTest@50ec4bfc] depends on not successfully finished methods in group &quot;successfullRegistration&quot;
	at java.base/java.util.ArrayList.forEach(ArrayList.java:1511)
	at java.base/java.util.concurrent.FutureTask.run(FutureTask.java:264)
	at java.base/java.util.concurrent.ThreadPoolExecutor.runWorker(ThreadPoolExecutor.java:1136)
	at java.base/java.util.concurrent.ThreadPoolExecutor$Worker.run(ThreadPoolExecutor.java:635)
	at java.base/java.lang.Thread.run(Thread.java:833)
... Removed 8 stack frames</pre></div><a href='#' onClick='toggleBox("stack-trace1708204597", this, "Click to show all stack frames", "Click to hide stack frames")'>Click to show all stack frames</a>
<div class='stack-trace' id='stack-trace1708204597'><pre>java.lang.Throwable: Method DSAlgoQueueTest.VerifyQueuePageTitle()[pri:0, instance:com.dsalgo.tests.DSAlgoQueueTest@50ec4bfc] depends on not successfully finished methods in group &quot;successfullRegistration&quot;
	at org.testng.internal.invokers.TestInvoker.invokeTestMethods(TestInvoker.java:150)
	at org.testng.internal.invokers.TestMethodWorker.invokeTestMethods(TestMethodWorker.java:148)
	at org.testng.internal.invokers.TestMethodWorker.run(TestMethodWorker.java:128)
	at java.base/java.util.ArrayList.forEach(ArrayList.java:1511)
	at org.testng.TestRunner.privateRun(TestRunner.java:806)
	at org.testng.TestRunner.run(TestRunner.java:601)
	at org.testng.SuiteRunner.runTest(SuiteRunner.java:433)
	at org.testng.SuiteRunner$SuiteWorker.run(SuiteRunner.java:471)
	at org.testng.internal.thread.ThreadUtil.lambda$execute$0(ThreadUtil.java:58)
	at java.base/java.util.concurrent.FutureTask.run(FutureTask.java:264)
	at java.base/java.util.concurrent.ThreadPoolExecutor.runWorker(ThreadPoolExecutor.java:1136)
	at java.base/java.util.concurrent.ThreadPoolExecutor$Worker.run(ThreadPoolExecutor.java:635)
	at java.base/java.lang.Thread.run(Thread.java:833)
</pre></div></td>
<td>0</td>
<td>com.dsalgo.tests.DSAlgoQueueTest@50ec4bfc</td></tr>
<tr>
<td title='com.dsalgo.tests.DSAlgoHomeSignInTest.ValidateFailedSignInScenarios()'><b>ValidateFailedSignInScenarios</b><br>Test class: com.dsalgo.tests.DSAlgoHomeSignInTest</td>
<td><div><pre>java.lang.Throwable: Method DSAlgoHomeSignInTest.ValidateFailedSignInScenarios()[pri:0, instance:com.dsalgo.tests.DSAlgoHomeSignInTest@350da119] depends on not successfully finished methods in group &quot;BeforeSignIn&quot;
	at java.base/java.util.ArrayList.forEach(ArrayList.java:1511)
	at java.base/java.util.concurrent.FutureTask.run(FutureTask.java:264)
	at java.base/java.util.concurrent.ThreadPoolExecutor.runWorker(ThreadPoolExecutor.java:1136)
	at java.base/java.util.concurrent.ThreadPoolExecutor$Worker.run(ThreadPoolExecutor.java:635)
	at java.base/java.lang.Thread.run(Thread.java:833)
... Removed 8 stack frames</pre></div><a href='#' onClick='toggleBox("stack-trace899835047", this, "Click to show all stack frames", "Click to hide stack frames")'>Click to show all stack frames</a>
<div class='stack-trace' id='stack-trace899835047'><pre>java.lang.Throwable: Method DSAlgoHomeSignInTest.ValidateFailedSignInScenarios()[pri:0, instance:com.dsalgo.tests.DSAlgoHomeSignInTest@350da119] depends on not successfully finished methods in group &quot;BeforeSignIn&quot;
	at org.testng.internal.invokers.TestInvoker.invokeTestMethods(TestInvoker.java:150)
	at org.testng.internal.invokers.TestMethodWorker.invokeTestMethods(TestMethodWorker.java:148)
	at org.testng.internal.invokers.TestMethodWorker.run(TestMethodWorker.java:128)
	at java.base/java.util.ArrayList.forEach(ArrayList.java:1511)
	at org.testng.TestRunner.privateRun(TestRunner.java:806)
	at org.testng.TestRunner.run(TestRunner.java:601)
	at org.testng.SuiteRunner.runTest(SuiteRunner.java:433)
	at org.testng.SuiteRunner$SuiteWorker.run(SuiteRunner.java:471)
	at org.testng.internal.thread.ThreadUtil.lambda$execute$0(ThreadUtil.java:58)
	at java.base/java.util.concurrent.FutureTask.run(FutureTask.java:264)
	at java.base/java.util.concurrent.ThreadPoolExecutor.runWorker(ThreadPoolExecutor.java:1136)
	at java.base/java.util.concurrent.ThreadPoolExecutor$Worker.run(ThreadPoolExecutor.java:635)
	at java.base/java.lang.Thread.run(Thread.java:833)
</pre></div></td>
<td>0</td>
<td>com.dsalgo.tests.DSAlgoHomeSignInTest@350da119</td></tr>
<tr>
<td title='com.dsalgo.tests.DSAlgoGraphTest.ValidateScriptExecution()'><b>ValidateScriptExecution</b><br>Test class: com.dsalgo.tests.DSAlgoGraphTest</td>
<td><div><pre>java.lang.Throwable: Method com.dsalgo.tests.DSAlgoGraphTest.ValidateScriptExecution() on instance com.dsalgo.tests.DSAlgoGraphTest@6380e9e9 depends on not successfully finished methods 
[com.dsalgo.tests.DSAlgoGraphTest.VerifyGraphTopicsLinks() on instance com.dsalgo.tests.DSAlgoGraphTest@6380e9e9]
	at java.base/java.util.ArrayList.forEach(ArrayList.java:1511)
	at java.base/java.util.concurrent.FutureTask.run(FutureTask.java:264)
	at java.base/java.util.concurrent.ThreadPoolExecutor.runWorker(ThreadPoolExecutor.java:1136)
	at java.base/java.util.concurrent.ThreadPoolExecutor$Worker.run(ThreadPoolExecutor.java:635)
	at java.base/java.lang.Thread.run(Thread.java:833)
... Removed 8 stack frames</pre></div><a href='#' onClick='toggleBox("stack-trace967010696", this, "Click to show all stack frames", "Click to hide stack frames")'>Click to show all stack frames</a>
<div class='stack-trace' id='stack-trace967010696'><pre>java.lang.Throwable: Method com.dsalgo.tests.DSAlgoGraphTest.ValidateScriptExecution() on instance com.dsalgo.tests.DSAlgoGraphTest@6380e9e9 depends on not successfully finished methods 
[com.dsalgo.tests.DSAlgoGraphTest.VerifyGraphTopicsLinks() on instance com.dsalgo.tests.DSAlgoGraphTest@6380e9e9]
	at org.testng.internal.invokers.TestInvoker.invokeTestMethods(TestInvoker.java:150)
	at org.testng.internal.invokers.TestMethodWorker.invokeTestMethods(TestMethodWorker.java:148)
	at org.testng.internal.invokers.TestMethodWorker.run(TestMethodWorker.java:128)
	at java.base/java.util.ArrayList.forEach(ArrayList.java:1511)
	at org.testng.TestRunner.privateRun(TestRunner.java:806)
	at org.testng.TestRunner.run(TestRunner.java:601)
	at org.testng.SuiteRunner.runTest(SuiteRunner.java:433)
	at org.testng.SuiteRunner$SuiteWorker.run(SuiteRunner.java:471)
	at org.testng.internal.thread.ThreadUtil.lambda$execute$0(ThreadUtil.java:58)
	at java.base/java.util.concurrent.FutureTask.run(FutureTask.java:264)
	at java.base/java.util.concurrent.ThreadPoolExecutor.runWorker(ThreadPoolExecutor.java:1136)
	at java.base/java.util.concurrent.ThreadPoolExecutor$Worker.run(ThreadPoolExecutor.java:635)
	at java.base/java.lang.Thread.run(Thread.java:833)
</pre></div></td>
<td>0</td>
<td>com.dsalgo.tests.DSAlgoGraphTest@6380e9e9</td></tr>
<tr>
<td title='com.dsalgo.tests.DSAlgoTreeTest.VerifyTreePageTitle()'><b>VerifyTreePageTitle</b><br>Test class: com.dsalgo.tests.DSAlgoTreeTest</td>
<td><div><pre>java.lang.Throwable: Method DSAlgoTreeTest.VerifyTreePageTitle()[pri:0, instance:com.dsalgo.tests.DSAlgoTreeTest@285a4fe3] depends on not successfully finished methods in group &quot;successfullRegistration&quot;
	at java.base/java.util.ArrayList.forEach(ArrayList.java:1511)
	at java.base/java.util.concurrent.FutureTask.run(FutureTask.java:264)
	at java.base/java.util.concurrent.ThreadPoolExecutor.runWorker(ThreadPoolExecutor.java:1136)
	at java.base/java.util.concurrent.ThreadPoolExecutor$Worker.run(ThreadPoolExecutor.java:635)
	at java.base/java.lang.Thread.run(Thread.java:833)
... Removed 8 stack frames</pre></div><a href='#' onClick='toggleBox("stack-trace772586592", this, "Click to show all stack frames", "Click to hide stack frames")'>Click to show all stack frames</a>
<div class='stack-trace' id='stack-trace772586592'><pre>java.lang.Throwable: Method DSAlgoTreeTest.VerifyTreePageTitle()[pri:0, instance:com.dsalgo.tests.DSAlgoTreeTest@285a4fe3] depends on not successfully finished methods in group &quot;successfullRegistration&quot;
	at org.testng.internal.invokers.TestInvoker.invokeTestMethods(TestInvoker.java:150)
	at org.testng.internal.invokers.TestMethodWorker.invokeTestMethods(TestMethodWorker.java:148)
	at org.testng.internal.invokers.TestMethodWorker.run(TestMethodWorker.java:128)
	at java.base/java.util.ArrayList.forEach(ArrayList.java:1511)
	at org.testng.TestRunner.privateRun(TestRunner.java:806)
	at org.testng.TestRunner.run(TestRunner.java:601)
	at org.testng.SuiteRunner.runTest(SuiteRunner.java:433)
	at org.testng.SuiteRunner$SuiteWorker.run(SuiteRunner.java:471)
	at org.testng.internal.thread.ThreadUtil.lambda$execute$0(ThreadUtil.java:58)
	at java.base/java.util.concurrent.FutureTask.run(FutureTask.java:264)
	at java.base/java.util.concurrent.ThreadPoolExecutor.runWorker(ThreadPoolExecutor.java:1136)
	at java.base/java.util.concurrent.ThreadPoolExecutor$Worker.run(ThreadPoolExecutor.java:635)
	at java.base/java.lang.Thread.run(Thread.java:833)
</pre></div></td>
<td>0</td>
<td>com.dsalgo.tests.DSAlgoTreeTest@285a4fe3</td></tr>
<tr>
<td title='com.dsalgo.tests.DSAlgoQueueTest.ValidateScriptExecution()'><b>ValidateScriptExecution</b><br>Test class: com.dsalgo.tests.DSAlgoQueueTest</td>
<td><div><pre>java.lang.Throwable: Method com.dsalgo.tests.DSAlgoQueueTest.ValidateScriptExecution() on instance com.dsalgo.tests.DSAlgoQueueTest@50ec4bfc depends on not successfully finished methods 
[com.dsalgo.tests.DSAlgoQueueTest.VerifyQueueTopicsLinks() on instance com.dsalgo.tests.DSAlgoQueueTest@50ec4bfc]
	at java.base/java.util.ArrayList.forEach(ArrayList.java:1511)
	at java.base/java.util.concurrent.FutureTask.run(FutureTask.java:264)
	at java.base/java.util.concurrent.ThreadPoolExecutor.runWorker(ThreadPoolExecutor.java:1136)
	at java.base/java.util.concurrent.ThreadPoolExecutor$Worker.run(ThreadPoolExecutor.java:635)
	at java.base/java.lang.Thread.run(Thread.java:833)
... Removed 8 stack frames</pre></div><a href='#' onClick='toggleBox("stack-trace993468826", this, "Click to show all stack frames", "Click to hide stack frames")'>Click to show all stack frames</a>
<div class='stack-trace' id='stack-trace993468826'><pre>java.lang.Throwable: Method com.dsalgo.tests.DSAlgoQueueTest.ValidateScriptExecution() on instance com.dsalgo.tests.DSAlgoQueueTest@50ec4bfc depends on not successfully finished methods 
[com.dsalgo.tests.DSAlgoQueueTest.VerifyQueueTopicsLinks() on instance com.dsalgo.tests.DSAlgoQueueTest@50ec4bfc]
	at org.testng.internal.invokers.TestInvoker.invokeTestMethods(TestInvoker.java:150)
	at org.testng.internal.invokers.TestMethodWorker.invokeTestMethods(TestMethodWorker.java:148)
	at org.testng.internal.invokers.TestMethodWorker.run(TestMethodWorker.java:128)
	at java.base/java.util.ArrayList.forEach(ArrayList.java:1511)
	at org.testng.TestRunner.privateRun(TestRunner.java:806)
	at org.testng.TestRunner.run(TestRunner.java:601)
	at org.testng.SuiteRunner.runTest(SuiteRunner.java:433)
	at org.testng.SuiteRunner$SuiteWorker.run(SuiteRunner.java:471)
	at org.testng.internal.thread.ThreadUtil.lambda$execute$0(ThreadUtil.java:58)
	at java.base/java.util.concurrent.FutureTask.run(FutureTask.java:264)
	at java.base/java.util.concurrent.ThreadPoolExecutor.runWorker(ThreadPoolExecutor.java:1136)
	at java.base/java.util.concurrent.ThreadPoolExecutor$Worker.run(ThreadPoolExecutor.java:635)
	at java.base/java.lang.Thread.run(Thread.java:833)
</pre></div></td>
<td>0</td>
<td>com.dsalgo.tests.DSAlgoQueueTest@50ec4bfc</td></tr>
<tr>
<td title='com.dsalgo.tests.DSAlgoIntroTest.ValidateScriptExecution()'><b>ValidateScriptExecution</b><br>Test class: com.dsalgo.tests.DSAlgoIntroTest</td>
<td><div><pre>java.lang.Throwable: Method com.dsalgo.tests.DSAlgoIntroTest.ValidateScriptExecution() on instance com.dsalgo.tests.DSAlgoIntroTest@6a09484c depends on not successfully finished methods 
[com.dsalgo.tests.DSAlgoIntroTest.VerifyIntroTopicsLinks() on instance com.dsalgo.tests.DSAlgoIntroTest@6a09484c]
	at java.base/java.util.ArrayList.forEach(ArrayList.java:1511)
	at java.base/java.util.concurrent.FutureTask.run(FutureTask.java:264)
	at java.base/java.util.concurrent.ThreadPoolExecutor.runWorker(ThreadPoolExecutor.java:1136)
	at java.base/java.util.concurrent.ThreadPoolExecutor$Worker.run(ThreadPoolExecutor.java:635)
	at java.base/java.lang.Thread.run(Thread.java:833)
... Removed 8 stack frames</pre></div><a href='#' onClick='toggleBox("stack-trace926412327", this, "Click to show all stack frames", "Click to hide stack frames")'>Click to show all stack frames</a>
<div class='stack-trace' id='stack-trace926412327'><pre>java.lang.Throwable: Method com.dsalgo.tests.DSAlgoIntroTest.ValidateScriptExecution() on instance com.dsalgo.tests.DSAlgoIntroTest@6a09484c depends on not successfully finished methods 
[com.dsalgo.tests.DSAlgoIntroTest.VerifyIntroTopicsLinks() on instance com.dsalgo.tests.DSAlgoIntroTest@6a09484c]
	at org.testng.internal.invokers.TestInvoker.invokeTestMethods(TestInvoker.java:150)
	at org.testng.internal.invokers.TestMethodWorker.invokeTestMethods(TestMethodWorker.java:148)
	at org.testng.internal.invokers.TestMethodWorker.run(TestMethodWorker.java:128)
	at java.base/java.util.ArrayList.forEach(ArrayList.java:1511)
	at org.testng.TestRunner.privateRun(TestRunner.java:806)
	at org.testng.TestRunner.run(TestRunner.java:601)
	at org.testng.SuiteRunner.runTest(SuiteRunner.java:433)
	at org.testng.SuiteRunner$SuiteWorker.run(SuiteRunner.java:471)
	at org.testng.internal.thread.ThreadUtil.lambda$execute$0(ThreadUtil.java:58)
	at java.base/java.util.concurrent.FutureTask.run(FutureTask.java:264)
	at java.base/java.util.concurrent.ThreadPoolExecutor.runWorker(ThreadPoolExecutor.java:1136)
	at java.base/java.util.concurrent.ThreadPoolExecutor$Worker.run(ThreadPoolExecutor.java:635)
	at java.base/java.lang.Thread.run(Thread.java:833)
</pre></div></td>
<td>0</td>
<td>com.dsalgo.tests.DSAlgoIntroTest@6a09484c</td></tr>
<tr>
<td title='com.dsalgo.tests.DSAlgoStackTest.VerifyStackPageTitle()'><b>VerifyStackPageTitle</b><br>Test class: com.dsalgo.tests.DSAlgoStackTest</td>
<td><div><pre>java.lang.Throwable: Method DSAlgoStackTest.VerifyStackPageTitle()[pri:0, instance:com.dsalgo.tests.DSAlgoStackTest@8b13d91] depends on not successfully finished methods in group &quot;successfullRegistration&quot;
	at java.base/java.util.ArrayList.forEach(ArrayList.java:1511)
	at java.base/java.util.concurrent.FutureTask.run(FutureTask.java:264)
	at java.base/java.util.concurrent.ThreadPoolExecutor.runWorker(ThreadPoolExecutor.java:1136)
	at java.base/java.util.concurrent.ThreadPoolExecutor$Worker.run(ThreadPoolExecutor.java:635)
	at java.base/java.lang.Thread.run(Thread.java:833)
... Removed 8 stack frames</pre></div><a href='#' onClick='toggleBox("stack-trace169946672", this, "Click to show all stack frames", "Click to hide stack frames")'>Click to show all stack frames</a>
<div class='stack-trace' id='stack-trace169946672'><pre>java.lang.Throwable: Method DSAlgoStackTest.VerifyStackPageTitle()[pri:0, instance:com.dsalgo.tests.DSAlgoStackTest@8b13d91] depends on not successfully finished methods in group &quot;successfullRegistration&quot;
	at org.testng.internal.invokers.TestInvoker.invokeTestMethods(TestInvoker.java:150)
	at org.testng.internal.invokers.TestMethodWorker.invokeTestMethods(TestMethodWorker.java:148)
	at org.testng.internal.invokers.TestMethodWorker.run(TestMethodWorker.java:128)
	at java.base/java.util.ArrayList.forEach(ArrayList.java:1511)
	at org.testng.TestRunner.privateRun(TestRunner.java:806)
	at org.testng.TestRunner.run(TestRunner.java:601)
	at org.testng.SuiteRunner.runTest(SuiteRunner.java:433)
	at org.testng.SuiteRunner$SuiteWorker.run(SuiteRunner.java:471)
	at org.testng.internal.thread.ThreadUtil.lambda$execute$0(ThreadUtil.java:58)
	at java.base/java.util.concurrent.FutureTask.run(FutureTask.java:264)
	at java.base/java.util.concurrent.ThreadPoolExecutor.runWorker(ThreadPoolExecutor.java:1136)
	at java.base/java.util.concurrent.ThreadPoolExecutor$Worker.run(ThreadPoolExecutor.java:635)
	at java.base/java.lang.Thread.run(Thread.java:833)
</pre></div></td>
<td>0</td>
<td>com.dsalgo.tests.DSAlgoStackTest@8b13d91</td></tr>
<tr>
<td title='com.dsalgo.tests.DSAlgoTreeTest.VerifyTreeTopicsLinks()'><b>VerifyTreeTopicsLinks</b><br>Test class: com.dsalgo.tests.DSAlgoTreeTest</td>
<td><div><pre>java.lang.Throwable: Method com.dsalgo.tests.DSAlgoTreeTest.VerifyTreeTopicsLinks() on instance com.dsalgo.tests.DSAlgoTreeTest@285a4fe3 depends on not successfully finished methods 
[com.dsalgo.tests.DSAlgoTreeTest.VerifyTreePageTitle() on instance com.dsalgo.tests.DSAlgoTreeTest@285a4fe3]
	at java.base/java.util.ArrayList.forEach(ArrayList.java:1511)
	at java.base/java.util.concurrent.FutureTask.run(FutureTask.java:264)
	at java.base/java.util.concurrent.ThreadPoolExecutor.runWorker(ThreadPoolExecutor.java:1136)
	at java.base/java.util.concurrent.ThreadPoolExecutor$Worker.run(ThreadPoolExecutor.java:635)
	at java.base/java.lang.Thread.run(Thread.java:833)
... Removed 8 stack frames</pre></div><a href='#' onClick='toggleBox("stack-trace876619826", this, "Click to show all stack frames", "Click to hide stack frames")'>Click to show all stack frames</a>
<div class='stack-trace' id='stack-trace876619826'><pre>java.lang.Throwable: Method com.dsalgo.tests.DSAlgoTreeTest.VerifyTreeTopicsLinks() on instance com.dsalgo.tests.DSAlgoTreeTest@285a4fe3 depends on not successfully finished methods 
[com.dsalgo.tests.DSAlgoTreeTest.VerifyTreePageTitle() on instance com.dsalgo.tests.DSAlgoTreeTest@285a4fe3]
	at org.testng.internal.invokers.TestInvoker.invokeTestMethods(TestInvoker.java:150)
	at org.testng.internal.invokers.TestMethodWorker.invokeTestMethods(TestMethodWorker.java:148)
	at org.testng.internal.invokers.TestMethodWorker.run(TestMethodWorker.java:128)
	at java.base/java.util.ArrayList.forEach(ArrayList.java:1511)
	at org.testng.TestRunner.privateRun(TestRunner.java:806)
	at org.testng.TestRunner.run(TestRunner.java:601)
	at org.testng.SuiteRunner.runTest(SuiteRunner.java:433)
	at org.testng.SuiteRunner$SuiteWorker.run(SuiteRunner.java:471)
	at org.testng.internal.thread.ThreadUtil.lambda$execute$0(ThreadUtil.java:58)
	at java.base/java.util.concurrent.FutureTask.run(FutureTask.java:264)
	at java.base/java.util.concurrent.ThreadPoolExecutor.runWorker(ThreadPoolExecutor.java:1136)
	at java.base/java.util.concurrent.ThreadPoolExecutor$Worker.run(ThreadPoolExecutor.java:635)
	at java.base/java.lang.Thread.run(Thread.java:833)
</pre></div></td>
<td>0</td>
<td>com.dsalgo.tests.DSAlgoTreeTest@285a4fe3</td></tr>
<tr>
<td title='com.dsalgo.tests.DSAlgoLinkedListTest.VerifyLinkedListTopicsLinks()'><b>VerifyLinkedListTopicsLinks</b><br>Test class: com.dsalgo.tests.DSAlgoLinkedListTest</td>
<td><div><pre>java.lang.Throwable: Method com.dsalgo.tests.DSAlgoLinkedListTest.VerifyLinkedListTopicsLinks() on instance com.dsalgo.tests.DSAlgoLinkedListTest@34c7232c depends on not successfully finished methods 
[com.dsalgo.tests.DSAlgoLinkedListTest.VerifyLinkedListPageTitle() on instance com.dsalgo.tests.DSAlgoLinkedListTest@34c7232c]
	at java.base/java.util.ArrayList.forEach(ArrayList.java:1511)
	at java.base/java.util.concurrent.FutureTask.run(FutureTask.java:264)
	at java.base/java.util.concurrent.ThreadPoolExecutor.runWorker(ThreadPoolExecutor.java:1136)
	at java.base/java.util.concurrent.ThreadPoolExecutor$Worker.run(ThreadPoolExecutor.java:635)
	at java.base/java.lang.Thread.run(Thread.java:833)
... Removed 8 stack frames</pre></div><a href='#' onClick='toggleBox("stack-trace614224783", this, "Click to show all stack frames", "Click to hide stack frames")'>Click to show all stack frames</a>
<div class='stack-trace' id='stack-trace614224783'><pre>java.lang.Throwable: Method com.dsalgo.tests.DSAlgoLinkedListTest.VerifyLinkedListTopicsLinks() on instance com.dsalgo.tests.DSAlgoLinkedListTest@34c7232c depends on not successfully finished methods 
[com.dsalgo.tests.DSAlgoLinkedListTest.VerifyLinkedListPageTitle() on instance com.dsalgo.tests.DSAlgoLinkedListTest@34c7232c]
	at org.testng.internal.invokers.TestInvoker.invokeTestMethods(TestInvoker.java:150)
	at org.testng.internal.invokers.TestMethodWorker.invokeTestMethods(TestMethodWorker.java:148)
	at org.testng.internal.invokers.TestMethodWorker.run(TestMethodWorker.java:128)
	at java.base/java.util.ArrayList.forEach(ArrayList.java:1511)
	at org.testng.TestRunner.privateRun(TestRunner.java:806)
	at org.testng.TestRunner.run(TestRunner.java:601)
	at org.testng.SuiteRunner.runTest(SuiteRunner.java:433)
	at org.testng.SuiteRunner$SuiteWorker.run(SuiteRunner.java:471)
	at org.testng.internal.thread.ThreadUtil.lambda$execute$0(ThreadUtil.java:58)
	at java.base/java.util.concurrent.FutureTask.run(FutureTask.java:264)
	at java.base/java.util.concurrent.ThreadPoolExecutor.runWorker(ThreadPoolExecutor.java:1136)
	at java.base/java.util.concurrent.ThreadPoolExecutor$Worker.run(ThreadPoolExecutor.java:635)
	at java.base/java.lang.Thread.run(Thread.java:833)
</pre></div></td>
<td>0</td>
<td>com.dsalgo.tests.DSAlgoLinkedListTest@34c7232c</td></tr>
<tr>
<td title='com.dsalgo.tests.DSAlgoArrayTest.VerifyArrayTopicsLinks()'><b>VerifyArrayTopicsLinks</b><br>Test class: com.dsalgo.tests.DSAlgoArrayTest</td>
<td><div><pre>java.lang.Throwable: Method com.dsalgo.tests.DSAlgoArrayTest.VerifyArrayTopicsLinks() on instance com.dsalgo.tests.DSAlgoArrayTest@4ce25e47 depends on not successfully finished methods 
[com.dsalgo.tests.DSAlgoArrayTest.VerifyArrayPageTitle() on instance com.dsalgo.tests.DSAlgoArrayTest@4ce25e47]
	at java.base/java.util.ArrayList.forEach(ArrayList.java:1511)
	at java.base/java.util.concurrent.FutureTask.run(FutureTask.java:264)
	at java.base/java.util.concurrent.ThreadPoolExecutor.runWorker(ThreadPoolExecutor.java:1136)
	at java.base/java.util.concurrent.ThreadPoolExecutor$Worker.run(ThreadPoolExecutor.java:635)
	at java.base/java.lang.Thread.run(Thread.java:833)
... Removed 8 stack frames</pre></div><a href='#' onClick='toggleBox("stack-trace591072450", this, "Click to show all stack frames", "Click to hide stack frames")'>Click to show all stack frames</a>
<div class='stack-trace' id='stack-trace591072450'><pre>java.lang.Throwable: Method com.dsalgo.tests.DSAlgoArrayTest.VerifyArrayTopicsLinks() on instance com.dsalgo.tests.DSAlgoArrayTest@4ce25e47 depends on not successfully finished methods 
[com.dsalgo.tests.DSAlgoArrayTest.VerifyArrayPageTitle() on instance com.dsalgo.tests.DSAlgoArrayTest@4ce25e47]
	at org.testng.internal.invokers.TestInvoker.invokeTestMethods(TestInvoker.java:150)
	at org.testng.internal.invokers.TestMethodWorker.invokeTestMethods(TestMethodWorker.java:148)
	at org.testng.internal.invokers.TestMethodWorker.run(TestMethodWorker.java:128)
	at java.base/java.util.ArrayList.forEach(ArrayList.java:1511)
	at org.testng.TestRunner.privateRun(TestRunner.java:806)
	at org.testng.TestRunner.run(TestRunner.java:601)
	at org.testng.SuiteRunner.runTest(SuiteRunner.java:433)
	at org.testng.SuiteRunner$SuiteWorker.run(SuiteRunner.java:471)
	at org.testng.internal.thread.ThreadUtil.lambda$execute$0(ThreadUtil.java:58)
	at java.base/java.util.concurrent.FutureTask.run(FutureTask.java:264)
	at java.base/java.util.concurrent.ThreadPoolExecutor.runWorker(ThreadPoolExecutor.java:1136)
	at java.base/java.util.concurrent.ThreadPoolExecutor$Worker.run(ThreadPoolExecutor.java:635)
	at java.base/java.lang.Thread.run(Thread.java:833)
</pre></div></td>
<td>0</td>
<td>com.dsalgo.tests.DSAlgoArrayTest@4ce25e47</td></tr>
<tr>
<td title='com.dsalgo.tests.DSAlgoArrayTest.ValidateScriptExecution()'><b>ValidateScriptExecution</b><br>Test class: com.dsalgo.tests.DSAlgoArrayTest</td>
<td><div><pre>java.lang.Throwable: Method com.dsalgo.tests.DSAlgoArrayTest.ValidateScriptExecution() on instance com.dsalgo.tests.DSAlgoArrayTest@4ce25e47 depends on not successfully finished methods 
[com.dsalgo.tests.DSAlgoArrayTest.VerifyArrayTopicsLinks() on instance com.dsalgo.tests.DSAlgoArrayTest@4ce25e47]
	at java.base/java.util.ArrayList.forEach(ArrayList.java:1511)
	at java.base/java.util.concurrent.FutureTask.run(FutureTask.java:264)
	at java.base/java.util.concurrent.ThreadPoolExecutor.runWorker(ThreadPoolExecutor.java:1136)
	at java.base/java.util.concurrent.ThreadPoolExecutor$Worker.run(ThreadPoolExecutor.java:635)
	at java.base/java.lang.Thread.run(Thread.java:833)
... Removed 8 stack frames</pre></div><a href='#' onClick='toggleBox("stack-trace126378321", this, "Click to show all stack frames", "Click to hide stack frames")'>Click to show all stack frames</a>
<div class='stack-trace' id='stack-trace126378321'><pre>java.lang.Throwable: Method com.dsalgo.tests.DSAlgoArrayTest.ValidateScriptExecution() on instance com.dsalgo.tests.DSAlgoArrayTest@4ce25e47 depends on not successfully finished methods 
[com.dsalgo.tests.DSAlgoArrayTest.VerifyArrayTopicsLinks() on instance com.dsalgo.tests.DSAlgoArrayTest@4ce25e47]
	at org.testng.internal.invokers.TestInvoker.invokeTestMethods(TestInvoker.java:150)
	at org.testng.internal.invokers.TestMethodWorker.invokeTestMethods(TestMethodWorker.java:148)
	at org.testng.internal.invokers.TestMethodWorker.run(TestMethodWorker.java:128)
	at java.base/java.util.ArrayList.forEach(ArrayList.java:1511)
	at org.testng.TestRunner.privateRun(TestRunner.java:806)
	at org.testng.TestRunner.run(TestRunner.java:601)
	at org.testng.SuiteRunner.runTest(SuiteRunner.java:433)
	at org.testng.SuiteRunner$SuiteWorker.run(SuiteRunner.java:471)
	at org.testng.internal.thread.ThreadUtil.lambda$execute$0(ThreadUtil.java:58)
	at java.base/java.util.concurrent.FutureTask.run(FutureTask.java:264)
	at java.base/java.util.concurrent.ThreadPoolExecutor.runWorker(ThreadPoolExecutor.java:1136)
	at java.base/java.util.concurrent.ThreadPoolExecutor$Worker.run(ThreadPoolExecutor.java:635)
	at java.base/java.lang.Thread.run(Thread.java:833)
</pre></div></td>
<td>0</td>
<td>com.dsalgo.tests.DSAlgoArrayTest@4ce25e47</td></tr>
<tr>
<td title='com.dsalgo.tests.DSAlgoIntroTest.VerifyIntroPageTitle()'><b>VerifyIntroPageTitle</b><br>Test class: com.dsalgo.tests.DSAlgoIntroTest</td>
<td><div><pre>java.lang.Throwable: Method DSAlgoIntroTest.VerifyIntroPageTitle()[pri:0, instance:com.dsalgo.tests.DSAlgoIntroTest@6a09484c] depends on not successfully finished methods in group &quot;successfullRegistration&quot;
	at java.base/java.util.ArrayList.forEach(ArrayList.java:1511)
	at java.base/java.util.concurrent.FutureTask.run(FutureTask.java:264)
	at java.base/java.util.concurrent.ThreadPoolExecutor.runWorker(ThreadPoolExecutor.java:1136)
	at java.base/java.util.concurrent.ThreadPoolExecutor$Worker.run(ThreadPoolExecutor.java:635)
	at java.base/java.lang.Thread.run(Thread.java:833)
... Removed 8 stack frames</pre></div><a href='#' onClick='toggleBox("stack-trace770281520", this, "Click to show all stack frames", "Click to hide stack frames")'>Click to show all stack frames</a>
<div class='stack-trace' id='stack-trace770281520'><pre>java.lang.Throwable: Method DSAlgoIntroTest.VerifyIntroPageTitle()[pri:0, instance:com.dsalgo.tests.DSAlgoIntroTest@6a09484c] depends on not successfully finished methods in group &quot;successfullRegistration&quot;
	at org.testng.internal.invokers.TestInvoker.invokeTestMethods(TestInvoker.java:150)
	at org.testng.internal.invokers.TestMethodWorker.invokeTestMethods(TestMethodWorker.java:148)
	at org.testng.internal.invokers.TestMethodWorker.run(TestMethodWorker.java:128)
	at java.base/java.util.ArrayList.forEach(ArrayList.java:1511)
	at org.testng.TestRunner.privateRun(TestRunner.java:806)
	at org.testng.TestRunner.run(TestRunner.java:601)
	at org.testng.SuiteRunner.runTest(SuiteRunner.java:433)
	at org.testng.SuiteRunner$SuiteWorker.run(SuiteRunner.java:471)
	at org.testng.internal.thread.ThreadUtil.lambda$execute$0(ThreadUtil.java:58)
	at java.base/java.util.concurrent.FutureTask.run(FutureTask.java:264)
	at java.base/java.util.concurrent.ThreadPoolExecutor.runWorker(ThreadPoolExecutor.java:1136)
	at java.base/java.util.concurrent.ThreadPoolExecutor$Worker.run(ThreadPoolExecutor.java:635)
	at java.base/java.lang.Thread.run(Thread.java:833)
</pre></div></td>
<td>0</td>
<td>com.dsalgo.tests.DSAlgoIntroTest@6a09484c</td></tr>
<tr>
<td title='com.dsalgo.tests.DSAlgoIntroTest.VerifyIntroTopicsLinks()'><b>VerifyIntroTopicsLinks</b><br>Test class: com.dsalgo.tests.DSAlgoIntroTest</td>
<td><div><pre>java.lang.Throwable: Method com.dsalgo.tests.DSAlgoIntroTest.VerifyIntroTopicsLinks() on instance com.dsalgo.tests.DSAlgoIntroTest@6a09484c depends on not successfully finished methods 
[com.dsalgo.tests.DSAlgoIntroTest.VerifyIntroPageTitle() on instance com.dsalgo.tests.DSAlgoIntroTest@6a09484c]
	at java.base/java.util.ArrayList.forEach(ArrayList.java:1511)
	at java.base/java.util.concurrent.FutureTask.run(FutureTask.java:264)
	at java.base/java.util.concurrent.ThreadPoolExecutor.runWorker(ThreadPoolExecutor.java:1136)
	at java.base/java.util.concurrent.ThreadPoolExecutor$Worker.run(ThreadPoolExecutor.java:635)
	at java.base/java.lang.Thread.run(Thread.java:833)
... Removed 8 stack frames</pre></div><a href='#' onClick='toggleBox("stack-trace981242821", this, "Click to show all stack frames", "Click to hide stack frames")'>Click to show all stack frames</a>
<div class='stack-trace' id='stack-trace981242821'><pre>java.lang.Throwable: Method com.dsalgo.tests.DSAlgoIntroTest.VerifyIntroTopicsLinks() on instance com.dsalgo.tests.DSAlgoIntroTest@6a09484c depends on not successfully finished methods 
[com.dsalgo.tests.DSAlgoIntroTest.VerifyIntroPageTitle() on instance com.dsalgo.tests.DSAlgoIntroTest@6a09484c]
	at org.testng.internal.invokers.TestInvoker.invokeTestMethods(TestInvoker.java:150)
	at org.testng.internal.invokers.TestMethodWorker.invokeTestMethods(TestMethodWorker.java:148)
	at org.testng.internal.invokers.TestMethodWorker.run(TestMethodWorker.java:128)
	at java.base/java.util.ArrayList.forEach(ArrayList.java:1511)
	at org.testng.TestRunner.privateRun(TestRunner.java:806)
	at org.testng.TestRunner.run(TestRunner.java:601)
	at org.testng.SuiteRunner.runTest(SuiteRunner.java:433)
	at org.testng.SuiteRunner$SuiteWorker.run(SuiteRunner.java:471)
	at org.testng.internal.thread.ThreadUtil.lambda$execute$0(ThreadUtil.java:58)
	at java.base/java.util.concurrent.FutureTask.run(FutureTask.java:264)
	at java.base/java.util.concurrent.ThreadPoolExecutor.runWorker(ThreadPoolExecutor.java:1136)
	at java.base/java.util.concurrent.ThreadPoolExecutor$Worker.run(ThreadPoolExecutor.java:635)
	at java.base/java.lang.Thread.run(Thread.java:833)
</pre></div></td>
<td>0</td>
<td>com.dsalgo.tests.DSAlgoIntroTest@6a09484c</td></tr>
<tr>
<td title='com.dsalgo.tests.DSAlgoLinkedListTest.ValidateScriptExecution()'><b>ValidateScriptExecution</b><br>Test class: com.dsalgo.tests.DSAlgoLinkedListTest</td>
<td><div><pre>java.lang.Throwable: Method com.dsalgo.tests.DSAlgoLinkedListTest.ValidateScriptExecution() on instance com.dsalgo.tests.DSAlgoLinkedListTest@34c7232c depends on not successfully finished methods 
[com.dsalgo.tests.DSAlgoLinkedListTest.VerifyLinkedListTopicsLinks() on instance com.dsalgo.tests.DSAlgoLinkedListTest@34c7232c]
	at java.base/java.util.ArrayList.forEach(ArrayList.java:1511)
	at java.base/java.util.concurrent.FutureTask.run(FutureTask.java:264)
	at java.base/java.util.concurrent.ThreadPoolExecutor.runWorker(ThreadPoolExecutor.java:1136)
	at java.base/java.util.concurrent.ThreadPoolExecutor$Worker.run(ThreadPoolExecutor.java:635)
	at java.base/java.lang.Thread.run(Thread.java:833)
... Removed 8 stack frames</pre></div><a href='#' onClick='toggleBox("stack-trace1389182100", this, "Click to show all stack frames", "Click to hide stack frames")'>Click to show all stack frames</a>
<div class='stack-trace' id='stack-trace1389182100'><pre>java.lang.Throwable: Method com.dsalgo.tests.DSAlgoLinkedListTest.ValidateScriptExecution() on instance com.dsalgo.tests.DSAlgoLinkedListTest@34c7232c depends on not successfully finished methods 
[com.dsalgo.tests.DSAlgoLinkedListTest.VerifyLinkedListTopicsLinks() on instance com.dsalgo.tests.DSAlgoLinkedListTest@34c7232c]
	at org.testng.internal.invokers.TestInvoker.invokeTestMethods(TestInvoker.java:150)
	at org.testng.internal.invokers.TestMethodWorker.invokeTestMethods(TestMethodWorker.java:148)
	at org.testng.internal.invokers.TestMethodWorker.run(TestMethodWorker.java:128)
	at java.base/java.util.ArrayList.forEach(ArrayList.java:1511)
	at org.testng.TestRunner.privateRun(TestRunner.java:806)
	at org.testng.TestRunner.run(TestRunner.java:601)
	at org.testng.SuiteRunner.runTest(SuiteRunner.java:433)
	at org.testng.SuiteRunner$SuiteWorker.run(SuiteRunner.java:471)
	at org.testng.internal.thread.ThreadUtil.lambda$execute$0(ThreadUtil.java:58)
	at java.base/java.util.concurrent.FutureTask.run(FutureTask.java:264)
	at java.base/java.util.concurrent.ThreadPoolExecutor.runWorker(ThreadPoolExecutor.java:1136)
	at java.base/java.util.concurrent.ThreadPoolExecutor$Worker.run(ThreadPoolExecutor.java:635)
	at java.base/java.lang.Thread.run(Thread.java:833)
</pre></div></td>
<td>0</td>
<td>com.dsalgo.tests.DSAlgoLinkedListTest@34c7232c</td></tr>
<tr>
<td title='com.dsalgo.tests.DSAlgoQueueTest.VerifyQueueTopicsLinks()'><b>VerifyQueueTopicsLinks</b><br>Test class: com.dsalgo.tests.DSAlgoQueueTest</td>
<td><div><pre>java.lang.Throwable: Method com.dsalgo.tests.DSAlgoQueueTest.VerifyQueueTopicsLinks() on instance com.dsalgo.tests.DSAlgoQueueTest@50ec4bfc depends on not successfully finished methods 
[com.dsalgo.tests.DSAlgoQueueTest.VerifyQueuePageTitle() on instance com.dsalgo.tests.DSAlgoQueueTest@50ec4bfc]
	at java.base/java.util.ArrayList.forEach(ArrayList.java:1511)
	at java.base/java.util.concurrent.FutureTask.run(FutureTask.java:264)
	at java.base/java.util.concurrent.ThreadPoolExecutor.runWorker(ThreadPoolExecutor.java:1136)
	at java.base/java.util.concurrent.ThreadPoolExecutor$Worker.run(ThreadPoolExecutor.java:635)
	at java.base/java.lang.Thread.run(Thread.java:833)
... Removed 8 stack frames</pre></div><a href='#' onClick='toggleBox("stack-trace1934309010", this, "Click to show all stack frames", "Click to hide stack frames")'>Click to show all stack frames</a>
<div class='stack-trace' id='stack-trace1934309010'><pre>java.lang.Throwable: Method com.dsalgo.tests.DSAlgoQueueTest.VerifyQueueTopicsLinks() on instance com.dsalgo.tests.DSAlgoQueueTest@50ec4bfc depends on not successfully finished methods 
[com.dsalgo.tests.DSAlgoQueueTest.VerifyQueuePageTitle() on instance com.dsalgo.tests.DSAlgoQueueTest@50ec4bfc]
	at org.testng.internal.invokers.TestInvoker.invokeTestMethods(TestInvoker.java:150)
	at org.testng.internal.invokers.TestMethodWorker.invokeTestMethods(TestMethodWorker.java:148)
	at org.testng.internal.invokers.TestMethodWorker.run(TestMethodWorker.java:128)
	at java.base/java.util.ArrayList.forEach(ArrayList.java:1511)
	at org.testng.TestRunner.privateRun(TestRunner.java:806)
	at org.testng.TestRunner.run(TestRunner.java:601)
	at org.testng.SuiteRunner.runTest(SuiteRunner.java:433)
	at org.testng.SuiteRunner$SuiteWorker.run(SuiteRunner.java:471)
	at org.testng.internal.thread.ThreadUtil.lambda$execute$0(ThreadUtil.java:58)
	at java.base/java.util.concurrent.FutureTask.run(FutureTask.java:264)
	at java.base/java.util.concurrent.ThreadPoolExecutor.runWorker(ThreadPoolExecutor.java:1136)
	at java.base/java.util.concurrent.ThreadPoolExecutor$Worker.run(ThreadPoolExecutor.java:635)
	at java.base/java.lang.Thread.run(Thread.java:833)
</pre></div></td>
<td>0</td>
<td>com.dsalgo.tests.DSAlgoQueueTest@50ec4bfc</td></tr>
<tr>
<td title='com.dsalgo.tests.DSAlgoGraphTest.VerifyGraphTopicsLinks()'><b>VerifyGraphTopicsLinks</b><br>Test class: com.dsalgo.tests.DSAlgoGraphTest</td>
<td><div><pre>java.lang.Throwable: Method com.dsalgo.tests.DSAlgoGraphTest.VerifyGraphTopicsLinks() on instance com.dsalgo.tests.DSAlgoGraphTest@6380e9e9 depends on not successfully finished methods 
[com.dsalgo.tests.DSAlgoGraphTest.VerifyGraphPageTitle() on instance com.dsalgo.tests.DSAlgoGraphTest@6380e9e9]
	at java.base/java.util.ArrayList.forEach(ArrayList.java:1511)
	at java.base/java.util.concurrent.FutureTask.run(FutureTask.java:264)
	at java.base/java.util.concurrent.ThreadPoolExecutor.runWorker(ThreadPoolExecutor.java:1136)
	at java.base/java.util.concurrent.ThreadPoolExecutor$Worker.run(ThreadPoolExecutor.java:635)
	at java.base/java.lang.Thread.run(Thread.java:833)
... Removed 8 stack frames</pre></div><a href='#' onClick='toggleBox("stack-trace1764571863", this, "Click to show all stack frames", "Click to hide stack frames")'>Click to show all stack frames</a>
<div class='stack-trace' id='stack-trace1764571863'><pre>java.lang.Throwable: Method com.dsalgo.tests.DSAlgoGraphTest.VerifyGraphTopicsLinks() on instance com.dsalgo.tests.DSAlgoGraphTest@6380e9e9 depends on not successfully finished methods 
[com.dsalgo.tests.DSAlgoGraphTest.VerifyGraphPageTitle() on instance com.dsalgo.tests.DSAlgoGraphTest@6380e9e9]
	at org.testng.internal.invokers.TestInvoker.invokeTestMethods(TestInvoker.java:150)
	at org.testng.internal.invokers.TestMethodWorker.invokeTestMethods(TestMethodWorker.java:148)
	at org.testng.internal.invokers.TestMethodWorker.run(TestMethodWorker.java:128)
	at java.base/java.util.ArrayList.forEach(ArrayList.java:1511)
	at org.testng.TestRunner.privateRun(TestRunner.java:806)
	at org.testng.TestRunner.run(TestRunner.java:601)
	at org.testng.SuiteRunner.runTest(SuiteRunner.java:433)
	at org.testng.SuiteRunner$SuiteWorker.run(SuiteRunner.java:471)
	at org.testng.internal.thread.ThreadUtil.lambda$execute$0(ThreadUtil.java:58)
	at java.base/java.util.concurrent.FutureTask.run(FutureTask.java:264)
	at java.base/java.util.concurrent.ThreadPoolExecutor.runWorker(ThreadPoolExecutor.java:1136)
	at java.base/java.util.concurrent.ThreadPoolExecutor$Worker.run(ThreadPoolExecutor.java:635)
	at java.base/java.lang.Thread.run(Thread.java:833)
</pre></div></td>
<td>0</td>
<td>com.dsalgo.tests.DSAlgoGraphTest@6380e9e9</td></tr>
<tr>
<td title='com.dsalgo.tests.DSAlgoLinkedListTest.VerifyLinkedListPageTitle()'><b>VerifyLinkedListPageTitle</b><br>Test class: com.dsalgo.tests.DSAlgoLinkedListTest</td>
<td><div><pre>java.lang.Throwable: Method DSAlgoLinkedListTest.VerifyLinkedListPageTitle()[pri:0, instance:com.dsalgo.tests.DSAlgoLinkedListTest@34c7232c] depends on not successfully finished methods in group &quot;successfullRegistration&quot;
	at java.base/java.util.ArrayList.forEach(ArrayList.java:1511)
	at java.base/java.util.concurrent.FutureTask.run(FutureTask.java:264)
	at java.base/java.util.concurrent.ThreadPoolExecutor.runWorker(ThreadPoolExecutor.java:1136)
	at java.base/java.util.concurrent.ThreadPoolExecutor$Worker.run(ThreadPoolExecutor.java:635)
	at java.base/java.lang.Thread.run(Thread.java:833)
... Removed 8 stack frames</pre></div><a href='#' onClick='toggleBox("stack-trace337459303", this, "Click to show all stack frames", "Click to hide stack frames")'>Click to show all stack frames</a>
<div class='stack-trace' id='stack-trace337459303'><pre>java.lang.Throwable: Method DSAlgoLinkedListTest.VerifyLinkedListPageTitle()[pri:0, instance:com.dsalgo.tests.DSAlgoLinkedListTest@34c7232c] depends on not successfully finished methods in group &quot;successfullRegistration&quot;
	at org.testng.internal.invokers.TestInvoker.invokeTestMethods(TestInvoker.java:150)
	at org.testng.internal.invokers.TestMethodWorker.invokeTestMethods(TestMethodWorker.java:148)
	at org.testng.internal.invokers.TestMethodWorker.run(TestMethodWorker.java:128)
	at java.base/java.util.ArrayList.forEach(ArrayList.java:1511)
	at org.testng.TestRunner.privateRun(TestRunner.java:806)
	at org.testng.TestRunner.run(TestRunner.java:601)
	at org.testng.SuiteRunner.runTest(SuiteRunner.java:433)
	at org.testng.SuiteRunner$SuiteWorker.run(SuiteRunner.java:471)
	at org.testng.internal.thread.ThreadUtil.lambda$execute$0(ThreadUtil.java:58)
	at java.base/java.util.concurrent.FutureTask.run(FutureTask.java:264)
	at java.base/java.util.concurrent.ThreadPoolExecutor.runWorker(ThreadPoolExecutor.java:1136)
	at java.base/java.util.concurrent.ThreadPoolExecutor$Worker.run(ThreadPoolExecutor.java:635)
	at java.base/java.lang.Thread.run(Thread.java:833)
</pre></div></td>
<td>0</td>
<td>com.dsalgo.tests.DSAlgoLinkedListTest@34c7232c</td></tr>
<tr>
<td title='com.dsalgo.tests.DSAlgoStackTest.VerifyStackTopicsLinks()'><b>VerifyStackTopicsLinks</b><br>Test class: com.dsalgo.tests.DSAlgoStackTest</td>
<td><div><pre>java.lang.Throwable: Method com.dsalgo.tests.DSAlgoStackTest.VerifyStackTopicsLinks() on instance com.dsalgo.tests.DSAlgoStackTest@8b13d91 depends on not successfully finished methods 
[com.dsalgo.tests.DSAlgoStackTest.VerifyStackPageTitle() on instance com.dsalgo.tests.DSAlgoStackTest@8b13d91]
	at java.base/java.util.ArrayList.forEach(ArrayList.java:1511)
	at java.base/java.util.concurrent.FutureTask.run(FutureTask.java:264)
	at java.base/java.util.concurrent.ThreadPoolExecutor.runWorker(ThreadPoolExecutor.java:1136)
	at java.base/java.util.concurrent.ThreadPoolExecutor$Worker.run(ThreadPoolExecutor.java:635)
	at java.base/java.lang.Thread.run(Thread.java:833)
... Removed 8 stack frames</pre></div><a href='#' onClick='toggleBox("stack-trace1415843966", this, "Click to show all stack frames", "Click to hide stack frames")'>Click to show all stack frames</a>
<div class='stack-trace' id='stack-trace1415843966'><pre>java.lang.Throwable: Method com.dsalgo.tests.DSAlgoStackTest.VerifyStackTopicsLinks() on instance com.dsalgo.tests.DSAlgoStackTest@8b13d91 depends on not successfully finished methods 
[com.dsalgo.tests.DSAlgoStackTest.VerifyStackPageTitle() on instance com.dsalgo.tests.DSAlgoStackTest@8b13d91]
	at org.testng.internal.invokers.TestInvoker.invokeTestMethods(TestInvoker.java:150)
	at org.testng.internal.invokers.TestMethodWorker.invokeTestMethods(TestMethodWorker.java:148)
	at org.testng.internal.invokers.TestMethodWorker.run(TestMethodWorker.java:128)
	at java.base/java.util.ArrayList.forEach(ArrayList.java:1511)
	at org.testng.TestRunner.privateRun(TestRunner.java:806)
	at org.testng.TestRunner.run(TestRunner.java:601)
	at org.testng.SuiteRunner.runTest(SuiteRunner.java:433)
	at org.testng.SuiteRunner$SuiteWorker.run(SuiteRunner.java:471)
	at org.testng.internal.thread.ThreadUtil.lambda$execute$0(ThreadUtil.java:58)
	at java.base/java.util.concurrent.FutureTask.run(FutureTask.java:264)
	at java.base/java.util.concurrent.ThreadPoolExecutor.runWorker(ThreadPoolExecutor.java:1136)
	at java.base/java.util.concurrent.ThreadPoolExecutor$Worker.run(ThreadPoolExecutor.java:635)
	at java.base/java.lang.Thread.run(Thread.java:833)
</pre></div></td>
<td>0</td>
<td>com.dsalgo.tests.DSAlgoStackTest@8b13d91</td></tr>
<tr>
<td title='com.dsalgo.tests.DSAlgoArrayTest.VerifyArrayPageTitle()'><b>VerifyArrayPageTitle</b><br>Test class: com.dsalgo.tests.DSAlgoArrayTest</td>
<td><div><pre>java.lang.Throwable: Method DSAlgoArrayTest.VerifyArrayPageTitle()[pri:0, instance:com.dsalgo.tests.DSAlgoArrayTest@4ce25e47] depends on not successfully finished methods in group &quot;successfullRegistration&quot;
	at java.base/java.util.ArrayList.forEach(ArrayList.java:1511)
	at java.base/java.util.concurrent.FutureTask.run(FutureTask.java:264)
	at java.base/java.util.concurrent.ThreadPoolExecutor.runWorker(ThreadPoolExecutor.java:1136)
	at java.base/java.util.concurrent.ThreadPoolExecutor$Worker.run(ThreadPoolExecutor.java:635)
	at java.base/java.lang.Thread.run(Thread.java:833)
... Removed 8 stack frames</pre></div><a href='#' onClick='toggleBox("stack-trace1184569504", this, "Click to show all stack frames", "Click to hide stack frames")'>Click to show all stack frames</a>
<div class='stack-trace' id='stack-trace1184569504'><pre>java.lang.Throwable: Method DSAlgoArrayTest.VerifyArrayPageTitle()[pri:0, instance:com.dsalgo.tests.DSAlgoArrayTest@4ce25e47] depends on not successfully finished methods in group &quot;successfullRegistration&quot;
	at org.testng.internal.invokers.TestInvoker.invokeTestMethods(TestInvoker.java:150)
	at org.testng.internal.invokers.TestMethodWorker.invokeTestMethods(TestMethodWorker.java:148)
	at org.testng.internal.invokers.TestMethodWorker.run(TestMethodWorker.java:128)
	at java.base/java.util.ArrayList.forEach(ArrayList.java:1511)
	at org.testng.TestRunner.privateRun(TestRunner.java:806)
	at org.testng.TestRunner.run(TestRunner.java:601)
	at org.testng.SuiteRunner.runTest(SuiteRunner.java:433)
	at org.testng.SuiteRunner$SuiteWorker.run(SuiteRunner.java:471)
	at org.testng.internal.thread.ThreadUtil.lambda$execute$0(ThreadUtil.java:58)
	at java.base/java.util.concurrent.FutureTask.run(FutureTask.java:264)
	at java.base/java.util.concurrent.ThreadPoolExecutor.runWorker(ThreadPoolExecutor.java:1136)
	at java.base/java.util.concurrent.ThreadPoolExecutor$Worker.run(ThreadPoolExecutor.java:635)
	at java.base/java.lang.Thread.run(Thread.java:833)
</pre></div></td>
<td>0</td>
<td>com.dsalgo.tests.DSAlgoArrayTest@4ce25e47</td></tr>
<tr>
<td title='com.dsalgo.tests.DSAlgoHomeSignInTest.RegisterSignInUser()'><b>RegisterSignInUser</b><br>Test class: com.dsalgo.tests.DSAlgoHomeSignInTest</td>
<td><div><pre>java.lang.Throwable: Method com.dsalgo.tests.DSAlgoHomeSignInTest.RegisterSignInUser() on instance com.dsalgo.tests.DSAlgoHomeSignInTest@350da119 depends on not successfully finished methods 
[com.dsalgo.tests.DSAlgoHomeSignInTest.ValidateFailedSignInScenarios() on instance com.dsalgo.tests.DSAlgoHomeSignInTest@350da119]
	at java.base/java.util.ArrayList.forEach(ArrayList.java:1511)
	at java.base/java.util.concurrent.FutureTask.run(FutureTask.java:264)
	at java.base/java.util.concurrent.ThreadPoolExecutor.runWorker(ThreadPoolExecutor.java:1136)
	at java.base/java.util.concurrent.ThreadPoolExecutor$Worker.run(ThreadPoolExecutor.java:635)
	at java.base/java.lang.Thread.run(Thread.java:833)
... Removed 8 stack frames</pre></div><a href='#' onClick='toggleBox("stack-trace1264898847", this, "Click to show all stack frames", "Click to hide stack frames")'>Click to show all stack frames</a>
<div class='stack-trace' id='stack-trace1264898847'><pre>java.lang.Throwable: Method com.dsalgo.tests.DSAlgoHomeSignInTest.RegisterSignInUser() on instance com.dsalgo.tests.DSAlgoHomeSignInTest@350da119 depends on not successfully finished methods 
[com.dsalgo.tests.DSAlgoHomeSignInTest.ValidateFailedSignInScenarios() on instance com.dsalgo.tests.DSAlgoHomeSignInTest@350da119]
	at org.testng.internal.invokers.TestInvoker.invokeTestMethods(TestInvoker.java:150)
	at org.testng.internal.invokers.TestMethodWorker.invokeTestMethods(TestMethodWorker.java:148)
	at org.testng.internal.invokers.TestMethodWorker.run(TestMethodWorker.java:128)
	at java.base/java.util.ArrayList.forEach(ArrayList.java:1511)
	at org.testng.TestRunner.privateRun(TestRunner.java:806)
	at org.testng.TestRunner.run(TestRunner.java:601)
	at org.testng.SuiteRunner.runTest(SuiteRunner.java:433)
	at org.testng.SuiteRunner$SuiteWorker.run(SuiteRunner.java:471)
	at org.testng.internal.thread.ThreadUtil.lambda$execute$0(ThreadUtil.java:58)
	at java.base/java.util.concurrent.FutureTask.run(FutureTask.java:264)
	at java.base/java.util.concurrent.ThreadPoolExecutor.runWorker(ThreadPoolExecutor.java:1136)
	at java.base/java.util.concurrent.ThreadPoolExecutor$Worker.run(ThreadPoolExecutor.java:635)
	at java.base/java.lang.Thread.run(Thread.java:833)
</pre></div></td>
<td>0</td>
<td>com.dsalgo.tests.DSAlgoHomeSignInTest@350da119</td></tr>
<tr>
<td title='com.dsalgo.tests.DSAlgoGraphTest.VerifyGraphPageTitle()'><b>VerifyGraphPageTitle</b><br>Test class: com.dsalgo.tests.DSAlgoGraphTest</td>
<td><div><pre>java.lang.Throwable: Method DSAlgoGraphTest.VerifyGraphPageTitle()[pri:0, instance:com.dsalgo.tests.DSAlgoGraphTest@6380e9e9] depends on not successfully finished methods in group &quot;successfullRegistration&quot;
	at java.base/java.util.ArrayList.forEach(ArrayList.java:1511)
	at java.base/java.util.concurrent.FutureTask.run(FutureTask.java:264)
	at java.base/java.util.concurrent.ThreadPoolExecutor.runWorker(ThreadPoolExecutor.java:1136)
	at java.base/java.util.concurrent.ThreadPoolExecutor$Worker.run(ThreadPoolExecutor.java:635)
	at java.base/java.lang.Thread.run(Thread.java:833)
... Removed 8 stack frames</pre></div><a href='#' onClick='toggleBox("stack-trace1340332638", this, "Click to show all stack frames", "Click to hide stack frames")'>Click to show all stack frames</a>
<div class='stack-trace' id='stack-trace1340332638'><pre>java.lang.Throwable: Method DSAlgoGraphTest.VerifyGraphPageTitle()[pri:0, instance:com.dsalgo.tests.DSAlgoGraphTest@6380e9e9] depends on not successfully finished methods in group &quot;successfullRegistration&quot;
	at org.testng.internal.invokers.TestInvoker.invokeTestMethods(TestInvoker.java:150)
	at org.testng.internal.invokers.TestMethodWorker.invokeTestMethods(TestMethodWorker.java:148)
	at org.testng.internal.invokers.TestMethodWorker.run(TestMethodWorker.java:128)
	at java.base/java.util.ArrayList.forEach(ArrayList.java:1511)
	at org.testng.TestRunner.privateRun(TestRunner.java:806)
	at org.testng.TestRunner.run(TestRunner.java:601)
	at org.testng.SuiteRunner.runTest(SuiteRunner.java:433)
	at org.testng.SuiteRunner$SuiteWorker.run(SuiteRunner.java:471)
	at org.testng.internal.thread.ThreadUtil.lambda$execute$0(ThreadUtil.java:58)
	at java.base/java.util.concurrent.FutureTask.run(FutureTask.java:264)
	at java.base/java.util.concurrent.ThreadPoolExecutor.runWorker(ThreadPoolExecutor.java:1136)
	at java.base/java.util.concurrent.ThreadPoolExecutor$Worker.run(ThreadPoolExecutor.java:635)
	at java.base/java.lang.Thread.run(Thread.java:833)
</pre></div></td>
<td>0</td>
<td>com.dsalgo.tests.DSAlgoGraphTest@6380e9e9</td></tr>
</table><p>
</body>
</html>