<?xml version="1.0" encoding="UTF-8"?>
<!-- Generated by org.testng.reporters.JUnitXMLReporter -->
<testsuite ignored="0" hostname="DESKTOP-DIMGNTL" failures="0" tests="5" name="chrome" time="0.217" errors="0" timestamp="2022-09-02T10:34:04 EDT">
  <testcase classname="com.dsalgo.tests.DSAlgoDataStructureTest" name="@BeforeTest setup" time="0.016">
    <failure type="java.lang.NullPointerException" message="Cannot invoke &amp;quot;String.hashCode()&amp;quot; because &amp;quot;browser&amp;quot; is null">
      <![CDATA[java.lang.NullPointerException: Cannot invoke "String.hashCode()" because "browser" is null
at com.dsalgo.base.BasePage.InitialiseDriver(BasePage.java:29)
at com.dsalgo.tests.DSAlgoDataStructureTest.setup(DSAlgoDataStructureTest.java:40)
at java.base/java.util.concurrent.FutureTask.run(FutureTask.java:264)
at java.base/java.util.concurrent.ThreadPoolExecutor.runWorker(ThreadPoolExecutor.java:1136)
at java.base/java.util.concurrent.ThreadPoolExecutor$Worker.run(ThreadPoolExecutor.java:635)
at java.base/java.lang.Thread.run(Thread.java:833)
... Removed 12 stack frames]]>
    </failure>
  </testcase> <!-- @BeforeTest setup -->
  <testcase classname="com.dsalgo.tests.DSAlgoDataStructureTest" name="@BeforeTest setup" time="0.016">
    <failure type="java.lang.NullPointerException" message="Cannot invoke &amp;quot;String.hashCode()&amp;quot; because &amp;quot;browser&amp;quot; is null">
      <![CDATA[java.lang.NullPointerException: Cannot invoke "String.hashCode()" because "browser" is null
at com.dsalgo.base.BasePage.InitialiseDriver(BasePage.java:29)
at com.dsalgo.tests.DSAlgoDataStructureTest.setup(DSAlgoDataStructureTest.java:40)
at java.base/java.util.concurrent.FutureTask.run(FutureTask.java:264)
at java.base/java.util.concurrent.ThreadPoolExecutor.runWorker(ThreadPoolExecutor.java:1136)
at java.base/java.util.concurrent.ThreadPoolExecutor$Worker.run(ThreadPoolExecutor.java:635)
at java.base/java.lang.Thread.run(Thread.java:833)
... Removed 12 stack frames]]>
    </failure>
  </testcase> <!-- @BeforeTest setup -->
  <testcase classname="com.dsalgo.tests.DSAlgoDataStructureTest" name="@AfterTest tearDown" time="0.0">
    <skipped/>
  </testcase> <!-- @AfterTest tearDown -->
  <testcase classname="com.dsalgo.tests.DSAlgoDataStructureTest" name="@AfterTest tearDown" time="0.0">
    <skipped/>
  </testcase> <!-- @AfterTest tearDown -->
  <testcase classname="com.dsalgo.tests.DSAlgoDataStructureTest" name="NavigateToHomePage" time="0.001">
    <skipped/>
  </testcase> <!-- NavigateToHomePage -->
  <testcase classname="com.dsalgo.tests.DSAlgoDataStructureTest" name="SignIn" time="0.0">
    <skipped/>
  </testcase> <!-- SignIn -->
  <testcase classname="com.dsalgo.tests.DSAlgoDataStructureTest" name="RegisterUser" time="0.0">
    <skipped/>
  </testcase> <!-- RegisterUser -->
  <testcase classname="com.dsalgo.tests.DSAlgoDataStructureTest" name="VerifyDSValuesinDropDown" time="0.0">
    <skipped/>
  </testcase> <!-- VerifyDSValuesinDropDown -->
  <testcase classname="com.dsalgo.tests.DSAlgoDataStructureTest" name="TestDataStructure_Intro" time="0.0">
    <skipped/>
  </testcase> <!-- TestDataStructure_Intro -->
</testsuite> <!-- chrome -->
