<!DOCTYPE html PUBLIC "-//W3C//DTD XHTML 1.1//EN" "https://www.w3.org/TR/xhtml11/DTD/xhtml11.dtd">
<html xmlns="https://www.w3.org/1999/xhtml">
<head>
<meta http-equiv="content-type" content="text/html; charset=UTF-8"/>
<title>TestNG Report</title>
<style type="text/css">table {margin-bottom:10px;border-collapse:collapse;empty-cells:show}th,td {border:1px solid #009;padding:.25em .5em}th {vertical-align:bottom}td {vertical-align:top}table a {font-weight:bold}.stripe td {background-color: #E6EBF9}.num {text-align:right}.passedodd td {background-color: #3F3}.passedeven td {background-color: #0A0}.skippedodd td {background-color: #DDD}.skippedeven td {background-color: #CCC}.failedodd td,.attn {background-color: #F33}.failedeven td,.stripe .attn {background-color: #D00}.stacktrace {white-space:pre;font-family:monospace}.totop {font-size:85%;text-align:center;border-bottom:2px solid #000}.invisible {display:none}</style>
</head>
<body>
<table>
<tr><th>Test</th><th># Passed</th><th># Skipped</th><th># Retried</th><th># Failed</th><th>Time (ms)</th><th>Included Groups</th><th>Excluded Groups</th></tr>
<tr><th colspan="8">DSAlgoSuite</th></tr>
<tr><td><a href="#t0">ChromeTest</a></td><td class="num">0</td><td class="num attn">27</td><td class="num">0</td><td class="num attn">1</td><td class="num">21,136</td><td></td><td></td></tr>
<tr class="stripe"><td><a href="#t1">EdgeTest</a></td><td class="num">1</td><td class="num attn">23</td><td class="num">0</td><td class="num attn">4</td><td class="num">21,984</td><td></td><td></td></tr>
<tr><th>Total</th><th class="num">1</th><th class="num attn">50</th><th class="num">0</th><th class="num attn">5</th><th class="num">43,120</th><th colspan="2"></th></tr>
</table>
<table id='summary'><thead><tr><th>Class</th><th>Method</th><th>Start</th><th>Time (ms)</th></tr></thead><tbody><tr><th colspan="4">DSAlgoSuite</th></tr></tbody><tbody id="t0"><tr><th colspan="4">ChromeTest &#8212; failed (configuration methods)</th></tr><tr class="failedeven"><td rowspan="1">com.dsalgo.tests.DSAlgoHomeSignInTest</td><td><a href="#m0">tearDown</a></td><td rowspan="1">1663286391406</td><td rowspan="1">193</td></tr><tr class="failedodd"><td rowspan="1">com.dsalgo.tests.DSAlgoIntroTest</td><td><a href="#m1">setup</a></td><td rowspan="1">1663286389010</td><td rowspan="1">272</td></tr><tr class="failedeven"><td rowspan="1">com.dsalgo.tests.DSAlgoLinkedListTest</td><td><a href="#m2">setup</a></td><td rowspan="1">1663286389353</td><td rowspan="1">392</td></tr><tr class="failedodd"><td rowspan="1">com.dsalgo.tests.DSAlgoQueueTest</td><td><a href="#m3">setup</a></td><td rowspan="1">1663286389832</td><td rowspan="1">288</td></tr><tr class="failedeven"><td rowspan="1">com.dsalgo.tests.DSAlgoStackTest</td><td><a href="#m4">setup</a></td><td rowspan="1">1663286390223</td><td rowspan="1">316</td></tr><tr class="failedodd"><td rowspan="1">com.dsalgo.tests.DSAlgoTreeTest</td><td><a href="#m5">setup</a></td><td rowspan="1">1663286390613</td><td rowspan="1">694</td></tr><tr><th colspan="4">ChromeTest &#8212; failed</th></tr><tr class="failedeven"><td rowspan="1">com.dsalgo.tests.DSAlgoHomeSignInTest</td><td><a href="#m6">NavigateToHomePage</a></td><td rowspan="1">1663286385983</td><td rowspan="1">1099</td></tr><tr><th colspan="4">ChromeTest &#8212; skipped</th></tr><tr class="skippedeven"><td rowspan="3">com.dsalgo.tests.DSAlgoArrayTest</td><td><a href="#m7">ValidateScriptExecution</a></td><td rowspan="1">1663286388246</td><td rowspan="1">0</td></tr><tr class="skippedeven"><td><a href="#m8">VerifyArrayPageTitle</a></td><td rowspan="1">1663286388175</td><td rowspan="1">2</td></tr><tr class="skippedeven"><td><a href="#m9">VerifyArrayTopicsLinks</a></td><td rowspan="1">1663286388212</td><td rowspan="1">0</td></tr><tr class="skippedodd"><td rowspan="3">com.dsalgo.tests.DSAlgoGraphTest</td><td><a href="#m10">ValidateScriptExecution</a></td><td rowspan="1">1663286388957</td><td rowspan="1">0</td></tr><tr class="skippedodd"><td><a href="#m11">VerifyGraphPageTitle</a></td><td rowspan="1">1663286388894</td><td rowspan="1">0</td></tr><tr class="skippedodd"><td><a href="#m12">VerifyGraphTopicsLinks</a></td><td rowspan="1">1663286388931</td><td rowspan="1">0</td></tr><tr class="skippedeven"><td rowspan="6">com.dsalgo.tests.DSAlgoHomeSignInTest</td><td><a href="#m13">RegisterSignInUser</a></td><td rowspan="1">1663286387677</td><td rowspan="1">1</td></tr><tr class="skippedeven"><td><a href="#m14">ValidateDropdownBeforeSignIn</a></td><td rowspan="1">1663286387318</td><td rowspan="1">0</td></tr><tr class="skippedeven"><td><a href="#m15">ValidateFailedSignInScenarios</a></td><td rowspan="1">1663286387649</td><td rowspan="1">0</td></tr><tr class="skippedeven"><td><a href="#m16">ValidateGetStartedBeforeSignIn</a></td><td rowspan="1">1663286387500</td><td rowspan="1">1</td></tr><tr class="skippedeven"><td><a href="#m17">ValidateHomePageTitle</a></td><td rowspan="1">1663286387544</td><td rowspan="1">0</td></tr><tr class="skippedeven"><td><a href="#m18">VerifyDSValuesinDropDownBeforeSignIn</a></td><td rowspan="1">1663286387598</td><td rowspan="1">0</td></tr><tr class="skippedodd"><td rowspan="3">com.dsalgo.tests.DSAlgoIntroTest</td><td><a href="#m19">ValidateScriptExecution</a></td><td rowspan="1">1663286389338</td><td rowspan="1">1</td></tr><tr class="skippedodd"><td><a href="#m20">VerifyIntroPageTitle</a></td><td rowspan="1">1663286389308</td><td rowspan="1">1</td></tr><tr class="skippedodd"><td><a href="#m21">VerifyIntroTopicsLinks</a></td><td rowspan="1">1663286389324</td><td rowspan="1">0</td></tr><tr class="skippedeven"><td rowspan="3">com.dsalgo.tests.DSAlgoLinkedListTest</td><td><a href="#m22">ValidateScriptExecution</a></td><td rowspan="1">1663286389816</td><td rowspan="1">0</td></tr><tr class="skippedeven"><td><a href="#m23">VerifyLinkedListPageTitle</a></td><td rowspan="1">1663286389774</td><td rowspan="1">0</td></tr><tr class="skippedeven"><td><a href="#m24">VerifyLinkedListTopicsLinks</a></td><td rowspan="1">1663286389797</td><td rowspan="1">0</td></tr><tr class="skippedodd"><td rowspan="3">com.dsalgo.tests.DSAlgoQueueTest</td><td><a href="#m25">ValidateScriptExecution</a></td><td rowspan="1">1663286390177</td><td rowspan="1">0</td></tr><tr class="skippedodd"><td><a href="#m26">VerifyQueuePageTitle</a></td><td rowspan="1">1663286390141</td><td rowspan="1">0</td></tr><tr class="skippedodd"><td><a href="#m27">VerifyQueueTopicsLinks</a></td><td rowspan="1">1663286390160</td><td rowspan="1">0</td></tr><tr class="skippedeven"><td rowspan="3">com.dsalgo.tests.DSAlgoStackTest</td><td><a href="#m28">ValidateScriptExecution</a></td><td rowspan="1">1663286390596</td><td rowspan="1">0</td></tr><tr class="skippedeven"><td><a href="#m29">VerifyStackPageTitle</a></td><td rowspan="1">1663286390558</td><td rowspan="1">0</td></tr><tr class="skippedeven"><td><a href="#m30">VerifyStackTopicsLinks</a></td><td rowspan="1">1663286390578</td><td rowspan="1">0</td></tr><tr class="skippedodd"><td rowspan="3">com.dsalgo.tests.DSAlgoTreeTest</td><td><a href="#m31">ValidateScriptExecution</a></td><td rowspan="1">1663286391378</td><td rowspan="1">0</td></tr><tr class="skippedodd"><td><a href="#m32">VerifyTreePageTitle</a></td><td rowspan="1">1663286391336</td><td rowspan="1">0</td></tr><tr class="skippedodd"><td><a href="#m33">VerifyTreeTopicsLinks</a></td><td rowspan="1">1663286391353</td><td rowspan="1">0</td></tr></tbody>
<tbody id="t1"><tr><th colspan="4">EdgeTest &#8212; failed (configuration methods)</th></tr><tr class="failedeven"><td rowspan="1">com.dsalgo.tests.DSAlgoGraphTest</td><td><a href="#m34">setup</a></td><td rowspan="1">1663286389615</td><td rowspan="1">319</td></tr><tr class="failedodd"><td rowspan="1">com.dsalgo.tests.DSAlgoHomeSignInTest</td><td><a href="#m35">tearDown</a></td><td rowspan="1">1663286392361</td><td rowspan="1">105</td></tr><tr><th colspan="4">EdgeTest &#8212; failed</th></tr><tr class="failedeven"><td rowspan="4">com.dsalgo.tests.DSAlgoHomeSignInTest</td><td><a href="#m36">ValidateDropdownBeforeSignIn</a></td><td rowspan="1">1663286387216</td><td rowspan="1">630</td></tr><tr class="failedeven"><td><a href="#m37">ValidateGetStartedBeforeSignIn</a></td><td rowspan="1">1663286388020</td><td rowspan="1">355</td></tr><tr class="failedeven"><td><a href="#m38">ValidateHomePageTitle</a></td><td rowspan="1">1663286388521</td><td rowspan="1">35</td></tr><tr class="failedeven"><td><a href="#m39">VerifyDSValuesinDropDownBeforeSignIn</a></td><td rowspan="1">1663286388690</td><td rowspan="1">217</td></tr><tr><th colspan="4">EdgeTest &#8212; skipped</th></tr><tr class="skippedeven"><td rowspan="3">com.dsalgo.tests.DSAlgoArrayTest</td><td><a href="#m40">ValidateScriptExecution</a></td><td rowspan="1">1663286389596</td><td rowspan="1">0</td></tr><tr class="skippedeven"><td><a href="#m41">VerifyArrayPageTitle</a></td><td rowspan="1">1663286389516</td><td rowspan="1">0</td></tr><tr class="skippedeven"><td><a href="#m42">VerifyArrayTopicsLinks</a></td><td rowspan="1">1663286389551</td><td rowspan="1">0</td></tr><tr class="skippedodd"><td rowspan="3">com.dsalgo.tests.DSAlgoGraphTest</td><td><a href="#m43">ValidateScriptExecution</a></td><td rowspan="1">1663286390004</td><td rowspan="1">0</td></tr><tr class="skippedodd"><td><a href="#m44">VerifyGraphPageTitle</a></td><td rowspan="1">1663286389962</td><td rowspan="1">0</td></tr><tr class="skippedodd"><td><a href="#m45">VerifyGraphTopicsLinks</a></td><td rowspan="1">1663286389984</td><td rowspan="1">0</td></tr><tr class="skippedeven"><td rowspan="2">com.dsalgo.tests.DSAlgoHomeSignInTest</td><td><a href="#m46">RegisterSignInUser</a></td><td rowspan="1">1663286389102</td><td rowspan="1">0</td></tr><tr class="skippedeven"><td><a href="#m47">ValidateFailedSignInScenarios</a></td><td rowspan="1">1663286389067</td><td rowspan="1">0</td></tr><tr class="skippedodd"><td rowspan="3">com.dsalgo.tests.DSAlgoIntroTest</td><td><a href="#m48">ValidateScriptExecution</a></td><td rowspan="1">1663286390398</td><td rowspan="1">0</td></tr><tr class="skippedodd"><td><a href="#m49">VerifyIntroPageTitle</a></td><td rowspan="1">1663286390334</td><td rowspan="1">0</td></tr><tr class="skippedodd"><td><a href="#m50">VerifyIntroTopicsLinks</a></td><td rowspan="1">1663286390360</td><td rowspan="1">0</td></tr><tr class="skippedeven"><td rowspan="3">com.dsalgo.tests.DSAlgoLinkedListTest</td><td><a href="#m51">ValidateScriptExecution</a></td><td rowspan="1">1663286390854</td><td rowspan="1">0</td></tr><tr class="skippedeven"><td><a href="#m52">VerifyLinkedListPageTitle</a></td><td rowspan="1">1663286390818</td><td rowspan="1">0</td></tr><tr class="skippedeven"><td><a href="#m53">VerifyLinkedListTopicsLinks</a></td><td rowspan="1">1663286390837</td><td rowspan="1">0</td></tr><tr class="skippedodd"><td rowspan="3">com.dsalgo.tests.DSAlgoQueueTest</td><td><a href="#m54">ValidateScriptExecution</a></td><td rowspan="1">1663286391332</td><td rowspan="1">0</td></tr><tr class="skippedodd"><td><a href="#m55">VerifyQueuePageTitle</a></td><td rowspan="1">1663286391291</td><td rowspan="1">0</td></tr><tr class="skippedodd"><td><a href="#m56">VerifyQueueTopicsLinks</a></td><td rowspan="1">1663286391311</td><td rowspan="1">0</td></tr><tr class="skippedeven"><td rowspan="3">com.dsalgo.tests.DSAlgoStackTest</td><td><a href="#m57">ValidateScriptExecution</a></td><td rowspan="1">1663286391888</td><td rowspan="1">0</td></tr><tr class="skippedeven"><td><a href="#m58">VerifyStackPageTitle</a></td><td rowspan="1">1663286391836</td><td rowspan="1">0</td></tr><tr class="skippedeven"><td><a href="#m59">VerifyStackTopicsLinks</a></td><td rowspan="1">1663286391863</td><td rowspan="1">0</td></tr><tr class="skippedodd"><td rowspan="3">com.dsalgo.tests.DSAlgoTreeTest</td><td><a href="#m60">ValidateScriptExecution</a></td><td rowspan="1">1663286392346</td><td rowspan="1">0</td></tr><tr class="skippedodd"><td><a href="#m61">VerifyTreePageTitle</a></td><td rowspan="1">1663286392307</td><td rowspan="1">0</td></tr><tr class="skippedodd"><td><a href="#m62">VerifyTreeTopicsLinks</a></td><td rowspan="1">1663286392328</td><td rowspan="1">0</td></tr><tr><th colspan="4">EdgeTest &#8212; passed</th></tr><tr class="passedeven"><td rowspan="1">com.dsalgo.tests.DSAlgoHomeSignInTest</td><td><a href="#m63">NavigateToHomePage</a></td><td rowspan="1">1663286385875</td><td rowspan="1">1131</td></tr></tbody>
</table>
<h2>ChromeTest</h2><h3 id="m0">com.dsalgo.tests.DSAlgoHomeSignInTest#tearDown</h3><table class="result"><tr><th>Exception</th></tr><tr><td><div class="stacktrace">org.openqa.selenium.NoSuchElementException: no such element: Unable to locate element: {&quot;method&quot;:&quot;link text&quot;,&quot;selector&quot;:&quot;Sign out&quot;}
  (Session info: MicrosoftEdge=105.0.1343.33)
For documentation on this error, please visit: https://selenium.dev/exceptions/#no_such_element
Build info: version: &apos;4.4.0&apos;, revision: &apos;e5c75ed026a&apos;
System info: host: &apos;DESKTOP-DIMGNTL&apos;, ip: &apos;10.53.192.85&apos;, os.name: &apos;Windows 10&apos;, os.arch: &apos;amd64&apos;, os.version: &apos;10.0&apos;, java.version: &apos;18.0.1&apos;
Driver info: org.openqa.selenium.edge.EdgeDriver
Command: [6e5a028db0b81a16a37f80005c371bba, findElement {using=link text, value=Sign out}]
Capabilities {acceptInsecureCerts: false, browserName: msedge, browserVersion: 105.0.1343.33, ms:edgeOptions: {debuggerAddress: localhost:57194}, msedge: {msedgedriverVersion: 104.0.1293.70 (6709c341bd06..., userDataDir: D:\Users\ppai2114\AppData\L...}, networkConnectionEnabled: false, pageLoadStrategy: normal, platformName: WINDOWS, proxy: Proxy(), se:cdp: ws://localhost:57194/devtoo..., se:cdpVersion: 105.0.1343.33, setWindowRect: true, strictFileInteractability: false, timeouts: {implicit: 0, pageLoad: 300000, script: 30000}, unhandledPromptBehavior: dismiss and notify, webauthn:extension:credBlob: true, webauthn:extension:largeBlob: true, webauthn:virtualAuthenticators: true}
Session ID: 6e5a028db0b81a16a37f80005c371bba
	at org.openqa.selenium.remote.codec.w3c.W3CHttpResponseCodec.createException(W3CHttpResponseCodec.java:200)
	at org.openqa.selenium.remote.codec.w3c.W3CHttpResponseCodec.decode(W3CHttpResponseCodec.java:133)
	at org.openqa.selenium.remote.codec.w3c.W3CHttpResponseCodec.decode(W3CHttpResponseCodec.java:53)
	at org.openqa.selenium.remote.HttpCommandExecutor.execute(HttpCommandExecutor.java:184)
	at org.openqa.selenium.remote.service.DriverCommandExecutor.invokeExecute(DriverCommandExecutor.java:167)
	at org.openqa.selenium.remote.service.DriverCommandExecutor.execute(DriverCommandExecutor.java:142)
	at org.openqa.selenium.remote.RemoteWebDriver.execute(RemoteWebDriver.java:547)
	at org.openqa.selenium.remote.ElementLocation$ElementFinder$2.findElement(ElementLocation.java:162)
	at org.openqa.selenium.remote.ElementLocation.findElement(ElementLocation.java:60)
	at org.openqa.selenium.remote.RemoteWebDriver.findElement(RemoteWebDriver.java:365)
	at org.openqa.selenium.remote.RemoteWebDriver.findElement(RemoteWebDriver.java:357)
	at org.openqa.selenium.support.pagefactory.DefaultElementLocator.findElement(DefaultElementLocator.java:70)
	at org.openqa.selenium.support.pagefactory.internal.LocatingElementHandler.invoke(LocatingElementHandler.java:39)
	at jdk.proxy2/jdk.proxy2.$Proxy38.click(Unknown Source)
	at com.dsalgo.pages.HomePage.SignOut(HomePage.java:83)
	at com.dsalgo.tests.DSAlgoHomeSignInTest.tearDown(DSAlgoHomeSignInTest.java:176)
	at java.base/java.util.concurrent.FutureTask.run(FutureTask.java:264)
	at java.base/java.util.concurrent.ThreadPoolExecutor.runWorker(ThreadPoolExecutor.java:1136)
	at java.base/java.util.concurrent.ThreadPoolExecutor$Worker.run(ThreadPoolExecutor.java:635)
	at java.base/java.lang.Thread.run(Thread.java:833)
... Removed 15 stack frames</div></td></tr></table><p class="totop"><a href="#summary">back to summary</a></p>
<h3 id="m1">com.dsalgo.tests.DSAlgoIntroTest#setup</h3><table class="result"><tr><th>Exception</th></tr><tr><td><div class="stacktrace">org.openqa.selenium.StaleElementReferenceException: stale element reference: element is not attached to the page document
  (Session info: MicrosoftEdge=105.0.1343.33)
For documentation on this error, please visit: https://selenium.dev/exceptions/#stale_element_reference
Build info: version: &apos;4.4.0&apos;, revision: &apos;e5c75ed026a&apos;
System info: host: &apos;DESKTOP-DIMGNTL&apos;, ip: &apos;10.53.192.85&apos;, os.name: &apos;Windows 10&apos;, os.arch: &apos;amd64&apos;, os.version: &apos;10.0&apos;, java.version: &apos;18.0.1&apos;
Driver info: org.openqa.selenium.edge.EdgeDriver
Command: [6e5a028db0b81a16a37f80005c371bba, findChildElement {id=0e764bf6-777a-4f8d-a472-a99fc117aac6, using=xpath, value=//h5[text()=&apos;Data Structures-Introduction&apos;]/following-sibling::a}]
Capabilities {acceptInsecureCerts: false, browserName: msedge, browserVersion: 105.0.1343.33, ms:edgeOptions: {debuggerAddress: localhost:57194}, msedge: {msedgedriverVersion: 104.0.1293.70 (6709c341bd06..., userDataDir: D:\Users\ppai2114\AppData\L...}, networkConnectionEnabled: false, pageLoadStrategy: normal, platformName: WINDOWS, proxy: Proxy(), se:cdp: ws://localhost:57194/devtoo..., se:cdpVersion: 105.0.1343.33, setWindowRect: true, strictFileInteractability: false, timeouts: {implicit: 0, pageLoad: 300000, script: 30000}, unhandledPromptBehavior: dismiss and notify, webauthn:extension:credBlob: true, webauthn:extension:largeBlob: true, webauthn:virtualAuthenticators: true}
Session ID: 6e5a028db0b81a16a37f80005c371bba
	at org.openqa.selenium.remote.codec.w3c.W3CHttpResponseCodec.createException(W3CHttpResponseCodec.java:200)
	at org.openqa.selenium.remote.codec.w3c.W3CHttpResponseCodec.decode(W3CHttpResponseCodec.java:133)
	at org.openqa.selenium.remote.codec.w3c.W3CHttpResponseCodec.decode(W3CHttpResponseCodec.java:53)
	at org.openqa.selenium.remote.HttpCommandExecutor.execute(HttpCommandExecutor.java:184)
	at org.openqa.selenium.remote.service.DriverCommandExecutor.invokeExecute(DriverCommandExecutor.java:167)
	at org.openqa.selenium.remote.service.DriverCommandExecutor.execute(DriverCommandExecutor.java:142)
	at org.openqa.selenium.remote.RemoteWebDriver.execute(RemoteWebDriver.java:547)
	at org.openqa.selenium.remote.ElementLocation$ElementFinder$2.findElement(ElementLocation.java:162)
	at org.openqa.selenium.remote.ElementLocation.findElement(ElementLocation.java:60)
	at org.openqa.selenium.remote.RemoteWebDriver.findElement(RemoteWebDriver.java:365)
	at org.openqa.selenium.remote.RemoteWebElement.findElement(RemoteWebElement.java:227)
	at com.dsalgo.pages.HomePage.lambda$3(HomePage.java:111)
	at java.base/java.util.stream.ReferencePipeline$3$1.accept(ReferencePipeline.java:197)
	at java.base/java.util.stream.ReferencePipeline$2$1.accept(ReferencePipeline.java:179)
	at java.base/java.util.ArrayList$ArrayListSpliterator.tryAdvance(ArrayList.java:1602)
	at java.base/java.util.stream.ReferencePipeline.forEachWithCancel(ReferencePipeline.java:129)
	at java.base/java.util.stream.AbstractPipeline.copyIntoWithCancel(AbstractPipeline.java:527)
	at java.base/java.util.stream.AbstractPipeline.copyInto(AbstractPipeline.java:513)
	at java.base/java.util.stream.AbstractPipeline.wrapAndCopyInto(AbstractPipeline.java:499)
	at java.base/java.util.stream.FindOps$FindOp.evaluateSequential(FindOps.java:150)
	at java.base/java.util.stream.AbstractPipeline.evaluate(AbstractPipeline.java:234)
	at java.base/java.util.stream.ReferencePipeline.findAny(ReferencePipeline.java:652)
	at com.dsalgo.pages.HomePage.ClickGetStarted(HomePage.java:112)
	at com.dsalgo.pages.HomePage.GetStarted(HomePage.java:77)
	at com.dsalgo.tests.DSAlgoIntroTest.setup(DSAlgoIntroTest.java:36)
	at java.base/java.util.ArrayList.forEach(ArrayList.java:1511)
	at java.base/java.util.concurrent.FutureTask.run(FutureTask.java:264)
	at java.base/java.util.concurrent.ThreadPoolExecutor.runWorker(ThreadPoolExecutor.java:1136)
	at java.base/java.util.concurrent.ThreadPoolExecutor$Worker.run(ThreadPoolExecutor.java:635)
	at java.base/java.lang.Thread.run(Thread.java:833)
... Removed 16 stack frames</div></td></tr></table><p class="totop"><a href="#summary">back to summary</a></p>
<h3 id="m2">com.dsalgo.tests.DSAlgoLinkedListTest#setup</h3><table class="result"><tr><th>Exception</th></tr><tr><td><div class="stacktrace">org.openqa.selenium.StaleElementReferenceException: stale element reference: element is not attached to the page document
  (Session info: MicrosoftEdge=105.0.1343.33)
For documentation on this error, please visit: https://selenium.dev/exceptions/#stale_element_reference
Build info: version: &apos;4.4.0&apos;, revision: &apos;e5c75ed026a&apos;
System info: host: &apos;DESKTOP-DIMGNTL&apos;, ip: &apos;10.53.192.85&apos;, os.name: &apos;Windows 10&apos;, os.arch: &apos;amd64&apos;, os.version: &apos;10.0&apos;, java.version: &apos;18.0.1&apos;
Driver info: org.openqa.selenium.edge.EdgeDriver
Command: [6e5a028db0b81a16a37f80005c371bba, getElementAttribute {id=6b67bd44-931d-4db1-9e53-2de5f263bc9c, name=textContent}]
Capabilities {acceptInsecureCerts: false, browserName: msedge, browserVersion: 105.0.1343.33, ms:edgeOptions: {debuggerAddress: localhost:57194}, msedge: {msedgedriverVersion: 104.0.1293.70 (6709c341bd06..., userDataDir: D:\Users\ppai2114\AppData\L...}, networkConnectionEnabled: false, pageLoadStrategy: normal, platformName: WINDOWS, proxy: Proxy(), se:cdp: ws://localhost:57194/devtoo..., se:cdpVersion: 105.0.1343.33, setWindowRect: true, strictFileInteractability: false, timeouts: {implicit: 0, pageLoad: 300000, script: 30000}, unhandledPromptBehavior: dismiss and notify, webauthn:extension:credBlob: true, webauthn:extension:largeBlob: true, webauthn:virtualAuthenticators: true}
Element: [[EdgeDriver: msedge on WINDOWS (6e5a028db0b81a16a37f80005c371bba)] -&gt; xpath: //h5]
Session ID: 6e5a028db0b81a16a37f80005c371bba
	at org.openqa.selenium.remote.codec.w3c.W3CHttpResponseCodec.createException(W3CHttpResponseCodec.java:200)
	at org.openqa.selenium.remote.codec.w3c.W3CHttpResponseCodec.decode(W3CHttpResponseCodec.java:133)
	at org.openqa.selenium.remote.codec.w3c.W3CHttpResponseCodec.decode(W3CHttpResponseCodec.java:53)
	at org.openqa.selenium.remote.HttpCommandExecutor.execute(HttpCommandExecutor.java:184)
	at org.openqa.selenium.remote.service.DriverCommandExecutor.invokeExecute(DriverCommandExecutor.java:167)
	at org.openqa.selenium.remote.service.DriverCommandExecutor.execute(DriverCommandExecutor.java:142)
	at org.openqa.selenium.remote.RemoteWebDriver.execute(RemoteWebDriver.java:547)
	at org.openqa.selenium.remote.RemoteWebElement.execute(RemoteWebElement.java:257)
	at org.openqa.selenium.remote.RemoteWebElement.getAttribute(RemoteWebElement.java:158)
	at com.dsalgo.pages.HomePage.lambda$2(HomePage.java:110)
	at java.base/java.util.stream.ReferencePipeline$2$1.accept(ReferencePipeline.java:178)
	at java.base/java.util.ArrayList$ArrayListSpliterator.tryAdvance(ArrayList.java:1602)
	at java.base/java.util.stream.ReferencePipeline.forEachWithCancel(ReferencePipeline.java:129)
	at java.base/java.util.stream.AbstractPipeline.copyIntoWithCancel(AbstractPipeline.java:527)
	at java.base/java.util.stream.AbstractPipeline.copyInto(AbstractPipeline.java:513)
	at java.base/java.util.stream.AbstractPipeline.wrapAndCopyInto(AbstractPipeline.java:499)
	at java.base/java.util.stream.FindOps$FindOp.evaluateSequential(FindOps.java:150)
	at java.base/java.util.stream.AbstractPipeline.evaluate(AbstractPipeline.java:234)
	at java.base/java.util.stream.ReferencePipeline.findAny(ReferencePipeline.java:652)
	at com.dsalgo.pages.HomePage.ClickGetStarted(HomePage.java:112)
	at com.dsalgo.pages.HomePage.GetStarted(HomePage.java:77)
	at com.dsalgo.tests.DSAlgoLinkedListTest.setup(DSAlgoLinkedListTest.java:35)
	at java.base/java.util.ArrayList.forEach(ArrayList.java:1511)
	at java.base/java.util.concurrent.FutureTask.run(FutureTask.java:264)
	at java.base/java.util.concurrent.ThreadPoolExecutor.runWorker(ThreadPoolExecutor.java:1136)
	at java.base/java.util.concurrent.ThreadPoolExecutor$Worker.run(ThreadPoolExecutor.java:635)
	at java.base/java.lang.Thread.run(Thread.java:833)
... Removed 16 stack frames</div></td></tr></table><p class="totop"><a href="#summary">back to summary</a></p>
<h3 id="m3">com.dsalgo.tests.DSAlgoQueueTest#setup</h3><table class="result"><tr><th>Exception</th></tr><tr><td><div class="stacktrace">org.openqa.selenium.StaleElementReferenceException: stale element reference: element is not attached to the page document
  (Session info: MicrosoftEdge=105.0.1343.33)
For documentation on this error, please visit: https://selenium.dev/exceptions/#stale_element_reference
Build info: version: &apos;4.4.0&apos;, revision: &apos;e5c75ed026a&apos;
System info: host: &apos;DESKTOP-DIMGNTL&apos;, ip: &apos;10.53.192.85&apos;, os.name: &apos;Windows 10&apos;, os.arch: &apos;amd64&apos;, os.version: &apos;10.0&apos;, java.version: &apos;18.0.1&apos;
Driver info: org.openqa.selenium.edge.EdgeDriver
Command: [6e5a028db0b81a16a37f80005c371bba, clickElement {id=7c30010b-be6a-49fe-82e5-e59b39bd31cc}]
Capabilities {acceptInsecureCerts: false, browserName: msedge, browserVersion: 105.0.1343.33, ms:edgeOptions: {debuggerAddress: localhost:57194}, msedge: {msedgedriverVersion: 104.0.1293.70 (6709c341bd06..., userDataDir: D:\Users\ppai2114\AppData\L...}, networkConnectionEnabled: false, pageLoadStrategy: normal, platformName: WINDOWS, proxy: Proxy(), se:cdp: ws://localhost:57194/devtoo..., se:cdpVersion: 105.0.1343.33, setWindowRect: true, strictFileInteractability: false, timeouts: {implicit: 0, pageLoad: 300000, script: 30000}, unhandledPromptBehavior: dismiss and notify, webauthn:extension:credBlob: true, webauthn:extension:largeBlob: true, webauthn:virtualAuthenticators: true}
Element: [[[[EdgeDriver: msedge on WINDOWS (6e5a028db0b81a16a37f80005c371bba)] -&gt; xpath: //h5]] -&gt; xpath: //h5[text()=&apos;Queue&apos;]/following-sibling::a]
Session ID: 6e5a028db0b81a16a37f80005c371bba
	at org.openqa.selenium.remote.codec.w3c.W3CHttpResponseCodec.createException(W3CHttpResponseCodec.java:200)
	at org.openqa.selenium.remote.codec.w3c.W3CHttpResponseCodec.decode(W3CHttpResponseCodec.java:133)
	at org.openqa.selenium.remote.codec.w3c.W3CHttpResponseCodec.decode(W3CHttpResponseCodec.java:53)
	at org.openqa.selenium.remote.HttpCommandExecutor.execute(HttpCommandExecutor.java:184)
	at org.openqa.selenium.remote.service.DriverCommandExecutor.invokeExecute(DriverCommandExecutor.java:167)
	at org.openqa.selenium.remote.service.DriverCommandExecutor.execute(DriverCommandExecutor.java:142)
	at org.openqa.selenium.remote.RemoteWebDriver.execute(RemoteWebDriver.java:547)
	at org.openqa.selenium.remote.RemoteWebElement.execute(RemoteWebElement.java:257)
	at org.openqa.selenium.remote.RemoteWebElement.click(RemoteWebElement.java:78)
	at com.dsalgo.pages.HomePage.ClickGetStarted(HomePage.java:115)
	at com.dsalgo.pages.HomePage.GetStarted(HomePage.java:77)
	at com.dsalgo.tests.DSAlgoQueueTest.setup(DSAlgoQueueTest.java:36)
	at java.base/java.util.ArrayList.forEach(ArrayList.java:1511)
	at java.base/java.util.concurrent.FutureTask.run(FutureTask.java:264)
	at java.base/java.util.concurrent.ThreadPoolExecutor.runWorker(ThreadPoolExecutor.java:1136)
	at java.base/java.util.concurrent.ThreadPoolExecutor$Worker.run(ThreadPoolExecutor.java:635)
	at java.base/java.lang.Thread.run(Thread.java:833)
... Removed 16 stack frames</div></td></tr></table><p class="totop"><a href="#summary">back to summary</a></p>
<h3 id="m4">com.dsalgo.tests.DSAlgoStackTest#setup</h3><table class="result"><tr><th>Exception</th></tr><tr><td><div class="stacktrace">org.openqa.selenium.StaleElementReferenceException: stale element reference: element is not attached to the page document
  (Session info: MicrosoftEdge=105.0.1343.33)
For documentation on this error, please visit: https://selenium.dev/exceptions/#stale_element_reference
Build info: version: &apos;4.4.0&apos;, revision: &apos;e5c75ed026a&apos;
System info: host: &apos;DESKTOP-DIMGNTL&apos;, ip: &apos;10.53.192.85&apos;, os.name: &apos;Windows 10&apos;, os.arch: &apos;amd64&apos;, os.version: &apos;10.0&apos;, java.version: &apos;18.0.1&apos;
Driver info: org.openqa.selenium.edge.EdgeDriver
Command: [6e5a028db0b81a16a37f80005c371bba, getElementAttribute {id=20e1f227-1a37-4904-b142-d462620e321b, name=textContent}]
Capabilities {acceptInsecureCerts: false, browserName: msedge, browserVersion: 105.0.1343.33, ms:edgeOptions: {debuggerAddress: localhost:57194}, msedge: {msedgedriverVersion: 104.0.1293.70 (6709c341bd06..., userDataDir: D:\Users\ppai2114\AppData\L...}, networkConnectionEnabled: false, pageLoadStrategy: normal, platformName: WINDOWS, proxy: Proxy(), se:cdp: ws://localhost:57194/devtoo..., se:cdpVersion: 105.0.1343.33, setWindowRect: true, strictFileInteractability: false, timeouts: {implicit: 0, pageLoad: 300000, script: 30000}, unhandledPromptBehavior: dismiss and notify, webauthn:extension:credBlob: true, webauthn:extension:largeBlob: true, webauthn:virtualAuthenticators: true}
Element: [[EdgeDriver: msedge on WINDOWS (6e5a028db0b81a16a37f80005c371bba)] -&gt; xpath: //h5]
Session ID: 6e5a028db0b81a16a37f80005c371bba
	at org.openqa.selenium.remote.codec.w3c.W3CHttpResponseCodec.createException(W3CHttpResponseCodec.java:200)
	at org.openqa.selenium.remote.codec.w3c.W3CHttpResponseCodec.decode(W3CHttpResponseCodec.java:133)
	at org.openqa.selenium.remote.codec.w3c.W3CHttpResponseCodec.decode(W3CHttpResponseCodec.java:53)
	at org.openqa.selenium.remote.HttpCommandExecutor.execute(HttpCommandExecutor.java:184)
	at org.openqa.selenium.remote.service.DriverCommandExecutor.invokeExecute(DriverCommandExecutor.java:167)
	at org.openqa.selenium.remote.service.DriverCommandExecutor.execute(DriverCommandExecutor.java:142)
	at org.openqa.selenium.remote.RemoteWebDriver.execute(RemoteWebDriver.java:547)
	at org.openqa.selenium.remote.RemoteWebElement.execute(RemoteWebElement.java:257)
	at org.openqa.selenium.remote.RemoteWebElement.getAttribute(RemoteWebElement.java:158)
	at com.dsalgo.pages.HomePage.lambda$2(HomePage.java:110)
	at java.base/java.util.stream.ReferencePipeline$2$1.accept(ReferencePipeline.java:178)
	at java.base/java.util.ArrayList$ArrayListSpliterator.tryAdvance(ArrayList.java:1602)
	at java.base/java.util.stream.ReferencePipeline.forEachWithCancel(ReferencePipeline.java:129)
	at java.base/java.util.stream.AbstractPipeline.copyIntoWithCancel(AbstractPipeline.java:527)
	at java.base/java.util.stream.AbstractPipeline.copyInto(AbstractPipeline.java:513)
	at java.base/java.util.stream.AbstractPipeline.wrapAndCopyInto(AbstractPipeline.java:499)
	at java.base/java.util.stream.FindOps$FindOp.evaluateSequential(FindOps.java:150)
	at java.base/java.util.stream.AbstractPipeline.evaluate(AbstractPipeline.java:234)
	at java.base/java.util.stream.ReferencePipeline.findAny(ReferencePipeline.java:652)
	at com.dsalgo.pages.HomePage.ClickGetStarted(HomePage.java:112)
	at com.dsalgo.pages.HomePage.GetStarted(HomePage.java:77)
	at com.dsalgo.tests.DSAlgoStackTest.setup(DSAlgoStackTest.java:35)
	at java.base/java.util.ArrayList.forEach(ArrayList.java:1511)
	at java.base/java.util.concurrent.FutureTask.run(FutureTask.java:264)
	at java.base/java.util.concurrent.ThreadPoolExecutor.runWorker(ThreadPoolExecutor.java:1136)
	at java.base/java.util.concurrent.ThreadPoolExecutor$Worker.run(ThreadPoolExecutor.java:635)
	at java.base/java.lang.Thread.run(Thread.java:833)
... Removed 16 stack frames</div></td></tr></table><p class="totop"><a href="#summary">back to summary</a></p>
<h3 id="m5">com.dsalgo.tests.DSAlgoTreeTest#setup</h3><table class="result"><tr><th>Exception</th></tr><tr><td><div class="stacktrace">org.openqa.selenium.StaleElementReferenceException: stale element reference: element is not attached to the page document
  (Session info: MicrosoftEdge=105.0.1343.33)
For documentation on this error, please visit: https://selenium.dev/exceptions/#stale_element_reference
Build info: version: &apos;4.4.0&apos;, revision: &apos;e5c75ed026a&apos;
System info: host: &apos;DESKTOP-DIMGNTL&apos;, ip: &apos;10.53.192.85&apos;, os.name: &apos;Windows 10&apos;, os.arch: &apos;amd64&apos;, os.version: &apos;10.0&apos;, java.version: &apos;18.0.1&apos;
Driver info: org.openqa.selenium.edge.EdgeDriver
Command: [6e5a028db0b81a16a37f80005c371bba, clickElement {id=54fda484-2ed6-4d17-b34d-ab928ff9647a}]
Capabilities {acceptInsecureCerts: false, browserName: msedge, browserVersion: 105.0.1343.33, ms:edgeOptions: {debuggerAddress: localhost:57194}, msedge: {msedgedriverVersion: 104.0.1293.70 (6709c341bd06..., userDataDir: D:\Users\ppai2114\AppData\L...}, networkConnectionEnabled: false, pageLoadStrategy: normal, platformName: WINDOWS, proxy: Proxy(), se:cdp: ws://localhost:57194/devtoo..., se:cdpVersion: 105.0.1343.33, setWindowRect: true, strictFileInteractability: false, timeouts: {implicit: 0, pageLoad: 300000, script: 30000}, unhandledPromptBehavior: dismiss and notify, webauthn:extension:credBlob: true, webauthn:extension:largeBlob: true, webauthn:virtualAuthenticators: true}
Element: [[[[EdgeDriver: msedge on WINDOWS (6e5a028db0b81a16a37f80005c371bba)] -&gt; xpath: //h5]] -&gt; xpath: //h5[text()=&apos;Tree&apos;]/following-sibling::a]
Session ID: 6e5a028db0b81a16a37f80005c371bba
	at org.openqa.selenium.remote.codec.w3c.W3CHttpResponseCodec.createException(W3CHttpResponseCodec.java:200)
	at org.openqa.selenium.remote.codec.w3c.W3CHttpResponseCodec.decode(W3CHttpResponseCodec.java:133)
	at org.openqa.selenium.remote.codec.w3c.W3CHttpResponseCodec.decode(W3CHttpResponseCodec.java:53)
	at org.openqa.selenium.remote.HttpCommandExecutor.execute(HttpCommandExecutor.java:184)
	at org.openqa.selenium.remote.service.DriverCommandExecutor.invokeExecute(DriverCommandExecutor.java:167)
	at org.openqa.selenium.remote.service.DriverCommandExecutor.execute(DriverCommandExecutor.java:142)
	at org.openqa.selenium.remote.RemoteWebDriver.execute(RemoteWebDriver.java:547)
	at org.openqa.selenium.remote.RemoteWebElement.execute(RemoteWebElement.java:257)
	at org.openqa.selenium.remote.RemoteWebElement.click(RemoteWebElement.java:78)
	at com.dsalgo.pages.HomePage.ClickGetStarted(HomePage.java:115)
	at com.dsalgo.pages.HomePage.GetStarted(HomePage.java:77)
	at com.dsalgo.tests.DSAlgoTreeTest.setup(DSAlgoTreeTest.java:36)
	at java.base/java.util.ArrayList.forEach(ArrayList.java:1511)
	at java.base/java.util.concurrent.FutureTask.run(FutureTask.java:264)
	at java.base/java.util.concurrent.ThreadPoolExecutor.runWorker(ThreadPoolExecutor.java:1136)
	at java.base/java.util.concurrent.ThreadPoolExecutor$Worker.run(ThreadPoolExecutor.java:635)
	at java.base/java.lang.Thread.run(Thread.java:833)
... Removed 16 stack frames</div></td></tr></table><p class="totop"><a href="#summary">back to summary</a></p>
<h3 id="m6">com.dsalgo.tests.DSAlgoHomeSignInTest#NavigateToHomePage</h3><table class="result"><tr><th>Exception</th></tr><tr><td><div class="stacktrace">org.openqa.selenium.StaleElementReferenceException: stale element reference: element is not attached to the page document
  (Session info: MicrosoftEdge=105.0.1343.33)
For documentation on this error, please visit: https://selenium.dev/exceptions/#stale_element_reference
Build info: version: &apos;4.4.0&apos;, revision: &apos;e5c75ed026a&apos;
System info: host: &apos;DESKTOP-DIMGNTL&apos;, ip: &apos;10.53.192.85&apos;, os.name: &apos;Windows 10&apos;, os.arch: &apos;amd64&apos;, os.version: &apos;10.0&apos;, java.version: &apos;18.0.1&apos;
Driver info: org.openqa.selenium.edge.EdgeDriver
Command: [6e5a028db0b81a16a37f80005c371bba, clickElement {id=8d81026b-dfdc-4b88-84cc-3f21208357ce}]
Capabilities {acceptInsecureCerts: false, browserName: msedge, browserVersion: 105.0.1343.33, ms:edgeOptions: {debuggerAddress: localhost:57194}, msedge: {msedgedriverVersion: 104.0.1293.70 (6709c341bd06..., userDataDir: D:\Users\ppai2114\AppData\L...}, networkConnectionEnabled: false, pageLoadStrategy: normal, platformName: WINDOWS, proxy: Proxy(), se:cdp: ws://localhost:57194/devtoo..., se:cdpVersion: 105.0.1343.33, setWindowRect: true, strictFileInteractability: false, timeouts: {implicit: 0, pageLoad: 300000, script: 30000}, unhandledPromptBehavior: dismiss and notify, webauthn:extension:credBlob: true, webauthn:extension:largeBlob: true, webauthn:virtualAuthenticators: true}
Element: [[EdgeDriver: msedge on WINDOWS (6e5a028db0b81a16a37f80005c371bba)] -&gt; class name: btn]
Session ID: 6e5a028db0b81a16a37f80005c371bba
	at org.openqa.selenium.remote.codec.w3c.W3CHttpResponseCodec.createException(W3CHttpResponseCodec.java:200)
	at org.openqa.selenium.remote.codec.w3c.W3CHttpResponseCodec.decode(W3CHttpResponseCodec.java:133)
	at org.openqa.selenium.remote.codec.w3c.W3CHttpResponseCodec.decode(W3CHttpResponseCodec.java:53)
	at org.openqa.selenium.remote.HttpCommandExecutor.execute(HttpCommandExecutor.java:184)
	at org.openqa.selenium.remote.service.DriverCommandExecutor.invokeExecute(DriverCommandExecutor.java:167)
	at org.openqa.selenium.remote.service.DriverCommandExecutor.execute(DriverCommandExecutor.java:142)
	at org.openqa.selenium.remote.RemoteWebDriver.execute(RemoteWebDriver.java:547)
	at org.openqa.selenium.remote.RemoteWebElement.execute(RemoteWebElement.java:257)
	at org.openqa.selenium.remote.RemoteWebElement.click(RemoteWebElement.java:78)
	at org.openqa.selenium.support.pagefactory.internal.LocatingElementHandler.invoke(LocatingElementHandler.java:52)
	at jdk.proxy2/jdk.proxy2.$Proxy38.click(Unknown Source)
	at com.dsalgo.pages.GetStartedPage.NavigateToHomePage(GetStartedPage.java:25)
	at com.dsalgo.tests.DSAlgoHomeSignInTest.NavigateToHomePage(DSAlgoHomeSignInTest.java:67)
	at java.base/java.util.ArrayList.forEach(ArrayList.java:1511)
	at java.base/java.util.concurrent.FutureTask.run(FutureTask.java:264)
	at java.base/java.util.concurrent.ThreadPoolExecutor.runWorker(ThreadPoolExecutor.java:1136)
	at java.base/java.util.concurrent.ThreadPoolExecutor$Worker.run(ThreadPoolExecutor.java:635)
	at java.base/java.lang.Thread.run(Thread.java:833)
... Removed 20 stack frames</div></td></tr></table><p class="totop"><a href="#summary">back to summary</a></p>
<h3 id="m7">com.dsalgo.tests.DSAlgoArrayTest#ValidateScriptExecution</h3><table class="result"><tr><th>Exception</th></tr><tr><td><div class="stacktrace">java.lang.Throwable: Method com.dsalgo.tests.DSAlgoArrayTest.ValidateScriptExecution() on instance com.dsalgo.tests.DSAlgoArrayTest@2f9a10df depends on not successfully finished methods 
[com.dsalgo.tests.DSAlgoArrayTest.VerifyArrayTopicsLinks() on instance com.dsalgo.tests.DSAlgoArrayTest@2f9a10df]
	at java.base/java.util.ArrayList.forEach(ArrayList.java:1511)
	at java.base/java.util.concurrent.FutureTask.run(FutureTask.java:264)
	at java.base/java.util.concurrent.ThreadPoolExecutor.runWorker(ThreadPoolExecutor.java:1136)
	at java.base/java.util.concurrent.ThreadPoolExecutor$Worker.run(ThreadPoolExecutor.java:635)
	at java.base/java.lang.Thread.run(Thread.java:833)
... Removed 8 stack frames</div></td></tr></table><p class="totop"><a href="#summary">back to summary</a></p>
<h3 id="m8">com.dsalgo.tests.DSAlgoArrayTest#VerifyArrayPageTitle</h3><table class="result"><tr><th>Exception</th></tr><tr><td><div class="stacktrace">java.lang.Throwable: Method DSAlgoArrayTest.VerifyArrayPageTitle()[pri:0, instance:com.dsalgo.tests.DSAlgoArrayTest@2f9a10df] depends on not successfully finished methods in group &quot;successfullRegistration&quot;
	at java.base/java.util.ArrayList.forEach(ArrayList.java:1511)
	at java.base/java.util.concurrent.FutureTask.run(FutureTask.java:264)
	at java.base/java.util.concurrent.ThreadPoolExecutor.runWorker(ThreadPoolExecutor.java:1136)
	at java.base/java.util.concurrent.ThreadPoolExecutor$Worker.run(ThreadPoolExecutor.java:635)
	at java.base/java.lang.Thread.run(Thread.java:833)
... Removed 8 stack frames</div></td></tr></table><p class="totop"><a href="#summary">back to summary</a></p>
<h3 id="m9">com.dsalgo.tests.DSAlgoArrayTest#VerifyArrayTopicsLinks</h3><table class="result"><tr><th>Exception</th></tr><tr><td><div class="stacktrace">java.lang.Throwable: Method com.dsalgo.tests.DSAlgoArrayTest.VerifyArrayTopicsLinks() on instance com.dsalgo.tests.DSAlgoArrayTest@2f9a10df depends on not successfully finished methods 
[com.dsalgo.tests.DSAlgoArrayTest.VerifyArrayPageTitle() on instance com.dsalgo.tests.DSAlgoArrayTest@2f9a10df]
	at java.base/java.util.ArrayList.forEach(ArrayList.java:1511)
	at java.base/java.util.concurrent.FutureTask.run(FutureTask.java:264)
	at java.base/java.util.concurrent.ThreadPoolExecutor.runWorker(ThreadPoolExecutor.java:1136)
	at java.base/java.util.concurrent.ThreadPoolExecutor$Worker.run(ThreadPoolExecutor.java:635)
	at java.base/java.lang.Thread.run(Thread.java:833)
... Removed 8 stack frames</div></td></tr></table><p class="totop"><a href="#summary">back to summary</a></p>
<h3 id="m10">com.dsalgo.tests.DSAlgoGraphTest#ValidateScriptExecution</h3><table class="result"><tr><th>Exception</th></tr><tr><td><div class="stacktrace">java.lang.Throwable: Method com.dsalgo.tests.DSAlgoGraphTest.ValidateScriptExecution() on instance com.dsalgo.tests.DSAlgoGraphTest@6b8d54da depends on not successfully finished methods 
[com.dsalgo.tests.DSAlgoGraphTest.VerifyGraphTopicsLinks() on instance com.dsalgo.tests.DSAlgoGraphTest@6b8d54da]
	at java.base/java.util.ArrayList.forEach(ArrayList.java:1511)
	at java.base/java.util.concurrent.FutureTask.run(FutureTask.java:264)
	at java.base/java.util.concurrent.ThreadPoolExecutor.runWorker(ThreadPoolExecutor.java:1136)
	at java.base/java.util.concurrent.ThreadPoolExecutor$Worker.run(ThreadPoolExecutor.java:635)
	at java.base/java.lang.Thread.run(Thread.java:833)
... Removed 8 stack frames</div></td></tr></table><p class="totop"><a href="#summary">back to summary</a></p>
<h3 id="m11">com.dsalgo.tests.DSAlgoGraphTest#VerifyGraphPageTitle</h3><table class="result"><tr><th>Exception</th></tr><tr><td><div class="stacktrace">java.lang.Throwable: Method DSAlgoGraphTest.VerifyGraphPageTitle()[pri:0, instance:com.dsalgo.tests.DSAlgoGraphTest@6b8d54da] depends on not successfully finished methods in group &quot;successfullRegistration&quot;
	at java.base/java.util.ArrayList.forEach(ArrayList.java:1511)
	at java.base/java.util.concurrent.FutureTask.run(FutureTask.java:264)
	at java.base/java.util.concurrent.ThreadPoolExecutor.runWorker(ThreadPoolExecutor.java:1136)
	at java.base/java.util.concurrent.ThreadPoolExecutor$Worker.run(ThreadPoolExecutor.java:635)
	at java.base/java.lang.Thread.run(Thread.java:833)
... Removed 8 stack frames</div></td></tr></table><p class="totop"><a href="#summary">back to summary</a></p>
<h3 id="m12">com.dsalgo.tests.DSAlgoGraphTest#VerifyGraphTopicsLinks</h3><table class="result"><tr><th>Exception</th></tr><tr><td><div class="stacktrace">java.lang.Throwable: Method com.dsalgo.tests.DSAlgoGraphTest.VerifyGraphTopicsLinks() on instance com.dsalgo.tests.DSAlgoGraphTest@6b8d54da depends on not successfully finished methods 
[com.dsalgo.tests.DSAlgoGraphTest.VerifyGraphPageTitle() on instance com.dsalgo.tests.DSAlgoGraphTest@6b8d54da]
	at java.base/java.util.ArrayList.forEach(ArrayList.java:1511)
	at java.base/java.util.concurrent.FutureTask.run(FutureTask.java:264)
	at java.base/java.util.concurrent.ThreadPoolExecutor.runWorker(ThreadPoolExecutor.java:1136)
	at java.base/java.util.concurrent.ThreadPoolExecutor$Worker.run(ThreadPoolExecutor.java:635)
	at java.base/java.lang.Thread.run(Thread.java:833)
... Removed 8 stack frames</div></td></tr></table><p class="totop"><a href="#summary">back to summary</a></p>
<h3 id="m13">com.dsalgo.tests.DSAlgoHomeSignInTest#RegisterSignInUser</h3><table class="result"><tr><th>Exception</th></tr><tr><td><div class="stacktrace">java.lang.Throwable: Method com.dsalgo.tests.DSAlgoHomeSignInTest.RegisterSignInUser() on instance com.dsalgo.tests.DSAlgoHomeSignInTest@36224f93 depends on not successfully finished methods 
[com.dsalgo.tests.DSAlgoHomeSignInTest.ValidateFailedSignInScenarios() on instance com.dsalgo.tests.DSAlgoHomeSignInTest@36224f93]
	at java.base/java.util.ArrayList.forEach(ArrayList.java:1511)
	at java.base/java.util.concurrent.FutureTask.run(FutureTask.java:264)
	at java.base/java.util.concurrent.ThreadPoolExecutor.runWorker(ThreadPoolExecutor.java:1136)
	at java.base/java.util.concurrent.ThreadPoolExecutor$Worker.run(ThreadPoolExecutor.java:635)
	at java.base/java.lang.Thread.run(Thread.java:833)
... Removed 8 stack frames</div></td></tr></table><p class="totop"><a href="#summary">back to summary</a></p>
<h3 id="m14">com.dsalgo.tests.DSAlgoHomeSignInTest#ValidateDropdownBeforeSignIn</h3><table class="result"><tr><th>Exception</th></tr><tr><td><div class="stacktrace">java.lang.Throwable: Method com.dsalgo.tests.DSAlgoHomeSignInTest.ValidateDropdownBeforeSignIn() on instance com.dsalgo.tests.DSAlgoHomeSignInTest@36224f93 depends on not successfully finished methods 
[com.dsalgo.tests.DSAlgoHomeSignInTest.NavigateToHomePage() on instance com.dsalgo.tests.DSAlgoHomeSignInTest@36224f93]
	at java.base/java.util.ArrayList.forEach(ArrayList.java:1511)
	at java.base/java.util.concurrent.FutureTask.run(FutureTask.java:264)
	at java.base/java.util.concurrent.ThreadPoolExecutor.runWorker(ThreadPoolExecutor.java:1136)
	at java.base/java.util.concurrent.ThreadPoolExecutor$Worker.run(ThreadPoolExecutor.java:635)
	at java.base/java.lang.Thread.run(Thread.java:833)
... Removed 8 stack frames</div></td></tr></table><p class="totop"><a href="#summary">back to summary</a></p>
<h3 id="m15">com.dsalgo.tests.DSAlgoHomeSignInTest#ValidateFailedSignInScenarios</h3><table class="result"><tr><th>Exception</th></tr><tr><td><div class="stacktrace">java.lang.Throwable: Method DSAlgoHomeSignInTest.ValidateFailedSignInScenarios()[pri:0, instance:com.dsalgo.tests.DSAlgoHomeSignInTest@36224f93] depends on not successfully finished methods in group &quot;BeforeSignIn&quot;
	at java.base/java.util.ArrayList.forEach(ArrayList.java:1511)
	at java.base/java.util.concurrent.FutureTask.run(FutureTask.java:264)
	at java.base/java.util.concurrent.ThreadPoolExecutor.runWorker(ThreadPoolExecutor.java:1136)
	at java.base/java.util.concurrent.ThreadPoolExecutor$Worker.run(ThreadPoolExecutor.java:635)
	at java.base/java.lang.Thread.run(Thread.java:833)
... Removed 8 stack frames</div></td></tr></table><p class="totop"><a href="#summary">back to summary</a></p>
<h3 id="m16">com.dsalgo.tests.DSAlgoHomeSignInTest#ValidateGetStartedBeforeSignIn</h3><table class="result"><tr><th>Exception</th></tr><tr><td><div class="stacktrace">java.lang.Throwable: Method com.dsalgo.tests.DSAlgoHomeSignInTest.ValidateGetStartedBeforeSignIn() on instance com.dsalgo.tests.DSAlgoHomeSignInTest@36224f93 depends on not successfully finished methods 
[com.dsalgo.tests.DSAlgoHomeSignInTest.NavigateToHomePage() on instance com.dsalgo.tests.DSAlgoHomeSignInTest@36224f93]
	at java.base/java.util.ArrayList.forEach(ArrayList.java:1511)
	at java.base/java.util.concurrent.FutureTask.run(FutureTask.java:264)
	at java.base/java.util.concurrent.ThreadPoolExecutor.runWorker(ThreadPoolExecutor.java:1136)
	at java.base/java.util.concurrent.ThreadPoolExecutor$Worker.run(ThreadPoolExecutor.java:635)
	at java.base/java.lang.Thread.run(Thread.java:833)
... Removed 8 stack frames</div></td></tr></table><p class="totop"><a href="#summary">back to summary</a></p>
<h3 id="m17">com.dsalgo.tests.DSAlgoHomeSignInTest#ValidateHomePageTitle</h3><table class="result"><tr><th>Exception</th></tr><tr><td><div class="stacktrace">java.lang.Throwable: Method com.dsalgo.tests.DSAlgoHomeSignInTest.ValidateHomePageTitle() on instance com.dsalgo.tests.DSAlgoHomeSignInTest@36224f93 depends on not successfully finished methods 
[com.dsalgo.tests.DSAlgoHomeSignInTest.NavigateToHomePage() on instance com.dsalgo.tests.DSAlgoHomeSignInTest@36224f93]
	at java.base/java.util.ArrayList.forEach(ArrayList.java:1511)
	at java.base/java.util.concurrent.FutureTask.run(FutureTask.java:264)
	at java.base/java.util.concurrent.ThreadPoolExecutor.runWorker(ThreadPoolExecutor.java:1136)
	at java.base/java.util.concurrent.ThreadPoolExecutor$Worker.run(ThreadPoolExecutor.java:635)
	at java.base/java.lang.Thread.run(Thread.java:833)
... Removed 8 stack frames</div></td></tr></table><p class="totop"><a href="#summary">back to summary</a></p>
<h3 id="m18">com.dsalgo.tests.DSAlgoHomeSignInTest#VerifyDSValuesinDropDownBeforeSignIn</h3><table class="result"><tr><th>Exception</th></tr><tr><td><div class="stacktrace">java.lang.Throwable: Method com.dsalgo.tests.DSAlgoHomeSignInTest.VerifyDSValuesinDropDownBeforeSignIn() on instance com.dsalgo.tests.DSAlgoHomeSignInTest@36224f93 depends on not successfully finished methods 
[com.dsalgo.tests.DSAlgoHomeSignInTest.NavigateToHomePage() on instance com.dsalgo.tests.DSAlgoHomeSignInTest@36224f93]
	at java.base/java.util.ArrayList.forEach(ArrayList.java:1511)
	at java.base/java.util.concurrent.FutureTask.run(FutureTask.java:264)
	at java.base/java.util.concurrent.ThreadPoolExecutor.runWorker(ThreadPoolExecutor.java:1136)
	at java.base/java.util.concurrent.ThreadPoolExecutor$Worker.run(ThreadPoolExecutor.java:635)
	at java.base/java.lang.Thread.run(Thread.java:833)
... Removed 8 stack frames</div></td></tr></table><p class="totop"><a href="#summary">back to summary</a></p>
<h3 id="m19">com.dsalgo.tests.DSAlgoIntroTest#ValidateScriptExecution</h3><table class="result"><tr><th>Exception</th></tr><tr><td><div class="stacktrace">java.lang.Throwable: Method com.dsalgo.tests.DSAlgoIntroTest.ValidateScriptExecution() on instance com.dsalgo.tests.DSAlgoIntroTest@1ee5632d depends on not successfully finished methods 
[com.dsalgo.tests.DSAlgoIntroTest.VerifyIntroTopicsLinks() on instance com.dsalgo.tests.DSAlgoIntroTest@1ee5632d]
	at java.base/java.util.ArrayList.forEach(ArrayList.java:1511)
	at java.base/java.util.concurrent.FutureTask.run(FutureTask.java:264)
	at java.base/java.util.concurrent.ThreadPoolExecutor.runWorker(ThreadPoolExecutor.java:1136)
	at java.base/java.util.concurrent.ThreadPoolExecutor$Worker.run(ThreadPoolExecutor.java:635)
	at java.base/java.lang.Thread.run(Thread.java:833)
... Removed 8 stack frames</div></td></tr></table><p class="totop"><a href="#summary">back to summary</a></p>
<h3 id="m20">com.dsalgo.tests.DSAlgoIntroTest#VerifyIntroPageTitle</h3><table class="result"><tr><th>Exception</th></tr><tr><td><div class="stacktrace">java.lang.Throwable: Method DSAlgoIntroTest.VerifyIntroPageTitle()[pri:0, instance:com.dsalgo.tests.DSAlgoIntroTest@1ee5632d] depends on not successfully finished methods in group &quot;successfullRegistration&quot;
	at java.base/java.util.ArrayList.forEach(ArrayList.java:1511)
	at java.base/java.util.concurrent.FutureTask.run(FutureTask.java:264)
	at java.base/java.util.concurrent.ThreadPoolExecutor.runWorker(ThreadPoolExecutor.java:1136)
	at java.base/java.util.concurrent.ThreadPoolExecutor$Worker.run(ThreadPoolExecutor.java:635)
	at java.base/java.lang.Thread.run(Thread.java:833)
... Removed 8 stack frames</div></td></tr></table><p class="totop"><a href="#summary">back to summary</a></p>
<h3 id="m21">com.dsalgo.tests.DSAlgoIntroTest#VerifyIntroTopicsLinks</h3><table class="result"><tr><th>Exception</th></tr><tr><td><div class="stacktrace">java.lang.Throwable: Method com.dsalgo.tests.DSAlgoIntroTest.VerifyIntroTopicsLinks() on instance com.dsalgo.tests.DSAlgoIntroTest@1ee5632d depends on not successfully finished methods 
[com.dsalgo.tests.DSAlgoIntroTest.VerifyIntroPageTitle() on instance com.dsalgo.tests.DSAlgoIntroTest@1ee5632d]
	at java.base/java.util.ArrayList.forEach(ArrayList.java:1511)
	at java.base/java.util.concurrent.FutureTask.run(FutureTask.java:264)
	at java.base/java.util.concurrent.ThreadPoolExecutor.runWorker(ThreadPoolExecutor.java:1136)
	at java.base/java.util.concurrent.ThreadPoolExecutor$Worker.run(ThreadPoolExecutor.java:635)
	at java.base/java.lang.Thread.run(Thread.java:833)
... Removed 8 stack frames</div></td></tr></table><p class="totop"><a href="#summary">back to summary</a></p>
<h3 id="m22">com.dsalgo.tests.DSAlgoLinkedListTest#ValidateScriptExecution</h3><table class="result"><tr><th>Exception</th></tr><tr><td><div class="stacktrace">java.lang.Throwable: Method com.dsalgo.tests.DSAlgoLinkedListTest.ValidateScriptExecution() on instance com.dsalgo.tests.DSAlgoLinkedListTest@52a7928a depends on not successfully finished methods 
[com.dsalgo.tests.DSAlgoLinkedListTest.VerifyLinkedListTopicsLinks() on instance com.dsalgo.tests.DSAlgoLinkedListTest@52a7928a]
	at java.base/java.util.ArrayList.forEach(ArrayList.java:1511)
	at java.base/java.util.concurrent.FutureTask.run(FutureTask.java:264)
	at java.base/java.util.concurrent.ThreadPoolExecutor.runWorker(ThreadPoolExecutor.java:1136)
	at java.base/java.util.concurrent.ThreadPoolExecutor$Worker.run(ThreadPoolExecutor.java:635)
	at java.base/java.lang.Thread.run(Thread.java:833)
... Removed 8 stack frames</div></td></tr></table><p class="totop"><a href="#summary">back to summary</a></p>
<h3 id="m23">com.dsalgo.tests.DSAlgoLinkedListTest#VerifyLinkedListPageTitle</h3><table class="result"><tr><th>Exception</th></tr><tr><td><div class="stacktrace">java.lang.Throwable: Method DSAlgoLinkedListTest.VerifyLinkedListPageTitle()[pri:0, instance:com.dsalgo.tests.DSAlgoLinkedListTest@52a7928a] depends on not successfully finished methods in group &quot;successfullRegistration&quot;
	at java.base/java.util.ArrayList.forEach(ArrayList.java:1511)
	at java.base/java.util.concurrent.FutureTask.run(FutureTask.java:264)
	at java.base/java.util.concurrent.ThreadPoolExecutor.runWorker(ThreadPoolExecutor.java:1136)
	at java.base/java.util.concurrent.ThreadPoolExecutor$Worker.run(ThreadPoolExecutor.java:635)
	at java.base/java.lang.Thread.run(Thread.java:833)
... Removed 8 stack frames</div></td></tr></table><p class="totop"><a href="#summary">back to summary</a></p>
<h3 id="m24">com.dsalgo.tests.DSAlgoLinkedListTest#VerifyLinkedListTopicsLinks</h3><table class="result"><tr><th>Exception</th></tr><tr><td><div class="stacktrace">java.lang.Throwable: Method com.dsalgo.tests.DSAlgoLinkedListTest.VerifyLinkedListTopicsLinks() on instance com.dsalgo.tests.DSAlgoLinkedListTest@52a7928a depends on not successfully finished methods 
[com.dsalgo.tests.DSAlgoLinkedListTest.VerifyLinkedListPageTitle() on instance com.dsalgo.tests.DSAlgoLinkedListTest@52a7928a]
	at java.base/java.util.ArrayList.forEach(ArrayList.java:1511)
	at java.base/java.util.concurrent.FutureTask.run(FutureTask.java:264)
	at java.base/java.util.concurrent.ThreadPoolExecutor.runWorker(ThreadPoolExecutor.java:1136)
	at java.base/java.util.concurrent.ThreadPoolExecutor$Worker.run(ThreadPoolExecutor.java:635)
	at java.base/java.lang.Thread.run(Thread.java:833)
... Removed 8 stack frames</div></td></tr></table><p class="totop"><a href="#summary">back to summary</a></p>
<h3 id="m25">com.dsalgo.tests.DSAlgoQueueTest#ValidateScriptExecution</h3><table class="result"><tr><th>Exception</th></tr><tr><td><div class="stacktrace">java.lang.Throwable: Method com.dsalgo.tests.DSAlgoQueueTest.ValidateScriptExecution() on instance com.dsalgo.tests.DSAlgoQueueTest@563ccd31 depends on not successfully finished methods 
[com.dsalgo.tests.DSAlgoQueueTest.VerifyQueueTopicsLinks() on instance com.dsalgo.tests.DSAlgoQueueTest@563ccd31]
	at java.base/java.util.ArrayList.forEach(ArrayList.java:1511)
	at java.base/java.util.concurrent.FutureTask.run(FutureTask.java:264)
	at java.base/java.util.concurrent.ThreadPoolExecutor.runWorker(ThreadPoolExecutor.java:1136)
	at java.base/java.util.concurrent.ThreadPoolExecutor$Worker.run(ThreadPoolExecutor.java:635)
	at java.base/java.lang.Thread.run(Thread.java:833)
... Removed 8 stack frames</div></td></tr></table><p class="totop"><a href="#summary">back to summary</a></p>
<h3 id="m26">com.dsalgo.tests.DSAlgoQueueTest#VerifyQueuePageTitle</h3><table class="result"><tr><th>Exception</th></tr><tr><td><div class="stacktrace">java.lang.Throwable: Method DSAlgoQueueTest.VerifyQueuePageTitle()[pri:0, instance:com.dsalgo.tests.DSAlgoQueueTest@563ccd31] depends on not successfully finished methods in group &quot;successfullRegistration&quot;
	at java.base/java.util.ArrayList.forEach(ArrayList.java:1511)
	at java.base/java.util.concurrent.FutureTask.run(FutureTask.java:264)
	at java.base/java.util.concurrent.ThreadPoolExecutor.runWorker(ThreadPoolExecutor.java:1136)
	at java.base/java.util.concurrent.ThreadPoolExecutor$Worker.run(ThreadPoolExecutor.java:635)
	at java.base/java.lang.Thread.run(Thread.java:833)
... Removed 8 stack frames</div></td></tr></table><p class="totop"><a href="#summary">back to summary</a></p>
<h3 id="m27">com.dsalgo.tests.DSAlgoQueueTest#VerifyQueueTopicsLinks</h3><table class="result"><tr><th>Exception</th></tr><tr><td><div class="stacktrace">java.lang.Throwable: Method com.dsalgo.tests.DSAlgoQueueTest.VerifyQueueTopicsLinks() on instance com.dsalgo.tests.DSAlgoQueueTest@563ccd31 depends on not successfully finished methods 
[com.dsalgo.tests.DSAlgoQueueTest.VerifyQueuePageTitle() on instance com.dsalgo.tests.DSAlgoQueueTest@563ccd31]
	at java.base/java.util.ArrayList.forEach(ArrayList.java:1511)
	at java.base/java.util.concurrent.FutureTask.run(FutureTask.java:264)
	at java.base/java.util.concurrent.ThreadPoolExecutor.runWorker(ThreadPoolExecutor.java:1136)
	at java.base/java.util.concurrent.ThreadPoolExecutor$Worker.run(ThreadPoolExecutor.java:635)
	at java.base/java.lang.Thread.run(Thread.java:833)
... Removed 8 stack frames</div></td></tr></table><p class="totop"><a href="#summary">back to summary</a></p>
<h3 id="m28">com.dsalgo.tests.DSAlgoStackTest#ValidateScriptExecution</h3><table class="result"><tr><th>Exception</th></tr><tr><td><div class="stacktrace">java.lang.Throwable: Method com.dsalgo.tests.DSAlgoStackTest.ValidateScriptExecution() on instance com.dsalgo.tests.DSAlgoStackTest@72465eb2 depends on not successfully finished methods 
[com.dsalgo.tests.DSAlgoStackTest.VerifyStackTopicsLinks() on instance com.dsalgo.tests.DSAlgoStackTest@72465eb2]
	at java.base/java.util.ArrayList.forEach(ArrayList.java:1511)
	at java.base/java.util.concurrent.FutureTask.run(FutureTask.java:264)
	at java.base/java.util.concurrent.ThreadPoolExecutor.runWorker(ThreadPoolExecutor.java:1136)
	at java.base/java.util.concurrent.ThreadPoolExecutor$Worker.run(ThreadPoolExecutor.java:635)
	at java.base/java.lang.Thread.run(Thread.java:833)
... Removed 8 stack frames</div></td></tr></table><p class="totop"><a href="#summary">back to summary</a></p>
<h3 id="m29">com.dsalgo.tests.DSAlgoStackTest#VerifyStackPageTitle</h3><table class="result"><tr><th>Exception</th></tr><tr><td><div class="stacktrace">java.lang.Throwable: Method DSAlgoStackTest.VerifyStackPageTitle()[pri:0, instance:com.dsalgo.tests.DSAlgoStackTest@72465eb2] depends on not successfully finished methods in group &quot;successfullRegistration&quot;
	at java.base/java.util.ArrayList.forEach(ArrayList.java:1511)
	at java.base/java.util.concurrent.FutureTask.run(FutureTask.java:264)
	at java.base/java.util.concurrent.ThreadPoolExecutor.runWorker(ThreadPoolExecutor.java:1136)
	at java.base/java.util.concurrent.ThreadPoolExecutor$Worker.run(ThreadPoolExecutor.java:635)
	at java.base/java.lang.Thread.run(Thread.java:833)
... Removed 8 stack frames</div></td></tr></table><p class="totop"><a href="#summary">back to summary</a></p>
<h3 id="m30">com.dsalgo.tests.DSAlgoStackTest#VerifyStackTopicsLinks</h3><table class="result"><tr><th>Exception</th></tr><tr><td><div class="stacktrace">java.lang.Throwable: Method com.dsalgo.tests.DSAlgoStackTest.VerifyStackTopicsLinks() on instance com.dsalgo.tests.DSAlgoStackTest@72465eb2 depends on not successfully finished methods 
[com.dsalgo.tests.DSAlgoStackTest.VerifyStackPageTitle() on instance com.dsalgo.tests.DSAlgoStackTest@72465eb2]
	at java.base/java.util.ArrayList.forEach(ArrayList.java:1511)
	at java.base/java.util.concurrent.FutureTask.run(FutureTask.java:264)
	at java.base/java.util.concurrent.ThreadPoolExecutor.runWorker(ThreadPoolExecutor.java:1136)
	at java.base/java.util.concurrent.ThreadPoolExecutor$Worker.run(ThreadPoolExecutor.java:635)
	at java.base/java.lang.Thread.run(Thread.java:833)
... Removed 8 stack frames</div></td></tr></table><p class="totop"><a href="#summary">back to summary</a></p>
<h3 id="m31">com.dsalgo.tests.DSAlgoTreeTest#ValidateScriptExecution</h3><table class="result"><tr><th>Exception</th></tr><tr><td><div class="stacktrace">java.lang.Throwable: Method com.dsalgo.tests.DSAlgoTreeTest.ValidateScriptExecution() on instance com.dsalgo.tests.DSAlgoTreeTest@478fb7dc depends on not successfully finished methods 
[com.dsalgo.tests.DSAlgoTreeTest.VerifyTreeTopicsLinks() on instance com.dsalgo.tests.DSAlgoTreeTest@478fb7dc]
	at java.base/java.util.ArrayList.forEach(ArrayList.java:1511)
	at java.base/java.util.concurrent.FutureTask.run(FutureTask.java:264)
	at java.base/java.util.concurrent.ThreadPoolExecutor.runWorker(ThreadPoolExecutor.java:1136)
	at java.base/java.util.concurrent.ThreadPoolExecutor$Worker.run(ThreadPoolExecutor.java:635)
	at java.base/java.lang.Thread.run(Thread.java:833)
... Removed 8 stack frames</div></td></tr></table><p class="totop"><a href="#summary">back to summary</a></p>
<h3 id="m32">com.dsalgo.tests.DSAlgoTreeTest#VerifyTreePageTitle</h3><table class="result"><tr><th>Exception</th></tr><tr><td><div class="stacktrace">java.lang.Throwable: Method DSAlgoTreeTest.VerifyTreePageTitle()[pri:0, instance:com.dsalgo.tests.DSAlgoTreeTest@478fb7dc] depends on not successfully finished methods in group &quot;successfullRegistration&quot;
	at java.base/java.util.ArrayList.forEach(ArrayList.java:1511)
	at java.base/java.util.concurrent.FutureTask.run(FutureTask.java:264)
	at java.base/java.util.concurrent.ThreadPoolExecutor.runWorker(ThreadPoolExecutor.java:1136)
	at java.base/java.util.concurrent.ThreadPoolExecutor$Worker.run(ThreadPoolExecutor.java:635)
	at java.base/java.lang.Thread.run(Thread.java:833)
... Removed 8 stack frames</div></td></tr></table><p class="totop"><a href="#summary">back to summary</a></p>
<h3 id="m33">com.dsalgo.tests.DSAlgoTreeTest#VerifyTreeTopicsLinks</h3><table class="result"><tr><th>Exception</th></tr><tr><td><div class="stacktrace">java.lang.Throwable: Method com.dsalgo.tests.DSAlgoTreeTest.VerifyTreeTopicsLinks() on instance com.dsalgo.tests.DSAlgoTreeTest@478fb7dc depends on not successfully finished methods 
[com.dsalgo.tests.DSAlgoTreeTest.VerifyTreePageTitle() on instance com.dsalgo.tests.DSAlgoTreeTest@478fb7dc]
	at java.base/java.util.ArrayList.forEach(ArrayList.java:1511)
	at java.base/java.util.concurrent.FutureTask.run(FutureTask.java:264)
	at java.base/java.util.concurrent.ThreadPoolExecutor.runWorker(ThreadPoolExecutor.java:1136)
	at java.base/java.util.concurrent.ThreadPoolExecutor$Worker.run(ThreadPoolExecutor.java:635)
	at java.base/java.lang.Thread.run(Thread.java:833)
... Removed 8 stack frames</div></td></tr></table><p class="totop"><a href="#summary">back to summary</a></p>
<h2>EdgeTest</h2><h3 id="m34">com.dsalgo.tests.DSAlgoGraphTest#setup</h3><table class="result"><tr><th>Exception</th></tr><tr><td><div class="stacktrace">org.openqa.selenium.StaleElementReferenceException: stale element reference: element is not attached to the page document
  (Session info: MicrosoftEdge=105.0.1343.33)
For documentation on this error, please visit: https://selenium.dev/exceptions/#stale_element_reference
Build info: version: &apos;4.4.0&apos;, revision: &apos;e5c75ed026a&apos;
System info: host: &apos;DESKTOP-DIMGNTL&apos;, ip: &apos;10.53.192.85&apos;, os.name: &apos;Windows 10&apos;, os.arch: &apos;amd64&apos;, os.version: &apos;10.0&apos;, java.version: &apos;18.0.1&apos;
Driver info: org.openqa.selenium.edge.EdgeDriver
Command: [6e5a028db0b81a16a37f80005c371bba, getElementAttribute {id=bd688455-3ca2-4f12-90b2-2bdddfd6469e, name=textContent}]
Capabilities {acceptInsecureCerts: false, browserName: msedge, browserVersion: 105.0.1343.33, ms:edgeOptions: {debuggerAddress: localhost:57194}, msedge: {msedgedriverVersion: 104.0.1293.70 (6709c341bd06..., userDataDir: D:\Users\ppai2114\AppData\L...}, networkConnectionEnabled: false, pageLoadStrategy: normal, platformName: WINDOWS, proxy: Proxy(), se:cdp: ws://localhost:57194/devtoo..., se:cdpVersion: 105.0.1343.33, setWindowRect: true, strictFileInteractability: false, timeouts: {implicit: 0, pageLoad: 300000, script: 30000}, unhandledPromptBehavior: dismiss and notify, webauthn:extension:credBlob: true, webauthn:extension:largeBlob: true, webauthn:virtualAuthenticators: true}
Element: [[EdgeDriver: msedge on WINDOWS (6e5a028db0b81a16a37f80005c371bba)] -&gt; xpath: //h5]
Session ID: 6e5a028db0b81a16a37f80005c371bba
	at org.openqa.selenium.remote.codec.w3c.W3CHttpResponseCodec.createException(W3CHttpResponseCodec.java:200)
	at org.openqa.selenium.remote.codec.w3c.W3CHttpResponseCodec.decode(W3CHttpResponseCodec.java:133)
	at org.openqa.selenium.remote.codec.w3c.W3CHttpResponseCodec.decode(W3CHttpResponseCodec.java:53)
	at org.openqa.selenium.remote.HttpCommandExecutor.execute(HttpCommandExecutor.java:184)
	at org.openqa.selenium.remote.service.DriverCommandExecutor.invokeExecute(DriverCommandExecutor.java:167)
	at org.openqa.selenium.remote.service.DriverCommandExecutor.execute(DriverCommandExecutor.java:142)
	at org.openqa.selenium.remote.RemoteWebDriver.execute(RemoteWebDriver.java:547)
	at org.openqa.selenium.remote.RemoteWebElement.execute(RemoteWebElement.java:257)
	at org.openqa.selenium.remote.RemoteWebElement.getAttribute(RemoteWebElement.java:158)
	at com.dsalgo.pages.HomePage.lambda$2(HomePage.java:110)
	at java.base/java.util.stream.ReferencePipeline$2$1.accept(ReferencePipeline.java:178)
	at java.base/java.util.ArrayList$ArrayListSpliterator.tryAdvance(ArrayList.java:1602)
	at java.base/java.util.stream.ReferencePipeline.forEachWithCancel(ReferencePipeline.java:129)
	at java.base/java.util.stream.AbstractPipeline.copyIntoWithCancel(AbstractPipeline.java:527)
	at java.base/java.util.stream.AbstractPipeline.copyInto(AbstractPipeline.java:513)
	at java.base/java.util.stream.AbstractPipeline.wrapAndCopyInto(AbstractPipeline.java:499)
	at java.base/java.util.stream.FindOps$FindOp.evaluateSequential(FindOps.java:150)
	at java.base/java.util.stream.AbstractPipeline.evaluate(AbstractPipeline.java:234)
	at java.base/java.util.stream.ReferencePipeline.findAny(ReferencePipeline.java:652)
	at com.dsalgo.pages.HomePage.ClickGetStarted(HomePage.java:112)
	at com.dsalgo.pages.HomePage.GetStarted(HomePage.java:77)
	at com.dsalgo.tests.DSAlgoGraphTest.setup(DSAlgoGraphTest.java:39)
	at java.base/java.util.ArrayList.forEach(ArrayList.java:1511)
	at java.base/java.util.concurrent.FutureTask.run(FutureTask.java:264)
	at java.base/java.util.concurrent.ThreadPoolExecutor.runWorker(ThreadPoolExecutor.java:1136)
	at java.base/java.util.concurrent.ThreadPoolExecutor$Worker.run(ThreadPoolExecutor.java:635)
	at java.base/java.lang.Thread.run(Thread.java:833)
... Removed 16 stack frames</div></td></tr></table><p class="totop"><a href="#summary">back to summary</a></p>
<h3 id="m35">com.dsalgo.tests.DSAlgoHomeSignInTest#tearDown</h3><table class="result"><tr><th>Exception</th></tr><tr><td><div class="stacktrace">org.openqa.selenium.NoSuchElementException: no such element: Unable to locate element: {&quot;method&quot;:&quot;link text&quot;,&quot;selector&quot;:&quot;Sign out&quot;}
  (Session info: MicrosoftEdge=105.0.1343.33)
For documentation on this error, please visit: https://selenium.dev/exceptions/#no_such_element
Build info: version: &apos;4.4.0&apos;, revision: &apos;e5c75ed026a&apos;
System info: host: &apos;DESKTOP-DIMGNTL&apos;, ip: &apos;10.53.192.85&apos;, os.name: &apos;Windows 10&apos;, os.arch: &apos;amd64&apos;, os.version: &apos;10.0&apos;, java.version: &apos;18.0.1&apos;
Driver info: org.openqa.selenium.edge.EdgeDriver
Command: [6e5a028db0b81a16a37f80005c371bba, findElement {using=link text, value=Sign out}]
Capabilities {acceptInsecureCerts: false, browserName: msedge, browserVersion: 105.0.1343.33, ms:edgeOptions: {debuggerAddress: localhost:57194}, msedge: {msedgedriverVersion: 104.0.1293.70 (6709c341bd06..., userDataDir: D:\Users\ppai2114\AppData\L...}, networkConnectionEnabled: false, pageLoadStrategy: normal, platformName: WINDOWS, proxy: Proxy(), se:cdp: ws://localhost:57194/devtoo..., se:cdpVersion: 105.0.1343.33, setWindowRect: true, strictFileInteractability: false, timeouts: {implicit: 0, pageLoad: 300000, script: 30000}, unhandledPromptBehavior: dismiss and notify, webauthn:extension:credBlob: true, webauthn:extension:largeBlob: true, webauthn:virtualAuthenticators: true}
Session ID: 6e5a028db0b81a16a37f80005c371bba
	at org.openqa.selenium.remote.codec.w3c.W3CHttpResponseCodec.createException(W3CHttpResponseCodec.java:200)
	at org.openqa.selenium.remote.codec.w3c.W3CHttpResponseCodec.decode(W3CHttpResponseCodec.java:133)
	at org.openqa.selenium.remote.codec.w3c.W3CHttpResponseCodec.decode(W3CHttpResponseCodec.java:53)
	at org.openqa.selenium.remote.HttpCommandExecutor.execute(HttpCommandExecutor.java:184)
	at org.openqa.selenium.remote.service.DriverCommandExecutor.invokeExecute(DriverCommandExecutor.java:167)
	at org.openqa.selenium.remote.service.DriverCommandExecutor.execute(DriverCommandExecutor.java:142)
	at org.openqa.selenium.remote.RemoteWebDriver.execute(RemoteWebDriver.java:547)
	at org.openqa.selenium.remote.ElementLocation$ElementFinder$2.findElement(ElementLocation.java:162)
	at org.openqa.selenium.remote.ElementLocation.findElement(ElementLocation.java:60)
	at org.openqa.selenium.remote.RemoteWebDriver.findElement(RemoteWebDriver.java:365)
	at org.openqa.selenium.remote.RemoteWebDriver.findElement(RemoteWebDriver.java:357)
	at org.openqa.selenium.support.pagefactory.DefaultElementLocator.findElement(DefaultElementLocator.java:70)
	at org.openqa.selenium.support.pagefactory.internal.LocatingElementHandler.invoke(LocatingElementHandler.java:39)
	at jdk.proxy2/jdk.proxy2.$Proxy38.click(Unknown Source)
	at com.dsalgo.pages.HomePage.SignOut(HomePage.java:83)
	at com.dsalgo.tests.DSAlgoHomeSignInTest.tearDown(DSAlgoHomeSignInTest.java:176)
	at java.base/java.util.concurrent.FutureTask.run(FutureTask.java:264)
	at java.base/java.util.concurrent.ThreadPoolExecutor.runWorker(ThreadPoolExecutor.java:1136)
	at java.base/java.util.concurrent.ThreadPoolExecutor$Worker.run(ThreadPoolExecutor.java:635)
	at java.base/java.lang.Thread.run(Thread.java:833)
... Removed 15 stack frames</div></td></tr></table><p class="totop"><a href="#summary">back to summary</a></p>
<h3 id="m36">com.dsalgo.tests.DSAlgoHomeSignInTest#ValidateDropdownBeforeSignIn</h3><table class="result"><tr><th>Exception</th></tr><tr><td><div class="stacktrace">org.openqa.selenium.StaleElementReferenceException: stale element reference: element is not attached to the page document
  (Session info: MicrosoftEdge=105.0.1343.33)
For documentation on this error, please visit: https://selenium.dev/exceptions/#stale_element_reference
Build info: version: &apos;4.4.0&apos;, revision: &apos;e5c75ed026a&apos;
System info: host: &apos;DESKTOP-DIMGNTL&apos;, ip: &apos;10.53.192.85&apos;, os.name: &apos;Windows 10&apos;, os.arch: &apos;amd64&apos;, os.version: &apos;10.0&apos;, java.version: &apos;18.0.1&apos;
Driver info: org.openqa.selenium.edge.EdgeDriver
Command: [6e5a028db0b81a16a37f80005c371bba, getElementText {id=c9548efd-7600-433a-81f8-ac39a19cc9b8}]
Capabilities {acceptInsecureCerts: false, browserName: msedge, browserVersion: 105.0.1343.33, ms:edgeOptions: {debuggerAddress: localhost:57194}, msedge: {msedgedriverVersion: 104.0.1293.70 (6709c341bd06..., userDataDir: D:\Users\ppai2114\AppData\L...}, networkConnectionEnabled: false, pageLoadStrategy: normal, platformName: WINDOWS, proxy: Proxy(), se:cdp: ws://localhost:57194/devtoo..., se:cdpVersion: 105.0.1343.33, setWindowRect: true, strictFileInteractability: false, timeouts: {implicit: 0, pageLoad: 300000, script: 30000}, unhandledPromptBehavior: dismiss and notify, webauthn:extension:credBlob: true, webauthn:extension:largeBlob: true, webauthn:virtualAuthenticators: true}
Element: [[EdgeDriver: msedge on WINDOWS (6e5a028db0b81a16a37f80005c371bba)] -&gt; css selector: .alert.alert-primary]
Session ID: 6e5a028db0b81a16a37f80005c371bba
	at org.openqa.selenium.remote.codec.w3c.W3CHttpResponseCodec.createException(W3CHttpResponseCodec.java:200)
	at org.openqa.selenium.remote.codec.w3c.W3CHttpResponseCodec.decode(W3CHttpResponseCodec.java:133)
	at org.openqa.selenium.remote.codec.w3c.W3CHttpResponseCodec.decode(W3CHttpResponseCodec.java:53)
	at org.openqa.selenium.remote.HttpCommandExecutor.execute(HttpCommandExecutor.java:184)
	at org.openqa.selenium.remote.service.DriverCommandExecutor.invokeExecute(DriverCommandExecutor.java:167)
	at org.openqa.selenium.remote.service.DriverCommandExecutor.execute(DriverCommandExecutor.java:142)
	at org.openqa.selenium.remote.RemoteWebDriver.execute(RemoteWebDriver.java:547)
	at org.openqa.selenium.remote.RemoteWebElement.execute(RemoteWebElement.java:257)
	at org.openqa.selenium.remote.RemoteWebElement.getText(RemoteWebElement.java:207)
	at org.openqa.selenium.support.pagefactory.internal.LocatingElementHandler.invoke(LocatingElementHandler.java:52)
	at jdk.proxy2/jdk.proxy2.$Proxy38.getText(Unknown Source)
	at com.dsalgo.pages.HomePage.SelectDataStructure(HomePage.java:98)
	at com.dsalgo.tests.DSAlgoHomeSignInTest.ValidateDropdownBeforeSignIn(DSAlgoHomeSignInTest.java:101)
	at java.base/java.util.ArrayList.forEach(ArrayList.java:1511)
	at java.base/java.util.concurrent.FutureTask.run(FutureTask.java:264)
	at java.base/java.util.concurrent.ThreadPoolExecutor.runWorker(ThreadPoolExecutor.java:1136)
	at java.base/java.util.concurrent.ThreadPoolExecutor$Worker.run(ThreadPoolExecutor.java:635)
	at java.base/java.lang.Thread.run(Thread.java:833)
... Removed 20 stack frames</div></td></tr></table><p class="totop"><a href="#summary">back to summary</a></p>
<h3 id="m37">com.dsalgo.tests.DSAlgoHomeSignInTest#ValidateGetStartedBeforeSignIn</h3><table class="result"><tr><th>Exception</th></tr><tr><td><div class="stacktrace">org.openqa.selenium.StaleElementReferenceException: stale element reference: element is not attached to the page document
  (Session info: MicrosoftEdge=105.0.1343.33)
For documentation on this error, please visit: https://selenium.dev/exceptions/#stale_element_reference
Build info: version: &apos;4.4.0&apos;, revision: &apos;e5c75ed026a&apos;
System info: host: &apos;DESKTOP-DIMGNTL&apos;, ip: &apos;10.53.192.85&apos;, os.name: &apos;Windows 10&apos;, os.arch: &apos;amd64&apos;, os.version: &apos;10.0&apos;, java.version: &apos;18.0.1&apos;
Driver info: org.openqa.selenium.edge.EdgeDriver
Command: [6e5a028db0b81a16a37f80005c371bba, clickElement {id=ad4291e9-70f6-4957-af36-714df4f3293b}]
Capabilities {acceptInsecureCerts: false, browserName: msedge, browserVersion: 105.0.1343.33, ms:edgeOptions: {debuggerAddress: localhost:57194}, msedge: {msedgedriverVersion: 104.0.1293.70 (6709c341bd06..., userDataDir: D:\Users\ppai2114\AppData\L...}, networkConnectionEnabled: false, pageLoadStrategy: normal, platformName: WINDOWS, proxy: Proxy(), se:cdp: ws://localhost:57194/devtoo..., se:cdpVersion: 105.0.1343.33, setWindowRect: true, strictFileInteractability: false, timeouts: {implicit: 0, pageLoad: 300000, script: 30000}, unhandledPromptBehavior: dismiss and notify, webauthn:extension:credBlob: true, webauthn:extension:largeBlob: true, webauthn:virtualAuthenticators: true}
Element: [[[[EdgeDriver: msedge on WINDOWS (6e5a028db0b81a16a37f80005c371bba)] -&gt; xpath: //h5]] -&gt; xpath: //h5[text()=&apos;Array&apos;]/following-sibling::a]
Session ID: 6e5a028db0b81a16a37f80005c371bba
	at org.openqa.selenium.remote.codec.w3c.W3CHttpResponseCodec.createException(W3CHttpResponseCodec.java:200)
	at org.openqa.selenium.remote.codec.w3c.W3CHttpResponseCodec.decode(W3CHttpResponseCodec.java:133)
	at org.openqa.selenium.remote.codec.w3c.W3CHttpResponseCodec.decode(W3CHttpResponseCodec.java:53)
	at org.openqa.selenium.remote.HttpCommandExecutor.execute(HttpCommandExecutor.java:184)
	at org.openqa.selenium.remote.service.DriverCommandExecutor.invokeExecute(DriverCommandExecutor.java:167)
	at org.openqa.selenium.remote.service.DriverCommandExecutor.execute(DriverCommandExecutor.java:142)
	at org.openqa.selenium.remote.RemoteWebDriver.execute(RemoteWebDriver.java:547)
	at org.openqa.selenium.remote.RemoteWebElement.execute(RemoteWebElement.java:257)
	at org.openqa.selenium.remote.RemoteWebElement.click(RemoteWebElement.java:78)
	at com.dsalgo.pages.HomePage.ClickGetStarted(HomePage.java:115)
	at com.dsalgo.pages.HomePage.GetStartedWithDataStructure(HomePage.java:102)
	at com.dsalgo.tests.DSAlgoHomeSignInTest.ValidateGetStartedBeforeSignIn(DSAlgoHomeSignInTest.java:114)
	at java.base/java.util.ArrayList.forEach(ArrayList.java:1511)
	at java.base/java.util.concurrent.FutureTask.run(FutureTask.java:264)
	at java.base/java.util.concurrent.ThreadPoolExecutor.runWorker(ThreadPoolExecutor.java:1136)
	at java.base/java.util.concurrent.ThreadPoolExecutor$Worker.run(ThreadPoolExecutor.java:635)
	at java.base/java.lang.Thread.run(Thread.java:833)
... Removed 18 stack frames</div></td></tr></table><p class="totop"><a href="#summary">back to summary</a></p>
<h3 id="m38">com.dsalgo.tests.DSAlgoHomeSignInTest#ValidateHomePageTitle</h3><table class="result"><tr><th>Exception</th></tr><tr><td><div class="stacktrace">java.lang.AssertionError: expected [Numpy Ninja] but found [NumpyNinja]
	at com.dsalgo.tests.DSAlgoHomeSignInTest.ValidateHomePageTitle(DSAlgoHomeSignInTest.java:81)
	at java.base/java.util.ArrayList.forEach(ArrayList.java:1511)
	at java.base/java.util.concurrent.FutureTask.run(FutureTask.java:264)
	at java.base/java.util.concurrent.ThreadPoolExecutor.runWorker(ThreadPoolExecutor.java:1136)
	at java.base/java.util.concurrent.ThreadPoolExecutor$Worker.run(ThreadPoolExecutor.java:635)
	at java.base/java.lang.Thread.run(Thread.java:833)
... Removed 21 stack frames</div></td></tr></table><p class="totop"><a href="#summary">back to summary</a></p>
<h3 id="m39">com.dsalgo.tests.DSAlgoHomeSignInTest#VerifyDSValuesinDropDownBeforeSignIn</h3><table class="result"><tr><th>Exception</th></tr><tr><td><div class="stacktrace">org.openqa.selenium.StaleElementReferenceException: stale element reference: element is not attached to the page document
  (Session info: MicrosoftEdge=105.0.1343.33)
For documentation on this error, please visit: https://selenium.dev/exceptions/#stale_element_reference
Build info: version: &apos;4.4.0&apos;, revision: &apos;e5c75ed026a&apos;
System info: host: &apos;DESKTOP-DIMGNTL&apos;, ip: &apos;10.53.192.85&apos;, os.name: &apos;Windows 10&apos;, os.arch: &apos;amd64&apos;, os.version: &apos;10.0&apos;, java.version: &apos;18.0.1&apos;
Driver info: org.openqa.selenium.edge.EdgeDriver
Command: [6e5a028db0b81a16a37f80005c371bba, getElementAttribute {id=b3743cfd-ebea-410c-b208-d9daa514c19c, name=textContent}]
Capabilities {acceptInsecureCerts: false, browserName: msedge, browserVersion: 105.0.1343.33, ms:edgeOptions: {debuggerAddress: localhost:57194}, msedge: {msedgedriverVersion: 104.0.1293.70 (6709c341bd06..., userDataDir: D:\Users\ppai2114\AppData\L...}, networkConnectionEnabled: false, pageLoadStrategy: normal, platformName: WINDOWS, proxy: Proxy(), se:cdp: ws://localhost:57194/devtoo..., se:cdpVersion: 105.0.1343.33, setWindowRect: true, strictFileInteractability: false, timeouts: {implicit: 0, pageLoad: 300000, script: 30000}, unhandledPromptBehavior: dismiss and notify, webauthn:extension:credBlob: true, webauthn:extension:largeBlob: true, webauthn:virtualAuthenticators: true}
Element: [[EdgeDriver: msedge on WINDOWS (6e5a028db0b81a16a37f80005c371bba)] -&gt; css selector: .dropdown-item]
Session ID: 6e5a028db0b81a16a37f80005c371bba
	at org.openqa.selenium.remote.codec.w3c.W3CHttpResponseCodec.createException(W3CHttpResponseCodec.java:200)
	at org.openqa.selenium.remote.codec.w3c.W3CHttpResponseCodec.decode(W3CHttpResponseCodec.java:133)
	at org.openqa.selenium.remote.codec.w3c.W3CHttpResponseCodec.decode(W3CHttpResponseCodec.java:53)
	at org.openqa.selenium.remote.HttpCommandExecutor.execute(HttpCommandExecutor.java:184)
	at org.openqa.selenium.remote.service.DriverCommandExecutor.invokeExecute(DriverCommandExecutor.java:167)
	at org.openqa.selenium.remote.service.DriverCommandExecutor.execute(DriverCommandExecutor.java:142)
	at org.openqa.selenium.remote.RemoteWebDriver.execute(RemoteWebDriver.java:547)
	at org.openqa.selenium.remote.RemoteWebElement.execute(RemoteWebElement.java:257)
	at org.openqa.selenium.remote.RemoteWebElement.getAttribute(RemoteWebElement.java:158)
	at com.dsalgo.pages.HomePage.lambda$0(HomePage.java:70)
	at java.base/java.util.stream.ReferencePipeline$3$1.accept(ReferencePipeline.java:197)
	at java.base/java.util.ArrayList$ArrayListSpliterator.forEachRemaining(ArrayList.java:1625)
	at java.base/java.util.stream.AbstractPipeline.copyInto(AbstractPipeline.java:509)
	at java.base/java.util.stream.AbstractPipeline.wrapAndCopyInto(AbstractPipeline.java:499)
	at java.base/java.util.stream.ReduceOps$ReduceOp.evaluateSequential(ReduceOps.java:921)
	at java.base/java.util.stream.AbstractPipeline.evaluate(AbstractPipeline.java:234)
	at java.base/java.util.stream.ReferencePipeline.collect(ReferencePipeline.java:682)
	at com.dsalgo.pages.HomePage.GetDataStructureList(HomePage.java:71)
	at com.dsalgo.tests.DSAlgoHomeSignInTest.VerifyDSValuesinDropDownBeforeSignIn(DSAlgoHomeSignInTest.java:88)
	at java.base/java.util.ArrayList.forEach(ArrayList.java:1511)
	at java.base/java.util.concurrent.FutureTask.run(FutureTask.java:264)
	at java.base/java.util.concurrent.ThreadPoolExecutor.runWorker(ThreadPoolExecutor.java:1136)
	at java.base/java.util.concurrent.ThreadPoolExecutor$Worker.run(ThreadPoolExecutor.java:635)
	at java.base/java.lang.Thread.run(Thread.java:833)
... Removed 18 stack frames</div></td></tr></table><p class="totop"><a href="#summary">back to summary</a></p>
<h3 id="m40">com.dsalgo.tests.DSAlgoArrayTest#ValidateScriptExecution</h3><table class="result"><tr><th>Exception</th></tr><tr><td><div class="stacktrace">java.lang.Throwable: Method com.dsalgo.tests.DSAlgoArrayTest.ValidateScriptExecution() on instance com.dsalgo.tests.DSAlgoArrayTest@4ce25e47 depends on not successfully finished methods 
[com.dsalgo.tests.DSAlgoArrayTest.VerifyArrayTopicsLinks() on instance com.dsalgo.tests.DSAlgoArrayTest@4ce25e47]
	at java.base/java.util.ArrayList.forEach(ArrayList.java:1511)
	at java.base/java.util.concurrent.FutureTask.run(FutureTask.java:264)
	at java.base/java.util.concurrent.ThreadPoolExecutor.runWorker(ThreadPoolExecutor.java:1136)
	at java.base/java.util.concurrent.ThreadPoolExecutor$Worker.run(ThreadPoolExecutor.java:635)
	at java.base/java.lang.Thread.run(Thread.java:833)
... Removed 8 stack frames</div></td></tr></table><p class="totop"><a href="#summary">back to summary</a></p>
<h3 id="m41">com.dsalgo.tests.DSAlgoArrayTest#VerifyArrayPageTitle</h3><table class="result"><tr><th>Exception</th></tr><tr><td><div class="stacktrace">java.lang.Throwable: Method DSAlgoArrayTest.VerifyArrayPageTitle()[pri:0, instance:com.dsalgo.tests.DSAlgoArrayTest@4ce25e47] depends on not successfully finished methods in group &quot;successfullRegistration&quot;
	at java.base/java.util.ArrayList.forEach(ArrayList.java:1511)
	at java.base/java.util.concurrent.FutureTask.run(FutureTask.java:264)
	at java.base/java.util.concurrent.ThreadPoolExecutor.runWorker(ThreadPoolExecutor.java:1136)
	at java.base/java.util.concurrent.ThreadPoolExecutor$Worker.run(ThreadPoolExecutor.java:635)
	at java.base/java.lang.Thread.run(Thread.java:833)
... Removed 8 stack frames</div></td></tr></table><p class="totop"><a href="#summary">back to summary</a></p>
<h3 id="m42">com.dsalgo.tests.DSAlgoArrayTest#VerifyArrayTopicsLinks</h3><table class="result"><tr><th>Exception</th></tr><tr><td><div class="stacktrace">java.lang.Throwable: Method com.dsalgo.tests.DSAlgoArrayTest.VerifyArrayTopicsLinks() on instance com.dsalgo.tests.DSAlgoArrayTest@4ce25e47 depends on not successfully finished methods 
[com.dsalgo.tests.DSAlgoArrayTest.VerifyArrayPageTitle() on instance com.dsalgo.tests.DSAlgoArrayTest@4ce25e47]
	at java.base/java.util.ArrayList.forEach(ArrayList.java:1511)
	at java.base/java.util.concurrent.FutureTask.run(FutureTask.java:264)
	at java.base/java.util.concurrent.ThreadPoolExecutor.runWorker(ThreadPoolExecutor.java:1136)
	at java.base/java.util.concurrent.ThreadPoolExecutor$Worker.run(ThreadPoolExecutor.java:635)
	at java.base/java.lang.Thread.run(Thread.java:833)
... Removed 8 stack frames</div></td></tr></table><p class="totop"><a href="#summary">back to summary</a></p>
<h3 id="m43">com.dsalgo.tests.DSAlgoGraphTest#ValidateScriptExecution</h3><table class="result"><tr><th>Exception</th></tr><tr><td><div class="stacktrace">java.lang.Throwable: Method com.dsalgo.tests.DSAlgoGraphTest.ValidateScriptExecution() on instance com.dsalgo.tests.DSAlgoGraphTest@6380e9e9 depends on not successfully finished methods 
[com.dsalgo.tests.DSAlgoGraphTest.VerifyGraphTopicsLinks() on instance com.dsalgo.tests.DSAlgoGraphTest@6380e9e9]
	at java.base/java.util.ArrayList.forEach(ArrayList.java:1511)
	at java.base/java.util.concurrent.FutureTask.run(FutureTask.java:264)
	at java.base/java.util.concurrent.ThreadPoolExecutor.runWorker(ThreadPoolExecutor.java:1136)
	at java.base/java.util.concurrent.ThreadPoolExecutor$Worker.run(ThreadPoolExecutor.java:635)
	at java.base/java.lang.Thread.run(Thread.java:833)
... Removed 8 stack frames</div></td></tr></table><p class="totop"><a href="#summary">back to summary</a></p>
<h3 id="m44">com.dsalgo.tests.DSAlgoGraphTest#VerifyGraphPageTitle</h3><table class="result"><tr><th>Exception</th></tr><tr><td><div class="stacktrace">java.lang.Throwable: Method DSAlgoGraphTest.VerifyGraphPageTitle()[pri:0, instance:com.dsalgo.tests.DSAlgoGraphTest@6380e9e9] depends on not successfully finished methods in group &quot;successfullRegistration&quot;
	at java.base/java.util.ArrayList.forEach(ArrayList.java:1511)
	at java.base/java.util.concurrent.FutureTask.run(FutureTask.java:264)
	at java.base/java.util.concurrent.ThreadPoolExecutor.runWorker(ThreadPoolExecutor.java:1136)
	at java.base/java.util.concurrent.ThreadPoolExecutor$Worker.run(ThreadPoolExecutor.java:635)
	at java.base/java.lang.Thread.run(Thread.java:833)
... Removed 8 stack frames</div></td></tr></table><p class="totop"><a href="#summary">back to summary</a></p>
<h3 id="m45">com.dsalgo.tests.DSAlgoGraphTest#VerifyGraphTopicsLinks</h3><table class="result"><tr><th>Exception</th></tr><tr><td><div class="stacktrace">java.lang.Throwable: Method com.dsalgo.tests.DSAlgoGraphTest.VerifyGraphTopicsLinks() on instance com.dsalgo.tests.DSAlgoGraphTest@6380e9e9 depends on not successfully finished methods 
[com.dsalgo.tests.DSAlgoGraphTest.VerifyGraphPageTitle() on instance com.dsalgo.tests.DSAlgoGraphTest@6380e9e9]
	at java.base/java.util.ArrayList.forEach(ArrayList.java:1511)
	at java.base/java.util.concurrent.FutureTask.run(FutureTask.java:264)
	at java.base/java.util.concurrent.ThreadPoolExecutor.runWorker(ThreadPoolExecutor.java:1136)
	at java.base/java.util.concurrent.ThreadPoolExecutor$Worker.run(ThreadPoolExecutor.java:635)
	at java.base/java.lang.Thread.run(Thread.java:833)
... Removed 8 stack frames</div></td></tr></table><p class="totop"><a href="#summary">back to summary</a></p>
<h3 id="m46">com.dsalgo.tests.DSAlgoHomeSignInTest#RegisterSignInUser</h3><table class="result"><tr><th>Exception</th></tr><tr><td><div class="stacktrace">java.lang.Throwable: Method com.dsalgo.tests.DSAlgoHomeSignInTest.RegisterSignInUser() on instance com.dsalgo.tests.DSAlgoHomeSignInTest@350da119 depends on not successfully finished methods 
[com.dsalgo.tests.DSAlgoHomeSignInTest.ValidateFailedSignInScenarios() on instance com.dsalgo.tests.DSAlgoHomeSignInTest@350da119]
	at java.base/java.util.ArrayList.forEach(ArrayList.java:1511)
	at java.base/java.util.concurrent.FutureTask.run(FutureTask.java:264)
	at java.base/java.util.concurrent.ThreadPoolExecutor.runWorker(ThreadPoolExecutor.java:1136)
	at java.base/java.util.concurrent.ThreadPoolExecutor$Worker.run(ThreadPoolExecutor.java:635)
	at java.base/java.lang.Thread.run(Thread.java:833)
... Removed 8 stack frames</div></td></tr></table><p class="totop"><a href="#summary">back to summary</a></p>
<h3 id="m47">com.dsalgo.tests.DSAlgoHomeSignInTest#ValidateFailedSignInScenarios</h3><table class="result"><tr><th>Exception</th></tr><tr><td><div class="stacktrace">java.lang.Throwable: Method DSAlgoHomeSignInTest.ValidateFailedSignInScenarios()[pri:0, instance:com.dsalgo.tests.DSAlgoHomeSignInTest@350da119] depends on not successfully finished methods in group &quot;BeforeSignIn&quot;
	at java.base/java.util.ArrayList.forEach(ArrayList.java:1511)
	at java.base/java.util.concurrent.FutureTask.run(FutureTask.java:264)
	at java.base/java.util.concurrent.ThreadPoolExecutor.runWorker(ThreadPoolExecutor.java:1136)
	at java.base/java.util.concurrent.ThreadPoolExecutor$Worker.run(ThreadPoolExecutor.java:635)
	at java.base/java.lang.Thread.run(Thread.java:833)
... Removed 8 stack frames</div></td></tr></table><p class="totop"><a href="#summary">back to summary</a></p>
<h3 id="m48">com.dsalgo.tests.DSAlgoIntroTest#ValidateScriptExecution</h3><table class="result"><tr><th>Exception</th></tr><tr><td><div class="stacktrace">java.lang.Throwable: Method com.dsalgo.tests.DSAlgoIntroTest.ValidateScriptExecution() on instance com.dsalgo.tests.DSAlgoIntroTest@6a09484c depends on not successfully finished methods 
[com.dsalgo.tests.DSAlgoIntroTest.VerifyIntroTopicsLinks() on instance com.dsalgo.tests.DSAlgoIntroTest@6a09484c]
	at java.base/java.util.ArrayList.forEach(ArrayList.java:1511)
	at java.base/java.util.concurrent.FutureTask.run(FutureTask.java:264)
	at java.base/java.util.concurrent.ThreadPoolExecutor.runWorker(ThreadPoolExecutor.java:1136)
	at java.base/java.util.concurrent.ThreadPoolExecutor$Worker.run(ThreadPoolExecutor.java:635)
	at java.base/java.lang.Thread.run(Thread.java:833)
... Removed 8 stack frames</div></td></tr></table><p class="totop"><a href="#summary">back to summary</a></p>
<h3 id="m49">com.dsalgo.tests.DSAlgoIntroTest#VerifyIntroPageTitle</h3><table class="result"><tr><th>Exception</th></tr><tr><td><div class="stacktrace">java.lang.Throwable: Method DSAlgoIntroTest.VerifyIntroPageTitle()[pri:0, instance:com.dsalgo.tests.DSAlgoIntroTest@6a09484c] depends on not successfully finished methods in group &quot;successfullRegistration&quot;
	at java.base/java.util.ArrayList.forEach(ArrayList.java:1511)
	at java.base/java.util.concurrent.FutureTask.run(FutureTask.java:264)
	at java.base/java.util.concurrent.ThreadPoolExecutor.runWorker(ThreadPoolExecutor.java:1136)
	at java.base/java.util.concurrent.ThreadPoolExecutor$Worker.run(ThreadPoolExecutor.java:635)
	at java.base/java.lang.Thread.run(Thread.java:833)
... Removed 8 stack frames</div></td></tr></table><p class="totop"><a href="#summary">back to summary</a></p>
<h3 id="m50">com.dsalgo.tests.DSAlgoIntroTest#VerifyIntroTopicsLinks</h3><table class="result"><tr><th>Exception</th></tr><tr><td><div class="stacktrace">java.lang.Throwable: Method com.dsalgo.tests.DSAlgoIntroTest.VerifyIntroTopicsLinks() on instance com.dsalgo.tests.DSAlgoIntroTest@6a09484c depends on not successfully finished methods 
[com.dsalgo.tests.DSAlgoIntroTest.VerifyIntroPageTitle() on instance com.dsalgo.tests.DSAlgoIntroTest@6a09484c]
	at java.base/java.util.ArrayList.forEach(ArrayList.java:1511)
	at java.base/java.util.concurrent.FutureTask.run(FutureTask.java:264)
	at java.base/java.util.concurrent.ThreadPoolExecutor.runWorker(ThreadPoolExecutor.java:1136)
	at java.base/java.util.concurrent.ThreadPoolExecutor$Worker.run(ThreadPoolExecutor.java:635)
	at java.base/java.lang.Thread.run(Thread.java:833)
... Removed 8 stack frames</div></td></tr></table><p class="totop"><a href="#summary">back to summary</a></p>
<h3 id="m51">com.dsalgo.tests.DSAlgoLinkedListTest#ValidateScriptExecution</h3><table class="result"><tr><th>Exception</th></tr><tr><td><div class="stacktrace">java.lang.Throwable: Method com.dsalgo.tests.DSAlgoLinkedListTest.ValidateScriptExecution() on instance com.dsalgo.tests.DSAlgoLinkedListTest@34c7232c depends on not successfully finished methods 
[com.dsalgo.tests.DSAlgoLinkedListTest.VerifyLinkedListTopicsLinks() on instance com.dsalgo.tests.DSAlgoLinkedListTest@34c7232c]
	at java.base/java.util.ArrayList.forEach(ArrayList.java:1511)
	at java.base/java.util.concurrent.FutureTask.run(FutureTask.java:264)
	at java.base/java.util.concurrent.ThreadPoolExecutor.runWorker(ThreadPoolExecutor.java:1136)
	at java.base/java.util.concurrent.ThreadPoolExecutor$Worker.run(ThreadPoolExecutor.java:635)
	at java.base/java.lang.Thread.run(Thread.java:833)
... Removed 8 stack frames</div></td></tr></table><p class="totop"><a href="#summary">back to summary</a></p>
<h3 id="m52">com.dsalgo.tests.DSAlgoLinkedListTest#VerifyLinkedListPageTitle</h3><table class="result"><tr><th>Exception</th></tr><tr><td><div class="stacktrace">java.lang.Throwable: Method DSAlgoLinkedListTest.VerifyLinkedListPageTitle()[pri:0, instance:com.dsalgo.tests.DSAlgoLinkedListTest@34c7232c] depends on not successfully finished methods in group &quot;successfullRegistration&quot;
	at java.base/java.util.ArrayList.forEach(ArrayList.java:1511)
	at java.base/java.util.concurrent.FutureTask.run(FutureTask.java:264)
	at java.base/java.util.concurrent.ThreadPoolExecutor.runWorker(ThreadPoolExecutor.java:1136)
	at java.base/java.util.concurrent.ThreadPoolExecutor$Worker.run(ThreadPoolExecutor.java:635)
	at java.base/java.lang.Thread.run(Thread.java:833)
... Removed 8 stack frames</div></td></tr></table><p class="totop"><a href="#summary">back to summary</a></p>
<h3 id="m53">com.dsalgo.tests.DSAlgoLinkedListTest#VerifyLinkedListTopicsLinks</h3><table class="result"><tr><th>Exception</th></tr><tr><td><div class="stacktrace">java.lang.Throwable: Method com.dsalgo.tests.DSAlgoLinkedListTest.VerifyLinkedListTopicsLinks() on instance com.dsalgo.tests.DSAlgoLinkedListTest@34c7232c depends on not successfully finished methods 
[com.dsalgo.tests.DSAlgoLinkedListTest.VerifyLinkedListPageTitle() on instance com.dsalgo.tests.DSAlgoLinkedListTest@34c7232c]
	at java.base/java.util.ArrayList.forEach(ArrayList.java:1511)
	at java.base/java.util.concurrent.FutureTask.run(FutureTask.java:264)
	at java.base/java.util.concurrent.ThreadPoolExecutor.runWorker(ThreadPoolExecutor.java:1136)
	at java.base/java.util.concurrent.ThreadPoolExecutor$Worker.run(ThreadPoolExecutor.java:635)
	at java.base/java.lang.Thread.run(Thread.java:833)
... Removed 8 stack frames</div></td></tr></table><p class="totop"><a href="#summary">back to summary</a></p>
<h3 id="m54">com.dsalgo.tests.DSAlgoQueueTest#ValidateScriptExecution</h3><table class="result"><tr><th>Exception</th></tr><tr><td><div class="stacktrace">java.lang.Throwable: Method com.dsalgo.tests.DSAlgoQueueTest.ValidateScriptExecution() on instance com.dsalgo.tests.DSAlgoQueueTest@50ec4bfc depends on not successfully finished methods 
[com.dsalgo.tests.DSAlgoQueueTest.VerifyQueueTopicsLinks() on instance com.dsalgo.tests.DSAlgoQueueTest@50ec4bfc]
	at java.base/java.util.ArrayList.forEach(ArrayList.java:1511)
	at java.base/java.util.concurrent.FutureTask.run(FutureTask.java:264)
	at java.base/java.util.concurrent.ThreadPoolExecutor.runWorker(ThreadPoolExecutor.java:1136)
	at java.base/java.util.concurrent.ThreadPoolExecutor$Worker.run(ThreadPoolExecutor.java:635)
	at java.base/java.lang.Thread.run(Thread.java:833)
... Removed 8 stack frames</div></td></tr></table><p class="totop"><a href="#summary">back to summary</a></p>
<h3 id="m55">com.dsalgo.tests.DSAlgoQueueTest#VerifyQueuePageTitle</h3><table class="result"><tr><th>Exception</th></tr><tr><td><div class="stacktrace">java.lang.Throwable: Method DSAlgoQueueTest.VerifyQueuePageTitle()[pri:0, instance:com.dsalgo.tests.DSAlgoQueueTest@50ec4bfc] depends on not successfully finished methods in group &quot;successfullRegistration&quot;
	at java.base/java.util.ArrayList.forEach(ArrayList.java:1511)
	at java.base/java.util.concurrent.FutureTask.run(FutureTask.java:264)
	at java.base/java.util.concurrent.ThreadPoolExecutor.runWorker(ThreadPoolExecutor.java:1136)
	at java.base/java.util.concurrent.ThreadPoolExecutor$Worker.run(ThreadPoolExecutor.java:635)
	at java.base/java.lang.Thread.run(Thread.java:833)
... Removed 8 stack frames</div></td></tr></table><p class="totop"><a href="#summary">back to summary</a></p>
<h3 id="m56">com.dsalgo.tests.DSAlgoQueueTest#VerifyQueueTopicsLinks</h3><table class="result"><tr><th>Exception</th></tr><tr><td><div class="stacktrace">java.lang.Throwable: Method com.dsalgo.tests.DSAlgoQueueTest.VerifyQueueTopicsLinks() on instance com.dsalgo.tests.DSAlgoQueueTest@50ec4bfc depends on not successfully finished methods 
[com.dsalgo.tests.DSAlgoQueueTest.VerifyQueuePageTitle() on instance com.dsalgo.tests.DSAlgoQueueTest@50ec4bfc]
	at java.base/java.util.ArrayList.forEach(ArrayList.java:1511)
	at java.base/java.util.concurrent.FutureTask.run(FutureTask.java:264)
	at java.base/java.util.concurrent.ThreadPoolExecutor.runWorker(ThreadPoolExecutor.java:1136)
	at java.base/java.util.concurrent.ThreadPoolExecutor$Worker.run(ThreadPoolExecutor.java:635)
	at java.base/java.lang.Thread.run(Thread.java:833)
... Removed 8 stack frames</div></td></tr></table><p class="totop"><a href="#summary">back to summary</a></p>
<h3 id="m57">com.dsalgo.tests.DSAlgoStackTest#ValidateScriptExecution</h3><table class="result"><tr><th>Exception</th></tr><tr><td><div class="stacktrace">java.lang.Throwable: Method com.dsalgo.tests.DSAlgoStackTest.ValidateScriptExecution() on instance com.dsalgo.tests.DSAlgoStackTest@8b13d91 depends on not successfully finished methods 
[com.dsalgo.tests.DSAlgoStackTest.VerifyStackTopicsLinks() on instance com.dsalgo.tests.DSAlgoStackTest@8b13d91]
	at java.base/java.util.ArrayList.forEach(ArrayList.java:1511)
	at java.base/java.util.concurrent.FutureTask.run(FutureTask.java:264)
	at java.base/java.util.concurrent.ThreadPoolExecutor.runWorker(ThreadPoolExecutor.java:1136)
	at java.base/java.util.concurrent.ThreadPoolExecutor$Worker.run(ThreadPoolExecutor.java:635)
	at java.base/java.lang.Thread.run(Thread.java:833)
... Removed 8 stack frames</div></td></tr></table><p class="totop"><a href="#summary">back to summary</a></p>
<h3 id="m58">com.dsalgo.tests.DSAlgoStackTest#VerifyStackPageTitle</h3><table class="result"><tr><th>Exception</th></tr><tr><td><div class="stacktrace">java.lang.Throwable: Method DSAlgoStackTest.VerifyStackPageTitle()[pri:0, instance:com.dsalgo.tests.DSAlgoStackTest@8b13d91] depends on not successfully finished methods in group &quot;successfullRegistration&quot;
	at java.base/java.util.ArrayList.forEach(ArrayList.java:1511)
	at java.base/java.util.concurrent.FutureTask.run(FutureTask.java:264)
	at java.base/java.util.concurrent.ThreadPoolExecutor.runWorker(ThreadPoolExecutor.java:1136)
	at java.base/java.util.concurrent.ThreadPoolExecutor$Worker.run(ThreadPoolExecutor.java:635)
	at java.base/java.lang.Thread.run(Thread.java:833)
... Removed 8 stack frames</div></td></tr></table><p class="totop"><a href="#summary">back to summary</a></p>
<h3 id="m59">com.dsalgo.tests.DSAlgoStackTest#VerifyStackTopicsLinks</h3><table class="result"><tr><th>Exception</th></tr><tr><td><div class="stacktrace">java.lang.Throwable: Method com.dsalgo.tests.DSAlgoStackTest.VerifyStackTopicsLinks() on instance com.dsalgo.tests.DSAlgoStackTest@8b13d91 depends on not successfully finished methods 
[com.dsalgo.tests.DSAlgoStackTest.VerifyStackPageTitle() on instance com.dsalgo.tests.DSAlgoStackTest@8b13d91]
	at java.base/java.util.ArrayList.forEach(ArrayList.java:1511)
	at java.base/java.util.concurrent.FutureTask.run(FutureTask.java:264)
	at java.base/java.util.concurrent.ThreadPoolExecutor.runWorker(ThreadPoolExecutor.java:1136)
	at java.base/java.util.concurrent.ThreadPoolExecutor$Worker.run(ThreadPoolExecutor.java:635)
	at java.base/java.lang.Thread.run(Thread.java:833)
... Removed 8 stack frames</div></td></tr></table><p class="totop"><a href="#summary">back to summary</a></p>
<h3 id="m60">com.dsalgo.tests.DSAlgoTreeTest#ValidateScriptExecution</h3><table class="result"><tr><th>Exception</th></tr><tr><td><div class="stacktrace">java.lang.Throwable: Method com.dsalgo.tests.DSAlgoTreeTest.ValidateScriptExecution() on instance com.dsalgo.tests.DSAlgoTreeTest@285a4fe3 depends on not successfully finished methods 
[com.dsalgo.tests.DSAlgoTreeTest.VerifyTreeTopicsLinks() on instance com.dsalgo.tests.DSAlgoTreeTest@285a4fe3]
	at java.base/java.util.ArrayList.forEach(ArrayList.java:1511)
	at java.base/java.util.concurrent.FutureTask.run(FutureTask.java:264)
	at java.base/java.util.concurrent.ThreadPoolExecutor.runWorker(ThreadPoolExecutor.java:1136)
	at java.base/java.util.concurrent.ThreadPoolExecutor$Worker.run(ThreadPoolExecutor.java:635)
	at java.base/java.lang.Thread.run(Thread.java:833)
... Removed 8 stack frames</div></td></tr></table><p class="totop"><a href="#summary">back to summary</a></p>
<h3 id="m61">com.dsalgo.tests.DSAlgoTreeTest#VerifyTreePageTitle</h3><table class="result"><tr><th>Exception</th></tr><tr><td><div class="stacktrace">java.lang.Throwable: Method DSAlgoTreeTest.VerifyTreePageTitle()[pri:0, instance:com.dsalgo.tests.DSAlgoTreeTest@285a4fe3] depends on not successfully finished methods in group &quot;successfullRegistration&quot;
	at java.base/java.util.ArrayList.forEach(ArrayList.java:1511)
	at java.base/java.util.concurrent.FutureTask.run(FutureTask.java:264)
	at java.base/java.util.concurrent.ThreadPoolExecutor.runWorker(ThreadPoolExecutor.java:1136)
	at java.base/java.util.concurrent.ThreadPoolExecutor$Worker.run(ThreadPoolExecutor.java:635)
	at java.base/java.lang.Thread.run(Thread.java:833)
... Removed 8 stack frames</div></td></tr></table><p class="totop"><a href="#summary">back to summary</a></p>
<h3 id="m62">com.dsalgo.tests.DSAlgoTreeTest#VerifyTreeTopicsLinks</h3><table class="result"><tr><th>Exception</th></tr><tr><td><div class="stacktrace">java.lang.Throwable: Method com.dsalgo.tests.DSAlgoTreeTest.VerifyTreeTopicsLinks() on instance com.dsalgo.tests.DSAlgoTreeTest@285a4fe3 depends on not successfully finished methods 
[com.dsalgo.tests.DSAlgoTreeTest.VerifyTreePageTitle() on instance com.dsalgo.tests.DSAlgoTreeTest@285a4fe3]
	at java.base/java.util.ArrayList.forEach(ArrayList.java:1511)
	at java.base/java.util.concurrent.FutureTask.run(FutureTask.java:264)
	at java.base/java.util.concurrent.ThreadPoolExecutor.runWorker(ThreadPoolExecutor.java:1136)
	at java.base/java.util.concurrent.ThreadPoolExecutor$Worker.run(ThreadPoolExecutor.java:635)
	at java.base/java.lang.Thread.run(Thread.java:833)
... Removed 8 stack frames</div></td></tr></table><p class="totop"><a href="#summary">back to summary</a></p>
<h3 id="m63">com.dsalgo.tests.DSAlgoHomeSignInTest#NavigateToHomePage</h3><table class="result"><tr><th class="invisible"/></tr></table><p class="totop"><a href="#summary">back to summary</a></p>
</body>
</html>
