<?xml version="1.0" encoding="UTF-8"?>
<testng-results ignored="0" total="56" passed="1" failed="5" skipped="50">
  <reporter-output>
  </reporter-output>
  <suite started-at="2022-09-15T19:59:30 EDT" name="DSAlgoSuite" finished-at="2022-09-15T19:59:52 EDT" duration-ms="21984">
    <groups>
      <group name="successfullRegistration">
        <method signature="DSAlgoHomeSignInTest.RegisterSignInUser()[pri:0, instance:com.dsalgo.tests.DSAlgoHomeSignInTest@36224f93]" name="RegisterSignInUser" class="com.dsalgo.tests.DSAlgoHomeSignInTest"/>
        <method signature="DSAlgoHomeSignInTest.RegisterSignInUser()[pri:0, instance:com.dsalgo.tests.DSAlgoHomeSignInTest@350da119]" name="RegisterSignInUser" class="com.dsalgo.tests.DSAlgoHomeSignInTest"/>
      </group> <!-- successfullRegistration -->
      <group name="BeforeSignIn">
        <method signature="DSAlgoHomeSignInTest.ValidateDropdownBeforeSignIn()[pri:0, instance:com.dsalgo.tests.DSAlgoHomeSignInTest@36224f93]" name="ValidateDropdownBeforeSignIn" class="com.dsalgo.tests.DSAlgoHomeSignInTest"/>
        <method signature="DSAlgoHomeSignInTest.ValidateGetStartedBeforeSignIn()[pri:0, instance:com.dsalgo.tests.DSAlgoHomeSignInTest@36224f93]" name="ValidateGetStartedBeforeSignIn" class="com.dsalgo.tests.DSAlgoHomeSignInTest"/>
        <method signature="DSAlgoHomeSignInTest.VerifyDSValuesinDropDownBeforeSignIn()[pri:0, instance:com.dsalgo.tests.DSAlgoHomeSignInTest@36224f93]" name="VerifyDSValuesinDropDownBeforeSignIn" class="com.dsalgo.tests.DSAlgoHomeSignInTest"/>
        <method signature="DSAlgoHomeSignInTest.ValidateDropdownBeforeSignIn()[pri:0, instance:com.dsalgo.tests.DSAlgoHomeSignInTest@350da119]" name="ValidateDropdownBeforeSignIn" class="com.dsalgo.tests.DSAlgoHomeSignInTest"/>
        <method signature="DSAlgoHomeSignInTest.ValidateGetStartedBeforeSignIn()[pri:0, instance:com.dsalgo.tests.DSAlgoHomeSignInTest@350da119]" name="ValidateGetStartedBeforeSignIn" class="com.dsalgo.tests.DSAlgoHomeSignInTest"/>
        <method signature="DSAlgoHomeSignInTest.VerifyDSValuesinDropDownBeforeSignIn()[pri:0, instance:com.dsalgo.tests.DSAlgoHomeSignInTest@350da119]" name="VerifyDSValuesinDropDownBeforeSignIn" class="com.dsalgo.tests.DSAlgoHomeSignInTest"/>
      </group> <!-- BeforeSignIn -->
    </groups>
    <test started-at="2022-09-15T19:59:30 EDT" name="ChromeTest" finished-at="2022-09-15T19:59:51 EDT" duration-ms="21136">
      <class name="com.dsalgo.tests.DSAlgoQueueTest">
        <test-method is-config="true" signature="setup()[pri:0, instance:com.dsalgo.tests.DSAlgoQueueTest@563ccd31]" started-at="2022-09-15T19:59:49 EDT" name="setup" finished-at="2022-09-15T19:59:50 EDT" duration-ms="288" status="FAIL">
          <exception class="org.openqa.selenium.StaleElementReferenceException">
            <message>
              <![CDATA[stale element reference: element is not attached to the page document
  (Session info: MicrosoftEdge=105.0.1343.33)
For documentation on this error, please visit: https://selenium.dev/exceptions/#stale_element_reference
Build info: version: '4.4.0', revision: 'e5c75ed026a'
System info: host: 'DESKTOP-DIMGNTL', ip: '10.53.192.85', os.name: 'Windows 10', os.arch: 'amd64', os.version: '10.0', java.version: '18.0.1'
Driver info: org.openqa.selenium.edge.EdgeDriver
Command: [6e5a028db0b81a16a37f80005c371bba, clickElement {id=7c30010b-be6a-49fe-82e5-e59b39bd31cc}]
Capabilities {acceptInsecureCerts: false, browserName: msedge, browserVersion: 105.0.1343.33, ms:edgeOptions: {debuggerAddress: localhost:57194}, msedge: {msedgedriverVersion: 104.0.1293.70 (6709c341bd06..., userDataDir: D:\Users\ppai2114\AppData\L...}, networkConnectionEnabled: false, pageLoadStrategy: normal, platformName: WINDOWS, proxy: Proxy(), se:cdp: ws://localhost:57194/devtoo..., se:cdpVersion: 105.0.1343.33, setWindowRect: true, strictFileInteractability: false, timeouts: {implicit: 0, pageLoad: 300000, script: 30000}, unhandledPromptBehavior: dismiss and notify, webauthn:extension:credBlob: true, webauthn:extension:largeBlob: true, webauthn:virtualAuthenticators: true}
Element: [[[[EdgeDriver: msedge on WINDOWS (6e5a028db0b81a16a37f80005c371bba)] -> xpath: //h5]] -> xpath: //h5[text()='Queue']/following-sibling::a]
Session ID: 6e5a028db0b81a16a37f80005c371bba]]>
            </message>
            <full-stacktrace>
              <![CDATA[org.openqa.selenium.StaleElementReferenceException: stale element reference: element is not attached to the page document
  (Session info: MicrosoftEdge=105.0.1343.33)
For documentation on this error, please visit: https://selenium.dev/exceptions/#stale_element_reference
Build info: version: '4.4.0', revision: 'e5c75ed026a'
System info: host: 'DESKTOP-DIMGNTL', ip: '10.53.192.85', os.name: 'Windows 10', os.arch: 'amd64', os.version: '10.0', java.version: '18.0.1'
Driver info: org.openqa.selenium.edge.EdgeDriver
Command: [6e5a028db0b81a16a37f80005c371bba, clickElement {id=7c30010b-be6a-49fe-82e5-e59b39bd31cc}]
Capabilities {acceptInsecureCerts: false, browserName: msedge, browserVersion: 105.0.1343.33, ms:edgeOptions: {debuggerAddress: localhost:57194}, msedge: {msedgedriverVersion: 104.0.1293.70 (6709c341bd06..., userDataDir: D:\Users\ppai2114\AppData\L...}, networkConnectionEnabled: false, pageLoadStrategy: normal, platformName: WINDOWS, proxy: Proxy(), se:cdp: ws://localhost:57194/devtoo..., se:cdpVersion: 105.0.1343.33, setWindowRect: true, strictFileInteractability: false, timeouts: {implicit: 0, pageLoad: 300000, script: 30000}, unhandledPromptBehavior: dismiss and notify, webauthn:extension:credBlob: true, webauthn:extension:largeBlob: true, webauthn:virtualAuthenticators: true}
Element: [[[[EdgeDriver: msedge on WINDOWS (6e5a028db0b81a16a37f80005c371bba)] -> xpath: //h5]] -> xpath: //h5[text()='Queue']/following-sibling::a]
Session ID: 6e5a028db0b81a16a37f80005c371bba
at java.base/jdk.internal.reflect.DirectConstructorHandleAccessor.newInstance(DirectConstructorHandleAccessor.java:67)
at java.base/java.lang.reflect.Constructor.newInstanceWithCaller(Constructor.java:499)
at java.base/java.lang.reflect.Constructor.newInstance(Constructor.java:483)
at org.openqa.selenium.remote.codec.w3c.W3CHttpResponseCodec.createException(W3CHttpResponseCodec.java:200)
at org.openqa.selenium.remote.codec.w3c.W3CHttpResponseCodec.decode(W3CHttpResponseCodec.java:133)
at org.openqa.selenium.remote.codec.w3c.W3CHttpResponseCodec.decode(W3CHttpResponseCodec.java:53)
at org.openqa.selenium.remote.HttpCommandExecutor.execute(HttpCommandExecutor.java:184)
at org.openqa.selenium.remote.service.DriverCommandExecutor.invokeExecute(DriverCommandExecutor.java:167)
at org.openqa.selenium.remote.service.DriverCommandExecutor.execute(DriverCommandExecutor.java:142)
at org.openqa.selenium.remote.RemoteWebDriver.execute(RemoteWebDriver.java:547)
at org.openqa.selenium.remote.RemoteWebElement.execute(RemoteWebElement.java:257)
at org.openqa.selenium.remote.RemoteWebElement.click(RemoteWebElement.java:78)
at com.dsalgo.pages.HomePage.ClickGetStarted(HomePage.java:115)
at com.dsalgo.pages.HomePage.GetStarted(HomePage.java:77)
at com.dsalgo.tests.DSAlgoQueueTest.setup(DSAlgoQueueTest.java:36)
at java.base/jdk.internal.reflect.DirectMethodHandleAccessor.invoke(DirectMethodHandleAccessor.java:104)
at java.base/java.lang.reflect.Method.invoke(Method.java:577)
at org.testng.internal.invokers.MethodInvocationHelper.invokeMethod(MethodInvocationHelper.java:139)
at org.testng.internal.invokers.MethodInvocationHelper.invokeMethodConsideringTimeout(MethodInvocationHelper.java:69)
at org.testng.internal.invokers.ConfigInvoker.invokeConfigurationMethod(ConfigInvoker.java:361)
at org.testng.internal.invokers.ConfigInvoker.invokeConfigurations(ConfigInvoker.java:296)
at org.testng.internal.invokers.TestMethodWorker.invokeBeforeClassMethods(TestMethodWorker.java:180)
at org.testng.internal.invokers.TestMethodWorker.run(TestMethodWorker.java:122)
at java.base/java.util.ArrayList.forEach(ArrayList.java:1511)
at org.testng.TestRunner.privateRun(TestRunner.java:806)
at org.testng.TestRunner.run(TestRunner.java:601)
at org.testng.SuiteRunner.runTest(SuiteRunner.java:433)
at org.testng.SuiteRunner$SuiteWorker.run(SuiteRunner.java:471)
at org.testng.internal.thread.ThreadUtil.lambda$execute$0(ThreadUtil.java:58)
at java.base/java.util.concurrent.FutureTask.run(FutureTask.java:264)
at java.base/java.util.concurrent.ThreadPoolExecutor.runWorker(ThreadPoolExecutor.java:1136)
at java.base/java.util.concurrent.ThreadPoolExecutor$Worker.run(ThreadPoolExecutor.java:635)
at java.base/java.lang.Thread.run(Thread.java:833)
]]>
            </full-stacktrace>
          </exception> <!-- org.openqa.selenium.StaleElementReferenceException -->
          <reporter-output>
          </reporter-output>
        </test-method> <!-- setup -->
        <test-method signature="VerifyQueuePageTitle()[pri:0, instance:com.dsalgo.tests.DSAlgoQueueTest@563ccd31]" started-at="2022-09-15T19:59:50 EDT" name="VerifyQueuePageTitle" depends-on-groups="successfullRegistration" finished-at="2022-09-15T19:59:50 EDT" duration-ms="0" status="SKIP">
          <exception class="java.lang.Throwable">
            <message>
              <![CDATA[Method DSAlgoQueueTest.VerifyQueuePageTitle()[pri:0, instance:com.dsalgo.tests.DSAlgoQueueTest@563ccd31] depends on not successfully finished methods in group "successfullRegistration"]]>
            </message>
            <full-stacktrace>
              <![CDATA[java.lang.Throwable: Method DSAlgoQueueTest.VerifyQueuePageTitle()[pri:0, instance:com.dsalgo.tests.DSAlgoQueueTest@563ccd31] depends on not successfully finished methods in group "successfullRegistration"
at org.testng.internal.invokers.TestInvoker.invokeTestMethods(TestInvoker.java:150)
at org.testng.internal.invokers.TestMethodWorker.invokeTestMethods(TestMethodWorker.java:148)
at org.testng.internal.invokers.TestMethodWorker.run(TestMethodWorker.java:128)
at java.base/java.util.ArrayList.forEach(ArrayList.java:1511)
at org.testng.TestRunner.privateRun(TestRunner.java:806)
at org.testng.TestRunner.run(TestRunner.java:601)
at org.testng.SuiteRunner.runTest(SuiteRunner.java:433)
at org.testng.SuiteRunner$SuiteWorker.run(SuiteRunner.java:471)
at org.testng.internal.thread.ThreadUtil.lambda$execute$0(ThreadUtil.java:58)
at java.base/java.util.concurrent.FutureTask.run(FutureTask.java:264)
at java.base/java.util.concurrent.ThreadPoolExecutor.runWorker(ThreadPoolExecutor.java:1136)
at java.base/java.util.concurrent.ThreadPoolExecutor$Worker.run(ThreadPoolExecutor.java:635)
at java.base/java.lang.Thread.run(Thread.java:833)
]]>
            </full-stacktrace>
          </exception> <!-- java.lang.Throwable -->
          <reporter-output>
          </reporter-output>
        </test-method> <!-- VerifyQueuePageTitle -->
        <test-method signature="VerifyQueueTopicsLinks()[pri:0, instance:com.dsalgo.tests.DSAlgoQueueTest@563ccd31]" started-at="2022-09-15T19:59:50 EDT" name="VerifyQueueTopicsLinks" finished-at="2022-09-15T19:59:50 EDT" depends-on-methods="com.dsalgo.tests.DSAlgoQueueTest.VerifyQueuePageTitle" duration-ms="0" status="SKIP">
          <exception class="java.lang.Throwable">
            <message>
              <![CDATA[Method com.dsalgo.tests.DSAlgoQueueTest.VerifyQueueTopicsLinks() on instance com.dsalgo.tests.DSAlgoQueueTest@563ccd31 depends on not successfully finished methods 
[com.dsalgo.tests.DSAlgoQueueTest.VerifyQueuePageTitle() on instance com.dsalgo.tests.DSAlgoQueueTest@563ccd31]]]>
            </message>
            <full-stacktrace>
              <![CDATA[java.lang.Throwable: Method com.dsalgo.tests.DSAlgoQueueTest.VerifyQueueTopicsLinks() on instance com.dsalgo.tests.DSAlgoQueueTest@563ccd31 depends on not successfully finished methods 
[com.dsalgo.tests.DSAlgoQueueTest.VerifyQueuePageTitle() on instance com.dsalgo.tests.DSAlgoQueueTest@563ccd31]
at org.testng.internal.invokers.TestInvoker.invokeTestMethods(TestInvoker.java:150)
at org.testng.internal.invokers.TestMethodWorker.invokeTestMethods(TestMethodWorker.java:148)
at org.testng.internal.invokers.TestMethodWorker.run(TestMethodWorker.java:128)
at java.base/java.util.ArrayList.forEach(ArrayList.java:1511)
at org.testng.TestRunner.privateRun(TestRunner.java:806)
at org.testng.TestRunner.run(TestRunner.java:601)
at org.testng.SuiteRunner.runTest(SuiteRunner.java:433)
at org.testng.SuiteRunner$SuiteWorker.run(SuiteRunner.java:471)
at org.testng.internal.thread.ThreadUtil.lambda$execute$0(ThreadUtil.java:58)
at java.base/java.util.concurrent.FutureTask.run(FutureTask.java:264)
at java.base/java.util.concurrent.ThreadPoolExecutor.runWorker(ThreadPoolExecutor.java:1136)
at java.base/java.util.concurrent.ThreadPoolExecutor$Worker.run(ThreadPoolExecutor.java:635)
at java.base/java.lang.Thread.run(Thread.java:833)
]]>
            </full-stacktrace>
          </exception> <!-- java.lang.Throwable -->
          <reporter-output>
          </reporter-output>
        </test-method> <!-- VerifyQueueTopicsLinks -->
        <test-method signature="ValidateScriptExecution(java.lang.String,java.lang.String)[pri:0, instance:com.dsalgo.tests.DSAlgoQueueTest@563ccd31]" started-at="2022-09-15T19:59:50 EDT" name="ValidateScriptExecution" finished-at="2022-09-15T19:59:50 EDT" depends-on-methods="com.dsalgo.tests.DSAlgoQueueTest.VerifyQueueTopicsLinks" duration-ms="0" status="SKIP">
          <exception class="java.lang.Throwable">
            <message>
              <![CDATA[Method com.dsalgo.tests.DSAlgoQueueTest.ValidateScriptExecution() on instance com.dsalgo.tests.DSAlgoQueueTest@563ccd31 depends on not successfully finished methods 
[com.dsalgo.tests.DSAlgoQueueTest.VerifyQueueTopicsLinks() on instance com.dsalgo.tests.DSAlgoQueueTest@563ccd31]]]>
            </message>
            <full-stacktrace>
              <![CDATA[java.lang.Throwable: Method com.dsalgo.tests.DSAlgoQueueTest.ValidateScriptExecution() on instance com.dsalgo.tests.DSAlgoQueueTest@563ccd31 depends on not successfully finished methods 
[com.dsalgo.tests.DSAlgoQueueTest.VerifyQueueTopicsLinks() on instance com.dsalgo.tests.DSAlgoQueueTest@563ccd31]
at org.testng.internal.invokers.TestInvoker.invokeTestMethods(TestInvoker.java:150)
at org.testng.internal.invokers.TestMethodWorker.invokeTestMethods(TestMethodWorker.java:148)
at org.testng.internal.invokers.TestMethodWorker.run(TestMethodWorker.java:128)
at java.base/java.util.ArrayList.forEach(ArrayList.java:1511)
at org.testng.TestRunner.privateRun(TestRunner.java:806)
at org.testng.TestRunner.run(TestRunner.java:601)
at org.testng.SuiteRunner.runTest(SuiteRunner.java:433)
at org.testng.SuiteRunner$SuiteWorker.run(SuiteRunner.java:471)
at org.testng.internal.thread.ThreadUtil.lambda$execute$0(ThreadUtil.java:58)
at java.base/java.util.concurrent.FutureTask.run(FutureTask.java:264)
at java.base/java.util.concurrent.ThreadPoolExecutor.runWorker(ThreadPoolExecutor.java:1136)
at java.base/java.util.concurrent.ThreadPoolExecutor$Worker.run(ThreadPoolExecutor.java:635)
at java.base/java.lang.Thread.run(Thread.java:833)
]]>
            </full-stacktrace>
          </exception> <!-- java.lang.Throwable -->
          <reporter-output>
          </reporter-output>
        </test-method> <!-- ValidateScriptExecution -->
      </class> <!-- com.dsalgo.tests.DSAlgoQueueTest -->
      <class name="com.dsalgo.tests.DSAlgoIntroTest">
        <test-method is-config="true" signature="setup()[pri:0, instance:com.dsalgo.tests.DSAlgoIntroTest@1ee5632d]" started-at="2022-09-15T19:59:49 EDT" name="setup" finished-at="2022-09-15T19:59:49 EDT" duration-ms="272" status="FAIL">
          <exception class="org.openqa.selenium.StaleElementReferenceException">
            <message>
              <![CDATA[stale element reference: element is not attached to the page document
  (Session info: MicrosoftEdge=105.0.1343.33)
For documentation on this error, please visit: https://selenium.dev/exceptions/#stale_element_reference
Build info: version: '4.4.0', revision: 'e5c75ed026a'
System info: host: 'DESKTOP-DIMGNTL', ip: '10.53.192.85', os.name: 'Windows 10', os.arch: 'amd64', os.version: '10.0', java.version: '18.0.1'
Driver info: org.openqa.selenium.edge.EdgeDriver
Command: [6e5a028db0b81a16a37f80005c371bba, findChildElement {id=0e764bf6-777a-4f8d-a472-a99fc117aac6, using=xpath, value=//h5[text()='Data Structures-Introduction']/following-sibling::a}]
Capabilities {acceptInsecureCerts: false, browserName: msedge, browserVersion: 105.0.1343.33, ms:edgeOptions: {debuggerAddress: localhost:57194}, msedge: {msedgedriverVersion: 104.0.1293.70 (6709c341bd06..., userDataDir: D:\Users\ppai2114\AppData\L...}, networkConnectionEnabled: false, pageLoadStrategy: normal, platformName: WINDOWS, proxy: Proxy(), se:cdp: ws://localhost:57194/devtoo..., se:cdpVersion: 105.0.1343.33, setWindowRect: true, strictFileInteractability: false, timeouts: {implicit: 0, pageLoad: 300000, script: 30000}, unhandledPromptBehavior: dismiss and notify, webauthn:extension:credBlob: true, webauthn:extension:largeBlob: true, webauthn:virtualAuthenticators: true}
Session ID: 6e5a028db0b81a16a37f80005c371bba]]>
            </message>
            <full-stacktrace>
              <![CDATA[org.openqa.selenium.StaleElementReferenceException: stale element reference: element is not attached to the page document
  (Session info: MicrosoftEdge=105.0.1343.33)
For documentation on this error, please visit: https://selenium.dev/exceptions/#stale_element_reference
Build info: version: '4.4.0', revision: 'e5c75ed026a'
System info: host: 'DESKTOP-DIMGNTL', ip: '10.53.192.85', os.name: 'Windows 10', os.arch: 'amd64', os.version: '10.0', java.version: '18.0.1'
Driver info: org.openqa.selenium.edge.EdgeDriver
Command: [6e5a028db0b81a16a37f80005c371bba, findChildElement {id=0e764bf6-777a-4f8d-a472-a99fc117aac6, using=xpath, value=//h5[text()='Data Structures-Introduction']/following-sibling::a}]
Capabilities {acceptInsecureCerts: false, browserName: msedge, browserVersion: 105.0.1343.33, ms:edgeOptions: {debuggerAddress: localhost:57194}, msedge: {msedgedriverVersion: 104.0.1293.70 (6709c341bd06..., userDataDir: D:\Users\ppai2114\AppData\L...}, networkConnectionEnabled: false, pageLoadStrategy: normal, platformName: WINDOWS, proxy: Proxy(), se:cdp: ws://localhost:57194/devtoo..., se:cdpVersion: 105.0.1343.33, setWindowRect: true, strictFileInteractability: false, timeouts: {implicit: 0, pageLoad: 300000, script: 30000}, unhandledPromptBehavior: dismiss and notify, webauthn:extension:credBlob: true, webauthn:extension:largeBlob: true, webauthn:virtualAuthenticators: true}
Session ID: 6e5a028db0b81a16a37f80005c371bba
at java.base/jdk.internal.reflect.DirectConstructorHandleAccessor.newInstance(DirectConstructorHandleAccessor.java:67)
at java.base/java.lang.reflect.Constructor.newInstanceWithCaller(Constructor.java:499)
at java.base/java.lang.reflect.Constructor.newInstance(Constructor.java:483)
at org.openqa.selenium.remote.codec.w3c.W3CHttpResponseCodec.createException(W3CHttpResponseCodec.java:200)
at org.openqa.selenium.remote.codec.w3c.W3CHttpResponseCodec.decode(W3CHttpResponseCodec.java:133)
at org.openqa.selenium.remote.codec.w3c.W3CHttpResponseCodec.decode(W3CHttpResponseCodec.java:53)
at org.openqa.selenium.remote.HttpCommandExecutor.execute(HttpCommandExecutor.java:184)
at org.openqa.selenium.remote.service.DriverCommandExecutor.invokeExecute(DriverCommandExecutor.java:167)
at org.openqa.selenium.remote.service.DriverCommandExecutor.execute(DriverCommandExecutor.java:142)
at org.openqa.selenium.remote.RemoteWebDriver.execute(RemoteWebDriver.java:547)
at org.openqa.selenium.remote.ElementLocation$ElementFinder$2.findElement(ElementLocation.java:162)
at org.openqa.selenium.remote.ElementLocation.findElement(ElementLocation.java:60)
at org.openqa.selenium.remote.RemoteWebDriver.findElement(RemoteWebDriver.java:365)
at org.openqa.selenium.remote.RemoteWebElement.findElement(RemoteWebElement.java:227)
at com.dsalgo.pages.HomePage.lambda$3(HomePage.java:111)
at java.base/java.util.stream.ReferencePipeline$3$1.accept(ReferencePipeline.java:197)
at java.base/java.util.stream.ReferencePipeline$2$1.accept(ReferencePipeline.java:179)
at java.base/java.util.ArrayList$ArrayListSpliterator.tryAdvance(ArrayList.java:1602)
at java.base/java.util.stream.ReferencePipeline.forEachWithCancel(ReferencePipeline.java:129)
at java.base/java.util.stream.AbstractPipeline.copyIntoWithCancel(AbstractPipeline.java:527)
at java.base/java.util.stream.AbstractPipeline.copyInto(AbstractPipeline.java:513)
at java.base/java.util.stream.AbstractPipeline.wrapAndCopyInto(AbstractPipeline.java:499)
at java.base/java.util.stream.FindOps$FindOp.evaluateSequential(FindOps.java:150)
at java.base/java.util.stream.AbstractPipeline.evaluate(AbstractPipeline.java:234)
at java.base/java.util.stream.ReferencePipeline.findAny(ReferencePipeline.java:652)
at com.dsalgo.pages.HomePage.ClickGetStarted(HomePage.java:112)
at com.dsalgo.pages.HomePage.GetStarted(HomePage.java:77)
at com.dsalgo.tests.DSAlgoIntroTest.setup(DSAlgoIntroTest.java:36)
at java.base/jdk.internal.reflect.DirectMethodHandleAccessor.invoke(DirectMethodHandleAccessor.java:104)
at java.base/java.lang.reflect.Method.invoke(Method.java:577)
at org.testng.internal.invokers.MethodInvocationHelper.invokeMethod(MethodInvocationHelper.java:139)
at org.testng.internal.invokers.MethodInvocationHelper.invokeMethodConsideringTimeout(MethodInvocationHelper.java:69)
at org.testng.internal.invokers.ConfigInvoker.invokeConfigurationMethod(ConfigInvoker.java:361)
at org.testng.internal.invokers.ConfigInvoker.invokeConfigurations(ConfigInvoker.java:296)
at org.testng.internal.invokers.TestMethodWorker.invokeBeforeClassMethods(TestMethodWorker.java:180)
at org.testng.internal.invokers.TestMethodWorker.run(TestMethodWorker.java:122)
at java.base/java.util.ArrayList.forEach(ArrayList.java:1511)
at org.testng.TestRunner.privateRun(TestRunner.java:806)
at org.testng.TestRunner.run(TestRunner.java:601)
at org.testng.SuiteRunner.runTest(SuiteRunner.java:433)
at org.testng.SuiteRunner$SuiteWorker.run(SuiteRunner.java:471)
at org.testng.internal.thread.ThreadUtil.lambda$execute$0(ThreadUtil.java:58)
at java.base/java.util.concurrent.FutureTask.run(FutureTask.java:264)
at java.base/java.util.concurrent.ThreadPoolExecutor.runWorker(ThreadPoolExecutor.java:1136)
at java.base/java.util.concurrent.ThreadPoolExecutor$Worker.run(ThreadPoolExecutor.java:635)
at java.base/java.lang.Thread.run(Thread.java:833)
]]>
            </full-stacktrace>
          </exception> <!-- org.openqa.selenium.StaleElementReferenceException -->
          <reporter-output>
          </reporter-output>
        </test-method> <!-- setup -->
        <test-method signature="VerifyIntroPageTitle()[pri:0, instance:com.dsalgo.tests.DSAlgoIntroTest@1ee5632d]" started-at="2022-09-15T19:59:49 EDT" name="VerifyIntroPageTitle" depends-on-groups="successfullRegistration" finished-at="2022-09-15T19:59:49 EDT" duration-ms="1" status="SKIP">
          <exception class="java.lang.Throwable">
            <message>
              <![CDATA[Method DSAlgoIntroTest.VerifyIntroPageTitle()[pri:0, instance:com.dsalgo.tests.DSAlgoIntroTest@1ee5632d] depends on not successfully finished methods in group "successfullRegistration"]]>
            </message>
            <full-stacktrace>
              <![CDATA[java.lang.Throwable: Method DSAlgoIntroTest.VerifyIntroPageTitle()[pri:0, instance:com.dsalgo.tests.DSAlgoIntroTest@1ee5632d] depends on not successfully finished methods in group "successfullRegistration"
at org.testng.internal.invokers.TestInvoker.invokeTestMethods(TestInvoker.java:150)
at org.testng.internal.invokers.TestMethodWorker.invokeTestMethods(TestMethodWorker.java:148)
at org.testng.internal.invokers.TestMethodWorker.run(TestMethodWorker.java:128)
at java.base/java.util.ArrayList.forEach(ArrayList.java:1511)
at org.testng.TestRunner.privateRun(TestRunner.java:806)
at org.testng.TestRunner.run(TestRunner.java:601)
at org.testng.SuiteRunner.runTest(SuiteRunner.java:433)
at org.testng.SuiteRunner$SuiteWorker.run(SuiteRunner.java:471)
at org.testng.internal.thread.ThreadUtil.lambda$execute$0(ThreadUtil.java:58)
at java.base/java.util.concurrent.FutureTask.run(FutureTask.java:264)
at java.base/java.util.concurrent.ThreadPoolExecutor.runWorker(ThreadPoolExecutor.java:1136)
at java.base/java.util.concurrent.ThreadPoolExecutor$Worker.run(ThreadPoolExecutor.java:635)
at java.base/java.lang.Thread.run(Thread.java:833)
]]>
            </full-stacktrace>
          </exception> <!-- java.lang.Throwable -->
          <reporter-output>
          </reporter-output>
        </test-method> <!-- VerifyIntroPageTitle -->
        <test-method signature="VerifyIntroTopicsLinks()[pri:0, instance:com.dsalgo.tests.DSAlgoIntroTest@1ee5632d]" started-at="2022-09-15T19:59:49 EDT" name="VerifyIntroTopicsLinks" finished-at="2022-09-15T19:59:49 EDT" depends-on-methods="com.dsalgo.tests.DSAlgoIntroTest.VerifyIntroPageTitle" duration-ms="0" status="SKIP">
          <exception class="java.lang.Throwable">
            <message>
              <![CDATA[Method com.dsalgo.tests.DSAlgoIntroTest.VerifyIntroTopicsLinks() on instance com.dsalgo.tests.DSAlgoIntroTest@1ee5632d depends on not successfully finished methods 
[com.dsalgo.tests.DSAlgoIntroTest.VerifyIntroPageTitle() on instance com.dsalgo.tests.DSAlgoIntroTest@1ee5632d]]]>
            </message>
            <full-stacktrace>
              <![CDATA[java.lang.Throwable: Method com.dsalgo.tests.DSAlgoIntroTest.VerifyIntroTopicsLinks() on instance com.dsalgo.tests.DSAlgoIntroTest@1ee5632d depends on not successfully finished methods 
[com.dsalgo.tests.DSAlgoIntroTest.VerifyIntroPageTitle() on instance com.dsalgo.tests.DSAlgoIntroTest@1ee5632d]
at org.testng.internal.invokers.TestInvoker.invokeTestMethods(TestInvoker.java:150)
at org.testng.internal.invokers.TestMethodWorker.invokeTestMethods(TestMethodWorker.java:148)
at org.testng.internal.invokers.TestMethodWorker.run(TestMethodWorker.java:128)
at java.base/java.util.ArrayList.forEach(ArrayList.java:1511)
at org.testng.TestRunner.privateRun(TestRunner.java:806)
at org.testng.TestRunner.run(TestRunner.java:601)
at org.testng.SuiteRunner.runTest(SuiteRunner.java:433)
at org.testng.SuiteRunner$SuiteWorker.run(SuiteRunner.java:471)
at org.testng.internal.thread.ThreadUtil.lambda$execute$0(ThreadUtil.java:58)
at java.base/java.util.concurrent.FutureTask.run(FutureTask.java:264)
at java.base/java.util.concurrent.ThreadPoolExecutor.runWorker(ThreadPoolExecutor.java:1136)
at java.base/java.util.concurrent.ThreadPoolExecutor$Worker.run(ThreadPoolExecutor.java:635)
at java.base/java.lang.Thread.run(Thread.java:833)
]]>
            </full-stacktrace>
          </exception> <!-- java.lang.Throwable -->
          <reporter-output>
          </reporter-output>
        </test-method> <!-- VerifyIntroTopicsLinks -->
        <test-method signature="ValidateScriptExecution(java.lang.String,java.lang.String)[pri:0, instance:com.dsalgo.tests.DSAlgoIntroTest@1ee5632d]" started-at="2022-09-15T19:59:49 EDT" name="ValidateScriptExecution" finished-at="2022-09-15T19:59:49 EDT" depends-on-methods="com.dsalgo.tests.DSAlgoIntroTest.VerifyIntroTopicsLinks" duration-ms="1" status="SKIP">
          <exception class="java.lang.Throwable">
            <message>
              <![CDATA[Method com.dsalgo.tests.DSAlgoIntroTest.ValidateScriptExecution() on instance com.dsalgo.tests.DSAlgoIntroTest@1ee5632d depends on not successfully finished methods 
[com.dsalgo.tests.DSAlgoIntroTest.VerifyIntroTopicsLinks() on instance com.dsalgo.tests.DSAlgoIntroTest@1ee5632d]]]>
            </message>
            <full-stacktrace>
              <![CDATA[java.lang.Throwable: Method com.dsalgo.tests.DSAlgoIntroTest.ValidateScriptExecution() on instance com.dsalgo.tests.DSAlgoIntroTest@1ee5632d depends on not successfully finished methods 
[com.dsalgo.tests.DSAlgoIntroTest.VerifyIntroTopicsLinks() on instance com.dsalgo.tests.DSAlgoIntroTest@1ee5632d]
at org.testng.internal.invokers.TestInvoker.invokeTestMethods(TestInvoker.java:150)
at org.testng.internal.invokers.TestMethodWorker.invokeTestMethods(TestMethodWorker.java:148)
at org.testng.internal.invokers.TestMethodWorker.run(TestMethodWorker.java:128)
at java.base/java.util.ArrayList.forEach(ArrayList.java:1511)
at org.testng.TestRunner.privateRun(TestRunner.java:806)
at org.testng.TestRunner.run(TestRunner.java:601)
at org.testng.SuiteRunner.runTest(SuiteRunner.java:433)
at org.testng.SuiteRunner$SuiteWorker.run(SuiteRunner.java:471)
at org.testng.internal.thread.ThreadUtil.lambda$execute$0(ThreadUtil.java:58)
at java.base/java.util.concurrent.FutureTask.run(FutureTask.java:264)
at java.base/java.util.concurrent.ThreadPoolExecutor.runWorker(ThreadPoolExecutor.java:1136)
at java.base/java.util.concurrent.ThreadPoolExecutor$Worker.run(ThreadPoolExecutor.java:635)
at java.base/java.lang.Thread.run(Thread.java:833)
]]>
            </full-stacktrace>
          </exception> <!-- java.lang.Throwable -->
          <reporter-output>
          </reporter-output>
        </test-method> <!-- ValidateScriptExecution -->
      </class> <!-- com.dsalgo.tests.DSAlgoIntroTest -->
      <class name="com.dsalgo.tests.DSAlgoLinkedListTest">
        <test-method is-config="true" signature="setup()[pri:0, instance:com.dsalgo.tests.DSAlgoLinkedListTest@52a7928a]" started-at="2022-09-15T19:59:49 EDT" name="setup" finished-at="2022-09-15T19:59:49 EDT" duration-ms="392" status="FAIL">
          <exception class="org.openqa.selenium.StaleElementReferenceException">
            <message>
              <![CDATA[stale element reference: element is not attached to the page document
  (Session info: MicrosoftEdge=105.0.1343.33)
For documentation on this error, please visit: https://selenium.dev/exceptions/#stale_element_reference
Build info: version: '4.4.0', revision: 'e5c75ed026a'
System info: host: 'DESKTOP-DIMGNTL', ip: '10.53.192.85', os.name: 'Windows 10', os.arch: 'amd64', os.version: '10.0', java.version: '18.0.1'
Driver info: org.openqa.selenium.edge.EdgeDriver
Command: [6e5a028db0b81a16a37f80005c371bba, getElementAttribute {id=6b67bd44-931d-4db1-9e53-2de5f263bc9c, name=textContent}]
Capabilities {acceptInsecureCerts: false, browserName: msedge, browserVersion: 105.0.1343.33, ms:edgeOptions: {debuggerAddress: localhost:57194}, msedge: {msedgedriverVersion: 104.0.1293.70 (6709c341bd06..., userDataDir: D:\Users\ppai2114\AppData\L...}, networkConnectionEnabled: false, pageLoadStrategy: normal, platformName: WINDOWS, proxy: Proxy(), se:cdp: ws://localhost:57194/devtoo..., se:cdpVersion: 105.0.1343.33, setWindowRect: true, strictFileInteractability: false, timeouts: {implicit: 0, pageLoad: 300000, script: 30000}, unhandledPromptBehavior: dismiss and notify, webauthn:extension:credBlob: true, webauthn:extension:largeBlob: true, webauthn:virtualAuthenticators: true}
Element: [[EdgeDriver: msedge on WINDOWS (6e5a028db0b81a16a37f80005c371bba)] -> xpath: //h5]
Session ID: 6e5a028db0b81a16a37f80005c371bba]]>
            </message>
            <full-stacktrace>
              <![CDATA[org.openqa.selenium.StaleElementReferenceException: stale element reference: element is not attached to the page document
  (Session info: MicrosoftEdge=105.0.1343.33)
For documentation on this error, please visit: https://selenium.dev/exceptions/#stale_element_reference
Build info: version: '4.4.0', revision: 'e5c75ed026a'
System info: host: 'DESKTOP-DIMGNTL', ip: '10.53.192.85', os.name: 'Windows 10', os.arch: 'amd64', os.version: '10.0', java.version: '18.0.1'
Driver info: org.openqa.selenium.edge.EdgeDriver
Command: [6e5a028db0b81a16a37f80005c371bba, getElementAttribute {id=6b67bd44-931d-4db1-9e53-2de5f263bc9c, name=textContent}]
Capabilities {acceptInsecureCerts: false, browserName: msedge, browserVersion: 105.0.1343.33, ms:edgeOptions: {debuggerAddress: localhost:57194}, msedge: {msedgedriverVersion: 104.0.1293.70 (6709c341bd06..., userDataDir: D:\Users\ppai2114\AppData\L...}, networkConnectionEnabled: false, pageLoadStrategy: normal, platformName: WINDOWS, proxy: Proxy(), se:cdp: ws://localhost:57194/devtoo..., se:cdpVersion: 105.0.1343.33, setWindowRect: true, strictFileInteractability: false, timeouts: {implicit: 0, pageLoad: 300000, script: 30000}, unhandledPromptBehavior: dismiss and notify, webauthn:extension:credBlob: true, webauthn:extension:largeBlob: true, webauthn:virtualAuthenticators: true}
Element: [[EdgeDriver: msedge on WINDOWS (6e5a028db0b81a16a37f80005c371bba)] -> xpath: //h5]
Session ID: 6e5a028db0b81a16a37f80005c371bba
at java.base/jdk.internal.reflect.DirectConstructorHandleAccessor.newInstance(DirectConstructorHandleAccessor.java:67)
at java.base/java.lang.reflect.Constructor.newInstanceWithCaller(Constructor.java:499)
at java.base/java.lang.reflect.Constructor.newInstance(Constructor.java:483)
at org.openqa.selenium.remote.codec.w3c.W3CHttpResponseCodec.createException(W3CHttpResponseCodec.java:200)
at org.openqa.selenium.remote.codec.w3c.W3CHttpResponseCodec.decode(W3CHttpResponseCodec.java:133)
at org.openqa.selenium.remote.codec.w3c.W3CHttpResponseCodec.decode(W3CHttpResponseCodec.java:53)
at org.openqa.selenium.remote.HttpCommandExecutor.execute(HttpCommandExecutor.java:184)
at org.openqa.selenium.remote.service.DriverCommandExecutor.invokeExecute(DriverCommandExecutor.java:167)
at org.openqa.selenium.remote.service.DriverCommandExecutor.execute(DriverCommandExecutor.java:142)
at org.openqa.selenium.remote.RemoteWebDriver.execute(RemoteWebDriver.java:547)
at org.openqa.selenium.remote.RemoteWebElement.execute(RemoteWebElement.java:257)
at org.openqa.selenium.remote.RemoteWebElement.getAttribute(RemoteWebElement.java:158)
at com.dsalgo.pages.HomePage.lambda$2(HomePage.java:110)
at java.base/java.util.stream.ReferencePipeline$2$1.accept(ReferencePipeline.java:178)
at java.base/java.util.ArrayList$ArrayListSpliterator.tryAdvance(ArrayList.java:1602)
at java.base/java.util.stream.ReferencePipeline.forEachWithCancel(ReferencePipeline.java:129)
at java.base/java.util.stream.AbstractPipeline.copyIntoWithCancel(AbstractPipeline.java:527)
at java.base/java.util.stream.AbstractPipeline.copyInto(AbstractPipeline.java:513)
at java.base/java.util.stream.AbstractPipeline.wrapAndCopyInto(AbstractPipeline.java:499)
at java.base/java.util.stream.FindOps$FindOp.evaluateSequential(FindOps.java:150)
at java.base/java.util.stream.AbstractPipeline.evaluate(AbstractPipeline.java:234)
at java.base/java.util.stream.ReferencePipeline.findAny(ReferencePipeline.java:652)
at com.dsalgo.pages.HomePage.ClickGetStarted(HomePage.java:112)
at com.dsalgo.pages.HomePage.GetStarted(HomePage.java:77)
at com.dsalgo.tests.DSAlgoLinkedListTest.setup(DSAlgoLinkedListTest.java:35)
at java.base/jdk.internal.reflect.DirectMethodHandleAccessor.invoke(DirectMethodHandleAccessor.java:104)
at java.base/java.lang.reflect.Method.invoke(Method.java:577)
at org.testng.internal.invokers.MethodInvocationHelper.invokeMethod(MethodInvocationHelper.java:139)
at org.testng.internal.invokers.MethodInvocationHelper.invokeMethodConsideringTimeout(MethodInvocationHelper.java:69)
at org.testng.internal.invokers.ConfigInvoker.invokeConfigurationMethod(ConfigInvoker.java:361)
at org.testng.internal.invokers.ConfigInvoker.invokeConfigurations(ConfigInvoker.java:296)
at org.testng.internal.invokers.TestMethodWorker.invokeBeforeClassMethods(TestMethodWorker.java:180)
at org.testng.internal.invokers.TestMethodWorker.run(TestMethodWorker.java:122)
at java.base/java.util.ArrayList.forEach(ArrayList.java:1511)
at org.testng.TestRunner.privateRun(TestRunner.java:806)
at org.testng.TestRunner.run(TestRunner.java:601)
at org.testng.SuiteRunner.runTest(SuiteRunner.java:433)
at org.testng.SuiteRunner$SuiteWorker.run(SuiteRunner.java:471)
at org.testng.internal.thread.ThreadUtil.lambda$execute$0(ThreadUtil.java:58)
at java.base/java.util.concurrent.FutureTask.run(FutureTask.java:264)
at java.base/java.util.concurrent.ThreadPoolExecutor.runWorker(ThreadPoolExecutor.java:1136)
at java.base/java.util.concurrent.ThreadPoolExecutor$Worker.run(ThreadPoolExecutor.java:635)
at java.base/java.lang.Thread.run(Thread.java:833)
]]>
            </full-stacktrace>
          </exception> <!-- org.openqa.selenium.StaleElementReferenceException -->
          <reporter-output>
          </reporter-output>
        </test-method> <!-- setup -->
        <test-method signature="VerifyLinkedListPageTitle()[pri:0, instance:com.dsalgo.tests.DSAlgoLinkedListTest@52a7928a]" started-at="2022-09-15T19:59:49 EDT" name="VerifyLinkedListPageTitle" depends-on-groups="successfullRegistration" finished-at="2022-09-15T19:59:49 EDT" duration-ms="0" status="SKIP">
          <exception class="java.lang.Throwable">
            <message>
              <![CDATA[Method DSAlgoLinkedListTest.VerifyLinkedListPageTitle()[pri:0, instance:com.dsalgo.tests.DSAlgoLinkedListTest@52a7928a] depends on not successfully finished methods in group "successfullRegistration"]]>
            </message>
            <full-stacktrace>
              <![CDATA[java.lang.Throwable: Method DSAlgoLinkedListTest.VerifyLinkedListPageTitle()[pri:0, instance:com.dsalgo.tests.DSAlgoLinkedListTest@52a7928a] depends on not successfully finished methods in group "successfullRegistration"
at org.testng.internal.invokers.TestInvoker.invokeTestMethods(TestInvoker.java:150)
at org.testng.internal.invokers.TestMethodWorker.invokeTestMethods(TestMethodWorker.java:148)
at org.testng.internal.invokers.TestMethodWorker.run(TestMethodWorker.java:128)
at java.base/java.util.ArrayList.forEach(ArrayList.java:1511)
at org.testng.TestRunner.privateRun(TestRunner.java:806)
at org.testng.TestRunner.run(TestRunner.java:601)
at org.testng.SuiteRunner.runTest(SuiteRunner.java:433)
at org.testng.SuiteRunner$SuiteWorker.run(SuiteRunner.java:471)
at org.testng.internal.thread.ThreadUtil.lambda$execute$0(ThreadUtil.java:58)
at java.base/java.util.concurrent.FutureTask.run(FutureTask.java:264)
at java.base/java.util.concurrent.ThreadPoolExecutor.runWorker(ThreadPoolExecutor.java:1136)
at java.base/java.util.concurrent.ThreadPoolExecutor$Worker.run(ThreadPoolExecutor.java:635)
at java.base/java.lang.Thread.run(Thread.java:833)
]]>
            </full-stacktrace>
          </exception> <!-- java.lang.Throwable -->
          <reporter-output>
          </reporter-output>
        </test-method> <!-- VerifyLinkedListPageTitle -->
        <test-method signature="VerifyLinkedListTopicsLinks()[pri:0, instance:com.dsalgo.tests.DSAlgoLinkedListTest@52a7928a]" started-at="2022-09-15T19:59:49 EDT" name="VerifyLinkedListTopicsLinks" finished-at="2022-09-15T19:59:49 EDT" depends-on-methods="com.dsalgo.tests.DSAlgoLinkedListTest.VerifyLinkedListPageTitle" duration-ms="0" status="SKIP">
          <exception class="java.lang.Throwable">
            <message>
              <![CDATA[Method com.dsalgo.tests.DSAlgoLinkedListTest.VerifyLinkedListTopicsLinks() on instance com.dsalgo.tests.DSAlgoLinkedListTest@52a7928a depends on not successfully finished methods 
[com.dsalgo.tests.DSAlgoLinkedListTest.VerifyLinkedListPageTitle() on instance com.dsalgo.tests.DSAlgoLinkedListTest@52a7928a]]]>
            </message>
            <full-stacktrace>
              <![CDATA[java.lang.Throwable: Method com.dsalgo.tests.DSAlgoLinkedListTest.VerifyLinkedListTopicsLinks() on instance com.dsalgo.tests.DSAlgoLinkedListTest@52a7928a depends on not successfully finished methods 
[com.dsalgo.tests.DSAlgoLinkedListTest.VerifyLinkedListPageTitle() on instance com.dsalgo.tests.DSAlgoLinkedListTest@52a7928a]
at org.testng.internal.invokers.TestInvoker.invokeTestMethods(TestInvoker.java:150)
at org.testng.internal.invokers.TestMethodWorker.invokeTestMethods(TestMethodWorker.java:148)
at org.testng.internal.invokers.TestMethodWorker.run(TestMethodWorker.java:128)
at java.base/java.util.ArrayList.forEach(ArrayList.java:1511)
at org.testng.TestRunner.privateRun(TestRunner.java:806)
at org.testng.TestRunner.run(TestRunner.java:601)
at org.testng.SuiteRunner.runTest(SuiteRunner.java:433)
at org.testng.SuiteRunner$SuiteWorker.run(SuiteRunner.java:471)
at org.testng.internal.thread.ThreadUtil.lambda$execute$0(ThreadUtil.java:58)
at java.base/java.util.concurrent.FutureTask.run(FutureTask.java:264)
at java.base/java.util.concurrent.ThreadPoolExecutor.runWorker(ThreadPoolExecutor.java:1136)
at java.base/java.util.concurrent.ThreadPoolExecutor$Worker.run(ThreadPoolExecutor.java:635)
at java.base/java.lang.Thread.run(Thread.java:833)
]]>
            </full-stacktrace>
          </exception> <!-- java.lang.Throwable -->
          <reporter-output>
          </reporter-output>
        </test-method> <!-- VerifyLinkedListTopicsLinks -->
        <test-method signature="ValidateScriptExecution(java.lang.String,java.lang.String)[pri:0, instance:com.dsalgo.tests.DSAlgoLinkedListTest@52a7928a]" started-at="2022-09-15T19:59:49 EDT" name="ValidateScriptExecution" finished-at="2022-09-15T19:59:49 EDT" depends-on-methods="com.dsalgo.tests.DSAlgoLinkedListTest.VerifyLinkedListTopicsLinks" duration-ms="0" status="SKIP">
          <exception class="java.lang.Throwable">
            <message>
              <![CDATA[Method com.dsalgo.tests.DSAlgoLinkedListTest.ValidateScriptExecution() on instance com.dsalgo.tests.DSAlgoLinkedListTest@52a7928a depends on not successfully finished methods 
[com.dsalgo.tests.DSAlgoLinkedListTest.VerifyLinkedListTopicsLinks() on instance com.dsalgo.tests.DSAlgoLinkedListTest@52a7928a]]]>
            </message>
            <full-stacktrace>
              <![CDATA[java.lang.Throwable: Method com.dsalgo.tests.DSAlgoLinkedListTest.ValidateScriptExecution() on instance com.dsalgo.tests.DSAlgoLinkedListTest@52a7928a depends on not successfully finished methods 
[com.dsalgo.tests.DSAlgoLinkedListTest.VerifyLinkedListTopicsLinks() on instance com.dsalgo.tests.DSAlgoLinkedListTest@52a7928a]
at org.testng.internal.invokers.TestInvoker.invokeTestMethods(TestInvoker.java:150)
at org.testng.internal.invokers.TestMethodWorker.invokeTestMethods(TestMethodWorker.java:148)
at org.testng.internal.invokers.TestMethodWorker.run(TestMethodWorker.java:128)
at java.base/java.util.ArrayList.forEach(ArrayList.java:1511)
at org.testng.TestRunner.privateRun(TestRunner.java:806)
at org.testng.TestRunner.run(TestRunner.java:601)
at org.testng.SuiteRunner.runTest(SuiteRunner.java:433)
at org.testng.SuiteRunner$SuiteWorker.run(SuiteRunner.java:471)
at org.testng.internal.thread.ThreadUtil.lambda$execute$0(ThreadUtil.java:58)
at java.base/java.util.concurrent.FutureTask.run(FutureTask.java:264)
at java.base/java.util.concurrent.ThreadPoolExecutor.runWorker(ThreadPoolExecutor.java:1136)
at java.base/java.util.concurrent.ThreadPoolExecutor$Worker.run(ThreadPoolExecutor.java:635)
at java.base/java.lang.Thread.run(Thread.java:833)
]]>
            </full-stacktrace>
          </exception> <!-- java.lang.Throwable -->
          <reporter-output>
          </reporter-output>
        </test-method> <!-- ValidateScriptExecution -->
      </class> <!-- com.dsalgo.tests.DSAlgoLinkedListTest -->
      <class name="com.dsalgo.tests.DSAlgoHomeSignInTest">
        <test-method is-config="true" signature="setup(java.lang.String)[pri:0, instance:com.dsalgo.tests.DSAlgoHomeSignInTest@36224f93]" started-at="2022-09-15T19:59:30 EDT" name="setup" finished-at="2022-09-15T19:59:45 EDT" duration-ms="15457" status="PASS">
          <params>
            <param index="0">
              <value>
                <![CDATA[chrome]]>
              </value>
            </param>
          </params>
          <reporter-output>
          </reporter-output>
        </test-method> <!-- setup -->
        <test-method signature="NavigateToHomePage()[pri:0, instance:com.dsalgo.tests.DSAlgoHomeSignInTest@36224f93]" started-at="2022-09-15T19:59:45 EDT" name="NavigateToHomePage" finished-at="2022-09-15T19:59:47 EDT" duration-ms="1099" status="FAIL">
          <exception class="org.openqa.selenium.StaleElementReferenceException">
            <message>
              <![CDATA[stale element reference: element is not attached to the page document
  (Session info: MicrosoftEdge=105.0.1343.33)
For documentation on this error, please visit: https://selenium.dev/exceptions/#stale_element_reference
Build info: version: '4.4.0', revision: 'e5c75ed026a'
System info: host: 'DESKTOP-DIMGNTL', ip: '10.53.192.85', os.name: 'Windows 10', os.arch: 'amd64', os.version: '10.0', java.version: '18.0.1'
Driver info: org.openqa.selenium.edge.EdgeDriver
Command: [6e5a028db0b81a16a37f80005c371bba, clickElement {id=8d81026b-dfdc-4b88-84cc-3f21208357ce}]
Capabilities {acceptInsecureCerts: false, browserName: msedge, browserVersion: 105.0.1343.33, ms:edgeOptions: {debuggerAddress: localhost:57194}, msedge: {msedgedriverVersion: 104.0.1293.70 (6709c341bd06..., userDataDir: D:\Users\ppai2114\AppData\L...}, networkConnectionEnabled: false, pageLoadStrategy: normal, platformName: WINDOWS, proxy: Proxy(), se:cdp: ws://localhost:57194/devtoo..., se:cdpVersion: 105.0.1343.33, setWindowRect: true, strictFileInteractability: false, timeouts: {implicit: 0, pageLoad: 300000, script: 30000}, unhandledPromptBehavior: dismiss and notify, webauthn:extension:credBlob: true, webauthn:extension:largeBlob: true, webauthn:virtualAuthenticators: true}
Element: [[EdgeDriver: msedge on WINDOWS (6e5a028db0b81a16a37f80005c371bba)] -> class name: btn]
Session ID: 6e5a028db0b81a16a37f80005c371bba]]>
            </message>
            <full-stacktrace>
              <![CDATA[org.openqa.selenium.StaleElementReferenceException: stale element reference: element is not attached to the page document
  (Session info: MicrosoftEdge=105.0.1343.33)
For documentation on this error, please visit: https://selenium.dev/exceptions/#stale_element_reference
Build info: version: '4.4.0', revision: 'e5c75ed026a'
System info: host: 'DESKTOP-DIMGNTL', ip: '10.53.192.85', os.name: 'Windows 10', os.arch: 'amd64', os.version: '10.0', java.version: '18.0.1'
Driver info: org.openqa.selenium.edge.EdgeDriver
Command: [6e5a028db0b81a16a37f80005c371bba, clickElement {id=8d81026b-dfdc-4b88-84cc-3f21208357ce}]
Capabilities {acceptInsecureCerts: false, browserName: msedge, browserVersion: 105.0.1343.33, ms:edgeOptions: {debuggerAddress: localhost:57194}, msedge: {msedgedriverVersion: 104.0.1293.70 (6709c341bd06..., userDataDir: D:\Users\ppai2114\AppData\L...}, networkConnectionEnabled: false, pageLoadStrategy: normal, platformName: WINDOWS, proxy: Proxy(), se:cdp: ws://localhost:57194/devtoo..., se:cdpVersion: 105.0.1343.33, setWindowRect: true, strictFileInteractability: false, timeouts: {implicit: 0, pageLoad: 300000, script: 30000}, unhandledPromptBehavior: dismiss and notify, webauthn:extension:credBlob: true, webauthn:extension:largeBlob: true, webauthn:virtualAuthenticators: true}
Element: [[EdgeDriver: msedge on WINDOWS (6e5a028db0b81a16a37f80005c371bba)] -> class name: btn]
Session ID: 6e5a028db0b81a16a37f80005c371bba
at java.base/jdk.internal.reflect.DirectConstructorHandleAccessor.newInstance(DirectConstructorHandleAccessor.java:67)
at java.base/java.lang.reflect.Constructor.newInstanceWithCaller(Constructor.java:499)
at java.base/java.lang.reflect.Constructor.newInstance(Constructor.java:483)
at org.openqa.selenium.remote.codec.w3c.W3CHttpResponseCodec.createException(W3CHttpResponseCodec.java:200)
at org.openqa.selenium.remote.codec.w3c.W3CHttpResponseCodec.decode(W3CHttpResponseCodec.java:133)
at org.openqa.selenium.remote.codec.w3c.W3CHttpResponseCodec.decode(W3CHttpResponseCodec.java:53)
at org.openqa.selenium.remote.HttpCommandExecutor.execute(HttpCommandExecutor.java:184)
at org.openqa.selenium.remote.service.DriverCommandExecutor.invokeExecute(DriverCommandExecutor.java:167)
at org.openqa.selenium.remote.service.DriverCommandExecutor.execute(DriverCommandExecutor.java:142)
at org.openqa.selenium.remote.RemoteWebDriver.execute(RemoteWebDriver.java:547)
at org.openqa.selenium.remote.RemoteWebElement.execute(RemoteWebElement.java:257)
at org.openqa.selenium.remote.RemoteWebElement.click(RemoteWebElement.java:78)
at java.base/jdk.internal.reflect.DirectMethodHandleAccessor.invoke(DirectMethodHandleAccessor.java:104)
at java.base/java.lang.reflect.Method.invoke(Method.java:577)
at org.openqa.selenium.support.pagefactory.internal.LocatingElementHandler.invoke(LocatingElementHandler.java:52)
at jdk.proxy2/jdk.proxy2.$Proxy38.click(Unknown Source)
at com.dsalgo.pages.GetStartedPage.NavigateToHomePage(GetStartedPage.java:25)
at com.dsalgo.tests.DSAlgoHomeSignInTest.NavigateToHomePage(DSAlgoHomeSignInTest.java:67)
at java.base/jdk.internal.reflect.DirectMethodHandleAccessor.invoke(DirectMethodHandleAccessor.java:104)
at java.base/java.lang.reflect.Method.invoke(Method.java:577)
at org.testng.internal.invokers.MethodInvocationHelper.invokeMethod(MethodInvocationHelper.java:139)
at org.testng.internal.invokers.TestInvoker.invokeMethod(TestInvoker.java:677)
at org.testng.internal.invokers.TestInvoker.invokeTestMethod(TestInvoker.java:221)
at org.testng.internal.invokers.MethodRunner.runInSequence(MethodRunner.java:50)
at org.testng.internal.invokers.TestInvoker$MethodInvocationAgent.invoke(TestInvoker.java:962)
at org.testng.internal.invokers.TestInvoker.invokeTestMethods(TestInvoker.java:194)
at org.testng.internal.invokers.TestMethodWorker.invokeTestMethods(TestMethodWorker.java:148)
at org.testng.internal.invokers.TestMethodWorker.run(TestMethodWorker.java:128)
at java.base/java.util.ArrayList.forEach(ArrayList.java:1511)
at org.testng.TestRunner.privateRun(TestRunner.java:806)
at org.testng.TestRunner.run(TestRunner.java:601)
at org.testng.SuiteRunner.runTest(SuiteRunner.java:433)
at org.testng.SuiteRunner$SuiteWorker.run(SuiteRunner.java:471)
at org.testng.internal.thread.ThreadUtil.lambda$execute$0(ThreadUtil.java:58)
at java.base/java.util.concurrent.FutureTask.run(FutureTask.java:264)
at java.base/java.util.concurrent.ThreadPoolExecutor.runWorker(ThreadPoolExecutor.java:1136)
at java.base/java.util.concurrent.ThreadPoolExecutor$Worker.run(ThreadPoolExecutor.java:635)
at java.base/java.lang.Thread.run(Thread.java:833)
]]>
            </full-stacktrace>
          </exception> <!-- org.openqa.selenium.StaleElementReferenceException -->
          <reporter-output>
          </reporter-output>
        </test-method> <!-- NavigateToHomePage -->
        <test-method signature="ValidateDropdownBeforeSignIn()[pri:0, instance:com.dsalgo.tests.DSAlgoHomeSignInTest@36224f93]" started-at="2022-09-15T19:59:47 EDT" name="ValidateDropdownBeforeSignIn" finished-at="2022-09-15T19:59:47 EDT" depends-on-methods="com.dsalgo.tests.DSAlgoHomeSignInTest.NavigateToHomePage" duration-ms="0" status="SKIP">
          <exception class="java.lang.Throwable">
            <message>
              <![CDATA[Method com.dsalgo.tests.DSAlgoHomeSignInTest.ValidateDropdownBeforeSignIn() on instance com.dsalgo.tests.DSAlgoHomeSignInTest@36224f93 depends on not successfully finished methods 
[com.dsalgo.tests.DSAlgoHomeSignInTest.NavigateToHomePage() on instance com.dsalgo.tests.DSAlgoHomeSignInTest@36224f93]]]>
            </message>
            <full-stacktrace>
              <![CDATA[java.lang.Throwable: Method com.dsalgo.tests.DSAlgoHomeSignInTest.ValidateDropdownBeforeSignIn() on instance com.dsalgo.tests.DSAlgoHomeSignInTest@36224f93 depends on not successfully finished methods 
[com.dsalgo.tests.DSAlgoHomeSignInTest.NavigateToHomePage() on instance com.dsalgo.tests.DSAlgoHomeSignInTest@36224f93]
at org.testng.internal.invokers.TestInvoker.invokeTestMethods(TestInvoker.java:150)
at org.testng.internal.invokers.TestMethodWorker.invokeTestMethods(TestMethodWorker.java:148)
at org.testng.internal.invokers.TestMethodWorker.run(TestMethodWorker.java:128)
at java.base/java.util.ArrayList.forEach(ArrayList.java:1511)
at org.testng.TestRunner.privateRun(TestRunner.java:806)
at org.testng.TestRunner.run(TestRunner.java:601)
at org.testng.SuiteRunner.runTest(SuiteRunner.java:433)
at org.testng.SuiteRunner$SuiteWorker.run(SuiteRunner.java:471)
at org.testng.internal.thread.ThreadUtil.lambda$execute$0(ThreadUtil.java:58)
at java.base/java.util.concurrent.FutureTask.run(FutureTask.java:264)
at java.base/java.util.concurrent.ThreadPoolExecutor.runWorker(ThreadPoolExecutor.java:1136)
at java.base/java.util.concurrent.ThreadPoolExecutor$Worker.run(ThreadPoolExecutor.java:635)
at java.base/java.lang.Thread.run(Thread.java:833)
]]>
            </full-stacktrace>
          </exception> <!-- java.lang.Throwable -->
          <reporter-output>
          </reporter-output>
        </test-method> <!-- ValidateDropdownBeforeSignIn -->
        <test-method signature="ValidateGetStartedBeforeSignIn()[pri:0, instance:com.dsalgo.tests.DSAlgoHomeSignInTest@36224f93]" started-at="2022-09-15T19:59:47 EDT" name="ValidateGetStartedBeforeSignIn" finished-at="2022-09-15T19:59:47 EDT" depends-on-methods="com.dsalgo.tests.DSAlgoHomeSignInTest.NavigateToHomePage" duration-ms="1" status="SKIP">
          <exception class="java.lang.Throwable">
            <message>
              <![CDATA[Method com.dsalgo.tests.DSAlgoHomeSignInTest.ValidateGetStartedBeforeSignIn() on instance com.dsalgo.tests.DSAlgoHomeSignInTest@36224f93 depends on not successfully finished methods 
[com.dsalgo.tests.DSAlgoHomeSignInTest.NavigateToHomePage() on instance com.dsalgo.tests.DSAlgoHomeSignInTest@36224f93]]]>
            </message>
            <full-stacktrace>
              <![CDATA[java.lang.Throwable: Method com.dsalgo.tests.DSAlgoHomeSignInTest.ValidateGetStartedBeforeSignIn() on instance com.dsalgo.tests.DSAlgoHomeSignInTest@36224f93 depends on not successfully finished methods 
[com.dsalgo.tests.DSAlgoHomeSignInTest.NavigateToHomePage() on instance com.dsalgo.tests.DSAlgoHomeSignInTest@36224f93]
at org.testng.internal.invokers.TestInvoker.invokeTestMethods(TestInvoker.java:150)
at org.testng.internal.invokers.TestMethodWorker.invokeTestMethods(TestMethodWorker.java:148)
at org.testng.internal.invokers.TestMethodWorker.run(TestMethodWorker.java:128)
at java.base/java.util.ArrayList.forEach(ArrayList.java:1511)
at org.testng.TestRunner.privateRun(TestRunner.java:806)
at org.testng.TestRunner.run(TestRunner.java:601)
at org.testng.SuiteRunner.runTest(SuiteRunner.java:433)
at org.testng.SuiteRunner$SuiteWorker.run(SuiteRunner.java:471)
at org.testng.internal.thread.ThreadUtil.lambda$execute$0(ThreadUtil.java:58)
at java.base/java.util.concurrent.FutureTask.run(FutureTask.java:264)
at java.base/java.util.concurrent.ThreadPoolExecutor.runWorker(ThreadPoolExecutor.java:1136)
at java.base/java.util.concurrent.ThreadPoolExecutor$Worker.run(ThreadPoolExecutor.java:635)
at java.base/java.lang.Thread.run(Thread.java:833)
]]>
            </full-stacktrace>
          </exception> <!-- java.lang.Throwable -->
          <reporter-output>
          </reporter-output>
        </test-method> <!-- ValidateGetStartedBeforeSignIn -->
        <test-method signature="ValidateHomePageTitle()[pri:0, instance:com.dsalgo.tests.DSAlgoHomeSignInTest@36224f93]" started-at="2022-09-15T19:59:47 EDT" name="ValidateHomePageTitle" finished-at="2022-09-15T19:59:47 EDT" depends-on-methods="com.dsalgo.tests.DSAlgoHomeSignInTest.NavigateToHomePage" duration-ms="0" status="SKIP">
          <exception class="java.lang.Throwable">
            <message>
              <![CDATA[Method com.dsalgo.tests.DSAlgoHomeSignInTest.ValidateHomePageTitle() on instance com.dsalgo.tests.DSAlgoHomeSignInTest@36224f93 depends on not successfully finished methods 
[com.dsalgo.tests.DSAlgoHomeSignInTest.NavigateToHomePage() on instance com.dsalgo.tests.DSAlgoHomeSignInTest@36224f93]]]>
            </message>
            <full-stacktrace>
              <![CDATA[java.lang.Throwable: Method com.dsalgo.tests.DSAlgoHomeSignInTest.ValidateHomePageTitle() on instance com.dsalgo.tests.DSAlgoHomeSignInTest@36224f93 depends on not successfully finished methods 
[com.dsalgo.tests.DSAlgoHomeSignInTest.NavigateToHomePage() on instance com.dsalgo.tests.DSAlgoHomeSignInTest@36224f93]
at org.testng.internal.invokers.TestInvoker.invokeTestMethods(TestInvoker.java:150)
at org.testng.internal.invokers.TestMethodWorker.invokeTestMethods(TestMethodWorker.java:148)
at org.testng.internal.invokers.TestMethodWorker.run(TestMethodWorker.java:128)
at java.base/java.util.ArrayList.forEach(ArrayList.java:1511)
at org.testng.TestRunner.privateRun(TestRunner.java:806)
at org.testng.TestRunner.run(TestRunner.java:601)
at org.testng.SuiteRunner.runTest(SuiteRunner.java:433)
at org.testng.SuiteRunner$SuiteWorker.run(SuiteRunner.java:471)
at org.testng.internal.thread.ThreadUtil.lambda$execute$0(ThreadUtil.java:58)
at java.base/java.util.concurrent.FutureTask.run(FutureTask.java:264)
at java.base/java.util.concurrent.ThreadPoolExecutor.runWorker(ThreadPoolExecutor.java:1136)
at java.base/java.util.concurrent.ThreadPoolExecutor$Worker.run(ThreadPoolExecutor.java:635)
at java.base/java.lang.Thread.run(Thread.java:833)
]]>
            </full-stacktrace>
          </exception> <!-- java.lang.Throwable -->
          <reporter-output>
          </reporter-output>
        </test-method> <!-- ValidateHomePageTitle -->
        <test-method signature="VerifyDSValuesinDropDownBeforeSignIn()[pri:0, instance:com.dsalgo.tests.DSAlgoHomeSignInTest@36224f93]" started-at="2022-09-15T19:59:47 EDT" name="VerifyDSValuesinDropDownBeforeSignIn" finished-at="2022-09-15T19:59:47 EDT" depends-on-methods="com.dsalgo.tests.DSAlgoHomeSignInTest.NavigateToHomePage" duration-ms="0" status="SKIP">
          <exception class="java.lang.Throwable">
            <message>
              <![CDATA[Method com.dsalgo.tests.DSAlgoHomeSignInTest.VerifyDSValuesinDropDownBeforeSignIn() on instance com.dsalgo.tests.DSAlgoHomeSignInTest@36224f93 depends on not successfully finished methods 
[com.dsalgo.tests.DSAlgoHomeSignInTest.NavigateToHomePage() on instance com.dsalgo.tests.DSAlgoHomeSignInTest@36224f93]]]>
            </message>
            <full-stacktrace>
              <![CDATA[java.lang.Throwable: Method com.dsalgo.tests.DSAlgoHomeSignInTest.VerifyDSValuesinDropDownBeforeSignIn() on instance com.dsalgo.tests.DSAlgoHomeSignInTest@36224f93 depends on not successfully finished methods 
[com.dsalgo.tests.DSAlgoHomeSignInTest.NavigateToHomePage() on instance com.dsalgo.tests.DSAlgoHomeSignInTest@36224f93]
at org.testng.internal.invokers.TestInvoker.invokeTestMethods(TestInvoker.java:150)
at org.testng.internal.invokers.TestMethodWorker.invokeTestMethods(TestMethodWorker.java:148)
at org.testng.internal.invokers.TestMethodWorker.run(TestMethodWorker.java:128)
at java.base/java.util.ArrayList.forEach(ArrayList.java:1511)
at org.testng.TestRunner.privateRun(TestRunner.java:806)
at org.testng.TestRunner.run(TestRunner.java:601)
at org.testng.SuiteRunner.runTest(SuiteRunner.java:433)
at org.testng.SuiteRunner$SuiteWorker.run(SuiteRunner.java:471)
at org.testng.internal.thread.ThreadUtil.lambda$execute$0(ThreadUtil.java:58)
at java.base/java.util.concurrent.FutureTask.run(FutureTask.java:264)
at java.base/java.util.concurrent.ThreadPoolExecutor.runWorker(ThreadPoolExecutor.java:1136)
at java.base/java.util.concurrent.ThreadPoolExecutor$Worker.run(ThreadPoolExecutor.java:635)
at java.base/java.lang.Thread.run(Thread.java:833)
]]>
            </full-stacktrace>
          </exception> <!-- java.lang.Throwable -->
          <reporter-output>
          </reporter-output>
        </test-method> <!-- VerifyDSValuesinDropDownBeforeSignIn -->
        <test-method signature="ValidateFailedSignInScenarios()[pri:0, instance:com.dsalgo.tests.DSAlgoHomeSignInTest@36224f93]" started-at="2022-09-15T19:59:47 EDT" name="ValidateFailedSignInScenarios" depends-on-groups="BeforeSignIn" finished-at="2022-09-15T19:59:47 EDT" duration-ms="0" status="SKIP">
          <exception class="java.lang.Throwable">
            <message>
              <![CDATA[Method DSAlgoHomeSignInTest.ValidateFailedSignInScenarios()[pri:0, instance:com.dsalgo.tests.DSAlgoHomeSignInTest@36224f93] depends on not successfully finished methods in group "BeforeSignIn"]]>
            </message>
            <full-stacktrace>
              <![CDATA[java.lang.Throwable: Method DSAlgoHomeSignInTest.ValidateFailedSignInScenarios()[pri:0, instance:com.dsalgo.tests.DSAlgoHomeSignInTest@36224f93] depends on not successfully finished methods in group "BeforeSignIn"
at org.testng.internal.invokers.TestInvoker.invokeTestMethods(TestInvoker.java:150)
at org.testng.internal.invokers.TestMethodWorker.invokeTestMethods(TestMethodWorker.java:148)
at org.testng.internal.invokers.TestMethodWorker.run(TestMethodWorker.java:128)
at java.base/java.util.ArrayList.forEach(ArrayList.java:1511)
at org.testng.TestRunner.privateRun(TestRunner.java:806)
at org.testng.TestRunner.run(TestRunner.java:601)
at org.testng.SuiteRunner.runTest(SuiteRunner.java:433)
at org.testng.SuiteRunner$SuiteWorker.run(SuiteRunner.java:471)
at org.testng.internal.thread.ThreadUtil.lambda$execute$0(ThreadUtil.java:58)
at java.base/java.util.concurrent.FutureTask.run(FutureTask.java:264)
at java.base/java.util.concurrent.ThreadPoolExecutor.runWorker(ThreadPoolExecutor.java:1136)
at java.base/java.util.concurrent.ThreadPoolExecutor$Worker.run(ThreadPoolExecutor.java:635)
at java.base/java.lang.Thread.run(Thread.java:833)
]]>
            </full-stacktrace>
          </exception> <!-- java.lang.Throwable -->
          <reporter-output>
          </reporter-output>
        </test-method> <!-- ValidateFailedSignInScenarios -->
        <test-method signature="RegisterSignInUser()[pri:0, instance:com.dsalgo.tests.DSAlgoHomeSignInTest@36224f93]" started-at="2022-09-15T19:59:47 EDT" name="RegisterSignInUser" finished-at="2022-09-15T19:59:47 EDT" depends-on-methods="com.dsalgo.tests.DSAlgoHomeSignInTest.ValidateFailedSignInScenarios" duration-ms="1" status="SKIP">
          <exception class="java.lang.Throwable">
            <message>
              <![CDATA[Method com.dsalgo.tests.DSAlgoHomeSignInTest.RegisterSignInUser() on instance com.dsalgo.tests.DSAlgoHomeSignInTest@36224f93 depends on not successfully finished methods 
[com.dsalgo.tests.DSAlgoHomeSignInTest.ValidateFailedSignInScenarios() on instance com.dsalgo.tests.DSAlgoHomeSignInTest@36224f93]]]>
            </message>
            <full-stacktrace>
              <![CDATA[java.lang.Throwable: Method com.dsalgo.tests.DSAlgoHomeSignInTest.RegisterSignInUser() on instance com.dsalgo.tests.DSAlgoHomeSignInTest@36224f93 depends on not successfully finished methods 
[com.dsalgo.tests.DSAlgoHomeSignInTest.ValidateFailedSignInScenarios() on instance com.dsalgo.tests.DSAlgoHomeSignInTest@36224f93]
at org.testng.internal.invokers.TestInvoker.invokeTestMethods(TestInvoker.java:150)
at org.testng.internal.invokers.TestMethodWorker.invokeTestMethods(TestMethodWorker.java:148)
at org.testng.internal.invokers.TestMethodWorker.run(TestMethodWorker.java:128)
at java.base/java.util.ArrayList.forEach(ArrayList.java:1511)
at org.testng.TestRunner.privateRun(TestRunner.java:806)
at org.testng.TestRunner.run(TestRunner.java:601)
at org.testng.SuiteRunner.runTest(SuiteRunner.java:433)
at org.testng.SuiteRunner$SuiteWorker.run(SuiteRunner.java:471)
at org.testng.internal.thread.ThreadUtil.lambda$execute$0(ThreadUtil.java:58)
at java.base/java.util.concurrent.FutureTask.run(FutureTask.java:264)
at java.base/java.util.concurrent.ThreadPoolExecutor.runWorker(ThreadPoolExecutor.java:1136)
at java.base/java.util.concurrent.ThreadPoolExecutor$Worker.run(ThreadPoolExecutor.java:635)
at java.base/java.lang.Thread.run(Thread.java:833)
]]>
            </full-stacktrace>
          </exception> <!-- java.lang.Throwable -->
          <reporter-output>
          </reporter-output>
        </test-method> <!-- RegisterSignInUser -->
        <test-method is-config="true" signature="tearDown()[pri:0, instance:com.dsalgo.tests.DSAlgoHomeSignInTest@36224f93]" started-at="2022-09-15T19:59:51 EDT" name="tearDown" finished-at="2022-09-15T19:59:51 EDT" duration-ms="193" status="FAIL">
          <exception class="org.openqa.selenium.NoSuchElementException">
            <message>
              <![CDATA[no such element: Unable to locate element: {"method":"link text","selector":"Sign out"}
  (Session info: MicrosoftEdge=105.0.1343.33)
For documentation on this error, please visit: https://selenium.dev/exceptions/#no_such_element
Build info: version: '4.4.0', revision: 'e5c75ed026a'
System info: host: 'DESKTOP-DIMGNTL', ip: '10.53.192.85', os.name: 'Windows 10', os.arch: 'amd64', os.version: '10.0', java.version: '18.0.1'
Driver info: org.openqa.selenium.edge.EdgeDriver
Command: [6e5a028db0b81a16a37f80005c371bba, findElement {using=link text, value=Sign out}]
Capabilities {acceptInsecureCerts: false, browserName: msedge, browserVersion: 105.0.1343.33, ms:edgeOptions: {debuggerAddress: localhost:57194}, msedge: {msedgedriverVersion: 104.0.1293.70 (6709c341bd06..., userDataDir: D:\Users\ppai2114\AppData\L...}, networkConnectionEnabled: false, pageLoadStrategy: normal, platformName: WINDOWS, proxy: Proxy(), se:cdp: ws://localhost:57194/devtoo..., se:cdpVersion: 105.0.1343.33, setWindowRect: true, strictFileInteractability: false, timeouts: {implicit: 0, pageLoad: 300000, script: 30000}, unhandledPromptBehavior: dismiss and notify, webauthn:extension:credBlob: true, webauthn:extension:largeBlob: true, webauthn:virtualAuthenticators: true}
Session ID: 6e5a028db0b81a16a37f80005c371bba]]>
            </message>
            <full-stacktrace>
              <![CDATA[org.openqa.selenium.NoSuchElementException: no such element: Unable to locate element: {"method":"link text","selector":"Sign out"}
  (Session info: MicrosoftEdge=105.0.1343.33)
For documentation on this error, please visit: https://selenium.dev/exceptions/#no_such_element
Build info: version: '4.4.0', revision: 'e5c75ed026a'
System info: host: 'DESKTOP-DIMGNTL', ip: '10.53.192.85', os.name: 'Windows 10', os.arch: 'amd64', os.version: '10.0', java.version: '18.0.1'
Driver info: org.openqa.selenium.edge.EdgeDriver
Command: [6e5a028db0b81a16a37f80005c371bba, findElement {using=link text, value=Sign out}]
Capabilities {acceptInsecureCerts: false, browserName: msedge, browserVersion: 105.0.1343.33, ms:edgeOptions: {debuggerAddress: localhost:57194}, msedge: {msedgedriverVersion: 104.0.1293.70 (6709c341bd06..., userDataDir: D:\Users\ppai2114\AppData\L...}, networkConnectionEnabled: false, pageLoadStrategy: normal, platformName: WINDOWS, proxy: Proxy(), se:cdp: ws://localhost:57194/devtoo..., se:cdpVersion: 105.0.1343.33, setWindowRect: true, strictFileInteractability: false, timeouts: {implicit: 0, pageLoad: 300000, script: 30000}, unhandledPromptBehavior: dismiss and notify, webauthn:extension:credBlob: true, webauthn:extension:largeBlob: true, webauthn:virtualAuthenticators: true}
Session ID: 6e5a028db0b81a16a37f80005c371bba
at java.base/jdk.internal.reflect.DirectConstructorHandleAccessor.newInstance(DirectConstructorHandleAccessor.java:67)
at java.base/java.lang.reflect.Constructor.newInstanceWithCaller(Constructor.java:499)
at java.base/java.lang.reflect.Constructor.newInstance(Constructor.java:483)
at org.openqa.selenium.remote.codec.w3c.W3CHttpResponseCodec.createException(W3CHttpResponseCodec.java:200)
at org.openqa.selenium.remote.codec.w3c.W3CHttpResponseCodec.decode(W3CHttpResponseCodec.java:133)
at org.openqa.selenium.remote.codec.w3c.W3CHttpResponseCodec.decode(W3CHttpResponseCodec.java:53)
at org.openqa.selenium.remote.HttpCommandExecutor.execute(HttpCommandExecutor.java:184)
at org.openqa.selenium.remote.service.DriverCommandExecutor.invokeExecute(DriverCommandExecutor.java:167)
at org.openqa.selenium.remote.service.DriverCommandExecutor.execute(DriverCommandExecutor.java:142)
at org.openqa.selenium.remote.RemoteWebDriver.execute(RemoteWebDriver.java:547)
at org.openqa.selenium.remote.ElementLocation$ElementFinder$2.findElement(ElementLocation.java:162)
at org.openqa.selenium.remote.ElementLocation.findElement(ElementLocation.java:60)
at org.openqa.selenium.remote.RemoteWebDriver.findElement(RemoteWebDriver.java:365)
at org.openqa.selenium.remote.RemoteWebDriver.findElement(RemoteWebDriver.java:357)
at org.openqa.selenium.support.pagefactory.DefaultElementLocator.findElement(DefaultElementLocator.java:70)
at org.openqa.selenium.support.pagefactory.internal.LocatingElementHandler.invoke(LocatingElementHandler.java:39)
at jdk.proxy2/jdk.proxy2.$Proxy38.click(Unknown Source)
at com.dsalgo.pages.HomePage.SignOut(HomePage.java:83)
at com.dsalgo.tests.DSAlgoHomeSignInTest.tearDown(DSAlgoHomeSignInTest.java:176)
at java.base/jdk.internal.reflect.DirectMethodHandleAccessor.invoke(DirectMethodHandleAccessor.java:104)
at java.base/java.lang.reflect.Method.invoke(Method.java:577)
at org.testng.internal.invokers.MethodInvocationHelper.invokeMethod(MethodInvocationHelper.java:139)
at org.testng.internal.invokers.MethodInvocationHelper.invokeMethodConsideringTimeout(MethodInvocationHelper.java:69)
at org.testng.internal.invokers.ConfigInvoker.invokeConfigurationMethod(ConfigInvoker.java:361)
at org.testng.internal.invokers.ConfigInvoker.invokeConfigurations(ConfigInvoker.java:296)
at org.testng.TestRunner.invokeTestConfigurations(TestRunner.java:643)
at org.testng.TestRunner.afterRun(TestRunner.java:891)
at org.testng.TestRunner.run(TestRunner.java:604)
at org.testng.SuiteRunner.runTest(SuiteRunner.java:433)
at org.testng.SuiteRunner$SuiteWorker.run(SuiteRunner.java:471)
at org.testng.internal.thread.ThreadUtil.lambda$execute$0(ThreadUtil.java:58)
at java.base/java.util.concurrent.FutureTask.run(FutureTask.java:264)
at java.base/java.util.concurrent.ThreadPoolExecutor.runWorker(ThreadPoolExecutor.java:1136)
at java.base/java.util.concurrent.ThreadPoolExecutor$Worker.run(ThreadPoolExecutor.java:635)
at java.base/java.lang.Thread.run(Thread.java:833)
]]>
            </full-stacktrace>
          </exception> <!-- org.openqa.selenium.NoSuchElementException -->
          <reporter-output>
          </reporter-output>
        </test-method> <!-- tearDown -->
      </class> <!-- com.dsalgo.tests.DSAlgoHomeSignInTest -->
      <class name="com.dsalgo.tests.DSAlgoTreeTest">
        <test-method is-config="true" signature="setup()[pri:0, instance:com.dsalgo.tests.DSAlgoTreeTest@478fb7dc]" started-at="2022-09-15T19:59:50 EDT" name="setup" finished-at="2022-09-15T19:59:51 EDT" duration-ms="694" status="FAIL">
          <exception class="org.openqa.selenium.StaleElementReferenceException">
            <message>
              <![CDATA[stale element reference: element is not attached to the page document
  (Session info: MicrosoftEdge=105.0.1343.33)
For documentation on this error, please visit: https://selenium.dev/exceptions/#stale_element_reference
Build info: version: '4.4.0', revision: 'e5c75ed026a'
System info: host: 'DESKTOP-DIMGNTL', ip: '10.53.192.85', os.name: 'Windows 10', os.arch: 'amd64', os.version: '10.0', java.version: '18.0.1'
Driver info: org.openqa.selenium.edge.EdgeDriver
Command: [6e5a028db0b81a16a37f80005c371bba, clickElement {id=54fda484-2ed6-4d17-b34d-ab928ff9647a}]
Capabilities {acceptInsecureCerts: false, browserName: msedge, browserVersion: 105.0.1343.33, ms:edgeOptions: {debuggerAddress: localhost:57194}, msedge: {msedgedriverVersion: 104.0.1293.70 (6709c341bd06..., userDataDir: D:\Users\ppai2114\AppData\L...}, networkConnectionEnabled: false, pageLoadStrategy: normal, platformName: WINDOWS, proxy: Proxy(), se:cdp: ws://localhost:57194/devtoo..., se:cdpVersion: 105.0.1343.33, setWindowRect: true, strictFileInteractability: false, timeouts: {implicit: 0, pageLoad: 300000, script: 30000}, unhandledPromptBehavior: dismiss and notify, webauthn:extension:credBlob: true, webauthn:extension:largeBlob: true, webauthn:virtualAuthenticators: true}
Element: [[[[EdgeDriver: msedge on WINDOWS (6e5a028db0b81a16a37f80005c371bba)] -> xpath: //h5]] -> xpath: //h5[text()='Tree']/following-sibling::a]
Session ID: 6e5a028db0b81a16a37f80005c371bba]]>
            </message>
            <full-stacktrace>
              <![CDATA[org.openqa.selenium.StaleElementReferenceException: stale element reference: element is not attached to the page document
  (Session info: MicrosoftEdge=105.0.1343.33)
For documentation on this error, please visit: https://selenium.dev/exceptions/#stale_element_reference
Build info: version: '4.4.0', revision: 'e5c75ed026a'
System info: host: 'DESKTOP-DIMGNTL', ip: '10.53.192.85', os.name: 'Windows 10', os.arch: 'amd64', os.version: '10.0', java.version: '18.0.1'
Driver info: org.openqa.selenium.edge.EdgeDriver
Command: [6e5a028db0b81a16a37f80005c371bba, clickElement {id=54fda484-2ed6-4d17-b34d-ab928ff9647a}]
Capabilities {acceptInsecureCerts: false, browserName: msedge, browserVersion: 105.0.1343.33, ms:edgeOptions: {debuggerAddress: localhost:57194}, msedge: {msedgedriverVersion: 104.0.1293.70 (6709c341bd06..., userDataDir: D:\Users\ppai2114\AppData\L...}, networkConnectionEnabled: false, pageLoadStrategy: normal, platformName: WINDOWS, proxy: Proxy(), se:cdp: ws://localhost:57194/devtoo..., se:cdpVersion: 105.0.1343.33, setWindowRect: true, strictFileInteractability: false, timeouts: {implicit: 0, pageLoad: 300000, script: 30000}, unhandledPromptBehavior: dismiss and notify, webauthn:extension:credBlob: true, webauthn:extension:largeBlob: true, webauthn:virtualAuthenticators: true}
Element: [[[[EdgeDriver: msedge on WINDOWS (6e5a028db0b81a16a37f80005c371bba)] -> xpath: //h5]] -> xpath: //h5[text()='Tree']/following-sibling::a]
Session ID: 6e5a028db0b81a16a37f80005c371bba
at java.base/jdk.internal.reflect.DirectConstructorHandleAccessor.newInstance(DirectConstructorHandleAccessor.java:67)
at java.base/java.lang.reflect.Constructor.newInstanceWithCaller(Constructor.java:499)
at java.base/java.lang.reflect.Constructor.newInstance(Constructor.java:483)
at org.openqa.selenium.remote.codec.w3c.W3CHttpResponseCodec.createException(W3CHttpResponseCodec.java:200)
at org.openqa.selenium.remote.codec.w3c.W3CHttpResponseCodec.decode(W3CHttpResponseCodec.java:133)
at org.openqa.selenium.remote.codec.w3c.W3CHttpResponseCodec.decode(W3CHttpResponseCodec.java:53)
at org.openqa.selenium.remote.HttpCommandExecutor.execute(HttpCommandExecutor.java:184)
at org.openqa.selenium.remote.service.DriverCommandExecutor.invokeExecute(DriverCommandExecutor.java:167)
at org.openqa.selenium.remote.service.DriverCommandExecutor.execute(DriverCommandExecutor.java:142)
at org.openqa.selenium.remote.RemoteWebDriver.execute(RemoteWebDriver.java:547)
at org.openqa.selenium.remote.RemoteWebElement.execute(RemoteWebElement.java:257)
at org.openqa.selenium.remote.RemoteWebElement.click(RemoteWebElement.java:78)
at com.dsalgo.pages.HomePage.ClickGetStarted(HomePage.java:115)
at com.dsalgo.pages.HomePage.GetStarted(HomePage.java:77)
at com.dsalgo.tests.DSAlgoTreeTest.setup(DSAlgoTreeTest.java:36)
at java.base/jdk.internal.reflect.DirectMethodHandleAccessor.invoke(DirectMethodHandleAccessor.java:104)
at java.base/java.lang.reflect.Method.invoke(Method.java:577)
at org.testng.internal.invokers.MethodInvocationHelper.invokeMethod(MethodInvocationHelper.java:139)
at org.testng.internal.invokers.MethodInvocationHelper.invokeMethodConsideringTimeout(MethodInvocationHelper.java:69)
at org.testng.internal.invokers.ConfigInvoker.invokeConfigurationMethod(ConfigInvoker.java:361)
at org.testng.internal.invokers.ConfigInvoker.invokeConfigurations(ConfigInvoker.java:296)
at org.testng.internal.invokers.TestMethodWorker.invokeBeforeClassMethods(TestMethodWorker.java:180)
at org.testng.internal.invokers.TestMethodWorker.run(TestMethodWorker.java:122)
at java.base/java.util.ArrayList.forEach(ArrayList.java:1511)
at org.testng.TestRunner.privateRun(TestRunner.java:806)
at org.testng.TestRunner.run(TestRunner.java:601)
at org.testng.SuiteRunner.runTest(SuiteRunner.java:433)
at org.testng.SuiteRunner$SuiteWorker.run(SuiteRunner.java:471)
at org.testng.internal.thread.ThreadUtil.lambda$execute$0(ThreadUtil.java:58)
at java.base/java.util.concurrent.FutureTask.run(FutureTask.java:264)
at java.base/java.util.concurrent.ThreadPoolExecutor.runWorker(ThreadPoolExecutor.java:1136)
at java.base/java.util.concurrent.ThreadPoolExecutor$Worker.run(ThreadPoolExecutor.java:635)
at java.base/java.lang.Thread.run(Thread.java:833)
]]>
            </full-stacktrace>
          </exception> <!-- org.openqa.selenium.StaleElementReferenceException -->
          <reporter-output>
          </reporter-output>
        </test-method> <!-- setup -->
        <test-method signature="VerifyTreePageTitle()[pri:0, instance:com.dsalgo.tests.DSAlgoTreeTest@478fb7dc]" started-at="2022-09-15T19:59:51 EDT" name="VerifyTreePageTitle" depends-on-groups="successfullRegistration" finished-at="2022-09-15T19:59:51 EDT" duration-ms="0" status="SKIP">
          <exception class="java.lang.Throwable">
            <message>
              <![CDATA[Method DSAlgoTreeTest.VerifyTreePageTitle()[pri:0, instance:com.dsalgo.tests.DSAlgoTreeTest@478fb7dc] depends on not successfully finished methods in group "successfullRegistration"]]>
            </message>
            <full-stacktrace>
              <![CDATA[java.lang.Throwable: Method DSAlgoTreeTest.VerifyTreePageTitle()[pri:0, instance:com.dsalgo.tests.DSAlgoTreeTest@478fb7dc] depends on not successfully finished methods in group "successfullRegistration"
at org.testng.internal.invokers.TestInvoker.invokeTestMethods(TestInvoker.java:150)
at org.testng.internal.invokers.TestMethodWorker.invokeTestMethods(TestMethodWorker.java:148)
at org.testng.internal.invokers.TestMethodWorker.run(TestMethodWorker.java:128)
at java.base/java.util.ArrayList.forEach(ArrayList.java:1511)
at org.testng.TestRunner.privateRun(TestRunner.java:806)
at org.testng.TestRunner.run(TestRunner.java:601)
at org.testng.SuiteRunner.runTest(SuiteRunner.java:433)
at org.testng.SuiteRunner$SuiteWorker.run(SuiteRunner.java:471)
at org.testng.internal.thread.ThreadUtil.lambda$execute$0(ThreadUtil.java:58)
at java.base/java.util.concurrent.FutureTask.run(FutureTask.java:264)
at java.base/java.util.concurrent.ThreadPoolExecutor.runWorker(ThreadPoolExecutor.java:1136)
at java.base/java.util.concurrent.ThreadPoolExecutor$Worker.run(ThreadPoolExecutor.java:635)
at java.base/java.lang.Thread.run(Thread.java:833)
]]>
            </full-stacktrace>
          </exception> <!-- java.lang.Throwable -->
          <reporter-output>
          </reporter-output>
        </test-method> <!-- VerifyTreePageTitle -->
        <test-method signature="VerifyTreeTopicsLinks()[pri:0, instance:com.dsalgo.tests.DSAlgoTreeTest@478fb7dc]" started-at="2022-09-15T19:59:51 EDT" name="VerifyTreeTopicsLinks" finished-at="2022-09-15T19:59:51 EDT" depends-on-methods="com.dsalgo.tests.DSAlgoTreeTest.VerifyTreePageTitle" duration-ms="0" status="SKIP">
          <exception class="java.lang.Throwable">
            <message>
              <![CDATA[Method com.dsalgo.tests.DSAlgoTreeTest.VerifyTreeTopicsLinks() on instance com.dsalgo.tests.DSAlgoTreeTest@478fb7dc depends on not successfully finished methods 
[com.dsalgo.tests.DSAlgoTreeTest.VerifyTreePageTitle() on instance com.dsalgo.tests.DSAlgoTreeTest@478fb7dc]]]>
            </message>
            <full-stacktrace>
              <![CDATA[java.lang.Throwable: Method com.dsalgo.tests.DSAlgoTreeTest.VerifyTreeTopicsLinks() on instance com.dsalgo.tests.DSAlgoTreeTest@478fb7dc depends on not successfully finished methods 
[com.dsalgo.tests.DSAlgoTreeTest.VerifyTreePageTitle() on instance com.dsalgo.tests.DSAlgoTreeTest@478fb7dc]
at org.testng.internal.invokers.TestInvoker.invokeTestMethods(TestInvoker.java:150)
at org.testng.internal.invokers.TestMethodWorker.invokeTestMethods(TestMethodWorker.java:148)
at org.testng.internal.invokers.TestMethodWorker.run(TestMethodWorker.java:128)
at java.base/java.util.ArrayList.forEach(ArrayList.java:1511)
at org.testng.TestRunner.privateRun(TestRunner.java:806)
at org.testng.TestRunner.run(TestRunner.java:601)
at org.testng.SuiteRunner.runTest(SuiteRunner.java:433)
at org.testng.SuiteRunner$SuiteWorker.run(SuiteRunner.java:471)
at org.testng.internal.thread.ThreadUtil.lambda$execute$0(ThreadUtil.java:58)
at java.base/java.util.concurrent.FutureTask.run(FutureTask.java:264)
at java.base/java.util.concurrent.ThreadPoolExecutor.runWorker(ThreadPoolExecutor.java:1136)
at java.base/java.util.concurrent.ThreadPoolExecutor$Worker.run(ThreadPoolExecutor.java:635)
at java.base/java.lang.Thread.run(Thread.java:833)
]]>
            </full-stacktrace>
          </exception> <!-- java.lang.Throwable -->
          <reporter-output>
          </reporter-output>
        </test-method> <!-- VerifyTreeTopicsLinks -->
        <test-method signature="ValidateScriptExecution(java.lang.String,java.lang.String)[pri:0, instance:com.dsalgo.tests.DSAlgoTreeTest@478fb7dc]" started-at="2022-09-15T19:59:51 EDT" name="ValidateScriptExecution" finished-at="2022-09-15T19:59:51 EDT" depends-on-methods="com.dsalgo.tests.DSAlgoTreeTest.VerifyTreeTopicsLinks" duration-ms="0" status="SKIP">
          <exception class="java.lang.Throwable">
            <message>
              <![CDATA[Method com.dsalgo.tests.DSAlgoTreeTest.ValidateScriptExecution() on instance com.dsalgo.tests.DSAlgoTreeTest@478fb7dc depends on not successfully finished methods 
[com.dsalgo.tests.DSAlgoTreeTest.VerifyTreeTopicsLinks() on instance com.dsalgo.tests.DSAlgoTreeTest@478fb7dc]]]>
            </message>
            <full-stacktrace>
              <![CDATA[java.lang.Throwable: Method com.dsalgo.tests.DSAlgoTreeTest.ValidateScriptExecution() on instance com.dsalgo.tests.DSAlgoTreeTest@478fb7dc depends on not successfully finished methods 
[com.dsalgo.tests.DSAlgoTreeTest.VerifyTreeTopicsLinks() on instance com.dsalgo.tests.DSAlgoTreeTest@478fb7dc]
at org.testng.internal.invokers.TestInvoker.invokeTestMethods(TestInvoker.java:150)
at org.testng.internal.invokers.TestMethodWorker.invokeTestMethods(TestMethodWorker.java:148)
at org.testng.internal.invokers.TestMethodWorker.run(TestMethodWorker.java:128)
at java.base/java.util.ArrayList.forEach(ArrayList.java:1511)
at org.testng.TestRunner.privateRun(TestRunner.java:806)
at org.testng.TestRunner.run(TestRunner.java:601)
at org.testng.SuiteRunner.runTest(SuiteRunner.java:433)
at org.testng.SuiteRunner$SuiteWorker.run(SuiteRunner.java:471)
at org.testng.internal.thread.ThreadUtil.lambda$execute$0(ThreadUtil.java:58)
at java.base/java.util.concurrent.FutureTask.run(FutureTask.java:264)
at java.base/java.util.concurrent.ThreadPoolExecutor.runWorker(ThreadPoolExecutor.java:1136)
at java.base/java.util.concurrent.ThreadPoolExecutor$Worker.run(ThreadPoolExecutor.java:635)
at java.base/java.lang.Thread.run(Thread.java:833)
]]>
            </full-stacktrace>
          </exception> <!-- java.lang.Throwable -->
          <reporter-output>
          </reporter-output>
        </test-method> <!-- ValidateScriptExecution -->
      </class> <!-- com.dsalgo.tests.DSAlgoTreeTest -->
      <class name="com.dsalgo.tests.DSAlgoStackTest">
        <test-method is-config="true" signature="setup()[pri:0, instance:com.dsalgo.tests.DSAlgoStackTest@72465eb2]" started-at="2022-09-15T19:59:50 EDT" name="setup" finished-at="2022-09-15T19:59:50 EDT" duration-ms="316" status="FAIL">
          <exception class="org.openqa.selenium.StaleElementReferenceException">
            <message>
              <![CDATA[stale element reference: element is not attached to the page document
  (Session info: MicrosoftEdge=105.0.1343.33)
For documentation on this error, please visit: https://selenium.dev/exceptions/#stale_element_reference
Build info: version: '4.4.0', revision: 'e5c75ed026a'
System info: host: 'DESKTOP-DIMGNTL', ip: '10.53.192.85', os.name: 'Windows 10', os.arch: 'amd64', os.version: '10.0', java.version: '18.0.1'
Driver info: org.openqa.selenium.edge.EdgeDriver
Command: [6e5a028db0b81a16a37f80005c371bba, getElementAttribute {id=20e1f227-1a37-4904-b142-d462620e321b, name=textContent}]
Capabilities {acceptInsecureCerts: false, browserName: msedge, browserVersion: 105.0.1343.33, ms:edgeOptions: {debuggerAddress: localhost:57194}, msedge: {msedgedriverVersion: 104.0.1293.70 (6709c341bd06..., userDataDir: D:\Users\ppai2114\AppData\L...}, networkConnectionEnabled: false, pageLoadStrategy: normal, platformName: WINDOWS, proxy: Proxy(), se:cdp: ws://localhost:57194/devtoo..., se:cdpVersion: 105.0.1343.33, setWindowRect: true, strictFileInteractability: false, timeouts: {implicit: 0, pageLoad: 300000, script: 30000}, unhandledPromptBehavior: dismiss and notify, webauthn:extension:credBlob: true, webauthn:extension:largeBlob: true, webauthn:virtualAuthenticators: true}
Element: [[EdgeDriver: msedge on WINDOWS (6e5a028db0b81a16a37f80005c371bba)] -> xpath: //h5]
Session ID: 6e5a028db0b81a16a37f80005c371bba]]>
            </message>
            <full-stacktrace>
              <![CDATA[org.openqa.selenium.StaleElementReferenceException: stale element reference: element is not attached to the page document
  (Session info: MicrosoftEdge=105.0.1343.33)
For documentation on this error, please visit: https://selenium.dev/exceptions/#stale_element_reference
Build info: version: '4.4.0', revision: 'e5c75ed026a'
System info: host: 'DESKTOP-DIMGNTL', ip: '10.53.192.85', os.name: 'Windows 10', os.arch: 'amd64', os.version: '10.0', java.version: '18.0.1'
Driver info: org.openqa.selenium.edge.EdgeDriver
Command: [6e5a028db0b81a16a37f80005c371bba, getElementAttribute {id=20e1f227-1a37-4904-b142-d462620e321b, name=textContent}]
Capabilities {acceptInsecureCerts: false, browserName: msedge, browserVersion: 105.0.1343.33, ms:edgeOptions: {debuggerAddress: localhost:57194}, msedge: {msedgedriverVersion: 104.0.1293.70 (6709c341bd06..., userDataDir: D:\Users\ppai2114\AppData\L...}, networkConnectionEnabled: false, pageLoadStrategy: normal, platformName: WINDOWS, proxy: Proxy(), se:cdp: ws://localhost:57194/devtoo..., se:cdpVersion: 105.0.1343.33, setWindowRect: true, strictFileInteractability: false, timeouts: {implicit: 0, pageLoad: 300000, script: 30000}, unhandledPromptBehavior: dismiss and notify, webauthn:extension:credBlob: true, webauthn:extension:largeBlob: true, webauthn:virtualAuthenticators: true}
Element: [[EdgeDriver: msedge on WINDOWS (6e5a028db0b81a16a37f80005c371bba)] -> xpath: //h5]
Session ID: 6e5a028db0b81a16a37f80005c371bba
at java.base/jdk.internal.reflect.DirectConstructorHandleAccessor.newInstance(DirectConstructorHandleAccessor.java:67)
at java.base/java.lang.reflect.Constructor.newInstanceWithCaller(Constructor.java:499)
at java.base/java.lang.reflect.Constructor.newInstance(Constructor.java:483)
at org.openqa.selenium.remote.codec.w3c.W3CHttpResponseCodec.createException(W3CHttpResponseCodec.java:200)
at org.openqa.selenium.remote.codec.w3c.W3CHttpResponseCodec.decode(W3CHttpResponseCodec.java:133)
at org.openqa.selenium.remote.codec.w3c.W3CHttpResponseCodec.decode(W3CHttpResponseCodec.java:53)
at org.openqa.selenium.remote.HttpCommandExecutor.execute(HttpCommandExecutor.java:184)
at org.openqa.selenium.remote.service.DriverCommandExecutor.invokeExecute(DriverCommandExecutor.java:167)
at org.openqa.selenium.remote.service.DriverCommandExecutor.execute(DriverCommandExecutor.java:142)
at org.openqa.selenium.remote.RemoteWebDriver.execute(RemoteWebDriver.java:547)
at org.openqa.selenium.remote.RemoteWebElement.execute(RemoteWebElement.java:257)
at org.openqa.selenium.remote.RemoteWebElement.getAttribute(RemoteWebElement.java:158)
at com.dsalgo.pages.HomePage.lambda$2(HomePage.java:110)
at java.base/java.util.stream.ReferencePipeline$2$1.accept(ReferencePipeline.java:178)
at java.base/java.util.ArrayList$ArrayListSpliterator.tryAdvance(ArrayList.java:1602)
at java.base/java.util.stream.ReferencePipeline.forEachWithCancel(ReferencePipeline.java:129)
at java.base/java.util.stream.AbstractPipeline.copyIntoWithCancel(AbstractPipeline.java:527)
at java.base/java.util.stream.AbstractPipeline.copyInto(AbstractPipeline.java:513)
at java.base/java.util.stream.AbstractPipeline.wrapAndCopyInto(AbstractPipeline.java:499)
at java.base/java.util.stream.FindOps$FindOp.evaluateSequential(FindOps.java:150)
at java.base/java.util.stream.AbstractPipeline.evaluate(AbstractPipeline.java:234)
at java.base/java.util.stream.ReferencePipeline.findAny(ReferencePipeline.java:652)
at com.dsalgo.pages.HomePage.ClickGetStarted(HomePage.java:112)
at com.dsalgo.pages.HomePage.GetStarted(HomePage.java:77)
at com.dsalgo.tests.DSAlgoStackTest.setup(DSAlgoStackTest.java:35)
at java.base/jdk.internal.reflect.DirectMethodHandleAccessor.invoke(DirectMethodHandleAccessor.java:104)
at java.base/java.lang.reflect.Method.invoke(Method.java:577)
at org.testng.internal.invokers.MethodInvocationHelper.invokeMethod(MethodInvocationHelper.java:139)
at org.testng.internal.invokers.MethodInvocationHelper.invokeMethodConsideringTimeout(MethodInvocationHelper.java:69)
at org.testng.internal.invokers.ConfigInvoker.invokeConfigurationMethod(ConfigInvoker.java:361)
at org.testng.internal.invokers.ConfigInvoker.invokeConfigurations(ConfigInvoker.java:296)
at org.testng.internal.invokers.TestMethodWorker.invokeBeforeClassMethods(TestMethodWorker.java:180)
at org.testng.internal.invokers.TestMethodWorker.run(TestMethodWorker.java:122)
at java.base/java.util.ArrayList.forEach(ArrayList.java:1511)
at org.testng.TestRunner.privateRun(TestRunner.java:806)
at org.testng.TestRunner.run(TestRunner.java:601)
at org.testng.SuiteRunner.runTest(SuiteRunner.java:433)
at org.testng.SuiteRunner$SuiteWorker.run(SuiteRunner.java:471)
at org.testng.internal.thread.ThreadUtil.lambda$execute$0(ThreadUtil.java:58)
at java.base/java.util.concurrent.FutureTask.run(FutureTask.java:264)
at java.base/java.util.concurrent.ThreadPoolExecutor.runWorker(ThreadPoolExecutor.java:1136)
at java.base/java.util.concurrent.ThreadPoolExecutor$Worker.run(ThreadPoolExecutor.java:635)
at java.base/java.lang.Thread.run(Thread.java:833)
]]>
            </full-stacktrace>
          </exception> <!-- org.openqa.selenium.StaleElementReferenceException -->
          <reporter-output>
          </reporter-output>
        </test-method> <!-- setup -->
        <test-method signature="VerifyStackPageTitle()[pri:0, instance:com.dsalgo.tests.DSAlgoStackTest@72465eb2]" started-at="2022-09-15T19:59:50 EDT" name="VerifyStackPageTitle" depends-on-groups="successfullRegistration" finished-at="2022-09-15T19:59:50 EDT" duration-ms="0" status="SKIP">
          <exception class="java.lang.Throwable">
            <message>
              <![CDATA[Method DSAlgoStackTest.VerifyStackPageTitle()[pri:0, instance:com.dsalgo.tests.DSAlgoStackTest@72465eb2] depends on not successfully finished methods in group "successfullRegistration"]]>
            </message>
            <full-stacktrace>
              <![CDATA[java.lang.Throwable: Method DSAlgoStackTest.VerifyStackPageTitle()[pri:0, instance:com.dsalgo.tests.DSAlgoStackTest@72465eb2] depends on not successfully finished methods in group "successfullRegistration"
at org.testng.internal.invokers.TestInvoker.invokeTestMethods(TestInvoker.java:150)
at org.testng.internal.invokers.TestMethodWorker.invokeTestMethods(TestMethodWorker.java:148)
at org.testng.internal.invokers.TestMethodWorker.run(TestMethodWorker.java:128)
at java.base/java.util.ArrayList.forEach(ArrayList.java:1511)
at org.testng.TestRunner.privateRun(TestRunner.java:806)
at org.testng.TestRunner.run(TestRunner.java:601)
at org.testng.SuiteRunner.runTest(SuiteRunner.java:433)
at org.testng.SuiteRunner$SuiteWorker.run(SuiteRunner.java:471)
at org.testng.internal.thread.ThreadUtil.lambda$execute$0(ThreadUtil.java:58)
at java.base/java.util.concurrent.FutureTask.run(FutureTask.java:264)
at java.base/java.util.concurrent.ThreadPoolExecutor.runWorker(ThreadPoolExecutor.java:1136)
at java.base/java.util.concurrent.ThreadPoolExecutor$Worker.run(ThreadPoolExecutor.java:635)
at java.base/java.lang.Thread.run(Thread.java:833)
]]>
            </full-stacktrace>
          </exception> <!-- java.lang.Throwable -->
          <reporter-output>
          </reporter-output>
        </test-method> <!-- VerifyStackPageTitle -->
        <test-method signature="VerifyStackTopicsLinks()[pri:0, instance:com.dsalgo.tests.DSAlgoStackTest@72465eb2]" started-at="2022-09-15T19:59:50 EDT" name="VerifyStackTopicsLinks" finished-at="2022-09-15T19:59:50 EDT" depends-on-methods="com.dsalgo.tests.DSAlgoStackTest.VerifyStackPageTitle" duration-ms="0" status="SKIP">
          <exception class="java.lang.Throwable">
            <message>
              <![CDATA[Method com.dsalgo.tests.DSAlgoStackTest.VerifyStackTopicsLinks() on instance com.dsalgo.tests.DSAlgoStackTest@72465eb2 depends on not successfully finished methods 
[com.dsalgo.tests.DSAlgoStackTest.VerifyStackPageTitle() on instance com.dsalgo.tests.DSAlgoStackTest@72465eb2]]]>
            </message>
            <full-stacktrace>
              <![CDATA[java.lang.Throwable: Method com.dsalgo.tests.DSAlgoStackTest.VerifyStackTopicsLinks() on instance com.dsalgo.tests.DSAlgoStackTest@72465eb2 depends on not successfully finished methods 
[com.dsalgo.tests.DSAlgoStackTest.VerifyStackPageTitle() on instance com.dsalgo.tests.DSAlgoStackTest@72465eb2]
at org.testng.internal.invokers.TestInvoker.invokeTestMethods(TestInvoker.java:150)
at org.testng.internal.invokers.TestMethodWorker.invokeTestMethods(TestMethodWorker.java:148)
at org.testng.internal.invokers.TestMethodWorker.run(TestMethodWorker.java:128)
at java.base/java.util.ArrayList.forEach(ArrayList.java:1511)
at org.testng.TestRunner.privateRun(TestRunner.java:806)
at org.testng.TestRunner.run(TestRunner.java:601)
at org.testng.SuiteRunner.runTest(SuiteRunner.java:433)
at org.testng.SuiteRunner$SuiteWorker.run(SuiteRunner.java:471)
at org.testng.internal.thread.ThreadUtil.lambda$execute$0(ThreadUtil.java:58)
at java.base/java.util.concurrent.FutureTask.run(FutureTask.java:264)
at java.base/java.util.concurrent.ThreadPoolExecutor.runWorker(ThreadPoolExecutor.java:1136)
at java.base/java.util.concurrent.ThreadPoolExecutor$Worker.run(ThreadPoolExecutor.java:635)
at java.base/java.lang.Thread.run(Thread.java:833)
]]>
            </full-stacktrace>
          </exception> <!-- java.lang.Throwable -->
          <reporter-output>
          </reporter-output>
        </test-method> <!-- VerifyStackTopicsLinks -->
        <test-method signature="ValidateScriptExecution(java.lang.String,java.lang.String)[pri:0, instance:com.dsalgo.tests.DSAlgoStackTest@72465eb2]" started-at="2022-09-15T19:59:50 EDT" name="ValidateScriptExecution" finished-at="2022-09-15T19:59:50 EDT" depends-on-methods="com.dsalgo.tests.DSAlgoStackTest.VerifyStackTopicsLinks" duration-ms="0" status="SKIP">
          <exception class="java.lang.Throwable">
            <message>
              <![CDATA[Method com.dsalgo.tests.DSAlgoStackTest.ValidateScriptExecution() on instance com.dsalgo.tests.DSAlgoStackTest@72465eb2 depends on not successfully finished methods 
[com.dsalgo.tests.DSAlgoStackTest.VerifyStackTopicsLinks() on instance com.dsalgo.tests.DSAlgoStackTest@72465eb2]]]>
            </message>
            <full-stacktrace>
              <![CDATA[java.lang.Throwable: Method com.dsalgo.tests.DSAlgoStackTest.ValidateScriptExecution() on instance com.dsalgo.tests.DSAlgoStackTest@72465eb2 depends on not successfully finished methods 
[com.dsalgo.tests.DSAlgoStackTest.VerifyStackTopicsLinks() on instance com.dsalgo.tests.DSAlgoStackTest@72465eb2]
at org.testng.internal.invokers.TestInvoker.invokeTestMethods(TestInvoker.java:150)
at org.testng.internal.invokers.TestMethodWorker.invokeTestMethods(TestMethodWorker.java:148)
at org.testng.internal.invokers.TestMethodWorker.run(TestMethodWorker.java:128)
at java.base/java.util.ArrayList.forEach(ArrayList.java:1511)
at org.testng.TestRunner.privateRun(TestRunner.java:806)
at org.testng.TestRunner.run(TestRunner.java:601)
at org.testng.SuiteRunner.runTest(SuiteRunner.java:433)
at org.testng.SuiteRunner$SuiteWorker.run(SuiteRunner.java:471)
at org.testng.internal.thread.ThreadUtil.lambda$execute$0(ThreadUtil.java:58)
at java.base/java.util.concurrent.FutureTask.run(FutureTask.java:264)
at java.base/java.util.concurrent.ThreadPoolExecutor.runWorker(ThreadPoolExecutor.java:1136)
at java.base/java.util.concurrent.ThreadPoolExecutor$Worker.run(ThreadPoolExecutor.java:635)
at java.base/java.lang.Thread.run(Thread.java:833)
]]>
            </full-stacktrace>
          </exception> <!-- java.lang.Throwable -->
          <reporter-output>
          </reporter-output>
        </test-method> <!-- ValidateScriptExecution -->
      </class> <!-- com.dsalgo.tests.DSAlgoStackTest -->
      <class name="com.dsalgo.tests.DSAlgoArrayTest">
        <test-method is-config="true" signature="setup()[pri:0, instance:com.dsalgo.tests.DSAlgoArrayTest@2f9a10df]" started-at="2022-09-15T19:59:47 EDT" name="setup" finished-at="2022-09-15T19:59:48 EDT" duration-ms="479" status="PASS">
          <reporter-output>
          </reporter-output>
        </test-method> <!-- setup -->
        <test-method signature="VerifyArrayPageTitle()[pri:0, instance:com.dsalgo.tests.DSAlgoArrayTest@2f9a10df]" started-at="2022-09-15T19:59:48 EDT" name="VerifyArrayPageTitle" depends-on-groups="successfullRegistration" finished-at="2022-09-15T19:59:48 EDT" duration-ms="2" status="SKIP">
          <exception class="java.lang.Throwable">
            <message>
              <![CDATA[Method DSAlgoArrayTest.VerifyArrayPageTitle()[pri:0, instance:com.dsalgo.tests.DSAlgoArrayTest@2f9a10df] depends on not successfully finished methods in group "successfullRegistration"]]>
            </message>
            <full-stacktrace>
              <![CDATA[java.lang.Throwable: Method DSAlgoArrayTest.VerifyArrayPageTitle()[pri:0, instance:com.dsalgo.tests.DSAlgoArrayTest@2f9a10df] depends on not successfully finished methods in group "successfullRegistration"
at org.testng.internal.invokers.TestInvoker.invokeTestMethods(TestInvoker.java:150)
at org.testng.internal.invokers.TestMethodWorker.invokeTestMethods(TestMethodWorker.java:148)
at org.testng.internal.invokers.TestMethodWorker.run(TestMethodWorker.java:128)
at java.base/java.util.ArrayList.forEach(ArrayList.java:1511)
at org.testng.TestRunner.privateRun(TestRunner.java:806)
at org.testng.TestRunner.run(TestRunner.java:601)
at org.testng.SuiteRunner.runTest(SuiteRunner.java:433)
at org.testng.SuiteRunner$SuiteWorker.run(SuiteRunner.java:471)
at org.testng.internal.thread.ThreadUtil.lambda$execute$0(ThreadUtil.java:58)
at java.base/java.util.concurrent.FutureTask.run(FutureTask.java:264)
at java.base/java.util.concurrent.ThreadPoolExecutor.runWorker(ThreadPoolExecutor.java:1136)
at java.base/java.util.concurrent.ThreadPoolExecutor$Worker.run(ThreadPoolExecutor.java:635)
at java.base/java.lang.Thread.run(Thread.java:833)
]]>
            </full-stacktrace>
          </exception> <!-- java.lang.Throwable -->
          <reporter-output>
          </reporter-output>
        </test-method> <!-- VerifyArrayPageTitle -->
        <test-method signature="VerifyArrayTopicsLinks()[pri:0, instance:com.dsalgo.tests.DSAlgoArrayTest@2f9a10df]" started-at="2022-09-15T19:59:48 EDT" name="VerifyArrayTopicsLinks" finished-at="2022-09-15T19:59:48 EDT" depends-on-methods="com.dsalgo.tests.DSAlgoArrayTest.VerifyArrayPageTitle" duration-ms="0" status="SKIP">
          <exception class="java.lang.Throwable">
            <message>
              <![CDATA[Method com.dsalgo.tests.DSAlgoArrayTest.VerifyArrayTopicsLinks() on instance com.dsalgo.tests.DSAlgoArrayTest@2f9a10df depends on not successfully finished methods 
[com.dsalgo.tests.DSAlgoArrayTest.VerifyArrayPageTitle() on instance com.dsalgo.tests.DSAlgoArrayTest@2f9a10df]]]>
            </message>
            <full-stacktrace>
              <![CDATA[java.lang.Throwable: Method com.dsalgo.tests.DSAlgoArrayTest.VerifyArrayTopicsLinks() on instance com.dsalgo.tests.DSAlgoArrayTest@2f9a10df depends on not successfully finished methods 
[com.dsalgo.tests.DSAlgoArrayTest.VerifyArrayPageTitle() on instance com.dsalgo.tests.DSAlgoArrayTest@2f9a10df]
at org.testng.internal.invokers.TestInvoker.invokeTestMethods(TestInvoker.java:150)
at org.testng.internal.invokers.TestMethodWorker.invokeTestMethods(TestMethodWorker.java:148)
at org.testng.internal.invokers.TestMethodWorker.run(TestMethodWorker.java:128)
at java.base/java.util.ArrayList.forEach(ArrayList.java:1511)
at org.testng.TestRunner.privateRun(TestRunner.java:806)
at org.testng.TestRunner.run(TestRunner.java:601)
at org.testng.SuiteRunner.runTest(SuiteRunner.java:433)
at org.testng.SuiteRunner$SuiteWorker.run(SuiteRunner.java:471)
at org.testng.internal.thread.ThreadUtil.lambda$execute$0(ThreadUtil.java:58)
at java.base/java.util.concurrent.FutureTask.run(FutureTask.java:264)
at java.base/java.util.concurrent.ThreadPoolExecutor.runWorker(ThreadPoolExecutor.java:1136)
at java.base/java.util.concurrent.ThreadPoolExecutor$Worker.run(ThreadPoolExecutor.java:635)
at java.base/java.lang.Thread.run(Thread.java:833)
]]>
            </full-stacktrace>
          </exception> <!-- java.lang.Throwable -->
          <reporter-output>
          </reporter-output>
        </test-method> <!-- VerifyArrayTopicsLinks -->
        <test-method signature="ValidateScriptExecution(java.lang.String,java.lang.String)[pri:0, instance:com.dsalgo.tests.DSAlgoArrayTest@2f9a10df]" started-at="2022-09-15T19:59:48 EDT" name="ValidateScriptExecution" finished-at="2022-09-15T19:59:48 EDT" depends-on-methods="com.dsalgo.tests.DSAlgoArrayTest.VerifyArrayTopicsLinks" duration-ms="0" status="SKIP">
          <exception class="java.lang.Throwable">
            <message>
              <![CDATA[Method com.dsalgo.tests.DSAlgoArrayTest.ValidateScriptExecution() on instance com.dsalgo.tests.DSAlgoArrayTest@2f9a10df depends on not successfully finished methods 
[com.dsalgo.tests.DSAlgoArrayTest.VerifyArrayTopicsLinks() on instance com.dsalgo.tests.DSAlgoArrayTest@2f9a10df]]]>
            </message>
            <full-stacktrace>
              <![CDATA[java.lang.Throwable: Method com.dsalgo.tests.DSAlgoArrayTest.ValidateScriptExecution() on instance com.dsalgo.tests.DSAlgoArrayTest@2f9a10df depends on not successfully finished methods 
[com.dsalgo.tests.DSAlgoArrayTest.VerifyArrayTopicsLinks() on instance com.dsalgo.tests.DSAlgoArrayTest@2f9a10df]
at org.testng.internal.invokers.TestInvoker.invokeTestMethods(TestInvoker.java:150)
at org.testng.internal.invokers.TestMethodWorker.invokeTestMethods(TestMethodWorker.java:148)
at org.testng.internal.invokers.TestMethodWorker.run(TestMethodWorker.java:128)
at java.base/java.util.ArrayList.forEach(ArrayList.java:1511)
at org.testng.TestRunner.privateRun(TestRunner.java:806)
at org.testng.TestRunner.run(TestRunner.java:601)
at org.testng.SuiteRunner.runTest(SuiteRunner.java:433)
at org.testng.SuiteRunner$SuiteWorker.run(SuiteRunner.java:471)
at org.testng.internal.thread.ThreadUtil.lambda$execute$0(ThreadUtil.java:58)
at java.base/java.util.concurrent.FutureTask.run(FutureTask.java:264)
at java.base/java.util.concurrent.ThreadPoolExecutor.runWorker(ThreadPoolExecutor.java:1136)
at java.base/java.util.concurrent.ThreadPoolExecutor$Worker.run(ThreadPoolExecutor.java:635)
at java.base/java.lang.Thread.run(Thread.java:833)
]]>
            </full-stacktrace>
          </exception> <!-- java.lang.Throwable -->
          <reporter-output>
          </reporter-output>
        </test-method> <!-- ValidateScriptExecution -->
      </class> <!-- com.dsalgo.tests.DSAlgoArrayTest -->
      <class name="com.dsalgo.tests.DSAlgoGraphTest">
        <test-method is-config="true" signature="setup()[pri:0, instance:com.dsalgo.tests.DSAlgoGraphTest@6b8d54da]" started-at="2022-09-15T19:59:48 EDT" name="setup" finished-at="2022-09-15T19:59:48 EDT" duration-ms="629" status="PASS">
          <reporter-output>
          </reporter-output>
        </test-method> <!-- setup -->
        <test-method signature="VerifyGraphPageTitle()[pri:0, instance:com.dsalgo.tests.DSAlgoGraphTest@6b8d54da]" started-at="2022-09-15T19:59:48 EDT" name="VerifyGraphPageTitle" depends-on-groups="successfullRegistration" finished-at="2022-09-15T19:59:48 EDT" duration-ms="0" status="SKIP">
          <exception class="java.lang.Throwable">
            <message>
              <![CDATA[Method DSAlgoGraphTest.VerifyGraphPageTitle()[pri:0, instance:com.dsalgo.tests.DSAlgoGraphTest@6b8d54da] depends on not successfully finished methods in group "successfullRegistration"]]>
            </message>
            <full-stacktrace>
              <![CDATA[java.lang.Throwable: Method DSAlgoGraphTest.VerifyGraphPageTitle()[pri:0, instance:com.dsalgo.tests.DSAlgoGraphTest@6b8d54da] depends on not successfully finished methods in group "successfullRegistration"
at org.testng.internal.invokers.TestInvoker.invokeTestMethods(TestInvoker.java:150)
at org.testng.internal.invokers.TestMethodWorker.invokeTestMethods(TestMethodWorker.java:148)
at org.testng.internal.invokers.TestMethodWorker.run(TestMethodWorker.java:128)
at java.base/java.util.ArrayList.forEach(ArrayList.java:1511)
at org.testng.TestRunner.privateRun(TestRunner.java:806)
at org.testng.TestRunner.run(TestRunner.java:601)
at org.testng.SuiteRunner.runTest(SuiteRunner.java:433)
at org.testng.SuiteRunner$SuiteWorker.run(SuiteRunner.java:471)
at org.testng.internal.thread.ThreadUtil.lambda$execute$0(ThreadUtil.java:58)
at java.base/java.util.concurrent.FutureTask.run(FutureTask.java:264)
at java.base/java.util.concurrent.ThreadPoolExecutor.runWorker(ThreadPoolExecutor.java:1136)
at java.base/java.util.concurrent.ThreadPoolExecutor$Worker.run(ThreadPoolExecutor.java:635)
at java.base/java.lang.Thread.run(Thread.java:833)
]]>
            </full-stacktrace>
          </exception> <!-- java.lang.Throwable -->
          <reporter-output>
          </reporter-output>
        </test-method> <!-- VerifyGraphPageTitle -->
        <test-method signature="VerifyGraphTopicsLinks()[pri:0, instance:com.dsalgo.tests.DSAlgoGraphTest@6b8d54da]" started-at="2022-09-15T19:59:48 EDT" name="VerifyGraphTopicsLinks" finished-at="2022-09-15T19:59:48 EDT" depends-on-methods="com.dsalgo.tests.DSAlgoGraphTest.VerifyGraphPageTitle" duration-ms="0" status="SKIP">
          <exception class="java.lang.Throwable">
            <message>
              <![CDATA[Method com.dsalgo.tests.DSAlgoGraphTest.VerifyGraphTopicsLinks() on instance com.dsalgo.tests.DSAlgoGraphTest@6b8d54da depends on not successfully finished methods 
[com.dsalgo.tests.DSAlgoGraphTest.VerifyGraphPageTitle() on instance com.dsalgo.tests.DSAlgoGraphTest@6b8d54da]]]>
            </message>
            <full-stacktrace>
              <![CDATA[java.lang.Throwable: Method com.dsalgo.tests.DSAlgoGraphTest.VerifyGraphTopicsLinks() on instance com.dsalgo.tests.DSAlgoGraphTest@6b8d54da depends on not successfully finished methods 
[com.dsalgo.tests.DSAlgoGraphTest.VerifyGraphPageTitle() on instance com.dsalgo.tests.DSAlgoGraphTest@6b8d54da]
at org.testng.internal.invokers.TestInvoker.invokeTestMethods(TestInvoker.java:150)
at org.testng.internal.invokers.TestMethodWorker.invokeTestMethods(TestMethodWorker.java:148)
at org.testng.internal.invokers.TestMethodWorker.run(TestMethodWorker.java:128)
at java.base/java.util.ArrayList.forEach(ArrayList.java:1511)
at org.testng.TestRunner.privateRun(TestRunner.java:806)
at org.testng.TestRunner.run(TestRunner.java:601)
at org.testng.SuiteRunner.runTest(SuiteRunner.java:433)
at org.testng.SuiteRunner$SuiteWorker.run(SuiteRunner.java:471)
at org.testng.internal.thread.ThreadUtil.lambda$execute$0(ThreadUtil.java:58)
at java.base/java.util.concurrent.FutureTask.run(FutureTask.java:264)
at java.base/java.util.concurrent.ThreadPoolExecutor.runWorker(ThreadPoolExecutor.java:1136)
at java.base/java.util.concurrent.ThreadPoolExecutor$Worker.run(ThreadPoolExecutor.java:635)
at java.base/java.lang.Thread.run(Thread.java:833)
]]>
            </full-stacktrace>
          </exception> <!-- java.lang.Throwable -->
          <reporter-output>
          </reporter-output>
        </test-method> <!-- VerifyGraphTopicsLinks -->
        <test-method signature="ValidateScriptExecution(java.lang.String,java.lang.String)[pri:0, instance:com.dsalgo.tests.DSAlgoGraphTest@6b8d54da]" started-at="2022-09-15T19:59:48 EDT" name="ValidateScriptExecution" finished-at="2022-09-15T19:59:48 EDT" depends-on-methods="com.dsalgo.tests.DSAlgoGraphTest.VerifyGraphTopicsLinks" duration-ms="0" status="SKIP">
          <exception class="java.lang.Throwable">
            <message>
              <![CDATA[Method com.dsalgo.tests.DSAlgoGraphTest.ValidateScriptExecution() on instance com.dsalgo.tests.DSAlgoGraphTest@6b8d54da depends on not successfully finished methods 
[com.dsalgo.tests.DSAlgoGraphTest.VerifyGraphTopicsLinks() on instance com.dsalgo.tests.DSAlgoGraphTest@6b8d54da]]]>
            </message>
            <full-stacktrace>
              <![CDATA[java.lang.Throwable: Method com.dsalgo.tests.DSAlgoGraphTest.ValidateScriptExecution() on instance com.dsalgo.tests.DSAlgoGraphTest@6b8d54da depends on not successfully finished methods 
[com.dsalgo.tests.DSAlgoGraphTest.VerifyGraphTopicsLinks() on instance com.dsalgo.tests.DSAlgoGraphTest@6b8d54da]
at org.testng.internal.invokers.TestInvoker.invokeTestMethods(TestInvoker.java:150)
at org.testng.internal.invokers.TestMethodWorker.invokeTestMethods(TestMethodWorker.java:148)
at org.testng.internal.invokers.TestMethodWorker.run(TestMethodWorker.java:128)
at java.base/java.util.ArrayList.forEach(ArrayList.java:1511)
at org.testng.TestRunner.privateRun(TestRunner.java:806)
at org.testng.TestRunner.run(TestRunner.java:601)
at org.testng.SuiteRunner.runTest(SuiteRunner.java:433)
at org.testng.SuiteRunner$SuiteWorker.run(SuiteRunner.java:471)
at org.testng.internal.thread.ThreadUtil.lambda$execute$0(ThreadUtil.java:58)
at java.base/java.util.concurrent.FutureTask.run(FutureTask.java:264)
at java.base/java.util.concurrent.ThreadPoolExecutor.runWorker(ThreadPoolExecutor.java:1136)
at java.base/java.util.concurrent.ThreadPoolExecutor$Worker.run(ThreadPoolExecutor.java:635)
at java.base/java.lang.Thread.run(Thread.java:833)
]]>
            </full-stacktrace>
          </exception> <!-- java.lang.Throwable -->
          <reporter-output>
          </reporter-output>
        </test-method> <!-- ValidateScriptExecution -->
      </class> <!-- com.dsalgo.tests.DSAlgoGraphTest -->
    </test> <!-- ChromeTest -->
    <test started-at="2022-09-15T19:59:30 EDT" name="EdgeTest" finished-at="2022-09-15T19:59:52 EDT" duration-ms="21984">
      <class name="com.dsalgo.tests.DSAlgoQueueTest">
        <test-method is-config="true" signature="setup()[pri:0, instance:com.dsalgo.tests.DSAlgoQueueTest@50ec4bfc]" started-at="2022-09-15T19:59:50 EDT" name="setup" finished-at="2022-09-15T19:59:51 EDT" duration-ms="401" status="PASS">
          <reporter-output>
          </reporter-output>
        </test-method> <!-- setup -->
        <test-method signature="VerifyQueuePageTitle()[pri:0, instance:com.dsalgo.tests.DSAlgoQueueTest@50ec4bfc]" started-at="2022-09-15T19:59:51 EDT" name="VerifyQueuePageTitle" depends-on-groups="successfullRegistration" finished-at="2022-09-15T19:59:51 EDT" duration-ms="0" status="SKIP">
          <exception class="java.lang.Throwable">
            <message>
              <![CDATA[Method DSAlgoQueueTest.VerifyQueuePageTitle()[pri:0, instance:com.dsalgo.tests.DSAlgoQueueTest@50ec4bfc] depends on not successfully finished methods in group "successfullRegistration"]]>
            </message>
            <full-stacktrace>
              <![CDATA[java.lang.Throwable: Method DSAlgoQueueTest.VerifyQueuePageTitle()[pri:0, instance:com.dsalgo.tests.DSAlgoQueueTest@50ec4bfc] depends on not successfully finished methods in group "successfullRegistration"
at org.testng.internal.invokers.TestInvoker.invokeTestMethods(TestInvoker.java:150)
at org.testng.internal.invokers.TestMethodWorker.invokeTestMethods(TestMethodWorker.java:148)
at org.testng.internal.invokers.TestMethodWorker.run(TestMethodWorker.java:128)
at java.base/java.util.ArrayList.forEach(ArrayList.java:1511)
at org.testng.TestRunner.privateRun(TestRunner.java:806)
at org.testng.TestRunner.run(TestRunner.java:601)
at org.testng.SuiteRunner.runTest(SuiteRunner.java:433)
at org.testng.SuiteRunner$SuiteWorker.run(SuiteRunner.java:471)
at org.testng.internal.thread.ThreadUtil.lambda$execute$0(ThreadUtil.java:58)
at java.base/java.util.concurrent.FutureTask.run(FutureTask.java:264)
at java.base/java.util.concurrent.ThreadPoolExecutor.runWorker(ThreadPoolExecutor.java:1136)
at java.base/java.util.concurrent.ThreadPoolExecutor$Worker.run(ThreadPoolExecutor.java:635)
at java.base/java.lang.Thread.run(Thread.java:833)
]]>
            </full-stacktrace>
          </exception> <!-- java.lang.Throwable -->
          <reporter-output>
          </reporter-output>
        </test-method> <!-- VerifyQueuePageTitle -->
        <test-method signature="VerifyQueueTopicsLinks()[pri:0, instance:com.dsalgo.tests.DSAlgoQueueTest@50ec4bfc]" started-at="2022-09-15T19:59:51 EDT" name="VerifyQueueTopicsLinks" finished-at="2022-09-15T19:59:51 EDT" depends-on-methods="com.dsalgo.tests.DSAlgoQueueTest.VerifyQueuePageTitle" duration-ms="0" status="SKIP">
          <exception class="java.lang.Throwable">
            <message>
              <![CDATA[Method com.dsalgo.tests.DSAlgoQueueTest.VerifyQueueTopicsLinks() on instance com.dsalgo.tests.DSAlgoQueueTest@50ec4bfc depends on not successfully finished methods 
[com.dsalgo.tests.DSAlgoQueueTest.VerifyQueuePageTitle() on instance com.dsalgo.tests.DSAlgoQueueTest@50ec4bfc]]]>
            </message>
            <full-stacktrace>
              <![CDATA[java.lang.Throwable: Method com.dsalgo.tests.DSAlgoQueueTest.VerifyQueueTopicsLinks() on instance com.dsalgo.tests.DSAlgoQueueTest@50ec4bfc depends on not successfully finished methods 
[com.dsalgo.tests.DSAlgoQueueTest.VerifyQueuePageTitle() on instance com.dsalgo.tests.DSAlgoQueueTest@50ec4bfc]
at org.testng.internal.invokers.TestInvoker.invokeTestMethods(TestInvoker.java:150)
at org.testng.internal.invokers.TestMethodWorker.invokeTestMethods(TestMethodWorker.java:148)
at org.testng.internal.invokers.TestMethodWorker.run(TestMethodWorker.java:128)
at java.base/java.util.ArrayList.forEach(ArrayList.java:1511)
at org.testng.TestRunner.privateRun(TestRunner.java:806)
at org.testng.TestRunner.run(TestRunner.java:601)
at org.testng.SuiteRunner.runTest(SuiteRunner.java:433)
at org.testng.SuiteRunner$SuiteWorker.run(SuiteRunner.java:471)
at org.testng.internal.thread.ThreadUtil.lambda$execute$0(ThreadUtil.java:58)
at java.base/java.util.concurrent.FutureTask.run(FutureTask.java:264)
at java.base/java.util.concurrent.ThreadPoolExecutor.runWorker(ThreadPoolExecutor.java:1136)
at java.base/java.util.concurrent.ThreadPoolExecutor$Worker.run(ThreadPoolExecutor.java:635)
at java.base/java.lang.Thread.run(Thread.java:833)
]]>
            </full-stacktrace>
          </exception> <!-- java.lang.Throwable -->
          <reporter-output>
          </reporter-output>
        </test-method> <!-- VerifyQueueTopicsLinks -->
        <test-method signature="ValidateScriptExecution(java.lang.String,java.lang.String)[pri:0, instance:com.dsalgo.tests.DSAlgoQueueTest@50ec4bfc]" started-at="2022-09-15T19:59:51 EDT" name="ValidateScriptExecution" finished-at="2022-09-15T19:59:51 EDT" depends-on-methods="com.dsalgo.tests.DSAlgoQueueTest.VerifyQueueTopicsLinks" duration-ms="0" status="SKIP">
          <exception class="java.lang.Throwable">
            <message>
              <![CDATA[Method com.dsalgo.tests.DSAlgoQueueTest.ValidateScriptExecution() on instance com.dsalgo.tests.DSAlgoQueueTest@50ec4bfc depends on not successfully finished methods 
[com.dsalgo.tests.DSAlgoQueueTest.VerifyQueueTopicsLinks() on instance com.dsalgo.tests.DSAlgoQueueTest@50ec4bfc]]]>
            </message>
            <full-stacktrace>
              <![CDATA[java.lang.Throwable: Method com.dsalgo.tests.DSAlgoQueueTest.ValidateScriptExecution() on instance com.dsalgo.tests.DSAlgoQueueTest@50ec4bfc depends on not successfully finished methods 
[com.dsalgo.tests.DSAlgoQueueTest.VerifyQueueTopicsLinks() on instance com.dsalgo.tests.DSAlgoQueueTest@50ec4bfc]
at org.testng.internal.invokers.TestInvoker.invokeTestMethods(TestInvoker.java:150)
at org.testng.internal.invokers.TestMethodWorker.invokeTestMethods(TestMethodWorker.java:148)
at org.testng.internal.invokers.TestMethodWorker.run(TestMethodWorker.java:128)
at java.base/java.util.ArrayList.forEach(ArrayList.java:1511)
at org.testng.TestRunner.privateRun(TestRunner.java:806)
at org.testng.TestRunner.run(TestRunner.java:601)
at org.testng.SuiteRunner.runTest(SuiteRunner.java:433)
at org.testng.SuiteRunner$SuiteWorker.run(SuiteRunner.java:471)
at org.testng.internal.thread.ThreadUtil.lambda$execute$0(ThreadUtil.java:58)
at java.base/java.util.concurrent.FutureTask.run(FutureTask.java:264)
at java.base/java.util.concurrent.ThreadPoolExecutor.runWorker(ThreadPoolExecutor.java:1136)
at java.base/java.util.concurrent.ThreadPoolExecutor$Worker.run(ThreadPoolExecutor.java:635)
at java.base/java.lang.Thread.run(Thread.java:833)
]]>
            </full-stacktrace>
          </exception> <!-- java.lang.Throwable -->
          <reporter-output>
          </reporter-output>
        </test-method> <!-- ValidateScriptExecution -->
      </class> <!-- com.dsalgo.tests.DSAlgoQueueTest -->
      <class name="com.dsalgo.tests.DSAlgoIntroTest">
        <test-method is-config="true" signature="setup()[pri:0, instance:com.dsalgo.tests.DSAlgoIntroTest@6a09484c]" started-at="2022-09-15T19:59:50 EDT" name="setup" finished-at="2022-09-15T19:59:50 EDT" duration-ms="313" status="PASS">
          <reporter-output>
          </reporter-output>
        </test-method> <!-- setup -->
        <test-method signature="VerifyIntroPageTitle()[pri:0, instance:com.dsalgo.tests.DSAlgoIntroTest@6a09484c]" started-at="2022-09-15T19:59:50 EDT" name="VerifyIntroPageTitle" depends-on-groups="successfullRegistration" finished-at="2022-09-15T19:59:50 EDT" duration-ms="0" status="SKIP">
          <exception class="java.lang.Throwable">
            <message>
              <![CDATA[Method DSAlgoIntroTest.VerifyIntroPageTitle()[pri:0, instance:com.dsalgo.tests.DSAlgoIntroTest@6a09484c] depends on not successfully finished methods in group "successfullRegistration"]]>
            </message>
            <full-stacktrace>
              <![CDATA[java.lang.Throwable: Method DSAlgoIntroTest.VerifyIntroPageTitle()[pri:0, instance:com.dsalgo.tests.DSAlgoIntroTest@6a09484c] depends on not successfully finished methods in group "successfullRegistration"
at org.testng.internal.invokers.TestInvoker.invokeTestMethods(TestInvoker.java:150)
at org.testng.internal.invokers.TestMethodWorker.invokeTestMethods(TestMethodWorker.java:148)
at org.testng.internal.invokers.TestMethodWorker.run(TestMethodWorker.java:128)
at java.base/java.util.ArrayList.forEach(ArrayList.java:1511)
at org.testng.TestRunner.privateRun(TestRunner.java:806)
at org.testng.TestRunner.run(TestRunner.java:601)
at org.testng.SuiteRunner.runTest(SuiteRunner.java:433)
at org.testng.SuiteRunner$SuiteWorker.run(SuiteRunner.java:471)
at org.testng.internal.thread.ThreadUtil.lambda$execute$0(ThreadUtil.java:58)
at java.base/java.util.concurrent.FutureTask.run(FutureTask.java:264)
at java.base/java.util.concurrent.ThreadPoolExecutor.runWorker(ThreadPoolExecutor.java:1136)
at java.base/java.util.concurrent.ThreadPoolExecutor$Worker.run(ThreadPoolExecutor.java:635)
at java.base/java.lang.Thread.run(Thread.java:833)
]]>
            </full-stacktrace>
          </exception> <!-- java.lang.Throwable -->
          <reporter-output>
          </reporter-output>
        </test-method> <!-- VerifyIntroPageTitle -->
        <test-method signature="VerifyIntroTopicsLinks()[pri:0, instance:com.dsalgo.tests.DSAlgoIntroTest@6a09484c]" started-at="2022-09-15T19:59:50 EDT" name="VerifyIntroTopicsLinks" finished-at="2022-09-15T19:59:50 EDT" depends-on-methods="com.dsalgo.tests.DSAlgoIntroTest.VerifyIntroPageTitle" duration-ms="0" status="SKIP">
          <exception class="java.lang.Throwable">
            <message>
              <![CDATA[Method com.dsalgo.tests.DSAlgoIntroTest.VerifyIntroTopicsLinks() on instance com.dsalgo.tests.DSAlgoIntroTest@6a09484c depends on not successfully finished methods 
[com.dsalgo.tests.DSAlgoIntroTest.VerifyIntroPageTitle() on instance com.dsalgo.tests.DSAlgoIntroTest@6a09484c]]]>
            </message>
            <full-stacktrace>
              <![CDATA[java.lang.Throwable: Method com.dsalgo.tests.DSAlgoIntroTest.VerifyIntroTopicsLinks() on instance com.dsalgo.tests.DSAlgoIntroTest@6a09484c depends on not successfully finished methods 
[com.dsalgo.tests.DSAlgoIntroTest.VerifyIntroPageTitle() on instance com.dsalgo.tests.DSAlgoIntroTest@6a09484c]
at org.testng.internal.invokers.TestInvoker.invokeTestMethods(TestInvoker.java:150)
at org.testng.internal.invokers.TestMethodWorker.invokeTestMethods(TestMethodWorker.java:148)
at org.testng.internal.invokers.TestMethodWorker.run(TestMethodWorker.java:128)
at java.base/java.util.ArrayList.forEach(ArrayList.java:1511)
at org.testng.TestRunner.privateRun(TestRunner.java:806)
at org.testng.TestRunner.run(TestRunner.java:601)
at org.testng.SuiteRunner.runTest(SuiteRunner.java:433)
at org.testng.SuiteRunner$SuiteWorker.run(SuiteRunner.java:471)
at org.testng.internal.thread.ThreadUtil.lambda$execute$0(ThreadUtil.java:58)
at java.base/java.util.concurrent.FutureTask.run(FutureTask.java:264)
at java.base/java.util.concurrent.ThreadPoolExecutor.runWorker(ThreadPoolExecutor.java:1136)
at java.base/java.util.concurrent.ThreadPoolExecutor$Worker.run(ThreadPoolExecutor.java:635)
at java.base/java.lang.Thread.run(Thread.java:833)
]]>
            </full-stacktrace>
          </exception> <!-- java.lang.Throwable -->
          <reporter-output>
          </reporter-output>
        </test-method> <!-- VerifyIntroTopicsLinks -->
        <test-method signature="ValidateScriptExecution(java.lang.String,java.lang.String)[pri:0, instance:com.dsalgo.tests.DSAlgoIntroTest@6a09484c]" started-at="2022-09-15T19:59:50 EDT" name="ValidateScriptExecution" finished-at="2022-09-15T19:59:50 EDT" depends-on-methods="com.dsalgo.tests.DSAlgoIntroTest.VerifyIntroTopicsLinks" duration-ms="0" status="SKIP">
          <exception class="java.lang.Throwable">
            <message>
              <![CDATA[Method com.dsalgo.tests.DSAlgoIntroTest.ValidateScriptExecution() on instance com.dsalgo.tests.DSAlgoIntroTest@6a09484c depends on not successfully finished methods 
[com.dsalgo.tests.DSAlgoIntroTest.VerifyIntroTopicsLinks() on instance com.dsalgo.tests.DSAlgoIntroTest@6a09484c]]]>
            </message>
            <full-stacktrace>
              <![CDATA[java.lang.Throwable: Method com.dsalgo.tests.DSAlgoIntroTest.ValidateScriptExecution() on instance com.dsalgo.tests.DSAlgoIntroTest@6a09484c depends on not successfully finished methods 
[com.dsalgo.tests.DSAlgoIntroTest.VerifyIntroTopicsLinks() on instance com.dsalgo.tests.DSAlgoIntroTest@6a09484c]
at org.testng.internal.invokers.TestInvoker.invokeTestMethods(TestInvoker.java:150)
at org.testng.internal.invokers.TestMethodWorker.invokeTestMethods(TestMethodWorker.java:148)
at org.testng.internal.invokers.TestMethodWorker.run(TestMethodWorker.java:128)
at java.base/java.util.ArrayList.forEach(ArrayList.java:1511)
at org.testng.TestRunner.privateRun(TestRunner.java:806)
at org.testng.TestRunner.run(TestRunner.java:601)
at org.testng.SuiteRunner.runTest(SuiteRunner.java:433)
at org.testng.SuiteRunner$SuiteWorker.run(SuiteRunner.java:471)
at org.testng.internal.thread.ThreadUtil.lambda$execute$0(ThreadUtil.java:58)
at java.base/java.util.concurrent.FutureTask.run(FutureTask.java:264)
at java.base/java.util.concurrent.ThreadPoolExecutor.runWorker(ThreadPoolExecutor.java:1136)
at java.base/java.util.concurrent.ThreadPoolExecutor$Worker.run(ThreadPoolExecutor.java:635)
at java.base/java.lang.Thread.run(Thread.java:833)
]]>
            </full-stacktrace>
          </exception> <!-- java.lang.Throwable -->
          <reporter-output>
          </reporter-output>
        </test-method> <!-- ValidateScriptExecution -->
      </class> <!-- com.dsalgo.tests.DSAlgoIntroTest -->
      <class name="com.dsalgo.tests.DSAlgoLinkedListTest">
        <test-method is-config="true" signature="setup()[pri:0, instance:com.dsalgo.tests.DSAlgoLinkedListTest@34c7232c]" started-at="2022-09-15T19:59:50 EDT" name="setup" finished-at="2022-09-15T19:59:50 EDT" duration-ms="387" status="PASS">
          <reporter-output>
          </reporter-output>
        </test-method> <!-- setup -->
        <test-method signature="VerifyLinkedListPageTitle()[pri:0, instance:com.dsalgo.tests.DSAlgoLinkedListTest@34c7232c]" started-at="2022-09-15T19:59:50 EDT" name="VerifyLinkedListPageTitle" depends-on-groups="successfullRegistration" finished-at="2022-09-15T19:59:50 EDT" duration-ms="0" status="SKIP">
          <exception class="java.lang.Throwable">
            <message>
              <![CDATA[Method DSAlgoLinkedListTest.VerifyLinkedListPageTitle()[pri:0, instance:com.dsalgo.tests.DSAlgoLinkedListTest@34c7232c] depends on not successfully finished methods in group "successfullRegistration"]]>
            </message>
            <full-stacktrace>
              <![CDATA[java.lang.Throwable: Method DSAlgoLinkedListTest.VerifyLinkedListPageTitle()[pri:0, instance:com.dsalgo.tests.DSAlgoLinkedListTest@34c7232c] depends on not successfully finished methods in group "successfullRegistration"
at org.testng.internal.invokers.TestInvoker.invokeTestMethods(TestInvoker.java:150)
at org.testng.internal.invokers.TestMethodWorker.invokeTestMethods(TestMethodWorker.java:148)
at org.testng.internal.invokers.TestMethodWorker.run(TestMethodWorker.java:128)
at java.base/java.util.ArrayList.forEach(ArrayList.java:1511)
at org.testng.TestRunner.privateRun(TestRunner.java:806)
at org.testng.TestRunner.run(TestRunner.java:601)
at org.testng.SuiteRunner.runTest(SuiteRunner.java:433)
at org.testng.SuiteRunner$SuiteWorker.run(SuiteRunner.java:471)
at org.testng.internal.thread.ThreadUtil.lambda$execute$0(ThreadUtil.java:58)
at java.base/java.util.concurrent.FutureTask.run(FutureTask.java:264)
at java.base/java.util.concurrent.ThreadPoolExecutor.runWorker(ThreadPoolExecutor.java:1136)
at java.base/java.util.concurrent.ThreadPoolExecutor$Worker.run(ThreadPoolExecutor.java:635)
at java.base/java.lang.Thread.run(Thread.java:833)
]]>
            </full-stacktrace>
          </exception> <!-- java.lang.Throwable -->
          <reporter-output>
          </reporter-output>
        </test-method> <!-- VerifyLinkedListPageTitle -->
        <test-method signature="VerifyLinkedListTopicsLinks()[pri:0, instance:com.dsalgo.tests.DSAlgoLinkedListTest@34c7232c]" started-at="2022-09-15T19:59:50 EDT" name="VerifyLinkedListTopicsLinks" finished-at="2022-09-15T19:59:50 EDT" depends-on-methods="com.dsalgo.tests.DSAlgoLinkedListTest.VerifyLinkedListPageTitle" duration-ms="0" status="SKIP">
          <exception class="java.lang.Throwable">
            <message>
              <![CDATA[Method com.dsalgo.tests.DSAlgoLinkedListTest.VerifyLinkedListTopicsLinks() on instance com.dsalgo.tests.DSAlgoLinkedListTest@34c7232c depends on not successfully finished methods 
[com.dsalgo.tests.DSAlgoLinkedListTest.VerifyLinkedListPageTitle() on instance com.dsalgo.tests.DSAlgoLinkedListTest@34c7232c]]]>
            </message>
            <full-stacktrace>
              <![CDATA[java.lang.Throwable: Method com.dsalgo.tests.DSAlgoLinkedListTest.VerifyLinkedListTopicsLinks() on instance com.dsalgo.tests.DSAlgoLinkedListTest@34c7232c depends on not successfully finished methods 
[com.dsalgo.tests.DSAlgoLinkedListTest.VerifyLinkedListPageTitle() on instance com.dsalgo.tests.DSAlgoLinkedListTest@34c7232c]
at org.testng.internal.invokers.TestInvoker.invokeTestMethods(TestInvoker.java:150)
at org.testng.internal.invokers.TestMethodWorker.invokeTestMethods(TestMethodWorker.java:148)
at org.testng.internal.invokers.TestMethodWorker.run(TestMethodWorker.java:128)
at java.base/java.util.ArrayList.forEach(ArrayList.java:1511)
at org.testng.TestRunner.privateRun(TestRunner.java:806)
at org.testng.TestRunner.run(TestRunner.java:601)
at org.testng.SuiteRunner.runTest(SuiteRunner.java:433)
at org.testng.SuiteRunner$SuiteWorker.run(SuiteRunner.java:471)
at org.testng.internal.thread.ThreadUtil.lambda$execute$0(ThreadUtil.java:58)
at java.base/java.util.concurrent.FutureTask.run(FutureTask.java:264)
at java.base/java.util.concurrent.ThreadPoolExecutor.runWorker(ThreadPoolExecutor.java:1136)
at java.base/java.util.concurrent.ThreadPoolExecutor$Worker.run(ThreadPoolExecutor.java:635)
at java.base/java.lang.Thread.run(Thread.java:833)
]]>
            </full-stacktrace>
          </exception> <!-- java.lang.Throwable -->
          <reporter-output>
          </reporter-output>
        </test-method> <!-- VerifyLinkedListTopicsLinks -->
        <test-method signature="ValidateScriptExecution(java.lang.String,java.lang.String)[pri:0, instance:com.dsalgo.tests.DSAlgoLinkedListTest@34c7232c]" started-at="2022-09-15T19:59:50 EDT" name="ValidateScriptExecution" finished-at="2022-09-15T19:59:50 EDT" depends-on-methods="com.dsalgo.tests.DSAlgoLinkedListTest.VerifyLinkedListTopicsLinks" duration-ms="0" status="SKIP">
          <exception class="java.lang.Throwable">
            <message>
              <![CDATA[Method com.dsalgo.tests.DSAlgoLinkedListTest.ValidateScriptExecution() on instance com.dsalgo.tests.DSAlgoLinkedListTest@34c7232c depends on not successfully finished methods 
[com.dsalgo.tests.DSAlgoLinkedListTest.VerifyLinkedListTopicsLinks() on instance com.dsalgo.tests.DSAlgoLinkedListTest@34c7232c]]]>
            </message>
            <full-stacktrace>
              <![CDATA[java.lang.Throwable: Method com.dsalgo.tests.DSAlgoLinkedListTest.ValidateScriptExecution() on instance com.dsalgo.tests.DSAlgoLinkedListTest@34c7232c depends on not successfully finished methods 
[com.dsalgo.tests.DSAlgoLinkedListTest.VerifyLinkedListTopicsLinks() on instance com.dsalgo.tests.DSAlgoLinkedListTest@34c7232c]
at org.testng.internal.invokers.TestInvoker.invokeTestMethods(TestInvoker.java:150)
at org.testng.internal.invokers.TestMethodWorker.invokeTestMethods(TestMethodWorker.java:148)
at org.testng.internal.invokers.TestMethodWorker.run(TestMethodWorker.java:128)
at java.base/java.util.ArrayList.forEach(ArrayList.java:1511)
at org.testng.TestRunner.privateRun(TestRunner.java:806)
at org.testng.TestRunner.run(TestRunner.java:601)
at org.testng.SuiteRunner.runTest(SuiteRunner.java:433)
at org.testng.SuiteRunner$SuiteWorker.run(SuiteRunner.java:471)
at org.testng.internal.thread.ThreadUtil.lambda$execute$0(ThreadUtil.java:58)
at java.base/java.util.concurrent.FutureTask.run(FutureTask.java:264)
at java.base/java.util.concurrent.ThreadPoolExecutor.runWorker(ThreadPoolExecutor.java:1136)
at java.base/java.util.concurrent.ThreadPoolExecutor$Worker.run(ThreadPoolExecutor.java:635)
at java.base/java.lang.Thread.run(Thread.java:833)
]]>
            </full-stacktrace>
          </exception> <!-- java.lang.Throwable -->
          <reporter-output>
          </reporter-output>
        </test-method> <!-- ValidateScriptExecution -->
      </class> <!-- com.dsalgo.tests.DSAlgoLinkedListTest -->
      <class name="com.dsalgo.tests.DSAlgoHomeSignInTest">
        <test-method is-config="true" signature="setup(java.lang.String)[pri:0, instance:com.dsalgo.tests.DSAlgoHomeSignInTest@350da119]" started-at="2022-09-15T19:59:30 EDT" name="setup" finished-at="2022-09-15T19:59:45 EDT" duration-ms="15282" status="PASS">
          <params>
            <param index="0">
              <value>
                <![CDATA[edge]]>
              </value>
            </param>
          </params>
          <reporter-output>
          </reporter-output>
        </test-method> <!-- setup -->
        <test-method signature="NavigateToHomePage()[pri:0, instance:com.dsalgo.tests.DSAlgoHomeSignInTest@350da119]" started-at="2022-09-15T19:59:45 EDT" name="NavigateToHomePage" finished-at="2022-09-15T19:59:47 EDT" duration-ms="1131" status="PASS">
          <reporter-output>
          </reporter-output>
        </test-method> <!-- NavigateToHomePage -->
        <test-method signature="ValidateDropdownBeforeSignIn()[pri:0, instance:com.dsalgo.tests.DSAlgoHomeSignInTest@350da119]" started-at="2022-09-15T19:59:47 EDT" name="ValidateDropdownBeforeSignIn" finished-at="2022-09-15T19:59:47 EDT" depends-on-methods="com.dsalgo.tests.DSAlgoHomeSignInTest.NavigateToHomePage" duration-ms="630" status="FAIL">
          <exception class="org.openqa.selenium.StaleElementReferenceException">
            <message>
              <![CDATA[stale element reference: element is not attached to the page document
  (Session info: MicrosoftEdge=105.0.1343.33)
For documentation on this error, please visit: https://selenium.dev/exceptions/#stale_element_reference
Build info: version: '4.4.0', revision: 'e5c75ed026a'
System info: host: 'DESKTOP-DIMGNTL', ip: '10.53.192.85', os.name: 'Windows 10', os.arch: 'amd64', os.version: '10.0', java.version: '18.0.1'
Driver info: org.openqa.selenium.edge.EdgeDriver
Command: [6e5a028db0b81a16a37f80005c371bba, getElementText {id=c9548efd-7600-433a-81f8-ac39a19cc9b8}]
Capabilities {acceptInsecureCerts: false, browserName: msedge, browserVersion: 105.0.1343.33, ms:edgeOptions: {debuggerAddress: localhost:57194}, msedge: {msedgedriverVersion: 104.0.1293.70 (6709c341bd06..., userDataDir: D:\Users\ppai2114\AppData\L...}, networkConnectionEnabled: false, pageLoadStrategy: normal, platformName: WINDOWS, proxy: Proxy(), se:cdp: ws://localhost:57194/devtoo..., se:cdpVersion: 105.0.1343.33, setWindowRect: true, strictFileInteractability: false, timeouts: {implicit: 0, pageLoad: 300000, script: 30000}, unhandledPromptBehavior: dismiss and notify, webauthn:extension:credBlob: true, webauthn:extension:largeBlob: true, webauthn:virtualAuthenticators: true}
Element: [[EdgeDriver: msedge on WINDOWS (6e5a028db0b81a16a37f80005c371bba)] -> css selector: .alert.alert-primary]
Session ID: 6e5a028db0b81a16a37f80005c371bba]]>
            </message>
            <full-stacktrace>
              <![CDATA[org.openqa.selenium.StaleElementReferenceException: stale element reference: element is not attached to the page document
  (Session info: MicrosoftEdge=105.0.1343.33)
For documentation on this error, please visit: https://selenium.dev/exceptions/#stale_element_reference
Build info: version: '4.4.0', revision: 'e5c75ed026a'
System info: host: 'DESKTOP-DIMGNTL', ip: '10.53.192.85', os.name: 'Windows 10', os.arch: 'amd64', os.version: '10.0', java.version: '18.0.1'
Driver info: org.openqa.selenium.edge.EdgeDriver
Command: [6e5a028db0b81a16a37f80005c371bba, getElementText {id=c9548efd-7600-433a-81f8-ac39a19cc9b8}]
Capabilities {acceptInsecureCerts: false, browserName: msedge, browserVersion: 105.0.1343.33, ms:edgeOptions: {debuggerAddress: localhost:57194}, msedge: {msedgedriverVersion: 104.0.1293.70 (6709c341bd06..., userDataDir: D:\Users\ppai2114\AppData\L...}, networkConnectionEnabled: false, pageLoadStrategy: normal, platformName: WINDOWS, proxy: Proxy(), se:cdp: ws://localhost:57194/devtoo..., se:cdpVersion: 105.0.1343.33, setWindowRect: true, strictFileInteractability: false, timeouts: {implicit: 0, pageLoad: 300000, script: 30000}, unhandledPromptBehavior: dismiss and notify, webauthn:extension:credBlob: true, webauthn:extension:largeBlob: true, webauthn:virtualAuthenticators: true}
Element: [[EdgeDriver: msedge on WINDOWS (6e5a028db0b81a16a37f80005c371bba)] -> css selector: .alert.alert-primary]
Session ID: 6e5a028db0b81a16a37f80005c371bba
at java.base/jdk.internal.reflect.DirectConstructorHandleAccessor.newInstance(DirectConstructorHandleAccessor.java:67)
at java.base/java.lang.reflect.Constructor.newInstanceWithCaller(Constructor.java:499)
at java.base/java.lang.reflect.Constructor.newInstance(Constructor.java:483)
at org.openqa.selenium.remote.codec.w3c.W3CHttpResponseCodec.createException(W3CHttpResponseCodec.java:200)
at org.openqa.selenium.remote.codec.w3c.W3CHttpResponseCodec.decode(W3CHttpResponseCodec.java:133)
at org.openqa.selenium.remote.codec.w3c.W3CHttpResponseCodec.decode(W3CHttpResponseCodec.java:53)
at org.openqa.selenium.remote.HttpCommandExecutor.execute(HttpCommandExecutor.java:184)
at org.openqa.selenium.remote.service.DriverCommandExecutor.invokeExecute(DriverCommandExecutor.java:167)
at org.openqa.selenium.remote.service.DriverCommandExecutor.execute(DriverCommandExecutor.java:142)
at org.openqa.selenium.remote.RemoteWebDriver.execute(RemoteWebDriver.java:547)
at org.openqa.selenium.remote.RemoteWebElement.execute(RemoteWebElement.java:257)
at org.openqa.selenium.remote.RemoteWebElement.getText(RemoteWebElement.java:207)
at java.base/jdk.internal.reflect.DirectMethodHandleAccessor.invoke(DirectMethodHandleAccessor.java:104)
at java.base/java.lang.reflect.Method.invoke(Method.java:577)
at org.openqa.selenium.support.pagefactory.internal.LocatingElementHandler.invoke(LocatingElementHandler.java:52)
at jdk.proxy2/jdk.proxy2.$Proxy38.getText(Unknown Source)
at com.dsalgo.pages.HomePage.SelectDataStructure(HomePage.java:98)
at com.dsalgo.tests.DSAlgoHomeSignInTest.ValidateDropdownBeforeSignIn(DSAlgoHomeSignInTest.java:101)
at java.base/jdk.internal.reflect.DirectMethodHandleAccessor.invoke(DirectMethodHandleAccessor.java:104)
at java.base/java.lang.reflect.Method.invoke(Method.java:577)
at org.testng.internal.invokers.MethodInvocationHelper.invokeMethod(MethodInvocationHelper.java:139)
at org.testng.internal.invokers.TestInvoker.invokeMethod(TestInvoker.java:677)
at org.testng.internal.invokers.TestInvoker.invokeTestMethod(TestInvoker.java:221)
at org.testng.internal.invokers.MethodRunner.runInSequence(MethodRunner.java:50)
at org.testng.internal.invokers.TestInvoker$MethodInvocationAgent.invoke(TestInvoker.java:962)
at org.testng.internal.invokers.TestInvoker.invokeTestMethods(TestInvoker.java:194)
at org.testng.internal.invokers.TestMethodWorker.invokeTestMethods(TestMethodWorker.java:148)
at org.testng.internal.invokers.TestMethodWorker.run(TestMethodWorker.java:128)
at java.base/java.util.ArrayList.forEach(ArrayList.java:1511)
at org.testng.TestRunner.privateRun(TestRunner.java:806)
at org.testng.TestRunner.run(TestRunner.java:601)
at org.testng.SuiteRunner.runTest(SuiteRunner.java:433)
at org.testng.SuiteRunner$SuiteWorker.run(SuiteRunner.java:471)
at org.testng.internal.thread.ThreadUtil.lambda$execute$0(ThreadUtil.java:58)
at java.base/java.util.concurrent.FutureTask.run(FutureTask.java:264)
at java.base/java.util.concurrent.ThreadPoolExecutor.runWorker(ThreadPoolExecutor.java:1136)
at java.base/java.util.concurrent.ThreadPoolExecutor$Worker.run(ThreadPoolExecutor.java:635)
at java.base/java.lang.Thread.run(Thread.java:833)
]]>
            </full-stacktrace>
          </exception> <!-- org.openqa.selenium.StaleElementReferenceException -->
          <reporter-output>
          </reporter-output>
        </test-method> <!-- ValidateDropdownBeforeSignIn -->
        <test-method signature="ValidateGetStartedBeforeSignIn()[pri:0, instance:com.dsalgo.tests.DSAlgoHomeSignInTest@350da119]" started-at="2022-09-15T19:59:48 EDT" name="ValidateGetStartedBeforeSignIn" finished-at="2022-09-15T19:59:48 EDT" depends-on-methods="com.dsalgo.tests.DSAlgoHomeSignInTest.NavigateToHomePage" duration-ms="355" status="FAIL">
          <exception class="org.openqa.selenium.StaleElementReferenceException">
            <message>
              <![CDATA[stale element reference: element is not attached to the page document
  (Session info: MicrosoftEdge=105.0.1343.33)
For documentation on this error, please visit: https://selenium.dev/exceptions/#stale_element_reference
Build info: version: '4.4.0', revision: 'e5c75ed026a'
System info: host: 'DESKTOP-DIMGNTL', ip: '10.53.192.85', os.name: 'Windows 10', os.arch: 'amd64', os.version: '10.0', java.version: '18.0.1'
Driver info: org.openqa.selenium.edge.EdgeDriver
Command: [6e5a028db0b81a16a37f80005c371bba, clickElement {id=ad4291e9-70f6-4957-af36-714df4f3293b}]
Capabilities {acceptInsecureCerts: false, browserName: msedge, browserVersion: 105.0.1343.33, ms:edgeOptions: {debuggerAddress: localhost:57194}, msedge: {msedgedriverVersion: 104.0.1293.70 (6709c341bd06..., userDataDir: D:\Users\ppai2114\AppData\L...}, networkConnectionEnabled: false, pageLoadStrategy: normal, platformName: WINDOWS, proxy: Proxy(), se:cdp: ws://localhost:57194/devtoo..., se:cdpVersion: 105.0.1343.33, setWindowRect: true, strictFileInteractability: false, timeouts: {implicit: 0, pageLoad: 300000, script: 30000}, unhandledPromptBehavior: dismiss and notify, webauthn:extension:credBlob: true, webauthn:extension:largeBlob: true, webauthn:virtualAuthenticators: true}
Element: [[[[EdgeDriver: msedge on WINDOWS (6e5a028db0b81a16a37f80005c371bba)] -> xpath: //h5]] -> xpath: //h5[text()='Array']/following-sibling::a]
Session ID: 6e5a028db0b81a16a37f80005c371bba]]>
            </message>
            <full-stacktrace>
              <![CDATA[org.openqa.selenium.StaleElementReferenceException: stale element reference: element is not attached to the page document
  (Session info: MicrosoftEdge=105.0.1343.33)
For documentation on this error, please visit: https://selenium.dev/exceptions/#stale_element_reference
Build info: version: '4.4.0', revision: 'e5c75ed026a'
System info: host: 'DESKTOP-DIMGNTL', ip: '10.53.192.85', os.name: 'Windows 10', os.arch: 'amd64', os.version: '10.0', java.version: '18.0.1'
Driver info: org.openqa.selenium.edge.EdgeDriver
Command: [6e5a028db0b81a16a37f80005c371bba, clickElement {id=ad4291e9-70f6-4957-af36-714df4f3293b}]
Capabilities {acceptInsecureCerts: false, browserName: msedge, browserVersion: 105.0.1343.33, ms:edgeOptions: {debuggerAddress: localhost:57194}, msedge: {msedgedriverVersion: 104.0.1293.70 (6709c341bd06..., userDataDir: D:\Users\ppai2114\AppData\L...}, networkConnectionEnabled: false, pageLoadStrategy: normal, platformName: WINDOWS, proxy: Proxy(), se:cdp: ws://localhost:57194/devtoo..., se:cdpVersion: 105.0.1343.33, setWindowRect: true, strictFileInteractability: false, timeouts: {implicit: 0, pageLoad: 300000, script: 30000}, unhandledPromptBehavior: dismiss and notify, webauthn:extension:credBlob: true, webauthn:extension:largeBlob: true, webauthn:virtualAuthenticators: true}
Element: [[[[EdgeDriver: msedge on WINDOWS (6e5a028db0b81a16a37f80005c371bba)] -> xpath: //h5]] -> xpath: //h5[text()='Array']/following-sibling::a]
Session ID: 6e5a028db0b81a16a37f80005c371bba
at java.base/jdk.internal.reflect.DirectConstructorHandleAccessor.newInstance(DirectConstructorHandleAccessor.java:67)
at java.base/java.lang.reflect.Constructor.newInstanceWithCaller(Constructor.java:499)
at java.base/java.lang.reflect.Constructor.newInstance(Constructor.java:483)
at org.openqa.selenium.remote.codec.w3c.W3CHttpResponseCodec.createException(W3CHttpResponseCodec.java:200)
at org.openqa.selenium.remote.codec.w3c.W3CHttpResponseCodec.decode(W3CHttpResponseCodec.java:133)
at org.openqa.selenium.remote.codec.w3c.W3CHttpResponseCodec.decode(W3CHttpResponseCodec.java:53)
at org.openqa.selenium.remote.HttpCommandExecutor.execute(HttpCommandExecutor.java:184)
at org.openqa.selenium.remote.service.DriverCommandExecutor.invokeExecute(DriverCommandExecutor.java:167)
at org.openqa.selenium.remote.service.DriverCommandExecutor.execute(DriverCommandExecutor.java:142)
at org.openqa.selenium.remote.RemoteWebDriver.execute(RemoteWebDriver.java:547)
at org.openqa.selenium.remote.RemoteWebElement.execute(RemoteWebElement.java:257)
at org.openqa.selenium.remote.RemoteWebElement.click(RemoteWebElement.java:78)
at com.dsalgo.pages.HomePage.ClickGetStarted(HomePage.java:115)
at com.dsalgo.pages.HomePage.GetStartedWithDataStructure(HomePage.java:102)
at com.dsalgo.tests.DSAlgoHomeSignInTest.ValidateGetStartedBeforeSignIn(DSAlgoHomeSignInTest.java:114)
at java.base/jdk.internal.reflect.DirectMethodHandleAccessor.invoke(DirectMethodHandleAccessor.java:104)
at java.base/java.lang.reflect.Method.invoke(Method.java:577)
at org.testng.internal.invokers.MethodInvocationHelper.invokeMethod(MethodInvocationHelper.java:139)
at org.testng.internal.invokers.TestInvoker.invokeMethod(TestInvoker.java:677)
at org.testng.internal.invokers.TestInvoker.invokeTestMethod(TestInvoker.java:221)
at org.testng.internal.invokers.MethodRunner.runInSequence(MethodRunner.java:50)
at org.testng.internal.invokers.TestInvoker$MethodInvocationAgent.invoke(TestInvoker.java:962)
at org.testng.internal.invokers.TestInvoker.invokeTestMethods(TestInvoker.java:194)
at org.testng.internal.invokers.TestMethodWorker.invokeTestMethods(TestMethodWorker.java:148)
at org.testng.internal.invokers.TestMethodWorker.run(TestMethodWorker.java:128)
at java.base/java.util.ArrayList.forEach(ArrayList.java:1511)
at org.testng.TestRunner.privateRun(TestRunner.java:806)
at org.testng.TestRunner.run(TestRunner.java:601)
at org.testng.SuiteRunner.runTest(SuiteRunner.java:433)
at org.testng.SuiteRunner$SuiteWorker.run(SuiteRunner.java:471)
at org.testng.internal.thread.ThreadUtil.lambda$execute$0(ThreadUtil.java:58)
at java.base/java.util.concurrent.FutureTask.run(FutureTask.java:264)
at java.base/java.util.concurrent.ThreadPoolExecutor.runWorker(ThreadPoolExecutor.java:1136)
at java.base/java.util.concurrent.ThreadPoolExecutor$Worker.run(ThreadPoolExecutor.java:635)
at java.base/java.lang.Thread.run(Thread.java:833)
]]>
            </full-stacktrace>
          </exception> <!-- org.openqa.selenium.StaleElementReferenceException -->
          <reporter-output>
          </reporter-output>
        </test-method> <!-- ValidateGetStartedBeforeSignIn -->
        <test-method signature="ValidateHomePageTitle()[pri:0, instance:com.dsalgo.tests.DSAlgoHomeSignInTest@350da119]" started-at="2022-09-15T19:59:48 EDT" name="ValidateHomePageTitle" finished-at="2022-09-15T19:59:48 EDT" depends-on-methods="com.dsalgo.tests.DSAlgoHomeSignInTest.NavigateToHomePage" duration-ms="35" status="FAIL">
          <exception class="java.lang.AssertionError">
            <message>
              <![CDATA[expected [Numpy Ninja] but found [NumpyNinja]]]>
            </message>
            <full-stacktrace>
              <![CDATA[java.lang.AssertionError: expected [Numpy Ninja] but found [NumpyNinja]
at org.testng.Assert.fail(Assert.java:110)
at org.testng.Assert.failNotEquals(Assert.java:1413)
at org.testng.Assert.assertEqualsImpl(Assert.java:149)
at org.testng.Assert.assertEquals(Assert.java:131)
at org.testng.Assert.assertEquals(Assert.java:655)
at org.testng.Assert.assertEquals(Assert.java:665)
at com.dsalgo.tests.DSAlgoHomeSignInTest.ValidateHomePageTitle(DSAlgoHomeSignInTest.java:81)
at java.base/jdk.internal.reflect.DirectMethodHandleAccessor.invoke(DirectMethodHandleAccessor.java:104)
at java.base/java.lang.reflect.Method.invoke(Method.java:577)
at org.testng.internal.invokers.MethodInvocationHelper.invokeMethod(MethodInvocationHelper.java:139)
at org.testng.internal.invokers.TestInvoker.invokeMethod(TestInvoker.java:677)
at org.testng.internal.invokers.TestInvoker.invokeTestMethod(TestInvoker.java:221)
at org.testng.internal.invokers.MethodRunner.runInSequence(MethodRunner.java:50)
at org.testng.internal.invokers.TestInvoker$MethodInvocationAgent.invoke(TestInvoker.java:962)
at org.testng.internal.invokers.TestInvoker.invokeTestMethods(TestInvoker.java:194)
at org.testng.internal.invokers.TestMethodWorker.invokeTestMethods(TestMethodWorker.java:148)
at org.testng.internal.invokers.TestMethodWorker.run(TestMethodWorker.java:128)
at java.base/java.util.ArrayList.forEach(ArrayList.java:1511)
at org.testng.TestRunner.privateRun(TestRunner.java:806)
at org.testng.TestRunner.run(TestRunner.java:601)
at org.testng.SuiteRunner.runTest(SuiteRunner.java:433)
at org.testng.SuiteRunner$SuiteWorker.run(SuiteRunner.java:471)
at org.testng.internal.thread.ThreadUtil.lambda$execute$0(ThreadUtil.java:58)
at java.base/java.util.concurrent.FutureTask.run(FutureTask.java:264)
at java.base/java.util.concurrent.ThreadPoolExecutor.runWorker(ThreadPoolExecutor.java:1136)
at java.base/java.util.concurrent.ThreadPoolExecutor$Worker.run(ThreadPoolExecutor.java:635)
at java.base/java.lang.Thread.run(Thread.java:833)
]]>
            </full-stacktrace>
          </exception> <!-- java.lang.AssertionError -->
          <reporter-output>
          </reporter-output>
        </test-method> <!-- ValidateHomePageTitle -->
        <test-method signature="VerifyDSValuesinDropDownBeforeSignIn()[pri:0, instance:com.dsalgo.tests.DSAlgoHomeSignInTest@350da119]" started-at="2022-09-15T19:59:48 EDT" name="VerifyDSValuesinDropDownBeforeSignIn" finished-at="2022-09-15T19:59:48 EDT" depends-on-methods="com.dsalgo.tests.DSAlgoHomeSignInTest.NavigateToHomePage" duration-ms="217" status="FAIL">
          <exception class="org.openqa.selenium.StaleElementReferenceException">
            <message>
              <![CDATA[stale element reference: element is not attached to the page document
  (Session info: MicrosoftEdge=105.0.1343.33)
For documentation on this error, please visit: https://selenium.dev/exceptions/#stale_element_reference
Build info: version: '4.4.0', revision: 'e5c75ed026a'
System info: host: 'DESKTOP-DIMGNTL', ip: '10.53.192.85', os.name: 'Windows 10', os.arch: 'amd64', os.version: '10.0', java.version: '18.0.1'
Driver info: org.openqa.selenium.edge.EdgeDriver
Command: [6e5a028db0b81a16a37f80005c371bba, getElementAttribute {id=b3743cfd-ebea-410c-b208-d9daa514c19c, name=textContent}]
Capabilities {acceptInsecureCerts: false, browserName: msedge, browserVersion: 105.0.1343.33, ms:edgeOptions: {debuggerAddress: localhost:57194}, msedge: {msedgedriverVersion: 104.0.1293.70 (6709c341bd06..., userDataDir: D:\Users\ppai2114\AppData\L...}, networkConnectionEnabled: false, pageLoadStrategy: normal, platformName: WINDOWS, proxy: Proxy(), se:cdp: ws://localhost:57194/devtoo..., se:cdpVersion: 105.0.1343.33, setWindowRect: true, strictFileInteractability: false, timeouts: {implicit: 0, pageLoad: 300000, script: 30000}, unhandledPromptBehavior: dismiss and notify, webauthn:extension:credBlob: true, webauthn:extension:largeBlob: true, webauthn:virtualAuthenticators: true}
Element: [[EdgeDriver: msedge on WINDOWS (6e5a028db0b81a16a37f80005c371bba)] -> css selector: .dropdown-item]
Session ID: 6e5a028db0b81a16a37f80005c371bba]]>
            </message>
            <full-stacktrace>
              <![CDATA[org.openqa.selenium.StaleElementReferenceException: stale element reference: element is not attached to the page document
  (Session info: MicrosoftEdge=105.0.1343.33)
For documentation on this error, please visit: https://selenium.dev/exceptions/#stale_element_reference
Build info: version: '4.4.0', revision: 'e5c75ed026a'
System info: host: 'DESKTOP-DIMGNTL', ip: '10.53.192.85', os.name: 'Windows 10', os.arch: 'amd64', os.version: '10.0', java.version: '18.0.1'
Driver info: org.openqa.selenium.edge.EdgeDriver
Command: [6e5a028db0b81a16a37f80005c371bba, getElementAttribute {id=b3743cfd-ebea-410c-b208-d9daa514c19c, name=textContent}]
Capabilities {acceptInsecureCerts: false, browserName: msedge, browserVersion: 105.0.1343.33, ms:edgeOptions: {debuggerAddress: localhost:57194}, msedge: {msedgedriverVersion: 104.0.1293.70 (6709c341bd06..., userDataDir: D:\Users\ppai2114\AppData\L...}, networkConnectionEnabled: false, pageLoadStrategy: normal, platformName: WINDOWS, proxy: Proxy(), se:cdp: ws://localhost:57194/devtoo..., se:cdpVersion: 105.0.1343.33, setWindowRect: true, strictFileInteractability: false, timeouts: {implicit: 0, pageLoad: 300000, script: 30000}, unhandledPromptBehavior: dismiss and notify, webauthn:extension:credBlob: true, webauthn:extension:largeBlob: true, webauthn:virtualAuthenticators: true}
Element: [[EdgeDriver: msedge on WINDOWS (6e5a028db0b81a16a37f80005c371bba)] -> css selector: .dropdown-item]
Session ID: 6e5a028db0b81a16a37f80005c371bba
at java.base/jdk.internal.reflect.DirectConstructorHandleAccessor.newInstance(DirectConstructorHandleAccessor.java:67)
at java.base/java.lang.reflect.Constructor.newInstanceWithCaller(Constructor.java:499)
at java.base/java.lang.reflect.Constructor.newInstance(Constructor.java:483)
at org.openqa.selenium.remote.codec.w3c.W3CHttpResponseCodec.createException(W3CHttpResponseCodec.java:200)
at org.openqa.selenium.remote.codec.w3c.W3CHttpResponseCodec.decode(W3CHttpResponseCodec.java:133)
at org.openqa.selenium.remote.codec.w3c.W3CHttpResponseCodec.decode(W3CHttpResponseCodec.java:53)
at org.openqa.selenium.remote.HttpCommandExecutor.execute(HttpCommandExecutor.java:184)
at org.openqa.selenium.remote.service.DriverCommandExecutor.invokeExecute(DriverCommandExecutor.java:167)
at org.openqa.selenium.remote.service.DriverCommandExecutor.execute(DriverCommandExecutor.java:142)
at org.openqa.selenium.remote.RemoteWebDriver.execute(RemoteWebDriver.java:547)
at org.openqa.selenium.remote.RemoteWebElement.execute(RemoteWebElement.java:257)
at org.openqa.selenium.remote.RemoteWebElement.getAttribute(RemoteWebElement.java:158)
at com.dsalgo.pages.HomePage.lambda$0(HomePage.java:70)
at java.base/java.util.stream.ReferencePipeline$3$1.accept(ReferencePipeline.java:197)
at java.base/java.util.ArrayList$ArrayListSpliterator.forEachRemaining(ArrayList.java:1625)
at java.base/java.util.stream.AbstractPipeline.copyInto(AbstractPipeline.java:509)
at java.base/java.util.stream.AbstractPipeline.wrapAndCopyInto(AbstractPipeline.java:499)
at java.base/java.util.stream.ReduceOps$ReduceOp.evaluateSequential(ReduceOps.java:921)
at java.base/java.util.stream.AbstractPipeline.evaluate(AbstractPipeline.java:234)
at java.base/java.util.stream.ReferencePipeline.collect(ReferencePipeline.java:682)
at com.dsalgo.pages.HomePage.GetDataStructureList(HomePage.java:71)
at com.dsalgo.tests.DSAlgoHomeSignInTest.VerifyDSValuesinDropDownBeforeSignIn(DSAlgoHomeSignInTest.java:88)
at java.base/jdk.internal.reflect.DirectMethodHandleAccessor.invoke(DirectMethodHandleAccessor.java:104)
at java.base/java.lang.reflect.Method.invoke(Method.java:577)
at org.testng.internal.invokers.MethodInvocationHelper.invokeMethod(MethodInvocationHelper.java:139)
at org.testng.internal.invokers.TestInvoker.invokeMethod(TestInvoker.java:677)
at org.testng.internal.invokers.TestInvoker.invokeTestMethod(TestInvoker.java:221)
at org.testng.internal.invokers.MethodRunner.runInSequence(MethodRunner.java:50)
at org.testng.internal.invokers.TestInvoker$MethodInvocationAgent.invoke(TestInvoker.java:962)
at org.testng.internal.invokers.TestInvoker.invokeTestMethods(TestInvoker.java:194)
at org.testng.internal.invokers.TestMethodWorker.invokeTestMethods(TestMethodWorker.java:148)
at org.testng.internal.invokers.TestMethodWorker.run(TestMethodWorker.java:128)
at java.base/java.util.ArrayList.forEach(ArrayList.java:1511)
at org.testng.TestRunner.privateRun(TestRunner.java:806)
at org.testng.TestRunner.run(TestRunner.java:601)
at org.testng.SuiteRunner.runTest(SuiteRunner.java:433)
at org.testng.SuiteRunner$SuiteWorker.run(SuiteRunner.java:471)
at org.testng.internal.thread.ThreadUtil.lambda$execute$0(ThreadUtil.java:58)
at java.base/java.util.concurrent.FutureTask.run(FutureTask.java:264)
at java.base/java.util.concurrent.ThreadPoolExecutor.runWorker(ThreadPoolExecutor.java:1136)
at java.base/java.util.concurrent.ThreadPoolExecutor$Worker.run(ThreadPoolExecutor.java:635)
at java.base/java.lang.Thread.run(Thread.java:833)
]]>
            </full-stacktrace>
          </exception> <!-- org.openqa.selenium.StaleElementReferenceException -->
          <reporter-output>
          </reporter-output>
        </test-method> <!-- VerifyDSValuesinDropDownBeforeSignIn -->
        <test-method signature="ValidateFailedSignInScenarios()[pri:0, instance:com.dsalgo.tests.DSAlgoHomeSignInTest@350da119]" started-at="2022-09-15T19:59:49 EDT" name="ValidateFailedSignInScenarios" depends-on-groups="BeforeSignIn" finished-at="2022-09-15T19:59:49 EDT" duration-ms="0" status="SKIP">
          <exception class="java.lang.Throwable">
            <message>
              <![CDATA[Method DSAlgoHomeSignInTest.ValidateFailedSignInScenarios()[pri:0, instance:com.dsalgo.tests.DSAlgoHomeSignInTest@350da119] depends on not successfully finished methods in group "BeforeSignIn"]]>
            </message>
            <full-stacktrace>
              <![CDATA[java.lang.Throwable: Method DSAlgoHomeSignInTest.ValidateFailedSignInScenarios()[pri:0, instance:com.dsalgo.tests.DSAlgoHomeSignInTest@350da119] depends on not successfully finished methods in group "BeforeSignIn"
at org.testng.internal.invokers.TestInvoker.invokeTestMethods(TestInvoker.java:150)
at org.testng.internal.invokers.TestMethodWorker.invokeTestMethods(TestMethodWorker.java:148)
at org.testng.internal.invokers.TestMethodWorker.run(TestMethodWorker.java:128)
at java.base/java.util.ArrayList.forEach(ArrayList.java:1511)
at org.testng.TestRunner.privateRun(TestRunner.java:806)
at org.testng.TestRunner.run(TestRunner.java:601)
at org.testng.SuiteRunner.runTest(SuiteRunner.java:433)
at org.testng.SuiteRunner$SuiteWorker.run(SuiteRunner.java:471)
at org.testng.internal.thread.ThreadUtil.lambda$execute$0(ThreadUtil.java:58)
at java.base/java.util.concurrent.FutureTask.run(FutureTask.java:264)
at java.base/java.util.concurrent.ThreadPoolExecutor.runWorker(ThreadPoolExecutor.java:1136)
at java.base/java.util.concurrent.ThreadPoolExecutor$Worker.run(ThreadPoolExecutor.java:635)
at java.base/java.lang.Thread.run(Thread.java:833)
]]>
            </full-stacktrace>
          </exception> <!-- java.lang.Throwable -->
          <reporter-output>
          </reporter-output>
        </test-method> <!-- ValidateFailedSignInScenarios -->
        <test-method signature="RegisterSignInUser()[pri:0, instance:com.dsalgo.tests.DSAlgoHomeSignInTest@350da119]" started-at="2022-09-15T19:59:49 EDT" name="RegisterSignInUser" finished-at="2022-09-15T19:59:49 EDT" depends-on-methods="com.dsalgo.tests.DSAlgoHomeSignInTest.ValidateFailedSignInScenarios" duration-ms="0" status="SKIP">
          <exception class="java.lang.Throwable">
            <message>
              <![CDATA[Method com.dsalgo.tests.DSAlgoHomeSignInTest.RegisterSignInUser() on instance com.dsalgo.tests.DSAlgoHomeSignInTest@350da119 depends on not successfully finished methods 
[com.dsalgo.tests.DSAlgoHomeSignInTest.ValidateFailedSignInScenarios() on instance com.dsalgo.tests.DSAlgoHomeSignInTest@350da119]]]>
            </message>
            <full-stacktrace>
              <![CDATA[java.lang.Throwable: Method com.dsalgo.tests.DSAlgoHomeSignInTest.RegisterSignInUser() on instance com.dsalgo.tests.DSAlgoHomeSignInTest@350da119 depends on not successfully finished methods 
[com.dsalgo.tests.DSAlgoHomeSignInTest.ValidateFailedSignInScenarios() on instance com.dsalgo.tests.DSAlgoHomeSignInTest@350da119]
at org.testng.internal.invokers.TestInvoker.invokeTestMethods(TestInvoker.java:150)
at org.testng.internal.invokers.TestMethodWorker.invokeTestMethods(TestMethodWorker.java:148)
at org.testng.internal.invokers.TestMethodWorker.run(TestMethodWorker.java:128)
at java.base/java.util.ArrayList.forEach(ArrayList.java:1511)
at org.testng.TestRunner.privateRun(TestRunner.java:806)
at org.testng.TestRunner.run(TestRunner.java:601)
at org.testng.SuiteRunner.runTest(SuiteRunner.java:433)
at org.testng.SuiteRunner$SuiteWorker.run(SuiteRunner.java:471)
at org.testng.internal.thread.ThreadUtil.lambda$execute$0(ThreadUtil.java:58)
at java.base/java.util.concurrent.FutureTask.run(FutureTask.java:264)
at java.base/java.util.concurrent.ThreadPoolExecutor.runWorker(ThreadPoolExecutor.java:1136)
at java.base/java.util.concurrent.ThreadPoolExecutor$Worker.run(ThreadPoolExecutor.java:635)
at java.base/java.lang.Thread.run(Thread.java:833)
]]>
            </full-stacktrace>
          </exception> <!-- java.lang.Throwable -->
          <reporter-output>
          </reporter-output>
        </test-method> <!-- RegisterSignInUser -->
        <test-method is-config="true" signature="tearDown()[pri:0, instance:com.dsalgo.tests.DSAlgoHomeSignInTest@350da119]" started-at="2022-09-15T19:59:52 EDT" name="tearDown" finished-at="2022-09-15T19:59:52 EDT" duration-ms="105" status="FAIL">
          <exception class="org.openqa.selenium.NoSuchElementException">
            <message>
              <![CDATA[no such element: Unable to locate element: {"method":"link text","selector":"Sign out"}
  (Session info: MicrosoftEdge=105.0.1343.33)
For documentation on this error, please visit: https://selenium.dev/exceptions/#no_such_element
Build info: version: '4.4.0', revision: 'e5c75ed026a'
System info: host: 'DESKTOP-DIMGNTL', ip: '10.53.192.85', os.name: 'Windows 10', os.arch: 'amd64', os.version: '10.0', java.version: '18.0.1'
Driver info: org.openqa.selenium.edge.EdgeDriver
Command: [6e5a028db0b81a16a37f80005c371bba, findElement {using=link text, value=Sign out}]
Capabilities {acceptInsecureCerts: false, browserName: msedge, browserVersion: 105.0.1343.33, ms:edgeOptions: {debuggerAddress: localhost:57194}, msedge: {msedgedriverVersion: 104.0.1293.70 (6709c341bd06..., userDataDir: D:\Users\ppai2114\AppData\L...}, networkConnectionEnabled: false, pageLoadStrategy: normal, platformName: WINDOWS, proxy: Proxy(), se:cdp: ws://localhost:57194/devtoo..., se:cdpVersion: 105.0.1343.33, setWindowRect: true, strictFileInteractability: false, timeouts: {implicit: 0, pageLoad: 300000, script: 30000}, unhandledPromptBehavior: dismiss and notify, webauthn:extension:credBlob: true, webauthn:extension:largeBlob: true, webauthn:virtualAuthenticators: true}
Session ID: 6e5a028db0b81a16a37f80005c371bba]]>
            </message>
            <full-stacktrace>
              <![CDATA[org.openqa.selenium.NoSuchElementException: no such element: Unable to locate element: {"method":"link text","selector":"Sign out"}
  (Session info: MicrosoftEdge=105.0.1343.33)
For documentation on this error, please visit: https://selenium.dev/exceptions/#no_such_element
Build info: version: '4.4.0', revision: 'e5c75ed026a'
System info: host: 'DESKTOP-DIMGNTL', ip: '10.53.192.85', os.name: 'Windows 10', os.arch: 'amd64', os.version: '10.0', java.version: '18.0.1'
Driver info: org.openqa.selenium.edge.EdgeDriver
Command: [6e5a028db0b81a16a37f80005c371bba, findElement {using=link text, value=Sign out}]
Capabilities {acceptInsecureCerts: false, browserName: msedge, browserVersion: 105.0.1343.33, ms:edgeOptions: {debuggerAddress: localhost:57194}, msedge: {msedgedriverVersion: 104.0.1293.70 (6709c341bd06..., userDataDir: D:\Users\ppai2114\AppData\L...}, networkConnectionEnabled: false, pageLoadStrategy: normal, platformName: WINDOWS, proxy: Proxy(), se:cdp: ws://localhost:57194/devtoo..., se:cdpVersion: 105.0.1343.33, setWindowRect: true, strictFileInteractability: false, timeouts: {implicit: 0, pageLoad: 300000, script: 30000}, unhandledPromptBehavior: dismiss and notify, webauthn:extension:credBlob: true, webauthn:extension:largeBlob: true, webauthn:virtualAuthenticators: true}
Session ID: 6e5a028db0b81a16a37f80005c371bba
at java.base/jdk.internal.reflect.DirectConstructorHandleAccessor.newInstance(DirectConstructorHandleAccessor.java:67)
at java.base/java.lang.reflect.Constructor.newInstanceWithCaller(Constructor.java:499)
at java.base/java.lang.reflect.Constructor.newInstance(Constructor.java:483)
at org.openqa.selenium.remote.codec.w3c.W3CHttpResponseCodec.createException(W3CHttpResponseCodec.java:200)
at org.openqa.selenium.remote.codec.w3c.W3CHttpResponseCodec.decode(W3CHttpResponseCodec.java:133)
at org.openqa.selenium.remote.codec.w3c.W3CHttpResponseCodec.decode(W3CHttpResponseCodec.java:53)
at org.openqa.selenium.remote.HttpCommandExecutor.execute(HttpCommandExecutor.java:184)
at org.openqa.selenium.remote.service.DriverCommandExecutor.invokeExecute(DriverCommandExecutor.java:167)
at org.openqa.selenium.remote.service.DriverCommandExecutor.execute(DriverCommandExecutor.java:142)
at org.openqa.selenium.remote.RemoteWebDriver.execute(RemoteWebDriver.java:547)
at org.openqa.selenium.remote.ElementLocation$ElementFinder$2.findElement(ElementLocation.java:162)
at org.openqa.selenium.remote.ElementLocation.findElement(ElementLocation.java:60)
at org.openqa.selenium.remote.RemoteWebDriver.findElement(RemoteWebDriver.java:365)
at org.openqa.selenium.remote.RemoteWebDriver.findElement(RemoteWebDriver.java:357)
at org.openqa.selenium.support.pagefactory.DefaultElementLocator.findElement(DefaultElementLocator.java:70)
at org.openqa.selenium.support.pagefactory.internal.LocatingElementHandler.invoke(LocatingElementHandler.java:39)
at jdk.proxy2/jdk.proxy2.$Proxy38.click(Unknown Source)
at com.dsalgo.pages.HomePage.SignOut(HomePage.java:83)
at com.dsalgo.tests.DSAlgoHomeSignInTest.tearDown(DSAlgoHomeSignInTest.java:176)
at java.base/jdk.internal.reflect.DirectMethodHandleAccessor.invoke(DirectMethodHandleAccessor.java:104)
at java.base/java.lang.reflect.Method.invoke(Method.java:577)
at org.testng.internal.invokers.MethodInvocationHelper.invokeMethod(MethodInvocationHelper.java:139)
at org.testng.internal.invokers.MethodInvocationHelper.invokeMethodConsideringTimeout(MethodInvocationHelper.java:69)
at org.testng.internal.invokers.ConfigInvoker.invokeConfigurationMethod(ConfigInvoker.java:361)
at org.testng.internal.invokers.ConfigInvoker.invokeConfigurations(ConfigInvoker.java:296)
at org.testng.TestRunner.invokeTestConfigurations(TestRunner.java:643)
at org.testng.TestRunner.afterRun(TestRunner.java:891)
at org.testng.TestRunner.run(TestRunner.java:604)
at org.testng.SuiteRunner.runTest(SuiteRunner.java:433)
at org.testng.SuiteRunner$SuiteWorker.run(SuiteRunner.java:471)
at org.testng.internal.thread.ThreadUtil.lambda$execute$0(ThreadUtil.java:58)
at java.base/java.util.concurrent.FutureTask.run(FutureTask.java:264)
at java.base/java.util.concurrent.ThreadPoolExecutor.runWorker(ThreadPoolExecutor.java:1136)
at java.base/java.util.concurrent.ThreadPoolExecutor$Worker.run(ThreadPoolExecutor.java:635)
at java.base/java.lang.Thread.run(Thread.java:833)
]]>
            </full-stacktrace>
          </exception> <!-- org.openqa.selenium.NoSuchElementException -->
          <reporter-output>
          </reporter-output>
        </test-method> <!-- tearDown -->
      </class> <!-- com.dsalgo.tests.DSAlgoHomeSignInTest -->
      <class name="com.dsalgo.tests.DSAlgoTreeTest">
        <test-method is-config="true" signature="setup()[pri:0, instance:com.dsalgo.tests.DSAlgoTreeTest@285a4fe3]" started-at="2022-09-15T19:59:51 EDT" name="setup" finished-at="2022-09-15T19:59:52 EDT" duration-ms="390" status="PASS">
          <reporter-output>
          </reporter-output>
        </test-method> <!-- setup -->
        <test-method signature="VerifyTreePageTitle()[pri:0, instance:com.dsalgo.tests.DSAlgoTreeTest@285a4fe3]" started-at="2022-09-15T19:59:52 EDT" name="VerifyTreePageTitle" depends-on-groups="successfullRegistration" finished-at="2022-09-15T19:59:52 EDT" duration-ms="0" status="SKIP">
          <exception class="java.lang.Throwable">
            <message>
              <![CDATA[Method DSAlgoTreeTest.VerifyTreePageTitle()[pri:0, instance:com.dsalgo.tests.DSAlgoTreeTest@285a4fe3] depends on not successfully finished methods in group "successfullRegistration"]]>
            </message>
            <full-stacktrace>
              <![CDATA[java.lang.Throwable: Method DSAlgoTreeTest.VerifyTreePageTitle()[pri:0, instance:com.dsalgo.tests.DSAlgoTreeTest@285a4fe3] depends on not successfully finished methods in group "successfullRegistration"
at org.testng.internal.invokers.TestInvoker.invokeTestMethods(TestInvoker.java:150)
at org.testng.internal.invokers.TestMethodWorker.invokeTestMethods(TestMethodWorker.java:148)
at org.testng.internal.invokers.TestMethodWorker.run(TestMethodWorker.java:128)
at java.base/java.util.ArrayList.forEach(ArrayList.java:1511)
at org.testng.TestRunner.privateRun(TestRunner.java:806)
at org.testng.TestRunner.run(TestRunner.java:601)
at org.testng.SuiteRunner.runTest(SuiteRunner.java:433)
at org.testng.SuiteRunner$SuiteWorker.run(SuiteRunner.java:471)
at org.testng.internal.thread.ThreadUtil.lambda$execute$0(ThreadUtil.java:58)
at java.base/java.util.concurrent.FutureTask.run(FutureTask.java:264)
at java.base/java.util.concurrent.ThreadPoolExecutor.runWorker(ThreadPoolExecutor.java:1136)
at java.base/java.util.concurrent.ThreadPoolExecutor$Worker.run(ThreadPoolExecutor.java:635)
at java.base/java.lang.Thread.run(Thread.java:833)
]]>
            </full-stacktrace>
          </exception> <!-- java.lang.Throwable -->
          <reporter-output>
          </reporter-output>
        </test-method> <!-- VerifyTreePageTitle -->
        <test-method signature="VerifyTreeTopicsLinks()[pri:0, instance:com.dsalgo.tests.DSAlgoTreeTest@285a4fe3]" started-at="2022-09-15T19:59:52 EDT" name="VerifyTreeTopicsLinks" finished-at="2022-09-15T19:59:52 EDT" depends-on-methods="com.dsalgo.tests.DSAlgoTreeTest.VerifyTreePageTitle" duration-ms="0" status="SKIP">
          <exception class="java.lang.Throwable">
            <message>
              <![CDATA[Method com.dsalgo.tests.DSAlgoTreeTest.VerifyTreeTopicsLinks() on instance com.dsalgo.tests.DSAlgoTreeTest@285a4fe3 depends on not successfully finished methods 
[com.dsalgo.tests.DSAlgoTreeTest.VerifyTreePageTitle() on instance com.dsalgo.tests.DSAlgoTreeTest@285a4fe3]]]>
            </message>
            <full-stacktrace>
              <![CDATA[java.lang.Throwable: Method com.dsalgo.tests.DSAlgoTreeTest.VerifyTreeTopicsLinks() on instance com.dsalgo.tests.DSAlgoTreeTest@285a4fe3 depends on not successfully finished methods 
[com.dsalgo.tests.DSAlgoTreeTest.VerifyTreePageTitle() on instance com.dsalgo.tests.DSAlgoTreeTest@285a4fe3]
at org.testng.internal.invokers.TestInvoker.invokeTestMethods(TestInvoker.java:150)
at org.testng.internal.invokers.TestMethodWorker.invokeTestMethods(TestMethodWorker.java:148)
at org.testng.internal.invokers.TestMethodWorker.run(TestMethodWorker.java:128)
at java.base/java.util.ArrayList.forEach(ArrayList.java:1511)
at org.testng.TestRunner.privateRun(TestRunner.java:806)
at org.testng.TestRunner.run(TestRunner.java:601)
at org.testng.SuiteRunner.runTest(SuiteRunner.java:433)
at org.testng.SuiteRunner$SuiteWorker.run(SuiteRunner.java:471)
at org.testng.internal.thread.ThreadUtil.lambda$execute$0(ThreadUtil.java:58)
at java.base/java.util.concurrent.FutureTask.run(FutureTask.java:264)
at java.base/java.util.concurrent.ThreadPoolExecutor.runWorker(ThreadPoolExecutor.java:1136)
at java.base/java.util.concurrent.ThreadPoolExecutor$Worker.run(ThreadPoolExecutor.java:635)
at java.base/java.lang.Thread.run(Thread.java:833)
]]>
            </full-stacktrace>
          </exception> <!-- java.lang.Throwable -->
          <reporter-output>
          </reporter-output>
        </test-method> <!-- VerifyTreeTopicsLinks -->
        <test-method signature="ValidateScriptExecution(java.lang.String,java.lang.String)[pri:0, instance:com.dsalgo.tests.DSAlgoTreeTest@285a4fe3]" started-at="2022-09-15T19:59:52 EDT" name="ValidateScriptExecution" finished-at="2022-09-15T19:59:52 EDT" depends-on-methods="com.dsalgo.tests.DSAlgoTreeTest.VerifyTreeTopicsLinks" duration-ms="0" status="SKIP">
          <exception class="java.lang.Throwable">
            <message>
              <![CDATA[Method com.dsalgo.tests.DSAlgoTreeTest.ValidateScriptExecution() on instance com.dsalgo.tests.DSAlgoTreeTest@285a4fe3 depends on not successfully finished methods 
[com.dsalgo.tests.DSAlgoTreeTest.VerifyTreeTopicsLinks() on instance com.dsalgo.tests.DSAlgoTreeTest@285a4fe3]]]>
            </message>
            <full-stacktrace>
              <![CDATA[java.lang.Throwable: Method com.dsalgo.tests.DSAlgoTreeTest.ValidateScriptExecution() on instance com.dsalgo.tests.DSAlgoTreeTest@285a4fe3 depends on not successfully finished methods 
[com.dsalgo.tests.DSAlgoTreeTest.VerifyTreeTopicsLinks() on instance com.dsalgo.tests.DSAlgoTreeTest@285a4fe3]
at org.testng.internal.invokers.TestInvoker.invokeTestMethods(TestInvoker.java:150)
at org.testng.internal.invokers.TestMethodWorker.invokeTestMethods(TestMethodWorker.java:148)
at org.testng.internal.invokers.TestMethodWorker.run(TestMethodWorker.java:128)
at java.base/java.util.ArrayList.forEach(ArrayList.java:1511)
at org.testng.TestRunner.privateRun(TestRunner.java:806)
at org.testng.TestRunner.run(TestRunner.java:601)
at org.testng.SuiteRunner.runTest(SuiteRunner.java:433)
at org.testng.SuiteRunner$SuiteWorker.run(SuiteRunner.java:471)
at org.testng.internal.thread.ThreadUtil.lambda$execute$0(ThreadUtil.java:58)
at java.base/java.util.concurrent.FutureTask.run(FutureTask.java:264)
at java.base/java.util.concurrent.ThreadPoolExecutor.runWorker(ThreadPoolExecutor.java:1136)
at java.base/java.util.concurrent.ThreadPoolExecutor$Worker.run(ThreadPoolExecutor.java:635)
at java.base/java.lang.Thread.run(Thread.java:833)
]]>
            </full-stacktrace>
          </exception> <!-- java.lang.Throwable -->
          <reporter-output>
          </reporter-output>
        </test-method> <!-- ValidateScriptExecution -->
      </class> <!-- com.dsalgo.tests.DSAlgoTreeTest -->
      <class name="com.dsalgo.tests.DSAlgoStackTest">
        <test-method is-config="true" signature="setup()[pri:0, instance:com.dsalgo.tests.DSAlgoStackTest@8b13d91]" started-at="2022-09-15T19:59:51 EDT" name="setup" finished-at="2022-09-15T19:59:51 EDT" duration-ms="484" status="PASS">
          <reporter-output>
          </reporter-output>
        </test-method> <!-- setup -->
        <test-method signature="VerifyStackPageTitle()[pri:0, instance:com.dsalgo.tests.DSAlgoStackTest@8b13d91]" started-at="2022-09-15T19:59:51 EDT" name="VerifyStackPageTitle" depends-on-groups="successfullRegistration" finished-at="2022-09-15T19:59:51 EDT" duration-ms="0" status="SKIP">
          <exception class="java.lang.Throwable">
            <message>
              <![CDATA[Method DSAlgoStackTest.VerifyStackPageTitle()[pri:0, instance:com.dsalgo.tests.DSAlgoStackTest@8b13d91] depends on not successfully finished methods in group "successfullRegistration"]]>
            </message>
            <full-stacktrace>
              <![CDATA[java.lang.Throwable: Method DSAlgoStackTest.VerifyStackPageTitle()[pri:0, instance:com.dsalgo.tests.DSAlgoStackTest@8b13d91] depends on not successfully finished methods in group "successfullRegistration"
at org.testng.internal.invokers.TestInvoker.invokeTestMethods(TestInvoker.java:150)
at org.testng.internal.invokers.TestMethodWorker.invokeTestMethods(TestMethodWorker.java:148)
at org.testng.internal.invokers.TestMethodWorker.run(TestMethodWorker.java:128)
at java.base/java.util.ArrayList.forEach(ArrayList.java:1511)
at org.testng.TestRunner.privateRun(TestRunner.java:806)
at org.testng.TestRunner.run(TestRunner.java:601)
at org.testng.SuiteRunner.runTest(SuiteRunner.java:433)
at org.testng.SuiteRunner$SuiteWorker.run(SuiteRunner.java:471)
at org.testng.internal.thread.ThreadUtil.lambda$execute$0(ThreadUtil.java:58)
at java.base/java.util.concurrent.FutureTask.run(FutureTask.java:264)
at java.base/java.util.concurrent.ThreadPoolExecutor.runWorker(ThreadPoolExecutor.java:1136)
at java.base/java.util.concurrent.ThreadPoolExecutor$Worker.run(ThreadPoolExecutor.java:635)
at java.base/java.lang.Thread.run(Thread.java:833)
]]>
            </full-stacktrace>
          </exception> <!-- java.lang.Throwable -->
          <reporter-output>
          </reporter-output>
        </test-method> <!-- VerifyStackPageTitle -->
        <test-method signature="VerifyStackTopicsLinks()[pri:0, instance:com.dsalgo.tests.DSAlgoStackTest@8b13d91]" started-at="2022-09-15T19:59:51 EDT" name="VerifyStackTopicsLinks" finished-at="2022-09-15T19:59:51 EDT" depends-on-methods="com.dsalgo.tests.DSAlgoStackTest.VerifyStackPageTitle" duration-ms="0" status="SKIP">
          <exception class="java.lang.Throwable">
            <message>
              <![CDATA[Method com.dsalgo.tests.DSAlgoStackTest.VerifyStackTopicsLinks() on instance com.dsalgo.tests.DSAlgoStackTest@8b13d91 depends on not successfully finished methods 
[com.dsalgo.tests.DSAlgoStackTest.VerifyStackPageTitle() on instance com.dsalgo.tests.DSAlgoStackTest@8b13d91]]]>
            </message>
            <full-stacktrace>
              <![CDATA[java.lang.Throwable: Method com.dsalgo.tests.DSAlgoStackTest.VerifyStackTopicsLinks() on instance com.dsalgo.tests.DSAlgoStackTest@8b13d91 depends on not successfully finished methods 
[com.dsalgo.tests.DSAlgoStackTest.VerifyStackPageTitle() on instance com.dsalgo.tests.DSAlgoStackTest@8b13d91]
at org.testng.internal.invokers.TestInvoker.invokeTestMethods(TestInvoker.java:150)
at org.testng.internal.invokers.TestMethodWorker.invokeTestMethods(TestMethodWorker.java:148)
at org.testng.internal.invokers.TestMethodWorker.run(TestMethodWorker.java:128)
at java.base/java.util.ArrayList.forEach(ArrayList.java:1511)
at org.testng.TestRunner.privateRun(TestRunner.java:806)
at org.testng.TestRunner.run(TestRunner.java:601)
at org.testng.SuiteRunner.runTest(SuiteRunner.java:433)
at org.testng.SuiteRunner$SuiteWorker.run(SuiteRunner.java:471)
at org.testng.internal.thread.ThreadUtil.lambda$execute$0(ThreadUtil.java:58)
at java.base/java.util.concurrent.FutureTask.run(FutureTask.java:264)
at java.base/java.util.concurrent.ThreadPoolExecutor.runWorker(ThreadPoolExecutor.java:1136)
at java.base/java.util.concurrent.ThreadPoolExecutor$Worker.run(ThreadPoolExecutor.java:635)
at java.base/java.lang.Thread.run(Thread.java:833)
]]>
            </full-stacktrace>
          </exception> <!-- java.lang.Throwable -->
          <reporter-output>
          </reporter-output>
        </test-method> <!-- VerifyStackTopicsLinks -->
        <test-method signature="ValidateScriptExecution(java.lang.String,java.lang.String)[pri:0, instance:com.dsalgo.tests.DSAlgoStackTest@8b13d91]" started-at="2022-09-15T19:59:51 EDT" name="ValidateScriptExecution" finished-at="2022-09-15T19:59:51 EDT" depends-on-methods="com.dsalgo.tests.DSAlgoStackTest.VerifyStackTopicsLinks" duration-ms="0" status="SKIP">
          <exception class="java.lang.Throwable">
            <message>
              <![CDATA[Method com.dsalgo.tests.DSAlgoStackTest.ValidateScriptExecution() on instance com.dsalgo.tests.DSAlgoStackTest@8b13d91 depends on not successfully finished methods 
[com.dsalgo.tests.DSAlgoStackTest.VerifyStackTopicsLinks() on instance com.dsalgo.tests.DSAlgoStackTest@8b13d91]]]>
            </message>
            <full-stacktrace>
              <![CDATA[java.lang.Throwable: Method com.dsalgo.tests.DSAlgoStackTest.ValidateScriptExecution() on instance com.dsalgo.tests.DSAlgoStackTest@8b13d91 depends on not successfully finished methods 
[com.dsalgo.tests.DSAlgoStackTest.VerifyStackTopicsLinks() on instance com.dsalgo.tests.DSAlgoStackTest@8b13d91]
at org.testng.internal.invokers.TestInvoker.invokeTestMethods(TestInvoker.java:150)
at org.testng.internal.invokers.TestMethodWorker.invokeTestMethods(TestMethodWorker.java:148)
at org.testng.internal.invokers.TestMethodWorker.run(TestMethodWorker.java:128)
at java.base/java.util.ArrayList.forEach(ArrayList.java:1511)
at org.testng.TestRunner.privateRun(TestRunner.java:806)
at org.testng.TestRunner.run(TestRunner.java:601)
at org.testng.SuiteRunner.runTest(SuiteRunner.java:433)
at org.testng.SuiteRunner$SuiteWorker.run(SuiteRunner.java:471)
at org.testng.internal.thread.ThreadUtil.lambda$execute$0(ThreadUtil.java:58)
at java.base/java.util.concurrent.FutureTask.run(FutureTask.java:264)
at java.base/java.util.concurrent.ThreadPoolExecutor.runWorker(ThreadPoolExecutor.java:1136)
at java.base/java.util.concurrent.ThreadPoolExecutor$Worker.run(ThreadPoolExecutor.java:635)
at java.base/java.lang.Thread.run(Thread.java:833)
]]>
            </full-stacktrace>
          </exception> <!-- java.lang.Throwable -->
          <reporter-output>
          </reporter-output>
        </test-method> <!-- ValidateScriptExecution -->
      </class> <!-- com.dsalgo.tests.DSAlgoStackTest -->
      <class name="com.dsalgo.tests.DSAlgoArrayTest">
        <test-method is-config="true" signature="setup()[pri:0, instance:com.dsalgo.tests.DSAlgoArrayTest@4ce25e47]" started-at="2022-09-15T19:59:49 EDT" name="setup" finished-at="2022-09-15T19:59:49 EDT" duration-ms="382" status="PASS">
          <reporter-output>
          </reporter-output>
        </test-method> <!-- setup -->
        <test-method signature="VerifyArrayPageTitle()[pri:0, instance:com.dsalgo.tests.DSAlgoArrayTest@4ce25e47]" started-at="2022-09-15T19:59:49 EDT" name="VerifyArrayPageTitle" depends-on-groups="successfullRegistration" finished-at="2022-09-15T19:59:49 EDT" duration-ms="0" status="SKIP">
          <exception class="java.lang.Throwable">
            <message>
              <![CDATA[Method DSAlgoArrayTest.VerifyArrayPageTitle()[pri:0, instance:com.dsalgo.tests.DSAlgoArrayTest@4ce25e47] depends on not successfully finished methods in group "successfullRegistration"]]>
            </message>
            <full-stacktrace>
              <![CDATA[java.lang.Throwable: Method DSAlgoArrayTest.VerifyArrayPageTitle()[pri:0, instance:com.dsalgo.tests.DSAlgoArrayTest@4ce25e47] depends on not successfully finished methods in group "successfullRegistration"
at org.testng.internal.invokers.TestInvoker.invokeTestMethods(TestInvoker.java:150)
at org.testng.internal.invokers.TestMethodWorker.invokeTestMethods(TestMethodWorker.java:148)
at org.testng.internal.invokers.TestMethodWorker.run(TestMethodWorker.java:128)
at java.base/java.util.ArrayList.forEach(ArrayList.java:1511)
at org.testng.TestRunner.privateRun(TestRunner.java:806)
at org.testng.TestRunner.run(TestRunner.java:601)
at org.testng.SuiteRunner.runTest(SuiteRunner.java:433)
at org.testng.SuiteRunner$SuiteWorker.run(SuiteRunner.java:471)
at org.testng.internal.thread.ThreadUtil.lambda$execute$0(ThreadUtil.java:58)
at java.base/java.util.concurrent.FutureTask.run(FutureTask.java:264)
at java.base/java.util.concurrent.ThreadPoolExecutor.runWorker(ThreadPoolExecutor.java:1136)
at java.base/java.util.concurrent.ThreadPoolExecutor$Worker.run(ThreadPoolExecutor.java:635)
at java.base/java.lang.Thread.run(Thread.java:833)
]]>
            </full-stacktrace>
          </exception> <!-- java.lang.Throwable -->
          <reporter-output>
          </reporter-output>
        </test-method> <!-- VerifyArrayPageTitle -->
        <test-method signature="VerifyArrayTopicsLinks()[pri:0, instance:com.dsalgo.tests.DSAlgoArrayTest@4ce25e47]" started-at="2022-09-15T19:59:49 EDT" name="VerifyArrayTopicsLinks" finished-at="2022-09-15T19:59:49 EDT" depends-on-methods="com.dsalgo.tests.DSAlgoArrayTest.VerifyArrayPageTitle" duration-ms="0" status="SKIP">
          <exception class="java.lang.Throwable">
            <message>
              <![CDATA[Method com.dsalgo.tests.DSAlgoArrayTest.VerifyArrayTopicsLinks() on instance com.dsalgo.tests.DSAlgoArrayTest@4ce25e47 depends on not successfully finished methods 
[com.dsalgo.tests.DSAlgoArrayTest.VerifyArrayPageTitle() on instance com.dsalgo.tests.DSAlgoArrayTest@4ce25e47]]]>
            </message>
            <full-stacktrace>
              <![CDATA[java.lang.Throwable: Method com.dsalgo.tests.DSAlgoArrayTest.VerifyArrayTopicsLinks() on instance com.dsalgo.tests.DSAlgoArrayTest@4ce25e47 depends on not successfully finished methods 
[com.dsalgo.tests.DSAlgoArrayTest.VerifyArrayPageTitle() on instance com.dsalgo.tests.DSAlgoArrayTest@4ce25e47]
at org.testng.internal.invokers.TestInvoker.invokeTestMethods(TestInvoker.java:150)
at org.testng.internal.invokers.TestMethodWorker.invokeTestMethods(TestMethodWorker.java:148)
at org.testng.internal.invokers.TestMethodWorker.run(TestMethodWorker.java:128)
at java.base/java.util.ArrayList.forEach(ArrayList.java:1511)
at org.testng.TestRunner.privateRun(TestRunner.java:806)
at org.testng.TestRunner.run(TestRunner.java:601)
at org.testng.SuiteRunner.runTest(SuiteRunner.java:433)
at org.testng.SuiteRunner$SuiteWorker.run(SuiteRunner.java:471)
at org.testng.internal.thread.ThreadUtil.lambda$execute$0(ThreadUtil.java:58)
at java.base/java.util.concurrent.FutureTask.run(FutureTask.java:264)
at java.base/java.util.concurrent.ThreadPoolExecutor.runWorker(ThreadPoolExecutor.java:1136)
at java.base/java.util.concurrent.ThreadPoolExecutor$Worker.run(ThreadPoolExecutor.java:635)
at java.base/java.lang.Thread.run(Thread.java:833)
]]>
            </full-stacktrace>
          </exception> <!-- java.lang.Throwable -->
          <reporter-output>
          </reporter-output>
        </test-method> <!-- VerifyArrayTopicsLinks -->
        <test-method signature="ValidateScriptExecution(java.lang.String,java.lang.String)[pri:0, instance:com.dsalgo.tests.DSAlgoArrayTest@4ce25e47]" started-at="2022-09-15T19:59:49 EDT" name="ValidateScriptExecution" finished-at="2022-09-15T19:59:49 EDT" depends-on-methods="com.dsalgo.tests.DSAlgoArrayTest.VerifyArrayTopicsLinks" duration-ms="0" status="SKIP">
          <exception class="java.lang.Throwable">
            <message>
              <![CDATA[Method com.dsalgo.tests.DSAlgoArrayTest.ValidateScriptExecution() on instance com.dsalgo.tests.DSAlgoArrayTest@4ce25e47 depends on not successfully finished methods 
[com.dsalgo.tests.DSAlgoArrayTest.VerifyArrayTopicsLinks() on instance com.dsalgo.tests.DSAlgoArrayTest@4ce25e47]]]>
            </message>
            <full-stacktrace>
              <![CDATA[java.lang.Throwable: Method com.dsalgo.tests.DSAlgoArrayTest.ValidateScriptExecution() on instance com.dsalgo.tests.DSAlgoArrayTest@4ce25e47 depends on not successfully finished methods 
[com.dsalgo.tests.DSAlgoArrayTest.VerifyArrayTopicsLinks() on instance com.dsalgo.tests.DSAlgoArrayTest@4ce25e47]
at org.testng.internal.invokers.TestInvoker.invokeTestMethods(TestInvoker.java:150)
at org.testng.internal.invokers.TestMethodWorker.invokeTestMethods(TestMethodWorker.java:148)
at org.testng.internal.invokers.TestMethodWorker.run(TestMethodWorker.java:128)
at java.base/java.util.ArrayList.forEach(ArrayList.java:1511)
at org.testng.TestRunner.privateRun(TestRunner.java:806)
at org.testng.TestRunner.run(TestRunner.java:601)
at org.testng.SuiteRunner.runTest(SuiteRunner.java:433)
at org.testng.SuiteRunner$SuiteWorker.run(SuiteRunner.java:471)
at org.testng.internal.thread.ThreadUtil.lambda$execute$0(ThreadUtil.java:58)
at java.base/java.util.concurrent.FutureTask.run(FutureTask.java:264)
at java.base/java.util.concurrent.ThreadPoolExecutor.runWorker(ThreadPoolExecutor.java:1136)
at java.base/java.util.concurrent.ThreadPoolExecutor$Worker.run(ThreadPoolExecutor.java:635)
at java.base/java.lang.Thread.run(Thread.java:833)
]]>
            </full-stacktrace>
          </exception> <!-- java.lang.Throwable -->
          <reporter-output>
          </reporter-output>
        </test-method> <!-- ValidateScriptExecution -->
      </class> <!-- com.dsalgo.tests.DSAlgoArrayTest -->
      <class name="com.dsalgo.tests.DSAlgoGraphTest">
        <test-method is-config="true" signature="setup()[pri:0, instance:com.dsalgo.tests.DSAlgoGraphTest@6380e9e9]" started-at="2022-09-15T19:59:49 EDT" name="setup" finished-at="2022-09-15T19:59:49 EDT" duration-ms="319" status="FAIL">
          <exception class="org.openqa.selenium.StaleElementReferenceException">
            <message>
              <![CDATA[stale element reference: element is not attached to the page document
  (Session info: MicrosoftEdge=105.0.1343.33)
For documentation on this error, please visit: https://selenium.dev/exceptions/#stale_element_reference
Build info: version: '4.4.0', revision: 'e5c75ed026a'
System info: host: 'DESKTOP-DIMGNTL', ip: '10.53.192.85', os.name: 'Windows 10', os.arch: 'amd64', os.version: '10.0', java.version: '18.0.1'
Driver info: org.openqa.selenium.edge.EdgeDriver
Command: [6e5a028db0b81a16a37f80005c371bba, getElementAttribute {id=bd688455-3ca2-4f12-90b2-2bdddfd6469e, name=textContent}]
Capabilities {acceptInsecureCerts: false, browserName: msedge, browserVersion: 105.0.1343.33, ms:edgeOptions: {debuggerAddress: localhost:57194}, msedge: {msedgedriverVersion: 104.0.1293.70 (6709c341bd06..., userDataDir: D:\Users\ppai2114\AppData\L...}, networkConnectionEnabled: false, pageLoadStrategy: normal, platformName: WINDOWS, proxy: Proxy(), se:cdp: ws://localhost:57194/devtoo..., se:cdpVersion: 105.0.1343.33, setWindowRect: true, strictFileInteractability: false, timeouts: {implicit: 0, pageLoad: 300000, script: 30000}, unhandledPromptBehavior: dismiss and notify, webauthn:extension:credBlob: true, webauthn:extension:largeBlob: true, webauthn:virtualAuthenticators: true}
Element: [[EdgeDriver: msedge on WINDOWS (6e5a028db0b81a16a37f80005c371bba)] -> xpath: //h5]
Session ID: 6e5a028db0b81a16a37f80005c371bba]]>
            </message>
            <full-stacktrace>
              <![CDATA[org.openqa.selenium.StaleElementReferenceException: stale element reference: element is not attached to the page document
  (Session info: MicrosoftEdge=105.0.1343.33)
For documentation on this error, please visit: https://selenium.dev/exceptions/#stale_element_reference
Build info: version: '4.4.0', revision: 'e5c75ed026a'
System info: host: 'DESKTOP-DIMGNTL', ip: '10.53.192.85', os.name: 'Windows 10', os.arch: 'amd64', os.version: '10.0', java.version: '18.0.1'
Driver info: org.openqa.selenium.edge.EdgeDriver
Command: [6e5a028db0b81a16a37f80005c371bba, getElementAttribute {id=bd688455-3ca2-4f12-90b2-2bdddfd6469e, name=textContent}]
Capabilities {acceptInsecureCerts: false, browserName: msedge, browserVersion: 105.0.1343.33, ms:edgeOptions: {debuggerAddress: localhost:57194}, msedge: {msedgedriverVersion: 104.0.1293.70 (6709c341bd06..., userDataDir: D:\Users\ppai2114\AppData\L...}, networkConnectionEnabled: false, pageLoadStrategy: normal, platformName: WINDOWS, proxy: Proxy(), se:cdp: ws://localhost:57194/devtoo..., se:cdpVersion: 105.0.1343.33, setWindowRect: true, strictFileInteractability: false, timeouts: {implicit: 0, pageLoad: 300000, script: 30000}, unhandledPromptBehavior: dismiss and notify, webauthn:extension:credBlob: true, webauthn:extension:largeBlob: true, webauthn:virtualAuthenticators: true}
Element: [[EdgeDriver: msedge on WINDOWS (6e5a028db0b81a16a37f80005c371bba)] -> xpath: //h5]
Session ID: 6e5a028db0b81a16a37f80005c371bba
at java.base/jdk.internal.reflect.DirectConstructorHandleAccessor.newInstance(DirectConstructorHandleAccessor.java:67)
at java.base/java.lang.reflect.Constructor.newInstanceWithCaller(Constructor.java:499)
at java.base/java.lang.reflect.Constructor.newInstance(Constructor.java:483)
at org.openqa.selenium.remote.codec.w3c.W3CHttpResponseCodec.createException(W3CHttpResponseCodec.java:200)
at org.openqa.selenium.remote.codec.w3c.W3CHttpResponseCodec.decode(W3CHttpResponseCodec.java:133)
at org.openqa.selenium.remote.codec.w3c.W3CHttpResponseCodec.decode(W3CHttpResponseCodec.java:53)
at org.openqa.selenium.remote.HttpCommandExecutor.execute(HttpCommandExecutor.java:184)
at org.openqa.selenium.remote.service.DriverCommandExecutor.invokeExecute(DriverCommandExecutor.java:167)
at org.openqa.selenium.remote.service.DriverCommandExecutor.execute(DriverCommandExecutor.java:142)
at org.openqa.selenium.remote.RemoteWebDriver.execute(RemoteWebDriver.java:547)
at org.openqa.selenium.remote.RemoteWebElement.execute(RemoteWebElement.java:257)
at org.openqa.selenium.remote.RemoteWebElement.getAttribute(RemoteWebElement.java:158)
at com.dsalgo.pages.HomePage.lambda$2(HomePage.java:110)
at java.base/java.util.stream.ReferencePipeline$2$1.accept(ReferencePipeline.java:178)
at java.base/java.util.ArrayList$ArrayListSpliterator.tryAdvance(ArrayList.java:1602)
at java.base/java.util.stream.ReferencePipeline.forEachWithCancel(ReferencePipeline.java:129)
at java.base/java.util.stream.AbstractPipeline.copyIntoWithCancel(AbstractPipeline.java:527)
at java.base/java.util.stream.AbstractPipeline.copyInto(AbstractPipeline.java:513)
at java.base/java.util.stream.AbstractPipeline.wrapAndCopyInto(AbstractPipeline.java:499)
at java.base/java.util.stream.FindOps$FindOp.evaluateSequential(FindOps.java:150)
at java.base/java.util.stream.AbstractPipeline.evaluate(AbstractPipeline.java:234)
at java.base/java.util.stream.ReferencePipeline.findAny(ReferencePipeline.java:652)
at com.dsalgo.pages.HomePage.ClickGetStarted(HomePage.java:112)
at com.dsalgo.pages.HomePage.GetStarted(HomePage.java:77)
at com.dsalgo.tests.DSAlgoGraphTest.setup(DSAlgoGraphTest.java:39)
at java.base/jdk.internal.reflect.DirectMethodHandleAccessor.invoke(DirectMethodHandleAccessor.java:104)
at java.base/java.lang.reflect.Method.invoke(Method.java:577)
at org.testng.internal.invokers.MethodInvocationHelper.invokeMethod(MethodInvocationHelper.java:139)
at org.testng.internal.invokers.MethodInvocationHelper.invokeMethodConsideringTimeout(MethodInvocationHelper.java:69)
at org.testng.internal.invokers.ConfigInvoker.invokeConfigurationMethod(ConfigInvoker.java:361)
at org.testng.internal.invokers.ConfigInvoker.invokeConfigurations(ConfigInvoker.java:296)
at org.testng.internal.invokers.TestMethodWorker.invokeBeforeClassMethods(TestMethodWorker.java:180)
at org.testng.internal.invokers.TestMethodWorker.run(TestMethodWorker.java:122)
at java.base/java.util.ArrayList.forEach(ArrayList.java:1511)
at org.testng.TestRunner.privateRun(TestRunner.java:806)
at org.testng.TestRunner.run(TestRunner.java:601)
at org.testng.SuiteRunner.runTest(SuiteRunner.java:433)
at org.testng.SuiteRunner$SuiteWorker.run(SuiteRunner.java:471)
at org.testng.internal.thread.ThreadUtil.lambda$execute$0(ThreadUtil.java:58)
at java.base/java.util.concurrent.FutureTask.run(FutureTask.java:264)
at java.base/java.util.concurrent.ThreadPoolExecutor.runWorker(ThreadPoolExecutor.java:1136)
at java.base/java.util.concurrent.ThreadPoolExecutor$Worker.run(ThreadPoolExecutor.java:635)
at java.base/java.lang.Thread.run(Thread.java:833)
]]>
            </full-stacktrace>
          </exception> <!-- org.openqa.selenium.StaleElementReferenceException -->
          <reporter-output>
          </reporter-output>
        </test-method> <!-- setup -->
        <test-method signature="VerifyGraphPageTitle()[pri:0, instance:com.dsalgo.tests.DSAlgoGraphTest@6380e9e9]" started-at="2022-09-15T19:59:49 EDT" name="VerifyGraphPageTitle" depends-on-groups="successfullRegistration" finished-at="2022-09-15T19:59:49 EDT" duration-ms="0" status="SKIP">
          <exception class="java.lang.Throwable">
            <message>
              <![CDATA[Method DSAlgoGraphTest.VerifyGraphPageTitle()[pri:0, instance:com.dsalgo.tests.DSAlgoGraphTest@6380e9e9] depends on not successfully finished methods in group "successfullRegistration"]]>
            </message>
            <full-stacktrace>
              <![CDATA[java.lang.Throwable: Method DSAlgoGraphTest.VerifyGraphPageTitle()[pri:0, instance:com.dsalgo.tests.DSAlgoGraphTest@6380e9e9] depends on not successfully finished methods in group "successfullRegistration"
at org.testng.internal.invokers.TestInvoker.invokeTestMethods(TestInvoker.java:150)
at org.testng.internal.invokers.TestMethodWorker.invokeTestMethods(TestMethodWorker.java:148)
at org.testng.internal.invokers.TestMethodWorker.run(TestMethodWorker.java:128)
at java.base/java.util.ArrayList.forEach(ArrayList.java:1511)
at org.testng.TestRunner.privateRun(TestRunner.java:806)
at org.testng.TestRunner.run(TestRunner.java:601)
at org.testng.SuiteRunner.runTest(SuiteRunner.java:433)
at org.testng.SuiteRunner$SuiteWorker.run(SuiteRunner.java:471)
at org.testng.internal.thread.ThreadUtil.lambda$execute$0(ThreadUtil.java:58)
at java.base/java.util.concurrent.FutureTask.run(FutureTask.java:264)
at java.base/java.util.concurrent.ThreadPoolExecutor.runWorker(ThreadPoolExecutor.java:1136)
at java.base/java.util.concurrent.ThreadPoolExecutor$Worker.run(ThreadPoolExecutor.java:635)
at java.base/java.lang.Thread.run(Thread.java:833)
]]>
            </full-stacktrace>
          </exception> <!-- java.lang.Throwable -->
          <reporter-output>
          </reporter-output>
        </test-method> <!-- VerifyGraphPageTitle -->
        <test-method signature="VerifyGraphTopicsLinks()[pri:0, instance:com.dsalgo.tests.DSAlgoGraphTest@6380e9e9]" started-at="2022-09-15T19:59:49 EDT" name="VerifyGraphTopicsLinks" finished-at="2022-09-15T19:59:49 EDT" depends-on-methods="com.dsalgo.tests.DSAlgoGraphTest.VerifyGraphPageTitle" duration-ms="0" status="SKIP">
          <exception class="java.lang.Throwable">
            <message>
              <![CDATA[Method com.dsalgo.tests.DSAlgoGraphTest.VerifyGraphTopicsLinks() on instance com.dsalgo.tests.DSAlgoGraphTest@6380e9e9 depends on not successfully finished methods 
[com.dsalgo.tests.DSAlgoGraphTest.VerifyGraphPageTitle() on instance com.dsalgo.tests.DSAlgoGraphTest@6380e9e9]]]>
            </message>
            <full-stacktrace>
              <![CDATA[java.lang.Throwable: Method com.dsalgo.tests.DSAlgoGraphTest.VerifyGraphTopicsLinks() on instance com.dsalgo.tests.DSAlgoGraphTest@6380e9e9 depends on not successfully finished methods 
[com.dsalgo.tests.DSAlgoGraphTest.VerifyGraphPageTitle() on instance com.dsalgo.tests.DSAlgoGraphTest@6380e9e9]
at org.testng.internal.invokers.TestInvoker.invokeTestMethods(TestInvoker.java:150)
at org.testng.internal.invokers.TestMethodWorker.invokeTestMethods(TestMethodWorker.java:148)
at org.testng.internal.invokers.TestMethodWorker.run(TestMethodWorker.java:128)
at java.base/java.util.ArrayList.forEach(ArrayList.java:1511)
at org.testng.TestRunner.privateRun(TestRunner.java:806)
at org.testng.TestRunner.run(TestRunner.java:601)
at org.testng.SuiteRunner.runTest(SuiteRunner.java:433)
at org.testng.SuiteRunner$SuiteWorker.run(SuiteRunner.java:471)
at org.testng.internal.thread.ThreadUtil.lambda$execute$0(ThreadUtil.java:58)
at java.base/java.util.concurrent.FutureTask.run(FutureTask.java:264)
at java.base/java.util.concurrent.ThreadPoolExecutor.runWorker(ThreadPoolExecutor.java:1136)
at java.base/java.util.concurrent.ThreadPoolExecutor$Worker.run(ThreadPoolExecutor.java:635)
at java.base/java.lang.Thread.run(Thread.java:833)
]]>
            </full-stacktrace>
          </exception> <!-- java.lang.Throwable -->
          <reporter-output>
          </reporter-output>
        </test-method> <!-- VerifyGraphTopicsLinks -->
        <test-method signature="ValidateScriptExecution(java.lang.String,java.lang.String)[pri:0, instance:com.dsalgo.tests.DSAlgoGraphTest@6380e9e9]" started-at="2022-09-15T19:59:50 EDT" name="ValidateScriptExecution" finished-at="2022-09-15T19:59:50 EDT" depends-on-methods="com.dsalgo.tests.DSAlgoGraphTest.VerifyGraphTopicsLinks" duration-ms="0" status="SKIP">
          <exception class="java.lang.Throwable">
            <message>
              <![CDATA[Method com.dsalgo.tests.DSAlgoGraphTest.ValidateScriptExecution() on instance com.dsalgo.tests.DSAlgoGraphTest@6380e9e9 depends on not successfully finished methods 
[com.dsalgo.tests.DSAlgoGraphTest.VerifyGraphTopicsLinks() on instance com.dsalgo.tests.DSAlgoGraphTest@6380e9e9]]]>
            </message>
            <full-stacktrace>
              <![CDATA[java.lang.Throwable: Method com.dsalgo.tests.DSAlgoGraphTest.ValidateScriptExecution() on instance com.dsalgo.tests.DSAlgoGraphTest@6380e9e9 depends on not successfully finished methods 
[com.dsalgo.tests.DSAlgoGraphTest.VerifyGraphTopicsLinks() on instance com.dsalgo.tests.DSAlgoGraphTest@6380e9e9]
at org.testng.internal.invokers.TestInvoker.invokeTestMethods(TestInvoker.java:150)
at org.testng.internal.invokers.TestMethodWorker.invokeTestMethods(TestMethodWorker.java:148)
at org.testng.internal.invokers.TestMethodWorker.run(TestMethodWorker.java:128)
at java.base/java.util.ArrayList.forEach(ArrayList.java:1511)
at org.testng.TestRunner.privateRun(TestRunner.java:806)
at org.testng.TestRunner.run(TestRunner.java:601)
at org.testng.SuiteRunner.runTest(SuiteRunner.java:433)
at org.testng.SuiteRunner$SuiteWorker.run(SuiteRunner.java:471)
at org.testng.internal.thread.ThreadUtil.lambda$execute$0(ThreadUtil.java:58)
at java.base/java.util.concurrent.FutureTask.run(FutureTask.java:264)
at java.base/java.util.concurrent.ThreadPoolExecutor.runWorker(ThreadPoolExecutor.java:1136)
at java.base/java.util.concurrent.ThreadPoolExecutor$Worker.run(ThreadPoolExecutor.java:635)
at java.base/java.lang.Thread.run(Thread.java:833)
]]>
            </full-stacktrace>
          </exception> <!-- java.lang.Throwable -->
          <reporter-output>
          </reporter-output>
        </test-method> <!-- ValidateScriptExecution -->
      </class> <!-- com.dsalgo.tests.DSAlgoGraphTest -->
    </test> <!-- EdgeTest -->
  </suite> <!-- DSAlgoSuite -->
</testng-results>
