<?xml version="1.0" encoding="UTF-8"?>
<!-- Generated by org.testng.reporters.JUnitReportReporter -->
<testsuite hostname="DESKTOP-DIMGNTL" failures="0" tests="7" name="com.dsalgo.tests.DSAlgoStackTest" time="0.316" errors="1" timestamp="2022-09-15T19:59:53 EDT" skipped="6">
  <testcase classname="com.dsalgo.tests.DSAlgoStackTest" name="VerifyStackPageTitle" time="0.000">
    <skipped/>
  </testcase> <!-- VerifyStackPageTitle -->
  <system-out/>
  <testcase classname="com.dsalgo.tests.DSAlgoStackTest" name="ValidateScriptExecution" time="0.000">
    <skipped/>
  </testcase> <!-- ValidateScriptExecution -->
  <system-out/>
  <testcase classname="com.dsalgo.tests.DSAlgoStackTest" name="VerifyStackPageTitle" time="0.000">
    <skipped/>
  </testcase> <!-- VerifyStackPageTitle -->
  <system-out/>
  <testcase classname="com.dsalgo.tests.DSAlgoStackTest" name="setup" time="0.316">
    <error message="stale element reference: element is not attached to the page document
  (Session info: MicrosoftEdge=105.0.1343.33)
For documentation on this error, please visit: https://selenium.dev/exceptions/#stale_element_reference
Build info: version: &#039;4.4.0&#039;, revision: &#039;e5c75ed026a&#039;
System info: host: &#039;DESKTOP-DIMGNTL&#039;, ip: &#039;10.53.192.85&#039;, os.name: &#039;Windows 10&#039;, os.arch: &#039;amd64&#039;, os.version: &#039;10.0&#039;, java.version: &#039;18.0.1&#039;
Driver info: org.openqa.selenium.edge.EdgeDriver
Command: [6e5a028db0b81a16a37f80005c371bba, getElementAttribute {id=20e1f227-1a37-4904-b142-d462620e321b, name=textContent}]
Capabilities {acceptInsecureCerts: false, browserName: msedge, browserVersion: 105.0.1343.33, ms:edgeOptions: {debuggerAddress: localhost:57194}, msedge: {msedgedriverVersion: 104.0.1293.70 (6709c341bd06..., userDataDir: D:\Users\ppai2114\AppData\L...}, networkConnectionEnabled: false, pageLoadStrategy: normal, platformName: WINDOWS, proxy: Proxy(), se:cdp: ws://localhost:57194/devtoo..., se:cdpVersion: 105.0.1343.33, setWindowRect: true, strictFileInteractability: false, timeouts: {implicit: 0, pageLoad: 300000, script: 30000}, unhandledPromptBehavior: dismiss and notify, webauthn:extension:credBlob: true, webauthn:extension:largeBlob: true, webauthn:virtualAuthenticators: true}
Element: [[EdgeDriver: msedge on WINDOWS (6e5a028db0b81a16a37f80005c371bba)] -&gt; xpath: //h5]
Session ID: 6e5a028db0b81a16a37f80005c371bba" type="org.openqa.selenium.StaleElementReferenceException">
      <![CDATA[org.openqa.selenium.StaleElementReferenceException: stale element reference: element is not attached to the page document
  (Session info: MicrosoftEdge=105.0.1343.33)
For documentation on this error, please visit: https://selenium.dev/exceptions/#stale_element_reference
Build info: version: '4.4.0', revision: 'e5c75ed026a'
System info: host: 'DESKTOP-DIMGNTL', ip: '10.53.192.85', os.name: 'Windows 10', os.arch: 'amd64', os.version: '10.0', java.version: '18.0.1'
Driver info: org.openqa.selenium.edge.EdgeDriver
Command: [6e5a028db0b81a16a37f80005c371bba, getElementAttribute {id=20e1f227-1a37-4904-b142-d462620e321b, name=textContent}]
Capabilities {acceptInsecureCerts: false, browserName: msedge, browserVersion: 105.0.1343.33, ms:edgeOptions: {debuggerAddress: localhost:57194}, msedge: {msedgedriverVersion: 104.0.1293.70 (6709c341bd06..., userDataDir: D:\Users\ppai2114\AppData\L...}, networkConnectionEnabled: false, pageLoadStrategy: normal, platformName: WINDOWS, proxy: Proxy(), se:cdp: ws://localhost:57194/devtoo..., se:cdpVersion: 105.0.1343.33, setWindowRect: true, strictFileInteractability: false, timeouts: {implicit: 0, pageLoad: 300000, script: 30000}, unhandledPromptBehavior: dismiss and notify, webauthn:extension:credBlob: true, webauthn:extension:largeBlob: true, webauthn:virtualAuthenticators: true}
Element: [[EdgeDriver: msedge on WINDOWS (6e5a028db0b81a16a37f80005c371bba)] -> xpath: //h5]
Session ID: 6e5a028db0b81a16a37f80005c371bba
at java.base/jdk.internal.reflect.DirectConstructorHandleAccessor.newInstance(DirectConstructorHandleAccessor.java:67)
at java.base/java.lang.reflect.Constructor.newInstanceWithCaller(Constructor.java:499)
at java.base/java.lang.reflect.Constructor.newInstance(Constructor.java:483)
at org.openqa.selenium.remote.codec.w3c.W3CHttpResponseCodec.createException(W3CHttpResponseCodec.java:200)
at org.openqa.selenium.remote.codec.w3c.W3CHttpResponseCodec.decode(W3CHttpResponseCodec.java:133)
at org.openqa.selenium.remote.codec.w3c.W3CHttpResponseCodec.decode(W3CHttpResponseCodec.java:53)
at org.openqa.selenium.remote.HttpCommandExecutor.execute(HttpCommandExecutor.java:184)
at org.openqa.selenium.remote.service.DriverCommandExecutor.invokeExecute(DriverCommandExecutor.java:167)
at org.openqa.selenium.remote.service.DriverCommandExecutor.execute(DriverCommandExecutor.java:142)
at org.openqa.selenium.remote.RemoteWebDriver.execute(RemoteWebDriver.java:547)
at org.openqa.selenium.remote.RemoteWebElement.execute(RemoteWebElement.java:257)
at org.openqa.selenium.remote.RemoteWebElement.getAttribute(RemoteWebElement.java:158)
at com.dsalgo.pages.HomePage.lambda$2(HomePage.java:110)
at java.base/java.util.stream.ReferencePipeline$2$1.accept(ReferencePipeline.java:178)
at java.base/java.util.ArrayList$ArrayListSpliterator.tryAdvance(ArrayList.java:1602)
at java.base/java.util.stream.ReferencePipeline.forEachWithCancel(ReferencePipeline.java:129)
at java.base/java.util.stream.AbstractPipeline.copyIntoWithCancel(AbstractPipeline.java:527)
at java.base/java.util.stream.AbstractPipeline.copyInto(AbstractPipeline.java:513)
at java.base/java.util.stream.AbstractPipeline.wrapAndCopyInto(AbstractPipeline.java:499)
at java.base/java.util.stream.FindOps$FindOp.evaluateSequential(FindOps.java:150)
at java.base/java.util.stream.AbstractPipeline.evaluate(AbstractPipeline.java:234)
at java.base/java.util.stream.ReferencePipeline.findAny(ReferencePipeline.java:652)
at com.dsalgo.pages.HomePage.ClickGetStarted(HomePage.java:112)
at com.dsalgo.pages.HomePage.GetStarted(HomePage.java:77)
at com.dsalgo.tests.DSAlgoStackTest.setup(DSAlgoStackTest.java:35)
at java.base/jdk.internal.reflect.DirectMethodHandleAccessor.invoke(DirectMethodHandleAccessor.java:104)
at java.base/java.lang.reflect.Method.invoke(Method.java:577)
at org.testng.internal.invokers.MethodInvocationHelper.invokeMethod(MethodInvocationHelper.java:139)
at org.testng.internal.invokers.MethodInvocationHelper.invokeMethodConsideringTimeout(MethodInvocationHelper.java:69)
at org.testng.internal.invokers.ConfigInvoker.invokeConfigurationMethod(ConfigInvoker.java:361)
at org.testng.internal.invokers.ConfigInvoker.invokeConfigurations(ConfigInvoker.java:296)
at org.testng.internal.invokers.TestMethodWorker.invokeBeforeClassMethods(TestMethodWorker.java:180)
at org.testng.internal.invokers.TestMethodWorker.run(TestMethodWorker.java:122)
at java.base/java.util.ArrayList.forEach(ArrayList.java:1511)
at org.testng.TestRunner.privateRun(TestRunner.java:806)
at org.testng.TestRunner.run(TestRunner.java:601)
at org.testng.SuiteRunner.runTest(SuiteRunner.java:433)
at org.testng.SuiteRunner$SuiteWorker.run(SuiteRunner.java:471)
at org.testng.internal.thread.ThreadUtil.lambda$execute$0(ThreadUtil.java:58)
at java.base/java.util.concurrent.FutureTask.run(FutureTask.java:264)
at java.base/java.util.concurrent.ThreadPoolExecutor.runWorker(ThreadPoolExecutor.java:1136)
at java.base/java.util.concurrent.ThreadPoolExecutor$Worker.run(ThreadPoolExecutor.java:635)
at java.base/java.lang.Thread.run(Thread.java:833)
]]>
    </error>
  </testcase> <!-- setup -->
  <system-out/>
  <testcase classname="com.dsalgo.tests.DSAlgoStackTest" name="VerifyStackTopicsLinks" time="0.000">
    <skipped/>
  </testcase> <!-- VerifyStackTopicsLinks -->
  <system-out/>
  <testcase classname="com.dsalgo.tests.DSAlgoStackTest" name="ValidateScriptExecution" time="0.000">
    <skipped/>
  </testcase> <!-- ValidateScriptExecution -->
  <system-out/>
  <testcase classname="com.dsalgo.tests.DSAlgoStackTest" name="VerifyStackTopicsLinks" time="0.000">
    <skipped/>
  </testcase> <!-- VerifyStackTopicsLinks -->
  <system-out/>
</testsuite> <!-- com.dsalgo.tests.DSAlgoStackTest -->
